7.3129 	WARNING 	User requested fullscreen with size [1440  900], but screen is actually [1920, 1080]. Using actual size
8.0588 	EXP 	Created window1 = Window(allowGUI=True, allowStencil=False, autoLog=True, backendConf=UNKNOWN, bitsMode=UNKNOWN, blendMode='avg', bpc=(8, 8, 8), color=array([0, 0, 0]), colorSpace='rgb', depthBits=8, fullscr=<method-wrapper '__getattribute__' of attributeSetter object at 0x7fc032b42880>, gamma=None, gammaErrorPolicy='raise', lms=UNKNOWN, monitor=<psychopy.monitors.calibTools.Monitor object at 0x7fbfd13cd9a0>, multiSample=False, name='window1', numSamples=2, pos=[0.0, 0.0], screen=0, size=array([1920, 1080]), stencilBits=0, stereo=False, units='norm', useFBO=True, useRetina=False, viewOri=0.0, viewPos=None, viewScale=None, waitBlanking=True, winType='pyglet')
8.0590 	EXP 	window1: mouseVisible = True
8.0590 	EXP 	window1: mouseVisible = True
8.0591 	EXP 	window1: Attempting to measure frame rate of screen (0) ...
8.0591 	EXP 	window1: recordFrameIntervals = False
8.2037 	EXP 	window1: recordFrameIntervals = True
8.3642 	EXP 	Screen (0) actual frame rate measured at 74.80Hz
8.3642 	EXP 	window1: recordFrameIntervals = False
10.7273 	EXP 	Created InstrBkg = Rect(__class__=<class 'psychopy.visual.rect.Rect'>, anchor=('center', 'center'), autoDraw=False, autoLog=True, closeShape=True, color=method-wrapper(...), colorSpace='rgb', contrast=None, depth=0.0, fillColor=array([-1, -1, -1]), fillColorSpace='rgb', fillRGB=array([-1, -1, -1]), interpolate=True, lineColor=array([-1, -1, -1]), lineColorSpace='rgb', lineRGB=array([-1, -1, -1]), lineWidth=1, name='InstrBkg', opacity=1.0, ori=0.0, pos=array([0., 0.]), size=array([2., 2.]), units='norm', vertices=ndarray(...), win=Window(...))
10.7941 	EXP 	Created TagFig = ImageStim(__class__=<class 'psychopy.visual.image.ImageStim'>, anchor=('center', 'center'), autoLog=True, color=array([1, 1, 1]), colorSpace='rgb', contrast=1.0, depth=-1.0, flipHoriz=False, flipVert=False, image='Instructions_EN/Slide1.PNG', interpolate=True, mask=None, maskParams=None, name='TagFig', opacity=1.0, ori=0.0, pos=array([0., 0.]), size=array([1.8, 1.8]), texRes=128, units='norm', win=Window(...))
10.7952 	EXP 	Created precondBkg = Rect(__class__=<class 'psychopy.visual.rect.Rect'>, anchor=('center', 'center'), autoDraw=False, autoLog=True, closeShape=True, color=method-wrapper(...), colorSpace='rgb', contrast=None, depth=0.0, fillColor=array([-1, -1, -1]), fillColorSpace='rgb', fillRGB=array([-1, -1, -1]), interpolate=True, lineColor=array([-1, -1, -1]), lineColorSpace='rgb', lineRGB=array([-1, -1, -1]), lineWidth=1.0, name='precondBkg', opacity=1.0, ori=0.0, pos=array([0., 0.]), size=array([2., 2.]), units='norm', vertices=ndarray(...), win=Window(...))
10.8001 	EXP 	Created imagePreCond = ImageStim(__class__=<class 'psychopy.visual.image.ImageStim'>, anchor=('center', 'center'), autoLog=True, color=array([1, 1, 1]), colorSpace='rgb', contrast=1.0, depth=-1.0, flipHoriz=False, flipVert=False, image='sin', interpolate=True, mask=None, maskParams=None, name='imagePreCond', opacity=1.0, ori=0.0, pos=array([0., 0.]), size=array([2., 2.]), texRes=128, units='norm', win=Window(...))
10.8011 	EXP 	Created BlankBkg = Rect(__class__=<class 'psychopy.visual.rect.Rect'>, anchor=('center', 'center'), autoDraw=False, autoLog=True, closeShape=True, color=method-wrapper(...), colorSpace='rgb', contrast=None, depth=0.0, fillColor=array([-1, -1, -1]), fillColorSpace='rgb', fillRGB=array([-1, -1, -1]), interpolate=True, lineColor=array([-1, -1, -1]), lineColorSpace='rgb', lineRGB=array([-1, -1, -1]), lineWidth=1, name='BlankBkg', opacity=1.0, ori=0.0, pos=array([0., 0.]), size=array([2., 2.]), units='norm', vertices=ndarray(...), win=Window(...))
10.8021 	EXP 	Created Bkg = Rect(__class__=<class 'psychopy.visual.rect.Rect'>, anchor=('center', 'center'), autoDraw=False, autoLog=True, closeShape=True, color=method-wrapper(...), colorSpace='rgb', contrast=None, depth=-1.0, fillColor=array([-1, -1, -1]), fillColorSpace='rgb', fillRGB=array([-1, -1, -1]), interpolate=True, lineColor=array([-1, -1, -1]), lineColorSpace='rgb', lineRGB=array([-1, -1, -1]), lineWidth=1.0, name='Bkg', opacity=1.0, ori=0.0, pos=array([0., 0.]), size=array([2., 2.]), units='norm', vertices=ndarray(...), win=Window(...))
10.8052 	EXP 	Created image = ImageStim(__class__=<class 'psychopy.visual.image.ImageStim'>, anchor=('center', 'center'), autoLog=True, color=array([1, 1, 1]), colorSpace='rgb', contrast=1.0, depth=-2.0, flipHoriz=False, flipVert=False, image='sin', interpolate=True, mask=None, maskParams=None, name='image', opacity=1.0, ori=0.0, pos=array([0., 0.]), size=array([1.8, 1.8]), texRes=128.0, units='norm', win=Window(...))
10.8172 	EXP 	window1: mouseVisible = True
10.9422 	EXP 	Created Scale = Slider(__class__=<class 'psychopy.visual.slider.Slider'>, autoDraw=False, autoLog=True, borderColor=None, color=None, colorSpace='rgb', depth=-3, fillColor=None, flip=False, font='Open Sans', granularity=0.0, labelColor=None, labelHeight=0.05, labelWrapWidth=None, labels=list(...), lineColor=None, markerColor=None, name='Scale', opacity=None, ori=0.0, pos=array([ 0. , -0.6]), readOnly=False, self=UNKNOWN, size=array([1.2 , 0.05]), startValue=None, style='rating', styleTweaks=[], ticks=array([ 1,  2,  3,  4,  5,  6,  7,  8,  9, 10]), units='norm', win=Window(...))
10.9432 	EXP 	Created InstrBkg2 = Rect(__class__=<class 'psychopy.visual.rect.Rect'>, anchor=('center', 'center'), autoDraw=False, autoLog=True, closeShape=True, color=method-wrapper(...), colorSpace='rgb', contrast=None, depth=0.0, fillColor=array([-1, -1, -1]), fillColorSpace='rgb', fillRGB=array([-1, -1, -1]), interpolate=True, lineColor=array([-1, -1, -1]), lineColorSpace='rgb', lineRGB=array([-1, -1, -1]), lineWidth=1.0, name='InstrBkg2', opacity=1.0, ori=0.0, pos=array([0., 0.]), size=array([2., 2.]), units='norm', vertices=ndarray(...), win=Window(...))
10.9756 	EXP 	Created TagFig2 = ImageStim(__class__=<class 'psychopy.visual.image.ImageStim'>, anchor=('center', 'center'), autoLog=True, color=array([1, 1, 1]), colorSpace='rgb', contrast=1.0, depth=-1.0, flipHoriz=False, flipVert=False, image='Instructions_EN/Slide2.PNG', interpolate=True, mask=None, maskParams=None, name='TagFig2', opacity=1.0, ori=0.0, pos=array([0., 0.]), size=array([1.8, 1.8]), texRes=128.0, units='norm', win=Window(...))
10.9766 	EXP 	Created CSBkg = Rect(__class__=<class 'psychopy.visual.rect.Rect'>, anchor=('center', 'center'), autoDraw=False, autoLog=True, closeShape=True, color=method-wrapper(...), colorSpace='rgb', contrast=None, depth=0.0, fillColor=array([-1, -1, -1]), fillColorSpace='rgb', fillRGB=array([-1, -1, -1]), interpolate=True, lineColor=array([-1, -1, -1]), lineColorSpace='rgb', lineRGB=array([-1, -1, -1]), lineWidth=1.0, name='CSBkg', opacity=1.0, ori=0.0, pos=array([0., 0.]), size=array([2., 2.]), units='norm', vertices=ndarray(...), win=Window(...))
10.9802 	EXP 	Created CS_image = ImageStim(__class__=<class 'psychopy.visual.image.ImageStim'>, anchor=('center', 'center'), autoLog=True, color=array([1, 1, 1]), colorSpace='rgb', contrast=1.0, depth=-1.0, flipHoriz=False, flipVert=False, image='sin', interpolate=True, mask=None, maskParams=None, name='CS_image', opacity=1.0, ori=0.0, pos=array([0., 0.]), size=array([2., 2.]), texRes=128.0, units='norm', win=Window(...))
10.9811 	EXP 	Created UCSBkg = Rect(__class__=<class 'psychopy.visual.rect.Rect'>, anchor=('center', 'center'), autoDraw=False, autoLog=True, closeShape=True, color=method-wrapper(...), colorSpace='rgb', contrast=None, depth=0.0, fillColor=array([-1, -1, -1]), fillColorSpace='rgb', fillRGB=array([-1, -1, -1]), interpolate=True, lineColor=array([-1, -1, -1]), lineColorSpace='rgb', lineRGB=array([-1, -1, -1]), lineWidth=1.0, name='UCSBkg', opacity=1.0, ori=0.0, pos=array([0., 0.]), size=array([2., 2.]), units='norm', vertices=ndarray(...), win=Window(...))
10.9842 	EXP 	Created UCS_image = ImageStim(__class__=<class 'psychopy.visual.image.ImageStim'>, anchor=('center', 'center'), autoLog=True, color=array([1, 1, 1]), colorSpace='rgb', contrast=1.0, depth=-1.0, flipHoriz=False, flipVert=False, image='sin', interpolate=True, mask=None, maskParams=None, name='UCS_image', opacity=1.0, ori=0.0, pos=array([0., 0.]), size=array([2., 2.]), texRes=128.0, units='norm', win=Window(...))
11.3395 	EXP 	Sound sound_1 set volume 0.300
11.3413 	EXP 	Created BlankBkg = Rect(__class__=<class 'psychopy.visual.rect.Rect'>, anchor=('center', 'center'), autoDraw=False, autoLog=True, closeShape=True, color=method-wrapper(...), colorSpace='rgb', contrast=None, depth=0.0, fillColor=array([-1, -1, -1]), fillColorSpace='rgb', fillRGB=array([-1, -1, -1]), interpolate=True, lineColor=array([-1, -1, -1]), lineColorSpace='rgb', lineRGB=array([-1, -1, -1]), lineWidth=1, name='BlankBkg', opacity=1.0, ori=0.0, pos=array([0., 0.]), size=array([2., 2.]), units='norm', vertices=ndarray(...), win=Window(...))
11.3423 	EXP 	Created Bkg = Rect(__class__=<class 'psychopy.visual.rect.Rect'>, anchor=('center', 'center'), autoDraw=False, autoLog=True, closeShape=True, color=method-wrapper(...), colorSpace='rgb', contrast=None, depth=-1.0, fillColor=array([-1, -1, -1]), fillColorSpace='rgb', fillRGB=array([-1, -1, -1]), interpolate=True, lineColor=array([-1, -1, -1]), lineColorSpace='rgb', lineRGB=array([-1, -1, -1]), lineWidth=1.0, name='Bkg', opacity=1.0, ori=0.0, pos=array([0., 0.]), size=array([2., 2.]), units='norm', vertices=ndarray(...), win=Window(...))
11.3471 	EXP 	Created image = ImageStim(__class__=<class 'psychopy.visual.image.ImageStim'>, anchor=('center', 'center'), autoLog=True, color=array([1, 1, 1]), colorSpace='rgb', contrast=1.0, depth=-2.0, flipHoriz=False, flipVert=False, image='sin', interpolate=True, mask=None, maskParams=None, name='image', opacity=1.0, ori=0.0, pos=array([0., 0.]), size=array([1.8, 1.8]), texRes=128.0, units='norm', win=Window(...))
11.3491 	EXP 	window1: mouseVisible = True
11.4424 	EXP 	Created Scale = Slider(__class__=<class 'psychopy.visual.slider.Slider'>, autoDraw=False, autoLog=True, borderColor=None, color=None, colorSpace='rgb', depth=-3, fillColor=None, flip=False, font='Open Sans', granularity=0.0, labelColor=None, labelHeight=0.05, labelWrapWidth=None, labels=list(...), lineColor=None, markerColor=None, name='Scale', opacity=None, ori=0.0, pos=array([ 0. , -0.6]), readOnly=False, self=UNKNOWN, size=array([1.2 , 0.05]), startValue=None, style='rating', styleTweaks=[], ticks=array([ 1,  2,  3,  4,  5,  6,  7,  8,  9, 10]), units='norm', win=Window(...))
11.4437 	EXP 	Created InstrBkg3 = Rect(__class__=<class 'psychopy.visual.rect.Rect'>, anchor=('center', 'center'), autoDraw=False, autoLog=True, closeShape=True, color=method-wrapper(...), colorSpace='rgb', contrast=None, depth=0.0, fillColor=array([-1, -1, -1]), fillColorSpace='rgb', fillRGB=array([-1, -1, -1]), interpolate=True, lineColor=array([-1, -1, -1]), lineColorSpace='rgb', lineRGB=array([-1, -1, -1]), lineWidth=1.0, name='InstrBkg3', opacity=1.0, ori=0.0, pos=array([0., 0.]), size=array([2., 2.]), units='norm', vertices=ndarray(...), win=Window(...))
11.4854 	EXP 	Created TagFig3 = ImageStim(__class__=<class 'psychopy.visual.image.ImageStim'>, anchor=('center', 'center'), autoLog=True, color=array([1, 1, 1]), colorSpace='rgb', contrast=1.0, depth=-1.0, flipHoriz=False, flipVert=False, image='Instructions_EN/Slide3.PNG', interpolate=True, mask=None, maskParams=None, name='TagFig3', opacity=1.0, ori=0.0, pos=array([0., 0.]), size=array([1.8, 1.8]), texRes=128.0, units='norm', win=Window(...))
11.4865 	EXP 	Created ExtBkg = Rect(__class__=<class 'psychopy.visual.rect.Rect'>, anchor=('center', 'center'), autoDraw=False, autoLog=True, closeShape=True, color=method-wrapper(...), colorSpace='rgb', contrast=None, depth=0.0, fillColor=array([-1, -1, -1]), fillColorSpace='rgb', fillRGB=array([-1, -1, -1]), interpolate=True, lineColor=array([-1, -1, -1]), lineColorSpace='rgb', lineRGB=array([-1, -1, -1]), lineWidth=1.0, name='ExtBkg', opacity=1.0, ori=0.0, pos=array([0., 0.]), size=array([2., 2.]), units='norm', vertices=ndarray(...), win=Window(...))
11.4901 	EXP 	Created Ext_image = ImageStim(__class__=<class 'psychopy.visual.image.ImageStim'>, anchor=('center', 'center'), autoLog=True, color=array([1, 1, 1]), colorSpace='rgb', contrast=1.0, depth=-1.0, flipHoriz=False, flipVert=False, image='sin', interpolate=True, mask=None, maskParams=None, name='Ext_image', opacity=1.0, ori=0.0, pos=array([0., 0.]), size=array([2., 2.]), texRes=128.0, units='norm', win=Window(...))
11.4910 	EXP 	Created BlankBkg = Rect(__class__=<class 'psychopy.visual.rect.Rect'>, anchor=('center', 'center'), autoDraw=False, autoLog=True, closeShape=True, color=method-wrapper(...), colorSpace='rgb', contrast=None, depth=0.0, fillColor=array([-1, -1, -1]), fillColorSpace='rgb', fillRGB=array([-1, -1, -1]), interpolate=True, lineColor=array([-1, -1, -1]), lineColorSpace='rgb', lineRGB=array([-1, -1, -1]), lineWidth=1, name='BlankBkg', opacity=1.0, ori=0.0, pos=array([0., 0.]), size=array([2., 2.]), units='norm', vertices=ndarray(...), win=Window(...))
11.4919 	EXP 	Created Bkg = Rect(__class__=<class 'psychopy.visual.rect.Rect'>, anchor=('center', 'center'), autoDraw=False, autoLog=True, closeShape=True, color=method-wrapper(...), colorSpace='rgb', contrast=None, depth=-1.0, fillColor=array([-1, -1, -1]), fillColorSpace='rgb', fillRGB=array([-1, -1, -1]), interpolate=True, lineColor=array([-1, -1, -1]), lineColorSpace='rgb', lineRGB=array([-1, -1, -1]), lineWidth=1.0, name='Bkg', opacity=1.0, ori=0.0, pos=array([0., 0.]), size=array([2., 2.]), units='norm', vertices=ndarray(...), win=Window(...))
11.4953 	EXP 	Created image = ImageStim(__class__=<class 'psychopy.visual.image.ImageStim'>, anchor=('center', 'center'), autoLog=True, color=array([1, 1, 1]), colorSpace='rgb', contrast=1.0, depth=-2.0, flipHoriz=False, flipVert=False, image='sin', interpolate=True, mask=None, maskParams=None, name='image', opacity=1.0, ori=0.0, pos=array([0., 0.]), size=array([1.8, 1.8]), texRes=128.0, units='norm', win=Window(...))
11.4971 	EXP 	window1: mouseVisible = True
11.5870 	EXP 	Created Scale = Slider(__class__=<class 'psychopy.visual.slider.Slider'>, autoDraw=False, autoLog=True, borderColor=None, color=None, colorSpace='rgb', depth=-3, fillColor=None, flip=False, font='Open Sans', granularity=0.0, labelColor=None, labelHeight=0.05, labelWrapWidth=None, labels=list(...), lineColor=None, markerColor=None, name='Scale', opacity=None, ori=0.0, pos=array([ 0. , -0.6]), readOnly=False, self=UNKNOWN, size=array([1.2 , 0.05]), startValue=None, style='rating', styleTweaks=[], ticks=array([ 1,  2,  3,  4,  5,  6,  7,  8,  9, 10]), units='norm', win=Window(...))
11.6494 	EXP 	Created EndTxt = TextStim(__class__=<class 'psychopy.visual.text.TextStim'>, alignHoriz=method-wrapper(...), alignText='center', alignVert=method-wrapper(...), anchorHoriz='center', anchorVert='center', antialias=True, autoDraw=False, autoLog=True, bold=False, color=array([1, 1, 1]), colorSpace='rgb', contrast=1.0, depth=0.0, flipHoriz=False, flipVert=False, font='Microsoft YaHei', fontFiles=[], height=0.2, italic=False, languageStyle='LTR', name='EndTxt', opacity=1.0, ori=0, pos=array([0., 0.]), rgb=UNKNOWN, text='谢谢您！\nThank you!', units='norm', win=Window(...), wrapWidth=1)
11.6628 	EXP 	Scale: autoLog = True
11.6628 	EXP 	Scale: markerPos = None
11.6628 	EXP 	Scale: styleTweaks = []
11.6628 	EXP 	Scale: styleTweaks = []
11.6628 	EXP 	Scale: styleTweaks = []
11.6628 	EXP 	Scale: styleTweaks = []
11.6628 	EXP 	Scale: contrast = 1.0
11.6628 	EXP 	Scale: autoLog = True
11.6628 	EXP 	Scale: autoLog = True
11.6628 	EXP 	Scale: markerPos = None
11.6628 	EXP 	Scale: styleTweaks = []
11.6628 	EXP 	Scale: styleTweaks = []
11.6628 	EXP 	Scale: styleTweaks = []
11.6628 	EXP 	Scale: styleTweaks = []
11.6628 	EXP 	Scale: contrast = 1.0
11.6628 	EXP 	Scale: autoLog = True
11.6628 	EXP 	Scale: autoLog = True
11.6628 	EXP 	Scale: markerPos = None
11.6628 	EXP 	Scale: styleTweaks = []
11.6628 	EXP 	Scale: styleTweaks = []
11.6628 	EXP 	Scale: styleTweaks = []
11.6628 	EXP 	Scale: styleTweaks = []
11.6628 	EXP 	Scale: contrast = 1.0
11.6628 	EXP 	Scale: autoLog = True
11.6628 	EXP 	InstrBkg: autoDraw = True
11.6628 	EXP 	TagFig: autoDraw = True
12.3987 	EXP 	Imported PreCondition1.xlsx as conditions, 15 conditions, 2 params
12.4021 	EXP 	Created sequence: random, trialTypes=15, nReps=1, seed=None
12.4026 	EXP 	New trial (rep=0, index=0): {'PreCondName': 'Stimuli/CS+4.BMP', 'TrgCol': 0.4}
12.4288 	DATA 	Keypress: space
12.4342 	EXP 	InstrBkg: autoDraw = False
12.4342 	EXP 	TagFig: autoDraw = False
12.4342 	EXP 	imagePreCond: image = 'Stimuli/CS+4.BMP'
12.4342 	EXP 	precondBkg: autoDraw = True
12.4342 	EXP 	imagePreCond: autoDraw = True
18.3823 	EXP 	imagePreCond: autoDraw = False
18.3955 	EXP 	precondBkg: autoDraw = False
18.3955 	EXP 	imagePreCond: autoDraw = False
18.3955 	EXP 	BlankBkg: autoDraw = True
22.5444 	EXP 	New trial (rep=0, index=1): {'PreCondName': 'Stimuli/CS+3.BMP', 'TrgCol': -0.1}
22.5640 	EXP 	BlankBkg: autoDraw = False
22.5640 	EXP 	BlankBkg: autoDraw = False
22.5640 	EXP 	imagePreCond: image = 'Stimuli/CS+3.BMP'
22.5640 	EXP 	precondBkg: autoDraw = True
22.5640 	EXP 	imagePreCond: autoDraw = True
28.5454 	EXP 	imagePreCond: autoDraw = False
28.5586 	EXP 	precondBkg: autoDraw = False
28.5586 	EXP 	imagePreCond: autoDraw = False
28.5586 	EXP 	BlankBkg: autoDraw = True
32.7080 	EXP 	New trial (rep=0, index=2): {'PreCondName': 'Stimuli/CS+1.BMP', 'TrgCol': 0.4}
32.7441 	EXP 	BlankBkg: autoDraw = False
32.7441 	EXP 	BlankBkg: autoDraw = False
32.7441 	EXP 	imagePreCond: image = 'Stimuli/CS+1.BMP'
32.7441 	EXP 	precondBkg: autoDraw = True
32.7441 	EXP 	imagePreCond: autoDraw = True
38.7103 	EXP 	imagePreCond: autoDraw = False
38.7236 	EXP 	precondBkg: autoDraw = False
38.7236 	EXP 	imagePreCond: autoDraw = False
38.7236 	EXP 	BlankBkg: autoDraw = True
42.8998 	EXP 	New trial (rep=0, index=3): {'PreCondName': 'Stimuli/CS+3.BMP', 'TrgCol': -0.1}
42.9399 	EXP 	BlankBkg: autoDraw = False
42.9399 	EXP 	BlankBkg: autoDraw = False
42.9399 	EXP 	imagePreCond: image = 'Stimuli/CS+3.BMP'
42.9399 	EXP 	precondBkg: autoDraw = True
42.9399 	EXP 	imagePreCond: autoDraw = True
48.9017 	EXP 	imagePreCond: autoDraw = False
48.9143 	EXP 	precondBkg: autoDraw = False
48.9143 	EXP 	imagePreCond: autoDraw = False
48.9143 	EXP 	BlankBkg: autoDraw = True
52.9701 	EXP 	New trial (rep=0, index=4): {'PreCondName': 'Stimuli/CS+3.BMP', 'TrgCol': -0.1}
52.9898 	EXP 	BlankBkg: autoDraw = False
52.9898 	EXP 	BlankBkg: autoDraw = False
52.9898 	EXP 	imagePreCond: image = 'Stimuli/CS+3.BMP'
52.9898 	EXP 	precondBkg: autoDraw = True
52.9898 	EXP 	imagePreCond: autoDraw = True
58.9713 	EXP 	imagePreCond: autoDraw = False
58.9851 	EXP 	precondBkg: autoDraw = False
58.9851 	EXP 	imagePreCond: autoDraw = False
58.9851 	EXP 	BlankBkg: autoDraw = True
63.2409 	EXP 	New trial (rep=0, index=5): {'PreCondName': 'Stimuli/CS+4.BMP', 'TrgCol': 0.4}
63.2630 	EXP 	BlankBkg: autoDraw = False
63.2630 	EXP 	BlankBkg: autoDraw = False
63.2630 	EXP 	imagePreCond: image = 'Stimuli/CS+4.BMP'
63.2630 	EXP 	precondBkg: autoDraw = True
63.2630 	EXP 	imagePreCond: autoDraw = True
69.2426 	EXP 	imagePreCond: autoDraw = False
69.2549 	EXP 	precondBkg: autoDraw = False
69.2549 	EXP 	imagePreCond: autoDraw = False
69.2549 	EXP 	BlankBkg: autoDraw = True
73.4449 	EXP 	New trial (rep=0, index=6): {'PreCondName': 'Stimuli/CS+4.BMP', 'TrgCol': 0.4}
73.4653 	EXP 	BlankBkg: autoDraw = False
73.4653 	EXP 	BlankBkg: autoDraw = False
73.4653 	EXP 	imagePreCond: image = 'Stimuli/CS+4.BMP'
73.4653 	EXP 	precondBkg: autoDraw = True
73.4653 	EXP 	imagePreCond: autoDraw = True
79.4464 	EXP 	imagePreCond: autoDraw = False
79.4591 	EXP 	precondBkg: autoDraw = False
79.4591 	EXP 	imagePreCond: autoDraw = False
79.4591 	EXP 	BlankBkg: autoDraw = True
83.6484 	EXP 	New trial (rep=0, index=7): {'PreCondName': 'Stimuli/CS+1.BMP', 'TrgCol': 0.4}
83.6657 	EXP 	BlankBkg: autoDraw = False
83.6657 	EXP 	BlankBkg: autoDraw = False
83.6657 	EXP 	imagePreCond: image = 'Stimuli/CS+1.BMP'
83.6657 	EXP 	precondBkg: autoDraw = True
83.6657 	EXP 	imagePreCond: autoDraw = True
89.6499 	EXP 	imagePreCond: autoDraw = False
89.6629 	EXP 	precondBkg: autoDraw = False
89.6629 	EXP 	imagePreCond: autoDraw = False
89.6629 	EXP 	BlankBkg: autoDraw = True
93.8801 	EXP 	New trial (rep=0, index=8): {'PreCondName': 'Stimuli/CS+1.BMP', 'TrgCol': 0.4}
93.8999 	EXP 	BlankBkg: autoDraw = False
93.8999 	EXP 	BlankBkg: autoDraw = False
93.8999 	EXP 	imagePreCond: image = 'Stimuli/CS+1.BMP'
93.8999 	EXP 	precondBkg: autoDraw = True
93.8999 	EXP 	imagePreCond: autoDraw = True
99.8802 	EXP 	imagePreCond: autoDraw = False
99.8945 	EXP 	precondBkg: autoDraw = False
99.8945 	EXP 	imagePreCond: autoDraw = False
99.8945 	EXP 	BlankBkg: autoDraw = True
104.0304 	EXP 	New trial (rep=0, index=9): {'PreCondName': 'Stimuli/CS+3.BMP', 'TrgCol': -0.1}
104.0692 	EXP 	BlankBkg: autoDraw = False
104.0692 	EXP 	BlankBkg: autoDraw = False
104.0692 	EXP 	imagePreCond: image = 'Stimuli/CS+3.BMP'
104.0692 	EXP 	precondBkg: autoDraw = True
104.0692 	EXP 	imagePreCond: autoDraw = True
110.0314 	EXP 	imagePreCond: autoDraw = False
110.0455 	EXP 	precondBkg: autoDraw = False
110.0455 	EXP 	imagePreCond: autoDraw = False
110.0455 	EXP 	BlankBkg: autoDraw = True
114.2468 	EXP 	New trial (rep=0, index=10): {'PreCondName': 'Stimuli/CS+4.BMP', 'TrgCol': 0.4}
114.2654 	EXP 	BlankBkg: autoDraw = False
114.2654 	EXP 	BlankBkg: autoDraw = False
114.2654 	EXP 	imagePreCond: image = 'Stimuli/CS+4.BMP'
114.2654 	EXP 	precondBkg: autoDraw = True
114.2654 	EXP 	imagePreCond: autoDraw = True
120.2492 	EXP 	imagePreCond: autoDraw = False
120.2621 	EXP 	precondBkg: autoDraw = False
120.2621 	EXP 	imagePreCond: autoDraw = False
120.2621 	EXP 	BlankBkg: autoDraw = True
124.4772 	EXP 	New trial (rep=0, index=11): {'PreCondName': 'Stimuli/CS+1.BMP', 'TrgCol': 0.4}
124.5100 	EXP 	BlankBkg: autoDraw = False
124.5100 	EXP 	BlankBkg: autoDraw = False
124.5100 	EXP 	imagePreCond: image = 'Stimuli/CS+1.BMP'
124.5100 	EXP 	precondBkg: autoDraw = True
124.5100 	EXP 	imagePreCond: autoDraw = True
130.4791 	EXP 	imagePreCond: autoDraw = False
130.4930 	EXP 	precondBkg: autoDraw = False
130.4930 	EXP 	imagePreCond: autoDraw = False
130.4930 	EXP 	BlankBkg: autoDraw = True
134.6292 	EXP 	New trial (rep=0, index=12): {'PreCondName': 'Stimuli/CS+3.BMP', 'TrgCol': -0.1}
134.6660 	EXP 	BlankBkg: autoDraw = False
134.6660 	EXP 	BlankBkg: autoDraw = False
134.6660 	EXP 	imagePreCond: image = 'Stimuli/CS+3.BMP'
134.6660 	EXP 	precondBkg: autoDraw = True
134.6660 	EXP 	imagePreCond: autoDraw = True
140.6300 	EXP 	imagePreCond: autoDraw = False
140.6438 	EXP 	precondBkg: autoDraw = False
140.6438 	EXP 	imagePreCond: autoDraw = False
140.6438 	EXP 	BlankBkg: autoDraw = True
145.0330 	EXP 	New trial (rep=0, index=13): {'PreCondName': 'Stimuli/CS+4.BMP', 'TrgCol': 0.4}
145.0546 	EXP 	BlankBkg: autoDraw = False
145.0546 	EXP 	BlankBkg: autoDraw = False
145.0546 	EXP 	imagePreCond: image = 'Stimuli/CS+4.BMP'
145.0546 	EXP 	precondBkg: autoDraw = True
145.0546 	EXP 	imagePreCond: autoDraw = True
151.0349 	EXP 	imagePreCond: autoDraw = False
151.0476 	EXP 	precondBkg: autoDraw = False
151.0476 	EXP 	imagePreCond: autoDraw = False
151.0476 	EXP 	BlankBkg: autoDraw = True
155.4107 	EXP 	New trial (rep=0, index=14): {'PreCondName': 'Stimuli/CS+1.BMP', 'TrgCol': 0.4}
155.4297 	EXP 	BlankBkg: autoDraw = False
155.4297 	EXP 	BlankBkg: autoDraw = False
155.4297 	EXP 	imagePreCond: image = 'Stimuli/CS+1.BMP'
155.4297 	EXP 	precondBkg: autoDraw = True
155.4297 	EXP 	imagePreCond: autoDraw = True
161.4113 	EXP 	imagePreCond: autoDraw = False
161.4255 	EXP 	precondBkg: autoDraw = False
161.4255 	EXP 	imagePreCond: autoDraw = False
161.4255 	EXP 	BlankBkg: autoDraw = True
165.6637 	EXP 	Imported Rating1.xlsx as conditions, 3 conditions, 3 params
165.6684 	EXP 	Created sequence: sequential, trialTypes=3, nReps=1, seed=None
165.6689 	EXP 	New trial (rep=0, index=0): {'ratingName_EN': 'Instructions_EN/ratingCS+1.png', 'ratingName_CN': 'Instructions_CN/ratingCS+1.png', 'TrgCol': -0.1}
165.7359 	EXP 	BlankBkg: autoDraw = False
165.7359 	EXP 	BlankBkg: autoDraw = False
165.7359 	EXP 	image: image = 'Instructions_EN/ratingCS+1.png'
165.7359 	EXP 	Scale: markerPos = None
165.7359 	EXP 	Scale: markerPos = None
165.7359 	EXP 	Bkg: autoDraw = True
165.7359 	EXP 	image: autoDraw = True
165.7359 	EXP 	Scale: autoDraw = True
511.8077 	DATA 	Keypress: 1
511.8630 	EXP 	New trial (rep=0, index=1): {'ratingName_EN': 'Instructions_EN/ratingCS+3.png', 'ratingName_CN': 'Instructions_CN/ratingCS+3.png', 'TrgCol': 0.4}
511.9253 	EXP 	Bkg: autoDraw = False
511.9253 	EXP 	image: autoDraw = False
511.9253 	EXP 	Scale: autoDraw = False
511.9253 	EXP 	image: image = 'Instructions_EN/ratingCS+3.png'
511.9253 	EXP 	Scale: markerPos = None
511.9253 	EXP 	Scale: markerPos = None
511.9253 	EXP 	Bkg: autoDraw = True
511.9253 	EXP 	image: autoDraw = True
511.9253 	EXP 	Scale: autoDraw = True
512.5340 	DATA 	Keypress: 1
512.5395 	EXP 	New trial (rep=0, index=2): {'ratingName_EN': 'Instructions_EN/ratingCS+4.png', 'ratingName_CN': 'Instructions_CN/ratingCS+4.png', 'TrgCol': -0.1}
512.5672 	EXP 	Bkg: autoDraw = False
512.5672 	EXP 	image: autoDraw = False
512.5672 	EXP 	Scale: autoDraw = False
512.5672 	EXP 	image: image = 'Instructions_EN/ratingCS+4.png'
512.5672 	EXP 	Scale: markerPos = None
512.5672 	EXP 	Scale: markerPos = None
512.5672 	EXP 	Bkg: autoDraw = True
512.5672 	EXP 	image: autoDraw = True
512.5672 	EXP 	Scale: autoDraw = True
514.6243 	DATA 	Keypress: 1
514.6765 	EXP 	Bkg: autoDraw = False
514.6765 	EXP 	image: autoDraw = False
514.6765 	EXP 	Scale: autoDraw = False
514.6765 	EXP 	InstrBkg2: autoDraw = True
514.6765 	EXP 	TagFig2: autoDraw = True
534.9724 	EXP 	Imported Condition1.xlsx as conditions, 45 conditions, 4 params
534.9832 	EXP 	Created sequence: random, trialTypes=45, nReps=1, seed=None
534.9844 	EXP 	New trial (rep=0, index=0): {'CSName': 'Stimuli/CS+4.BMP', 'UCSName': 'Stimuli/UCS4.BMP', 'SoundName': 'Sound/laugh1.wav', 'TrgCol': 0.9}
535.0180 	DATA 	Keypress: space
535.0222 	EXP 	InstrBkg2: autoDraw = False
535.0222 	EXP 	TagFig2: autoDraw = False
535.0222 	EXP 	CS_image: image = 'Stimuli/CS+4.BMP'
535.0222 	EXP 	CSBkg: autoDraw = True
535.0222 	EXP 	CS_image: autoDraw = True
541.0128 	EXP 	Sound sound_1 started
541.0073 	EXP 	CSBkg: autoDraw = False
541.0073 	EXP 	CS_image: autoDraw = False
541.0073 	EXP 	UCS_image: image = 'Stimuli/UCS4.BMP'
541.0073 	EXP 	UCSBkg: autoDraw = True
541.0073 	EXP 	UCS_image: autoDraw = True
541.9647 	EXP 	Sound sound_1 stopped
541.9729 	EXP 	UCSBkg: autoDraw = False
541.9729 	EXP 	UCS_image: autoDraw = False
541.9729 	EXP 	BlankBkg: autoDraw = True
546.1219 	EXP 	New trial (rep=0, index=1): {'CSName': 'Stimuli/CS+1.BMP', 'UCSName': 'Stimuli/UCS1.BMP', 'SoundName': 'Sound/scream1.wav', 'TrgCol': 0.9}
546.1377 	EXP 	BlankBkg: autoDraw = False
546.1377 	EXP 	BlankBkg: autoDraw = False
546.1377 	EXP 	CS_image: image = 'Stimuli/CS+1.BMP'
546.1377 	EXP 	CSBkg: autoDraw = True
546.1377 	EXP 	CS_image: autoDraw = True
552.1634 	EXP 	Sound sound_1 started
552.1657 	EXP 	CSBkg: autoDraw = False
552.1657 	EXP 	CS_image: autoDraw = False
552.1657 	EXP 	UCS_image: image = 'Stimuli/UCS1.BMP'
552.1657 	EXP 	UCSBkg: autoDraw = True
552.1657 	EXP 	UCS_image: autoDraw = True
553.1291 	EXP 	Sound sound_1 stopped
553.1381 	EXP 	UCSBkg: autoDraw = False
553.1381 	EXP 	UCS_image: autoDraw = False
553.1381 	EXP 	BlankBkg: autoDraw = True
557.3009 	EXP 	New trial (rep=0, index=2): {'CSName': 'Stimuli/CS+4.BMP', 'UCSName': 'Stimuli/UCS4.BMP', 'SoundName': 'Sound/laugh1.wav', 'TrgCol': 0.9}
557.3206 	EXP 	BlankBkg: autoDraw = False
557.3206 	EXP 	BlankBkg: autoDraw = False
557.3206 	EXP 	CS_image: image = 'Stimuli/CS+4.BMP'
557.3206 	EXP 	CSBkg: autoDraw = True
557.3206 	EXP 	CS_image: autoDraw = True
563.3280 	EXP 	Sound sound_1 started
563.3244 	EXP 	CSBkg: autoDraw = False
563.3244 	EXP 	CS_image: autoDraw = False
563.3244 	EXP 	UCS_image: image = 'Stimuli/UCS4.BMP'
563.3244 	EXP 	UCSBkg: autoDraw = True
563.3244 	EXP 	UCS_image: autoDraw = True
564.3070 	EXP 	Sound sound_1 stopped
564.3148 	EXP 	UCSBkg: autoDraw = False
564.3148 	EXP 	UCS_image: autoDraw = False
564.3148 	EXP 	BlankBkg: autoDraw = True
568.4116 	EXP 	New trial (rep=0, index=3): {'CSName': 'Stimuli/CS+4.BMP', 'UCSName': 'Stimuli/UCS4.BMP', 'SoundName': 'Sound/laugh1.wav', 'TrgCol': 0.9}
568.4297 	EXP 	BlankBkg: autoDraw = False
568.4297 	EXP 	BlankBkg: autoDraw = False
568.4297 	EXP 	CS_image: image = 'Stimuli/CS+4.BMP'
568.4297 	EXP 	CSBkg: autoDraw = True
568.4297 	EXP 	CS_image: autoDraw = True
574.4398 	EXP 	Sound sound_1 started
574.4308 	EXP 	CSBkg: autoDraw = False
574.4308 	EXP 	CS_image: autoDraw = False
574.4308 	EXP 	UCS_image: image = 'Stimuli/UCS4.BMP'
574.4308 	EXP 	UCSBkg: autoDraw = True
574.4308 	EXP 	UCS_image: autoDraw = True
575.4179 	EXP 	Sound sound_1 stopped
575.4261 	EXP 	UCSBkg: autoDraw = False
575.4261 	EXP 	UCS_image: autoDraw = False
575.4261 	EXP 	BlankBkg: autoDraw = True
579.6156 	EXP 	New trial (rep=0, index=4): {'CSName': 'Stimuli/CS+4.BMP', 'UCSName': 'Stimuli/black.PNG', 'SoundName': 'Sound/silent.wav', 'TrgCol': -0.1}
579.6502 	EXP 	BlankBkg: autoDraw = False
579.6502 	EXP 	BlankBkg: autoDraw = False
579.6502 	EXP 	CS_image: image = 'Stimuli/CS+4.BMP'
579.6502 	EXP 	CSBkg: autoDraw = True
579.6502 	EXP 	CS_image: autoDraw = True
588.2388 	EXP 	Sound sound_1 stopped
588.2764 	EXP 	CSBkg: autoDraw = False
588.2764 	EXP 	CS_image: autoDraw = False
588.2764 	EXP 	UCS_image: image = 'Stimuli/black.PNG'
588.2764 	EXP 	UCSBkg: autoDraw = False
588.2764 	EXP 	UCS_image: autoDraw = False
588.2764 	EXP 	BlankBkg: autoDraw = True
592.5665 	EXP 	New trial (rep=0, index=5): {'CSName': 'Stimuli/CS+1.BMP', 'UCSName': 'Stimuli/UCS1.BMP', 'SoundName': 'Sound/scream1.wav', 'TrgCol': 0.9}
592.5872 	EXP 	BlankBkg: autoDraw = False
592.5872 	EXP 	BlankBkg: autoDraw = False
592.5872 	EXP 	CS_image: image = 'Stimuli/CS+1.BMP'
592.5872 	EXP 	CSBkg: autoDraw = True
592.5872 	EXP 	CS_image: autoDraw = True
598.7286 	EXP 	Sound sound_1 started
598.7282 	EXP 	CSBkg: autoDraw = False
598.7282 	EXP 	CS_image: autoDraw = False
598.7282 	EXP 	UCS_image: image = 'Stimuli/UCS1.BMP'
598.7282 	EXP 	UCSBkg: autoDraw = True
598.7282 	EXP 	UCS_image: autoDraw = True
599.5743 	EXP 	Sound sound_1 stopped
599.5818 	EXP 	UCSBkg: autoDraw = False
599.5818 	EXP 	UCS_image: autoDraw = False
599.5818 	EXP 	BlankBkg: autoDraw = True
603.9324 	EXP 	New trial (rep=0, index=6): {'CSName': 'Stimuli/CS+1.BMP', 'UCSName': 'Stimuli/UCS1.BMP', 'SoundName': 'Sound/scream1.wav', 'TrgCol': 0.9}
603.9441 	EXP 	BlankBkg: autoDraw = False
603.9441 	EXP 	BlankBkg: autoDraw = False
603.9441 	EXP 	CS_image: image = 'Stimuli/CS+1.BMP'
603.9441 	EXP 	CSBkg: autoDraw = True
603.9441 	EXP 	CS_image: autoDraw = True
609.9605 	EXP 	Sound sound_1 started
609.9522 	EXP 	CSBkg: autoDraw = False
609.9522 	EXP 	CS_image: autoDraw = False
609.9522 	EXP 	UCS_image: image = 'Stimuli/UCS1.BMP'
609.9522 	EXP 	UCSBkg: autoDraw = True
609.9522 	EXP 	UCS_image: autoDraw = True
610.9383 	EXP 	Sound sound_1 stopped
610.9464 	EXP 	UCSBkg: autoDraw = False
610.9464 	EXP 	UCS_image: autoDraw = False
610.9464 	EXP 	BlankBkg: autoDraw = True
615.1503 	EXP 	New trial (rep=0, index=7): {'CSName': 'Stimuli/CS+4.BMP', 'UCSName': 'Stimuli/UCS4.BMP', 'SoundName': 'Sound/laugh1.wav', 'TrgCol': 0.9}
615.1690 	EXP 	BlankBkg: autoDraw = False
615.1690 	EXP 	BlankBkg: autoDraw = False
615.1690 	EXP 	CS_image: image = 'Stimuli/CS+4.BMP'
615.1690 	EXP 	CSBkg: autoDraw = True
615.1690 	EXP 	CS_image: autoDraw = True
621.1646 	EXP 	Sound sound_1 started
621.1669 	EXP 	CSBkg: autoDraw = False
621.1669 	EXP 	CS_image: autoDraw = False
621.1669 	EXP 	UCS_image: image = 'Stimuli/UCS4.BMP'
621.1669 	EXP 	UCSBkg: autoDraw = True
621.1669 	EXP 	UCS_image: autoDraw = True
622.1561 	EXP 	Sound sound_1 stopped
622.1642 	EXP 	UCSBkg: autoDraw = False
622.1642 	EXP 	UCS_image: autoDraw = False
622.1642 	EXP 	BlankBkg: autoDraw = True
626.4873 	EXP 	New trial (rep=0, index=8): {'CSName': 'Stimuli/CS+3.BMP', 'UCSName': 'Stimuli/black.PNG', 'SoundName': 'Sound/silent.wav', 'TrgCol': 0.4}
626.5023 	EXP 	BlankBkg: autoDraw = False
626.5023 	EXP 	BlankBkg: autoDraw = False
626.5023 	EXP 	CS_image: image = 'Stimuli/CS+3.BMP'
626.5023 	EXP 	CSBkg: autoDraw = True
626.5023 	EXP 	CS_image: autoDraw = True
634.7882 	EXP 	Sound sound_1 stopped
634.7972 	EXP 	CSBkg: autoDraw = False
634.7972 	EXP 	CS_image: autoDraw = False
634.7972 	EXP 	UCS_image: image = 'Stimuli/black.PNG'
634.7972 	EXP 	UCSBkg: autoDraw = False
634.7972 	EXP 	UCS_image: autoDraw = False
634.7972 	EXP 	BlankBkg: autoDraw = True
638.9984 	EXP 	New trial (rep=0, index=9): {'CSName': 'Stimuli/CS+1.BMP', 'UCSName': 'Stimuli/UCS1.BMP', 'SoundName': 'Sound/scream1.wav', 'TrgCol': 0.9}
639.0190 	EXP 	BlankBkg: autoDraw = False
639.0190 	EXP 	BlankBkg: autoDraw = False
639.0190 	EXP 	CS_image: image = 'Stimuli/CS+1.BMP'
639.0190 	EXP 	CSBkg: autoDraw = True
639.0190 	EXP 	CS_image: autoDraw = True
645.0801 	EXP 	Sound sound_1 started
645.0911 	EXP 	CSBkg: autoDraw = False
645.0911 	EXP 	CS_image: autoDraw = False
645.0911 	EXP 	UCS_image: image = 'Stimuli/UCS1.BMP'
645.0911 	EXP 	UCSBkg: autoDraw = True
645.0911 	EXP 	UCS_image: autoDraw = True
646.0052 	EXP 	Sound sound_1 stopped
646.0138 	EXP 	UCSBkg: autoDraw = False
646.0138 	EXP 	UCS_image: autoDraw = False
646.0138 	EXP 	BlankBkg: autoDraw = True
650.1092 	EXP 	New trial (rep=0, index=10): {'CSName': 'Stimuli/CS+4.BMP', 'UCSName': 'Stimuli/UCS4.BMP', 'SoundName': 'Sound/laugh1.wav', 'TrgCol': 0.9}
650.1244 	EXP 	BlankBkg: autoDraw = False
650.1244 	EXP 	BlankBkg: autoDraw = False
650.1244 	EXP 	CS_image: image = 'Stimuli/CS+4.BMP'
650.1244 	EXP 	CSBkg: autoDraw = True
650.1244 	EXP 	CS_image: autoDraw = True
656.1247 	EXP 	Sound sound_1 started
656.1285 	EXP 	CSBkg: autoDraw = False
656.1285 	EXP 	CS_image: autoDraw = False
656.1285 	EXP 	UCS_image: image = 'Stimuli/UCS4.BMP'
656.1285 	EXP 	UCSBkg: autoDraw = True
656.1285 	EXP 	UCS_image: autoDraw = True
657.1170 	EXP 	Sound sound_1 stopped
657.1245 	EXP 	UCSBkg: autoDraw = False
657.1245 	EXP 	UCS_image: autoDraw = False
657.1245 	EXP 	BlankBkg: autoDraw = True
661.2474 	EXP 	New trial (rep=0, index=11): {'CSName': 'Stimuli/CS+3.BMP', 'UCSName': 'Stimuli/black.PNG', 'SoundName': 'Sound/silent.wav', 'TrgCol': 0.4}
661.2623 	EXP 	BlankBkg: autoDraw = False
661.2623 	EXP 	BlankBkg: autoDraw = False
661.2623 	EXP 	CS_image: image = 'Stimuli/CS+3.BMP'
661.2623 	EXP 	CSBkg: autoDraw = True
661.2623 	EXP 	CS_image: autoDraw = True
669.6852 	EXP 	Sound sound_1 stopped
669.6953 	EXP 	CSBkg: autoDraw = False
669.6953 	EXP 	CS_image: autoDraw = False
669.6953 	EXP 	UCS_image: image = 'Stimuli/black.PNG'
669.6953 	EXP 	UCSBkg: autoDraw = False
669.6953 	EXP 	UCS_image: autoDraw = False
669.6953 	EXP 	BlankBkg: autoDraw = True
673.9730 	EXP 	New trial (rep=0, index=12): {'CSName': 'Stimuli/CS+1.BMP', 'UCSName': 'Stimuli/UCS1.BMP', 'SoundName': 'Sound/scream1.wav', 'TrgCol': 0.9}
674.0038 	EXP 	BlankBkg: autoDraw = False
674.0038 	EXP 	BlankBkg: autoDraw = False
674.0038 	EXP 	CS_image: image = 'Stimuli/CS+1.BMP'
674.0038 	EXP 	CSBkg: autoDraw = True
674.0038 	EXP 	CS_image: autoDraw = True
680.1471 	EXP 	Sound sound_1 started
680.1437 	EXP 	CSBkg: autoDraw = False
680.1437 	EXP 	CS_image: autoDraw = False
680.1437 	EXP 	UCS_image: image = 'Stimuli/UCS1.BMP'
680.1437 	EXP 	UCSBkg: autoDraw = True
680.1437 	EXP 	UCS_image: autoDraw = True
680.9796 	EXP 	Sound sound_1 stopped
680.9872 	EXP 	UCSBkg: autoDraw = False
680.9872 	EXP 	UCS_image: autoDraw = False
680.9872 	EXP 	BlankBkg: autoDraw = True
685.1108 	EXP 	New trial (rep=0, index=13): {'CSName': 'Stimuli/CS+1.BMP', 'UCSName': 'Stimuli/UCS1.BMP', 'SoundName': 'Sound/scream1.wav', 'TrgCol': 0.9}
685.1310 	EXP 	BlankBkg: autoDraw = False
685.1310 	EXP 	BlankBkg: autoDraw = False
685.1310 	EXP 	CS_image: image = 'Stimuli/CS+1.BMP'
685.1310 	EXP 	CSBkg: autoDraw = True
685.1310 	EXP 	CS_image: autoDraw = True
691.1388 	EXP 	Sound sound_1 started
691.1351 	EXP 	CSBkg: autoDraw = False
691.1351 	EXP 	CS_image: autoDraw = False
691.1351 	EXP 	UCS_image: image = 'Stimuli/UCS1.BMP'
691.1351 	EXP 	UCSBkg: autoDraw = True
691.1351 	EXP 	UCS_image: autoDraw = True
692.1206 	EXP 	Sound sound_1 stopped
692.1349 	EXP 	UCSBkg: autoDraw = False
692.1349 	EXP 	UCS_image: autoDraw = False
692.1349 	EXP 	BlankBkg: autoDraw = True
696.1819 	EXP 	New trial (rep=0, index=14): {'CSName': 'Stimuli/CS+1.BMP', 'UCSName': 'Stimuli/black.PNG', 'SoundName': 'Sound/silent.wav', 'TrgCol': -0.1}
696.2172 	EXP 	BlankBkg: autoDraw = False
696.2172 	EXP 	BlankBkg: autoDraw = False
696.2172 	EXP 	CS_image: image = 'Stimuli/CS+1.BMP'
696.2172 	EXP 	CSBkg: autoDraw = True
696.2172 	EXP 	CS_image: autoDraw = True
704.4963 	EXP 	Sound sound_1 stopped
704.5053 	EXP 	CSBkg: autoDraw = False
704.5053 	EXP 	CS_image: autoDraw = False
704.5053 	EXP 	UCS_image: image = 'Stimuli/black.PNG'
704.5053 	EXP 	UCSBkg: autoDraw = False
704.5053 	EXP 	UCS_image: autoDraw = False
704.5053 	EXP 	BlankBkg: autoDraw = True
708.5998 	EXP 	New trial (rep=0, index=15): {'CSName': 'Stimuli/CS+3.BMP', 'UCSName': 'Stimuli/black.PNG', 'SoundName': 'Sound/silent.wav', 'TrgCol': 0.4}
708.6205 	EXP 	BlankBkg: autoDraw = False
708.6205 	EXP 	BlankBkg: autoDraw = False
708.6205 	EXP 	CS_image: image = 'Stimuli/CS+3.BMP'
708.6205 	EXP 	CSBkg: autoDraw = True
708.6205 	EXP 	CS_image: autoDraw = True
716.7573 	EXP 	Sound sound_1 stopped
716.7648 	EXP 	CSBkg: autoDraw = False
716.7648 	EXP 	CS_image: autoDraw = False
716.7648 	EXP 	UCS_image: image = 'Stimuli/black.PNG'
716.7648 	EXP 	UCSBkg: autoDraw = False
716.7648 	EXP 	UCS_image: autoDraw = False
716.7648 	EXP 	BlankBkg: autoDraw = True
720.9509 	EXP 	New trial (rep=0, index=16): {'CSName': 'Stimuli/CS+3.BMP', 'UCSName': 'Stimuli/black.PNG', 'SoundName': 'Sound/silent.wav', 'TrgCol': 0.4}
720.9740 	EXP 	BlankBkg: autoDraw = False
720.9740 	EXP 	BlankBkg: autoDraw = False
720.9740 	EXP 	CS_image: image = 'Stimuli/CS+3.BMP'
720.9740 	EXP 	CSBkg: autoDraw = True
720.9740 	EXP 	CS_image: autoDraw = True
729.0878 	EXP 	Sound sound_1 stopped
729.0959 	EXP 	CSBkg: autoDraw = False
729.0959 	EXP 	CS_image: autoDraw = False
729.0959 	EXP 	UCS_image: image = 'Stimuli/black.PNG'
729.0959 	EXP 	UCSBkg: autoDraw = False
729.0959 	EXP 	UCS_image: autoDraw = False
729.0959 	EXP 	BlankBkg: autoDraw = True
733.5697 	EXP 	New trial (rep=0, index=17): {'CSName': 'Stimuli/CS+3.BMP', 'UCSName': 'Stimuli/black.PNG', 'SoundName': 'Sound/silent.wav', 'TrgCol': 0.4}
733.5888 	EXP 	BlankBkg: autoDraw = False
733.5888 	EXP 	BlankBkg: autoDraw = False
733.5888 	EXP 	CS_image: image = 'Stimuli/CS+3.BMP'
733.5888 	EXP 	CSBkg: autoDraw = True
733.5888 	EXP 	CS_image: autoDraw = True
741.7175 	EXP 	Sound sound_1 stopped
741.7251 	EXP 	CSBkg: autoDraw = False
741.7251 	EXP 	CS_image: autoDraw = False
741.7251 	EXP 	UCS_image: image = 'Stimuli/black.PNG'
741.7251 	EXP 	UCSBkg: autoDraw = False
741.7251 	EXP 	UCS_image: autoDraw = False
741.7251 	EXP 	BlankBkg: autoDraw = True
746.1482 	EXP 	New trial (rep=0, index=18): {'CSName': 'Stimuli/CS+3.BMP', 'UCSName': 'Stimuli/black.PNG', 'SoundName': 'Sound/silent.wav', 'TrgCol': 0.4}
746.1798 	EXP 	BlankBkg: autoDraw = False
746.1798 	EXP 	BlankBkg: autoDraw = False
746.1798 	EXP 	CS_image: image = 'Stimuli/CS+3.BMP'
746.1798 	EXP 	CSBkg: autoDraw = True
746.1798 	EXP 	CS_image: autoDraw = True
754.2674 	EXP 	Sound sound_1 stopped
754.2752 	EXP 	CSBkg: autoDraw = False
754.2752 	EXP 	CS_image: autoDraw = False
754.2752 	EXP 	UCS_image: image = 'Stimuli/black.PNG'
754.2752 	EXP 	UCSBkg: autoDraw = False
754.2752 	EXP 	UCS_image: autoDraw = False
754.2752 	EXP 	BlankBkg: autoDraw = True
758.4332 	EXP 	New trial (rep=0, index=19): {'CSName': 'Stimuli/CS+3.BMP', 'UCSName': 'Stimuli/black.PNG', 'SoundName': 'Sound/silent.wav', 'TrgCol': 0.4}
758.4531 	EXP 	BlankBkg: autoDraw = False
758.4531 	EXP 	BlankBkg: autoDraw = False
758.4531 	EXP 	CS_image: image = 'Stimuli/CS+3.BMP'
758.4531 	EXP 	CSBkg: autoDraw = True
758.4531 	EXP 	CS_image: autoDraw = True
766.7422 	EXP 	Sound sound_1 stopped
766.7499 	EXP 	CSBkg: autoDraw = False
766.7499 	EXP 	CS_image: autoDraw = False
766.7499 	EXP 	UCS_image: image = 'Stimuli/black.PNG'
766.7499 	EXP 	UCSBkg: autoDraw = False
766.7499 	EXP 	UCS_image: autoDraw = False
766.7499 	EXP 	BlankBkg: autoDraw = True
770.8773 	EXP 	New trial (rep=0, index=20): {'CSName': 'Stimuli/CS+1.BMP', 'UCSName': 'Stimuli/UCS1.BMP', 'SoundName': 'Sound/scream1.wav', 'TrgCol': 0.9}
770.8964 	EXP 	BlankBkg: autoDraw = False
770.8964 	EXP 	BlankBkg: autoDraw = False
770.8964 	EXP 	CS_image: image = 'Stimuli/CS+1.BMP'
770.8964 	EXP 	CSBkg: autoDraw = True
770.8964 	EXP 	CS_image: autoDraw = True
777.0531 	EXP 	Sound sound_1 started
777.0473 	EXP 	CSBkg: autoDraw = False
777.0473 	EXP 	CS_image: autoDraw = False
777.0473 	EXP 	UCS_image: image = 'Stimuli/UCS1.BMP'
777.0473 	EXP 	UCSBkg: autoDraw = True
777.0473 	EXP 	UCS_image: autoDraw = True
777.8842 	EXP 	Sound sound_1 stopped
777.8911 	EXP 	UCSBkg: autoDraw = False
777.8911 	EXP 	UCS_image: autoDraw = False
777.8911 	EXP 	BlankBkg: autoDraw = True
782.1887 	EXP 	New trial (rep=0, index=21): {'CSName': 'Stimuli/CS+3.BMP', 'UCSName': 'Stimuli/black.PNG', 'SoundName': 'Sound/silent.wav', 'TrgCol': 0.4}
782.2106 	EXP 	BlankBkg: autoDraw = False
782.2106 	EXP 	BlankBkg: autoDraw = False
782.2106 	EXP 	CS_image: image = 'Stimuli/CS+3.BMP'
782.2106 	EXP 	CSBkg: autoDraw = True
782.2106 	EXP 	CS_image: autoDraw = True
790.4525 	EXP 	Sound sound_1 stopped
790.4615 	EXP 	CSBkg: autoDraw = False
790.4615 	EXP 	CS_image: autoDraw = False
790.4615 	EXP 	UCS_image: image = 'Stimuli/black.PNG'
790.4615 	EXP 	UCSBkg: autoDraw = False
790.4615 	EXP 	UCS_image: autoDraw = False
790.4615 	EXP 	BlankBkg: autoDraw = True
794.8871 	EXP 	New trial (rep=0, index=22): {'CSName': 'Stimuli/CS+4.BMP', 'UCSName': 'Stimuli/UCS4.BMP', 'SoundName': 'Sound/laugh1.wav', 'TrgCol': 0.9}
794.9079 	EXP 	BlankBkg: autoDraw = False
794.9079 	EXP 	BlankBkg: autoDraw = False
794.9079 	EXP 	CS_image: image = 'Stimuli/CS+4.BMP'
794.9079 	EXP 	CSBkg: autoDraw = True
794.9079 	EXP 	CS_image: autoDraw = True
800.9810 	EXP 	Sound sound_1 started
800.9901 	EXP 	CSBkg: autoDraw = False
800.9901 	EXP 	CS_image: autoDraw = False
800.9901 	EXP 	UCS_image: image = 'Stimuli/UCS4.BMP'
800.9901 	EXP 	UCSBkg: autoDraw = True
800.9901 	EXP 	UCS_image: autoDraw = True
801.8928 	EXP 	Sound sound_1 stopped
801.9013 	EXP 	UCSBkg: autoDraw = False
801.9013 	EXP 	UCS_image: autoDraw = False
801.9013 	EXP 	BlankBkg: autoDraw = True
806.2229 	EXP 	New trial (rep=0, index=23): {'CSName': 'Stimuli/CS+4.BMP', 'UCSName': 'Stimuli/UCS4.BMP', 'SoundName': 'Sound/laugh1.wav', 'TrgCol': 0.9}
806.2400 	EXP 	BlankBkg: autoDraw = False
806.2400 	EXP 	BlankBkg: autoDraw = False
806.2400 	EXP 	CS_image: image = 'Stimuli/CS+4.BMP'
806.2400 	EXP 	CSBkg: autoDraw = True
806.2400 	EXP 	CS_image: autoDraw = True
812.2396 	EXP 	Sound sound_1 started
812.2397 	EXP 	CSBkg: autoDraw = False
812.2397 	EXP 	CS_image: autoDraw = False
812.2397 	EXP 	UCS_image: image = 'Stimuli/UCS4.BMP'
812.2397 	EXP 	UCSBkg: autoDraw = True
812.2397 	EXP 	UCS_image: autoDraw = True
813.2314 	EXP 	Sound sound_1 stopped
813.2391 	EXP 	UCSBkg: autoDraw = False
813.2391 	EXP 	UCS_image: autoDraw = False
813.2391 	EXP 	BlankBkg: autoDraw = True
817.3087 	EXP 	New trial (rep=0, index=24): {'CSName': 'Stimuli/CS+4.BMP', 'UCSName': 'Stimuli/UCS4.BMP', 'SoundName': 'Sound/laugh1.wav', 'TrgCol': 0.9}
817.3206 	EXP 	BlankBkg: autoDraw = False
817.3206 	EXP 	BlankBkg: autoDraw = False
817.3206 	EXP 	CS_image: image = 'Stimuli/CS+4.BMP'
817.3206 	EXP 	CSBkg: autoDraw = True
817.3206 	EXP 	CS_image: autoDraw = True
823.3235 	EXP 	Sound sound_1 started
823.3232 	EXP 	CSBkg: autoDraw = False
823.3232 	EXP 	CS_image: autoDraw = False
823.3232 	EXP 	UCS_image: image = 'Stimuli/UCS4.BMP'
823.3232 	EXP 	UCSBkg: autoDraw = True
823.3232 	EXP 	UCS_image: autoDraw = True
824.3156 	EXP 	Sound sound_1 stopped
824.3227 	EXP 	UCSBkg: autoDraw = False
824.3227 	EXP 	UCS_image: autoDraw = False
824.3227 	EXP 	BlankBkg: autoDraw = True
828.3795 	EXP 	New trial (rep=0, index=25): {'CSName': 'Stimuli/CS+4.BMP', 'UCSName': 'Stimuli/UCS4.BMP', 'SoundName': 'Sound/laugh1.wav', 'TrgCol': 0.9}
828.3929 	EXP 	BlankBkg: autoDraw = False
828.3929 	EXP 	BlankBkg: autoDraw = False
828.3929 	EXP 	CS_image: image = 'Stimuli/CS+4.BMP'
828.3929 	EXP 	CSBkg: autoDraw = True
828.3929 	EXP 	CS_image: autoDraw = True
834.3949 	EXP 	Sound sound_1 started
834.3963 	EXP 	CSBkg: autoDraw = False
834.3963 	EXP 	CS_image: autoDraw = False
834.3963 	EXP 	UCS_image: image = 'Stimuli/UCS4.BMP'
834.3963 	EXP 	UCSBkg: autoDraw = True
834.3963 	EXP 	UCS_image: autoDraw = True
835.3871 	EXP 	Sound sound_1 stopped
835.3944 	EXP 	UCSBkg: autoDraw = False
835.3944 	EXP 	UCS_image: autoDraw = False
835.3944 	EXP 	BlankBkg: autoDraw = True
839.4369 	EXP 	New trial (rep=0, index=26): {'CSName': 'Stimuli/CS+4.BMP', 'UCSName': 'Stimuli/UCS4.BMP', 'SoundName': 'Sound/laugh1.wav', 'TrgCol': 0.9}
839.4543 	EXP 	BlankBkg: autoDraw = False
839.4543 	EXP 	BlankBkg: autoDraw = False
839.4543 	EXP 	CS_image: image = 'Stimuli/CS+4.BMP'
839.4543 	EXP 	CSBkg: autoDraw = True
839.4543 	EXP 	CS_image: autoDraw = True
845.4526 	EXP 	Sound sound_1 started
845.4562 	EXP 	CSBkg: autoDraw = False
845.4562 	EXP 	CS_image: autoDraw = False
845.4562 	EXP 	UCS_image: image = 'Stimuli/UCS4.BMP'
845.4562 	EXP 	UCSBkg: autoDraw = True
845.4562 	EXP 	UCS_image: autoDraw = True
846.4435 	EXP 	Sound sound_1 stopped
846.4523 	EXP 	UCSBkg: autoDraw = False
846.4523 	EXP 	UCS_image: autoDraw = False
846.4523 	EXP 	BlankBkg: autoDraw = True
850.5613 	EXP 	New trial (rep=0, index=27): {'CSName': 'Stimuli/CS+4.BMP', 'UCSName': 'Stimuli/black.PNG', 'SoundName': 'Sound/silent.wav', 'TrgCol': -0.1}
850.5752 	EXP 	BlankBkg: autoDraw = False
850.5752 	EXP 	BlankBkg: autoDraw = False
850.5752 	EXP 	CS_image: image = 'Stimuli/CS+4.BMP'
850.5752 	EXP 	CSBkg: autoDraw = True
850.5752 	EXP 	CS_image: autoDraw = True
858.7114 	EXP 	Sound sound_1 stopped
858.7207 	EXP 	CSBkg: autoDraw = False
858.7207 	EXP 	CS_image: autoDraw = False
858.7207 	EXP 	UCS_image: image = 'Stimuli/black.PNG'
858.7207 	EXP 	UCSBkg: autoDraw = False
858.7207 	EXP 	UCS_image: autoDraw = False
858.7207 	EXP 	BlankBkg: autoDraw = True
862.9674 	EXP 	New trial (rep=0, index=28): {'CSName': 'Stimuli/CS+3.BMP', 'UCSName': 'Stimuli/black.PNG', 'SoundName': 'Sound/silent.wav', 'TrgCol': 0.4}
862.9870 	EXP 	BlankBkg: autoDraw = False
862.9870 	EXP 	BlankBkg: autoDraw = False
862.9870 	EXP 	CS_image: image = 'Stimuli/CS+3.BMP'
862.9870 	EXP 	CSBkg: autoDraw = True
862.9870 	EXP 	CS_image: autoDraw = True
871.2500 	EXP 	Sound sound_1 stopped
871.2593 	EXP 	CSBkg: autoDraw = False
871.2593 	EXP 	CS_image: autoDraw = False
871.2593 	EXP 	UCS_image: image = 'Stimuli/black.PNG'
871.2593 	EXP 	UCSBkg: autoDraw = False
871.2593 	EXP 	UCS_image: autoDraw = False
871.2593 	EXP 	BlankBkg: autoDraw = True
875.3889 	EXP 	New trial (rep=0, index=29): {'CSName': 'Stimuli/CS+3.BMP', 'UCSName': 'Stimuli/black.PNG', 'SoundName': 'Sound/silent.wav', 'TrgCol': 0.4}
875.4217 	EXP 	BlankBkg: autoDraw = False
875.4217 	EXP 	BlankBkg: autoDraw = False
875.4217 	EXP 	CS_image: image = 'Stimuli/CS+3.BMP'
875.4217 	EXP 	CSBkg: autoDraw = True
875.4217 	EXP 	CS_image: autoDraw = True
883.6299 	EXP 	Sound sound_1 stopped
883.6527 	EXP 	CSBkg: autoDraw = False
883.6527 	EXP 	CS_image: autoDraw = False
883.6527 	EXP 	UCS_image: image = 'Stimuli/black.PNG'
883.6527 	EXP 	UCSBkg: autoDraw = False
883.6527 	EXP 	UCS_image: autoDraw = False
883.6527 	EXP 	BlankBkg: autoDraw = True
887.6570 	EXP 	New trial (rep=0, index=30): {'CSName': 'Stimuli/CS+3.BMP', 'UCSName': 'Stimuli/black.PNG', 'SoundName': 'Sound/silent.wav', 'TrgCol': 0.4}
887.6854 	EXP 	BlankBkg: autoDraw = False
887.6854 	EXP 	BlankBkg: autoDraw = False
887.6854 	EXP 	CS_image: image = 'Stimuli/CS+3.BMP'
887.6854 	EXP 	CSBkg: autoDraw = True
887.6854 	EXP 	CS_image: autoDraw = True
896.1200 	EXP 	Sound sound_1 stopped
896.1556 	EXP 	CSBkg: autoDraw = False
896.1556 	EXP 	CS_image: autoDraw = False
896.1556 	EXP 	UCS_image: image = 'Stimuli/black.PNG'
896.1556 	EXP 	UCSBkg: autoDraw = False
896.1556 	EXP 	UCS_image: autoDraw = False
896.1556 	EXP 	BlankBkg: autoDraw = True
900.5012 	EXP 	New trial (rep=0, index=31): {'CSName': 'Stimuli/CS+1.BMP', 'UCSName': 'Stimuli/UCS1.BMP', 'SoundName': 'Sound/scream1.wav', 'TrgCol': 0.9}
900.5258 	EXP 	BlankBkg: autoDraw = False
900.5258 	EXP 	BlankBkg: autoDraw = False
900.5258 	EXP 	CS_image: image = 'Stimuli/CS+1.BMP'
900.5258 	EXP 	CSBkg: autoDraw = True
900.5258 	EXP 	CS_image: autoDraw = True
906.5957 	EXP 	Sound sound_1 started
906.6093 	EXP 	CSBkg: autoDraw = False
906.6093 	EXP 	CS_image: autoDraw = False
906.6093 	EXP 	UCS_image: image = 'Stimuli/UCS1.BMP'
906.6093 	EXP 	UCSBkg: autoDraw = True
906.6093 	EXP 	UCS_image: autoDraw = True
907.5090 	EXP 	Sound sound_1 stopped
907.5155 	EXP 	UCSBkg: autoDraw = False
907.5155 	EXP 	UCS_image: autoDraw = False
907.5155 	EXP 	BlankBkg: autoDraw = True
911.8659 	EXP 	New trial (rep=0, index=32): {'CSName': 'Stimuli/CS+4.BMP', 'UCSName': 'Stimuli/black.PNG', 'SoundName': 'Sound/silent.wav', 'TrgCol': -0.1}
911.8859 	EXP 	BlankBkg: autoDraw = False
911.8859 	EXP 	BlankBkg: autoDraw = False
911.8859 	EXP 	CS_image: image = 'Stimuli/CS+4.BMP'
911.8859 	EXP 	CSBkg: autoDraw = True
911.8859 	EXP 	CS_image: autoDraw = True
920.0660 	EXP 	Sound sound_1 stopped
920.0749 	EXP 	CSBkg: autoDraw = False
920.0749 	EXP 	CS_image: autoDraw = False
920.0749 	EXP 	UCS_image: image = 'Stimuli/black.PNG'
920.0749 	EXP 	UCSBkg: autoDraw = False
920.0749 	EXP 	UCS_image: autoDraw = False
920.0749 	EXP 	BlankBkg: autoDraw = True
924.4044 	EXP 	New trial (rep=0, index=33): {'CSName': 'Stimuli/CS+3.BMP', 'UCSName': 'Stimuli/black.PNG', 'SoundName': 'Sound/silent.wav', 'TrgCol': 0.4}
924.4260 	EXP 	BlankBkg: autoDraw = False
924.4260 	EXP 	BlankBkg: autoDraw = False
924.4260 	EXP 	CS_image: image = 'Stimuli/CS+3.BMP'
924.4260 	EXP 	CSBkg: autoDraw = True
924.4260 	EXP 	CS_image: autoDraw = True
932.6423 	EXP 	Sound sound_1 stopped
932.6514 	EXP 	CSBkg: autoDraw = False
932.6514 	EXP 	CS_image: autoDraw = False
932.6514 	EXP 	UCS_image: image = 'Stimuli/black.PNG'
932.6514 	EXP 	UCSBkg: autoDraw = False
932.6514 	EXP 	UCS_image: autoDraw = False
932.6514 	EXP 	BlankBkg: autoDraw = True
936.8352 	EXP 	New trial (rep=0, index=34): {'CSName': 'Stimuli/CS+3.BMP', 'UCSName': 'Stimuli/black.PNG', 'SoundName': 'Sound/silent.wav', 'TrgCol': 0.4}
936.8768 	EXP 	BlankBkg: autoDraw = False
936.8768 	EXP 	BlankBkg: autoDraw = False
936.8768 	EXP 	CS_image: image = 'Stimuli/CS+3.BMP'
936.8768 	EXP 	CSBkg: autoDraw = True
936.8768 	EXP 	CS_image: autoDraw = True
945.1481 	EXP 	Sound sound_1 stopped
945.1571 	EXP 	CSBkg: autoDraw = False
945.1571 	EXP 	CS_image: autoDraw = False
945.1571 	EXP 	UCS_image: image = 'Stimuli/black.PNG'
945.1571 	EXP 	UCSBkg: autoDraw = False
945.1571 	EXP 	UCS_image: autoDraw = False
945.1571 	EXP 	BlankBkg: autoDraw = True
949.1877 	EXP 	New trial (rep=0, index=35): {'CSName': 'Stimuli/CS+1.BMP', 'UCSName': 'Stimuli/UCS1.BMP', 'SoundName': 'Sound/scream1.wav', 'TrgCol': 0.9}
949.2067 	EXP 	BlankBkg: autoDraw = False
949.2067 	EXP 	BlankBkg: autoDraw = False
949.2067 	EXP 	CS_image: image = 'Stimuli/CS+1.BMP'
949.2067 	EXP 	CSBkg: autoDraw = True
949.2067 	EXP 	CS_image: autoDraw = True
955.2821 	EXP 	Sound sound_1 started
955.2884 	EXP 	CSBkg: autoDraw = False
955.2884 	EXP 	CS_image: autoDraw = False
955.2884 	EXP 	UCS_image: image = 'Stimuli/UCS1.BMP'
955.2884 	EXP 	UCSBkg: autoDraw = True
955.2884 	EXP 	UCS_image: autoDraw = True
956.1936 	EXP 	Sound sound_1 stopped
956.2019 	EXP 	UCSBkg: autoDraw = False
956.2019 	EXP 	UCS_image: autoDraw = False
956.2019 	EXP 	BlankBkg: autoDraw = True
960.2441 	EXP 	New trial (rep=0, index=36): {'CSName': 'Stimuli/CS+4.BMP', 'UCSName': 'Stimuli/UCS4.BMP', 'SoundName': 'Sound/laugh1.wav', 'TrgCol': 0.9}
960.2660 	EXP 	BlankBkg: autoDraw = False
960.2660 	EXP 	BlankBkg: autoDraw = False
960.2660 	EXP 	CS_image: image = 'Stimuli/CS+4.BMP'
960.2660 	EXP 	CSBkg: autoDraw = True
960.2660 	EXP 	CS_image: autoDraw = True
966.2599 	EXP 	Sound sound_1 started
966.2642 	EXP 	CSBkg: autoDraw = False
966.2642 	EXP 	CS_image: autoDraw = False
966.2642 	EXP 	UCS_image: image = 'Stimuli/UCS4.BMP'
966.2642 	EXP 	UCSBkg: autoDraw = True
966.2642 	EXP 	UCS_image: autoDraw = True
967.2516 	EXP 	Sound sound_1 stopped
967.2594 	EXP 	UCSBkg: autoDraw = False
967.2594 	EXP 	UCS_image: autoDraw = False
967.2594 	EXP 	BlankBkg: autoDraw = True
971.4098 	EXP 	New trial (rep=0, index=37): {'CSName': 'Stimuli/CS+1.BMP', 'UCSName': 'Stimuli/UCS1.BMP', 'SoundName': 'Sound/scream1.wav', 'TrgCol': 0.9}
971.4306 	EXP 	BlankBkg: autoDraw = False
971.4306 	EXP 	BlankBkg: autoDraw = False
971.4306 	EXP 	CS_image: image = 'Stimuli/CS+1.BMP'
971.4306 	EXP 	CSBkg: autoDraw = True
971.4306 	EXP 	CS_image: autoDraw = True
977.4506 	EXP 	Sound sound_1 started
977.4451 	EXP 	CSBkg: autoDraw = False
977.4451 	EXP 	CS_image: autoDraw = False
977.4451 	EXP 	UCS_image: image = 'Stimuli/UCS1.BMP'
977.4451 	EXP 	UCSBkg: autoDraw = True
977.4451 	EXP 	UCS_image: autoDraw = True
978.4147 	EXP 	Sound sound_1 stopped
978.4232 	EXP 	UCSBkg: autoDraw = False
978.4232 	EXP 	UCS_image: autoDraw = False
978.4232 	EXP 	BlankBkg: autoDraw = True
982.7470 	EXP 	New trial (rep=0, index=38): {'CSName': 'Stimuli/CS+1.BMP', 'UCSName': 'Stimuli/UCS1.BMP', 'SoundName': 'Sound/scream1.wav', 'TrgCol': 0.9}
982.7624 	EXP 	BlankBkg: autoDraw = False
982.7624 	EXP 	BlankBkg: autoDraw = False
982.7624 	EXP 	CS_image: image = 'Stimuli/CS+1.BMP'
982.7624 	EXP 	CSBkg: autoDraw = True
982.7624 	EXP 	CS_image: autoDraw = True
988.7750 	EXP 	Sound sound_1 started
988.7662 	EXP 	CSBkg: autoDraw = False
988.7662 	EXP 	CS_image: autoDraw = False
988.7662 	EXP 	UCS_image: image = 'Stimuli/UCS1.BMP'
988.7662 	EXP 	UCSBkg: autoDraw = True
988.7662 	EXP 	UCS_image: autoDraw = True
989.7534 	EXP 	Sound sound_1 stopped
989.7620 	EXP 	UCSBkg: autoDraw = False
989.7620 	EXP 	UCS_image: autoDraw = False
989.7620 	EXP 	BlankBkg: autoDraw = True
993.8861 	EXP 	New trial (rep=0, index=39): {'CSName': 'Stimuli/CS+3.BMP', 'UCSName': 'Stimuli/black.PNG', 'SoundName': 'Sound/silent.wav', 'TrgCol': 0.4}
993.9108 	EXP 	BlankBkg: autoDraw = False
993.9108 	EXP 	BlankBkg: autoDraw = False
993.9108 	EXP 	CS_image: image = 'Stimuli/CS+3.BMP'
993.9108 	EXP 	CSBkg: autoDraw = True
993.9108 	EXP 	CS_image: autoDraw = True
1002.1381 	EXP 	Sound sound_1 stopped
1002.1469 	EXP 	CSBkg: autoDraw = False
1002.1469 	EXP 	CS_image: autoDraw = False
1002.1469 	EXP 	UCS_image: image = 'Stimuli/black.PNG'
1002.1469 	EXP 	UCSBkg: autoDraw = False
1002.1469 	EXP 	UCS_image: autoDraw = False
1002.1469 	EXP 	BlankBkg: autoDraw = True
1006.5574 	EXP 	New trial (rep=0, index=40): {'CSName': 'Stimuli/CS+4.BMP', 'UCSName': 'Stimuli/UCS4.BMP', 'SoundName': 'Sound/laugh1.wav', 'TrgCol': 0.9}
1006.5806 	EXP 	BlankBkg: autoDraw = False
1006.5806 	EXP 	BlankBkg: autoDraw = False
1006.5806 	EXP 	CS_image: image = 'Stimuli/CS+4.BMP'
1006.5806 	EXP 	CSBkg: autoDraw = True
1006.5806 	EXP 	CS_image: autoDraw = True
1012.6911 	EXP 	Sound sound_1 started
1012.7005 	EXP 	CSBkg: autoDraw = False
1012.7005 	EXP 	CS_image: autoDraw = False
1012.7005 	EXP 	UCS_image: image = 'Stimuli/UCS4.BMP'
1012.7005 	EXP 	UCSBkg: autoDraw = True
1012.7005 	EXP 	UCS_image: autoDraw = True
1013.5629 	EXP 	Sound sound_1 stopped
1013.5716 	EXP 	UCSBkg: autoDraw = False
1013.5716 	EXP 	UCS_image: autoDraw = False
1013.5716 	EXP 	BlankBkg: autoDraw = True
1015.8373 	DATA 	Mouse: Left button down, pos=(1915,648)
1015.8442 	DATA 	Mouse:  Left button up, pos=(1915,648)
1017.8548 	EXP 	New trial (rep=0, index=41): {'CSName': 'Stimuli/CS+1.BMP', 'UCSName': 'Stimuli/black.PNG', 'SoundName': 'Sound/silent.wav', 'TrgCol': -0.1}
1017.8710 	EXP 	BlankBkg: autoDraw = False
1017.8710 	EXP 	BlankBkg: autoDraw = False
1017.8710 	EXP 	CS_image: image = 'Stimuli/CS+1.BMP'
1017.8710 	EXP 	CSBkg: autoDraw = True
1017.8710 	EXP 	CS_image: autoDraw = True
1026.2159 	EXP 	Sound sound_1 stopped
1026.2245 	EXP 	CSBkg: autoDraw = False
1026.2245 	EXP 	CS_image: autoDraw = False
1026.2245 	EXP 	UCS_image: image = 'Stimuli/black.PNG'
1026.2245 	EXP 	UCSBkg: autoDraw = False
1026.2245 	EXP 	UCS_image: autoDraw = False
1026.2245 	EXP 	BlankBkg: autoDraw = True
1030.4450 	EXP 	New trial (rep=0, index=42): {'CSName': 'Stimuli/CS+3.BMP', 'UCSName': 'Stimuli/black.PNG', 'SoundName': 'Sound/silent.wav', 'TrgCol': 0.4}
1030.4704 	EXP 	BlankBkg: autoDraw = False
1030.4704 	EXP 	BlankBkg: autoDraw = False
1030.4704 	EXP 	CS_image: image = 'Stimuli/CS+3.BMP'
1030.4704 	EXP 	CSBkg: autoDraw = True
1030.4704 	EXP 	CS_image: autoDraw = True
1038.6868 	EXP 	Sound sound_1 stopped
1039.8330 	EXP 	window1: mouseVisible = True
