3.1796 	WARNING 	Font Manager failed to load file C:\Windows\Fonts\方正粗黑宋简体.ttf
3.2200 	WARNING 	Font Manager failed to load file C:\WINDOWS\Fonts\方正粗黑宋简体.ttf
3.9843 	WARNING 	Font Manager failed to load file C:\Windows\Fonts\方正粗黑宋简体.ttf
4.0260 	WARNING 	Font Manager failed to load file C:\WINDOWS\Fonts\方正粗黑宋简体.ttf
16.2102 	EXP 	Created window1 = Window(allowGUI=True, allowStencil=False, autoLog=True, backendConf=UNKNOWN, bitsMode=UNKNOWN, blendMode='avg', bpc=(8, 8, 8), color=array([0, 0, 0]), colorSpace='rgb', depthBits=8, fullscr=<method-wrapper '__getattribute__' of attributeSetter object at 0x00000196E9A28358>, gamma=None, gammaErrorPolicy='raise', lms=UNKNOWN, monitor=<psychopy.monitors.calibTools.Monitor object at 0x00000196E9A77A58>, multiSample=False, name='window1', numSamples=2, pos=[0.0, 0.0], screen=0, size=array([1920, 1080]), stencilBits=0, stereo=False, units='norm', useFBO=True, useRetina=False, viewOri=0.0, viewPos=None, viewScale=None, waitBlanking=True, winType='pyglet')
16.2103 	EXP 	window1: mouseVisible = True
16.2103 	EXP 	window1: recordFrameIntervals = False
16.3777 	EXP 	window1: recordFrameIntervals = True
16.7218 	EXP 	window1: recordFrameIntervals = False
17.2413 	EXP 	Created InstrBkg = Rect(__class__=<class 'psychopy.visual.rect.Rect'>, autoDraw=False, autoLog=True, closeShape=True, color=method-wrapper(...), colorSpace='rgb', contrast=None, depth=0.0, fillColor=array([-1, -1, -1]), fillColorSpace='rgb', fillRGB=UNKNOWN, interpolate=True, lineColor=array([-1., -1., -1.]), lineColorSpace='rgb', lineRGB=UNKNOWN, lineWidth=1, name='InstrBkg', opacity=1, ori=0.0, pos=array([0., 0.]), size=array([2., 2.]), units='norm', vertices=ndarray(...), win=Window(...))
24.8644 	EXP 	Created TagFig = ImageStim(__class__=<class 'psychopy.visual.image.ImageStim'>, autoLog=True, color=array([1., 1., 1.]), colorSpace='rgb', contrast=1.0, depth=-1.0, flipHoriz=False, flipVert=False, image='Instructions.PNG', interpolate=True, mask=None, maskParams=None, name='TagFig', opacity=1, ori=0.0, pos=array([0., 0.]), size=array([1.8, 1.8]), texRes=128, units='norm', win=Window(...))
24.8658 	EXP 	Created precondBkg = Rect(__class__=<class 'psychopy.visual.rect.Rect'>, autoDraw=False, autoLog=True, closeShape=True, color=method-wrapper(...), colorSpace='rgb', contrast=None, depth=0.0, fillColor=array([-1, -1, -1]), fillColorSpace='rgb', fillRGB=UNKNOWN, interpolate=True, lineColor=array([-1., -1., -1.]), lineColorSpace='rgb', lineRGB=UNKNOWN, lineWidth=1.0, name='precondBkg', opacity=1.0, ori=0.0, pos=array([0., 0.]), size=array([2., 2.]), units='norm', vertices=ndarray(...), win=Window(...))
24.9743 	EXP 	Created imagePreCond = ImageStim(__class__=<class 'psychopy.visual.image.ImageStim'>, autoLog=True, color=array([1., 1., 1.]), colorSpace='rgb', contrast=1.0, depth=-1.0, flipHoriz=False, flipVert=False, image='sin', interpolate=True, mask=None, maskParams=None, name='imagePreCond', opacity=1, ori=0.0, pos=array([0., 0.]), size=array([0.5, 1. ]), texRes=128, units='norm', win=Window(...))
24.9756 	EXP 	Created BlankBkg = Rect(__class__=<class 'psychopy.visual.rect.Rect'>, autoDraw=False, autoLog=True, closeShape=True, color=method-wrapper(...), colorSpace='rgb', contrast=None, depth=0.0, fillColor=array([-1, -1, -1]), fillColorSpace='rgb', fillRGB=UNKNOWN, interpolate=True, lineColor=array([-1., -1., -1.]), lineColorSpace='rgb', lineRGB=UNKNOWN, lineWidth=1, name='BlankBkg', opacity=1, ori=0.0, pos=array([0., 0.]), size=array([2., 2.]), units='norm', vertices=ndarray(...), win=Window(...))
24.9769 	EXP 	Created InstrBkg2 = Rect(__class__=<class 'psychopy.visual.rect.Rect'>, autoDraw=False, autoLog=True, closeShape=True, color=method-wrapper(...), colorSpace='rgb', contrast=None, depth=0.0, fillColor=array([-1, -1, -1]), fillColorSpace='rgb', fillRGB=UNKNOWN, interpolate=True, lineColor=array([-1., -1., -1.]), lineColorSpace='rgb', lineRGB=UNKNOWN, lineWidth=1.0, name='InstrBkg2', opacity=1.0, ori=0.0, pos=array([0., 0.]), size=array([2., 2.]), units='norm', vertices=ndarray(...), win=Window(...))
32.2545 	EXP 	Created TagFig2 = ImageStim(__class__=<class 'psychopy.visual.image.ImageStim'>, autoLog=True, color=array([1., 1., 1.]), colorSpace='rgb', contrast=1.0, depth=-1.0, flipHoriz=False, flipVert=False, image='PreCondInstruction.PNG', interpolate=True, mask=None, maskParams=None, name='TagFig2', opacity=1, ori=0.0, pos=array([0., 0.]), size=array([1.8, 1.8]), texRes=128.0, units='norm', win=Window(...))
32.2560 	EXP 	Created CSBkg = Rect(__class__=<class 'psychopy.visual.rect.Rect'>, autoDraw=False, autoLog=True, closeShape=True, color=method-wrapper(...), colorSpace='rgb', contrast=None, depth=0.0, fillColor=array([-1, -1, -1]), fillColorSpace='rgb', fillRGB=UNKNOWN, interpolate=True, lineColor=array([-1., -1., -1.]), lineColorSpace='rgb', lineRGB=UNKNOWN, lineWidth=1.0, name='CSBkg', opacity=1.0, ori=0.0, pos=array([0., 0.]), size=array([2., 2.]), units='norm', vertices=ndarray(...), win=Window(...))
32.3708 	EXP 	Created CS_image = ImageStim(__class__=<class 'psychopy.visual.image.ImageStim'>, autoLog=True, color=array([1., 1., 1.]), colorSpace='rgb', contrast=1.0, depth=-1.0, flipHoriz=False, flipVert=False, image='sin', interpolate=True, mask=None, maskParams=None, name='CS_image', opacity=1, ori=0.0, pos=array([0., 0.]), size=array([0.5, 1. ]), texRes=128.0, units='norm', win=Window(...))
32.3721 	EXP 	Created UCSBkg = Rect(__class__=<class 'psychopy.visual.rect.Rect'>, autoDraw=False, autoLog=True, closeShape=True, color=method-wrapper(...), colorSpace='rgb', contrast=None, depth=0.0, fillColor=array([-1, -1, -1]), fillColorSpace='rgb', fillRGB=UNKNOWN, interpolate=True, lineColor=array([-1., -1., -1.]), lineColorSpace='rgb', lineRGB=UNKNOWN, lineWidth=1.0, name='UCSBkg', opacity=1.0, ori=0.0, pos=array([0., 0.]), size=array([2., 2.]), units='norm', vertices=ndarray(...), win=Window(...))
32.3788 	EXP 	Created UCS_image = ImageStim(__class__=<class 'psychopy.visual.image.ImageStim'>, autoLog=True, color=array([1., 1., 1.]), colorSpace='rgb', contrast=1.0, depth=-1.0, flipHoriz=False, flipVert=False, image='sin', interpolate=True, mask=None, maskParams=None, name='UCS_image', opacity=1, ori=0.0, pos=array([0., 0.]), size=array([0.5, 1. ]), texRes=128.0, units='norm', win=Window(...))
32.7515 	EXP 	Sound sound_1 set volume 1.000
32.7530 	EXP 	Created BlankBkg2 = Rect(__class__=<class 'psychopy.visual.rect.Rect'>, autoDraw=False, autoLog=True, closeShape=True, color=method-wrapper(...), colorSpace='rgb', contrast=None, depth=0.0, fillColor=array([-1, -1, -1]), fillColorSpace='rgb', fillRGB=UNKNOWN, interpolate=True, lineColor=array([-1., -1., -1.]), lineColorSpace='rgb', lineRGB=UNKNOWN, lineWidth=1.0, name='BlankBkg2', opacity=1.0, ori=0.0, pos=array([0., 0.]), size=array([2., 2.]), units='norm', vertices=ndarray(...), win=Window(...))
32.7545 	EXP 	Created InstrBkg3 = Rect(__class__=<class 'psychopy.visual.rect.Rect'>, autoDraw=False, autoLog=True, closeShape=True, color=method-wrapper(...), colorSpace='rgb', contrast=None, depth=0.0, fillColor=array([-1, -1, -1]), fillColorSpace='rgb', fillRGB=UNKNOWN, interpolate=True, lineColor=array([-1., -1., -1.]), lineColorSpace='rgb', lineRGB=UNKNOWN, lineWidth=1.0, name='InstrBkg3', opacity=1.0, ori=0.0, pos=array([0., 0.]), size=array([2., 2.]), units='norm', vertices=ndarray(...), win=Window(...))
40.1669 	EXP 	Created TagFig3 = ImageStim(__class__=<class 'psychopy.visual.image.ImageStim'>, autoLog=True, color=array([1., 1., 1.]), colorSpace='rgb', contrast=1.0, depth=-1.0, flipHoriz=False, flipVert=False, image='CondInstruction.PNG', interpolate=True, mask=None, maskParams=None, name='TagFig3', opacity=1, ori=0.0, pos=array([0., 0.]), size=array([1.8, 1.8]), texRes=128.0, units='norm', win=Window(...))
40.1683 	EXP 	Created ExtBkg = Rect(__class__=<class 'psychopy.visual.rect.Rect'>, autoDraw=False, autoLog=True, closeShape=True, color=method-wrapper(...), colorSpace='rgb', contrast=None, depth=0.0, fillColor=array([-1, -1, -1]), fillColorSpace='rgb', fillRGB=UNKNOWN, interpolate=True, lineColor=array([-1., -1., -1.]), lineColorSpace='rgb', lineRGB=UNKNOWN, lineWidth=1.0, name='ExtBkg', opacity=1.0, ori=0.0, pos=array([0., 0.]), size=array([2., 2.]), units='norm', vertices=ndarray(...), win=Window(...))
40.2770 	EXP 	Created Ext_image = ImageStim(__class__=<class 'psychopy.visual.image.ImageStim'>, autoLog=True, color=array([1., 1., 1.]), colorSpace='rgb', contrast=1.0, depth=-1.0, flipHoriz=False, flipVert=False, image='sin', interpolate=True, mask=None, maskParams=None, name='Ext_image', opacity=1, ori=0.0, pos=array([0., 0.]), size=array([0.5, 0.8]), texRes=128.0, units='norm', win=Window(...))
40.2785 	EXP 	Created BlankBkg = Rect(__class__=<class 'psychopy.visual.rect.Rect'>, autoDraw=False, autoLog=True, closeShape=True, color=method-wrapper(...), colorSpace='rgb', contrast=None, depth=0.0, fillColor=array([-1, -1, -1]), fillColorSpace='rgb', fillRGB=UNKNOWN, interpolate=True, lineColor=array([-1., -1., -1.]), lineColorSpace='rgb', lineRGB=UNKNOWN, lineWidth=1, name='BlankBkg', opacity=1, ori=0.0, pos=array([0., 0.]), size=array([2., 2.]), units='norm', vertices=ndarray(...), win=Window(...))
40.2798 	EXP 	Created ISIBkg = Rect(__class__=<class 'psychopy.visual.rect.Rect'>, autoDraw=False, autoLog=True, closeShape=True, color=method-wrapper(...), colorSpace='rgb', contrast=None, depth=0.0, fillColor=array([-1, -1, -1]), fillColorSpace='rgb', fillRGB=UNKNOWN, interpolate=True, lineColor=array([-1., -1., -1.]), lineColorSpace='rgb', lineRGB=UNKNOWN, lineWidth=1, name='ISIBkg', opacity=1, ori=0.0, pos=array([0., 0.]), size=array([2., 2.]), units='norm', vertices=ndarray(...), win=Window(...))
47.7099 	EXP 	Created InterSessInstrct = ImageStim(__class__=<class 'psychopy.visual.image.ImageStim'>, autoLog=True, color=array([1., 1., 1.]), colorSpace='rgb', contrast=1.0, depth=-1.0, flipHoriz=False, flipVert=False, image='ExtinctionInstruction.PNG', interpolate=True, mask=None, maskParams=None, name='InterSessInstrct', opacity=1, ori=0.0, pos=array([0., 0.]), size=array([1.8, 1.8]), texRes=128, units='norm', win=Window(...))
47.7601 	EXP 	Created EndTxt = TextStim(__class__=<class 'psychopy.visual.text.TextStim'>, alignHoriz=method-wrapper(...), alignText='center', alignVert=method-wrapper(...), anchorHoriz='center', anchorVert='center', antialias=True, autoLog=True, bold=False, color=array([1., 1., 1.]), colorSpace='rgb', contrast=1.0, depth=0.0, flipHoriz=False, flipVert=False, font='Microsoft YaHei', fontFiles=[], height=0.08, italic=False, languageStyle='LTR', name='EndTxt', opacity=1, ori=0, pos=array([0., 0.]), rgb=UNKNOWN, text='谢谢您的参与！', units='norm', win=Window(...), wrapWidth=1)
47.8549 	EXP 	InstrBkg: autoDraw = True
47.8549 	EXP 	TagFig: autoDraw = True
49.7967 	EXP 	Imported PreCond1.xlsx as conditions, 10 conditions, 3 params
49.7971 	EXP 	Created sequence: random, trialTypes=10, nReps=1, seed=None
49.7973 	EXP 	New trial (rep=0, index=0): {'PicFileName': 'PreCond1\\CS-.PNG', 'TrgCol': 0.4, 'TrgCol2': 0.1}
49.8038 	DATA 	Keypress: space
49.8087 	EXP 	InstrBkg: autoDraw = False
49.8087 	EXP 	TagFig: autoDraw = False
49.8087 	EXP 	imagePreCond: image = 'PreCond1\\CS-.PNG'
49.8087 	EXP 	precondBkg: autoDraw = True
49.8087 	EXP 	imagePreCond: autoDraw = True
50.8002 	EXP 	imagePreCond: autoDraw = False
50.8173 	EXP 	precondBkg: autoDraw = False
50.8173 	EXP 	imagePreCond: autoDraw = False
50.8173 	EXP 	BlankBkg: autoDraw = True
53.0040 	EXP 	New trial (rep=0, index=1): {'PicFileName': 'PreCond1\\CS+.PNG', 'TrgCol': -0.1, 'TrgCol2': -0.1}
53.0174 	EXP 	BlankBkg: autoDraw = False
53.0174 	EXP 	BlankBkg: autoDraw = False
53.0174 	EXP 	imagePreCond: image = 'PreCond1\\CS+.PNG'
53.0174 	EXP 	precondBkg: autoDraw = True
53.0174 	EXP 	imagePreCond: autoDraw = True
54.0006 	EXP 	imagePreCond: autoDraw = False
54.0174 	EXP 	precondBkg: autoDraw = False
54.0174 	EXP 	precondBkg: autoDraw = False
54.0174 	EXP 	imagePreCond: autoDraw = False
54.0174 	EXP 	BlankBkg: autoDraw = True
56.2025 	EXP 	New trial (rep=0, index=2): {'PicFileName': 'PreCond1\\CS+.PNG', 'TrgCol': -0.1, 'TrgCol2': -0.1}
56.2171 	EXP 	BlankBkg: autoDraw = False
56.2171 	EXP 	BlankBkg: autoDraw = False
56.2171 	EXP 	imagePreCond: image = 'PreCond1\\CS+.PNG'
56.2171 	EXP 	precondBkg: autoDraw = True
56.2171 	EXP 	imagePreCond: autoDraw = True
57.2001 	EXP 	imagePreCond: autoDraw = False
57.2171 	EXP 	precondBkg: autoDraw = False
57.2171 	EXP 	precondBkg: autoDraw = False
57.2171 	EXP 	imagePreCond: autoDraw = False
57.2171 	EXP 	BlankBkg: autoDraw = True
59.3524 	EXP 	New trial (rep=0, index=3): {'PicFileName': 'PreCond1\\CS-.PNG', 'TrgCol': 0.4, 'TrgCol2': 0.1}
59.3668 	EXP 	BlankBkg: autoDraw = False
59.3668 	EXP 	BlankBkg: autoDraw = False
59.3668 	EXP 	imagePreCond: image = 'PreCond1\\CS-.PNG'
59.3668 	EXP 	precondBkg: autoDraw = True
59.3668 	EXP 	imagePreCond: autoDraw = True
60.3499 	EXP 	imagePreCond: autoDraw = False
60.3663 	EXP 	precondBkg: autoDraw = False
60.3663 	EXP 	precondBkg: autoDraw = False
60.3663 	EXP 	imagePreCond: autoDraw = False
60.3663 	EXP 	BlankBkg: autoDraw = True
62.4024 	EXP 	New trial (rep=0, index=4): {'PicFileName': 'PreCond1\\CS+.PNG', 'TrgCol': -0.1, 'TrgCol2': -0.1}
62.4159 	EXP 	BlankBkg: autoDraw = False
62.4159 	EXP 	BlankBkg: autoDraw = False
62.4159 	EXP 	imagePreCond: image = 'PreCond1\\CS+.PNG'
62.4159 	EXP 	precondBkg: autoDraw = True
62.4159 	EXP 	imagePreCond: autoDraw = True
63.3993 	EXP 	imagePreCond: autoDraw = False
63.4162 	EXP 	precondBkg: autoDraw = False
63.4162 	EXP 	precondBkg: autoDraw = False
63.4162 	EXP 	imagePreCond: autoDraw = False
63.4162 	EXP 	BlankBkg: autoDraw = True
65.6678 	EXP 	New trial (rep=0, index=5): {'PicFileName': 'PreCond1\\CS+.PNG', 'TrgCol': -0.1, 'TrgCol2': -0.1}
65.6825 	EXP 	BlankBkg: autoDraw = False
65.6825 	EXP 	BlankBkg: autoDraw = False
65.6825 	EXP 	imagePreCond: image = 'PreCond1\\CS+.PNG'
65.6825 	EXP 	precondBkg: autoDraw = True
65.6825 	EXP 	imagePreCond: autoDraw = True
66.6654 	EXP 	imagePreCond: autoDraw = False
66.6823 	EXP 	precondBkg: autoDraw = False
66.6823 	EXP 	precondBkg: autoDraw = False
66.6823 	EXP 	imagePreCond: autoDraw = False
66.6823 	EXP 	BlankBkg: autoDraw = True
68.8336 	EXP 	New trial (rep=0, index=6): {'PicFileName': 'PreCond1\\CS-.PNG', 'TrgCol': 0.4, 'TrgCol2': 0.1}
68.8491 	EXP 	BlankBkg: autoDraw = False
68.8491 	EXP 	BlankBkg: autoDraw = False
68.8491 	EXP 	imagePreCond: image = 'PreCond1\\CS-.PNG'
68.8491 	EXP 	precondBkg: autoDraw = True
68.8491 	EXP 	imagePreCond: autoDraw = True
69.8327 	EXP 	imagePreCond: autoDraw = False
69.8485 	EXP 	precondBkg: autoDraw = False
69.8485 	EXP 	precondBkg: autoDraw = False
69.8485 	EXP 	imagePreCond: autoDraw = False
69.8485 	EXP 	BlankBkg: autoDraw = True
72.2176 	EXP 	New trial (rep=0, index=7): {'PicFileName': 'PreCond1\\CS-.PNG', 'TrgCol': 0.4, 'TrgCol2': 0.1}
72.2321 	EXP 	BlankBkg: autoDraw = False
72.2321 	EXP 	BlankBkg: autoDraw = False
72.2321 	EXP 	imagePreCond: image = 'PreCond1\\CS-.PNG'
72.2321 	EXP 	precondBkg: autoDraw = True
72.2321 	EXP 	imagePreCond: autoDraw = True
73.2157 	EXP 	imagePreCond: autoDraw = False
73.2318 	EXP 	precondBkg: autoDraw = False
73.2318 	EXP 	precondBkg: autoDraw = False
73.2318 	EXP 	imagePreCond: autoDraw = False
73.2318 	EXP 	BlankBkg: autoDraw = True
75.5003 	EXP 	New trial (rep=0, index=8): {'PicFileName': 'PreCond1\\CS-.PNG', 'TrgCol': 0.4, 'TrgCol2': 0.1}
75.5145 	EXP 	BlankBkg: autoDraw = False
75.5145 	EXP 	BlankBkg: autoDraw = False
75.5145 	EXP 	imagePreCond: image = 'PreCond1\\CS-.PNG'
75.5145 	EXP 	precondBkg: autoDraw = True
75.5145 	EXP 	imagePreCond: autoDraw = True
76.4983 	EXP 	imagePreCond: autoDraw = False
76.5158 	EXP 	precondBkg: autoDraw = False
76.5158 	EXP 	precondBkg: autoDraw = False
76.5158 	EXP 	imagePreCond: autoDraw = False
76.5158 	EXP 	BlankBkg: autoDraw = True
78.7001 	EXP 	New trial (rep=0, index=9): {'PicFileName': 'PreCond1\\CS+.PNG', 'TrgCol': -0.1, 'TrgCol2': -0.1}
78.7147 	EXP 	BlankBkg: autoDraw = False
78.7147 	EXP 	BlankBkg: autoDraw = False
78.7147 	EXP 	imagePreCond: image = 'PreCond1\\CS+.PNG'
78.7147 	EXP 	precondBkg: autoDraw = True
78.7147 	EXP 	imagePreCond: autoDraw = True
79.6981 	EXP 	imagePreCond: autoDraw = False
79.7143 	EXP 	precondBkg: autoDraw = False
79.7143 	EXP 	precondBkg: autoDraw = False
79.7143 	EXP 	imagePreCond: autoDraw = False
79.7143 	EXP 	BlankBkg: autoDraw = True
81.8884 	EXP 	BlankBkg: autoDraw = False
81.8884 	EXP 	BlankBkg: autoDraw = False
81.8884 	EXP 	InstrBkg2: autoDraw = True
81.8884 	EXP 	TagFig2: autoDraw = True
127.6217 	EXP 	Imported Conditioning.xlsx as conditions, 20 conditions, 5 params
127.6221 	EXP 	Created sequence: random, trialTypes=20, nReps=1, seed=None
127.6223 	EXP 	New trial (rep=0, index=0): {'CSName': 'Cond1\\CS-.PNG', 'UCSName': 'Cond1\\UCS.PNG', 'SoundName': 'Sound\\2.wav', 'TrgCol': 0.4, 'TrgCol2': 0.1}
127.6283 	DATA 	Keypress: space
127.6311 	EXP 	InstrBkg2: autoDraw = False
127.6311 	EXP 	TagFig2: autoDraw = False
127.6311 	EXP 	CS_image: image = 'Cond1\\CS-.PNG'
127.6311 	EXP 	CSBkg: autoDraw = True
127.6311 	EXP 	CS_image: autoDraw = True
129.6425 	EXP 	Sound sound_1 started
129.6426 	EXP 	CSBkg: autoDraw = False
129.6426 	EXP 	CS_image: autoDraw = False
129.6426 	EXP 	UCS_image: image = 'Cond1\\UCS.PNG'
129.6426 	EXP 	UCSBkg: autoDraw = True
129.6426 	EXP 	UCS_image: autoDraw = True
130.6493 	EXP 	Sound sound_1 stopped
130.6584 	EXP 	UCSBkg: autoDraw = False
130.6584 	EXP 	UCS_image: autoDraw = False
130.6584 	EXP 	BlankBkg2: autoDraw = True
132.7612 	EXP 	New trial (rep=0, index=1): {'CSName': 'Cond1\\CS+.PNG', 'UCSName': 'Cond1\\UCS.PNG', 'SoundName': 'Sound\\1.wav', 'TrgCol': -0.1, 'TrgCol2': -0.1}
132.7759 	EXP 	BlankBkg2: autoDraw = False
132.7759 	EXP 	BlankBkg2: autoDraw = False
132.7759 	EXP 	CS_image: image = 'Cond1\\CS+.PNG'
132.7759 	EXP 	CSBkg: autoDraw = True
132.7759 	EXP 	CS_image: autoDraw = True
134.7778 	EXP 	Sound sound_1 started
134.7753 	EXP 	CSBkg: autoDraw = False
134.7753 	EXP 	CS_image: autoDraw = False
134.7753 	EXP 	UCS_image: image = 'Cond1\\UCS.PNG'
134.7753 	EXP 	UCSBkg: autoDraw = True
134.7753 	EXP 	UCS_image: autoDraw = True
135.7759 	EXP 	UCSBkg: autoDraw = False
135.7759 	EXP 	UCS_image: autoDraw = False
135.8212 	EXP 	Sound sound_1 stopped
135.8259 	EXP 	UCSBkg: autoDraw = False
135.8259 	EXP 	UCS_image: autoDraw = False
135.8259 	EXP 	BlankBkg2: autoDraw = True
138.1440 	EXP 	New trial (rep=0, index=2): {'CSName': 'Cond1\\CS+.PNG', 'UCSName': 'Cond1\\UCS.PNG', 'SoundName': 'Sound\\1.wav', 'TrgCol': -0.1, 'TrgCol2': -0.1}
138.1589 	EXP 	BlankBkg2: autoDraw = False
138.1589 	EXP 	BlankBkg2: autoDraw = False
138.1589 	EXP 	CS_image: image = 'Cond1\\CS+.PNG'
138.1589 	EXP 	CSBkg: autoDraw = True
138.1589 	EXP 	CS_image: autoDraw = True
140.1583 	EXP 	Sound sound_1 started
140.1581 	EXP 	CSBkg: autoDraw = False
140.1581 	EXP 	CS_image: autoDraw = False
140.1581 	EXP 	CSBkg: autoDraw = False
140.1581 	EXP 	CS_image: autoDraw = False
140.1581 	EXP 	UCS_image: image = 'Cond1\\UCS.PNG'
140.1581 	EXP 	UCSBkg: autoDraw = True
140.1581 	EXP 	UCS_image: autoDraw = True
141.2106 	EXP 	Sound sound_1 stopped
141.2261 	EXP 	UCSBkg: autoDraw = False
141.2261 	EXP 	UCS_image: autoDraw = False
141.2261 	EXP 	UCSBkg: autoDraw = False
141.2261 	EXP 	UCS_image: autoDraw = False
141.2261 	EXP 	BlankBkg2: autoDraw = True
143.4939 	EXP 	New trial (rep=0, index=3): {'CSName': 'Cond1\\CS-.PNG', 'UCSName': 'Cond1\\UCS.PNG', 'SoundName': 'Sound\\2.wav', 'TrgCol': 0.4, 'TrgCol2': 0.1}
143.5083 	EXP 	BlankBkg2: autoDraw = False
143.5083 	EXP 	BlankBkg2: autoDraw = False
143.5083 	EXP 	CS_image: image = 'Cond1\\CS-.PNG'
143.5083 	EXP 	CSBkg: autoDraw = True
143.5083 	EXP 	CS_image: autoDraw = True
145.5083 	EXP 	Sound sound_1 started
145.5082 	EXP 	CSBkg: autoDraw = False
145.5082 	EXP 	CS_image: autoDraw = False
145.5082 	EXP 	CSBkg: autoDraw = False
145.5082 	EXP 	CS_image: autoDraw = False
145.5082 	EXP 	UCS_image: image = 'Cond1\\UCS.PNG'
145.5082 	EXP 	UCSBkg: autoDraw = True
145.5082 	EXP 	UCS_image: autoDraw = True
146.5547 	EXP 	Sound sound_1 stopped
146.5648 	EXP 	UCSBkg: autoDraw = False
146.5648 	EXP 	UCS_image: autoDraw = False
146.5648 	EXP 	UCSBkg: autoDraw = False
146.5648 	EXP 	UCS_image: autoDraw = False
146.5648 	EXP 	BlankBkg2: autoDraw = True
148.9929 	EXP 	New trial (rep=0, index=4): {'CSName': 'Cond1\\CS-.PNG', 'UCSName': 'Cond1\\UCS.PNG', 'SoundName': 'Sound\\2.wav', 'TrgCol': 0.4, 'TrgCol2': 0.1}
149.0075 	EXP 	BlankBkg2: autoDraw = False
149.0075 	EXP 	BlankBkg2: autoDraw = False
149.0075 	EXP 	CS_image: image = 'Cond1\\CS-.PNG'
149.0075 	EXP 	CSBkg: autoDraw = True
149.0075 	EXP 	CS_image: autoDraw = True
151.0072 	EXP 	Sound sound_1 started
151.0073 	EXP 	CSBkg: autoDraw = False
151.0073 	EXP 	CS_image: autoDraw = False
151.0073 	EXP 	CSBkg: autoDraw = False
151.0073 	EXP 	CS_image: autoDraw = False
151.0073 	EXP 	UCS_image: image = 'Cond1\\UCS.PNG'
151.0073 	EXP 	UCSBkg: autoDraw = True
151.0073 	EXP 	UCS_image: autoDraw = True
152.0527 	EXP 	Sound sound_1 stopped
152.0617 	EXP 	UCSBkg: autoDraw = False
152.0617 	EXP 	UCS_image: autoDraw = False
152.0617 	EXP 	UCSBkg: autoDraw = False
152.0617 	EXP 	UCS_image: autoDraw = False
152.0617 	EXP 	BlankBkg2: autoDraw = True
154.3762 	EXP 	New trial (rep=0, index=5): {'CSName': 'Cond1\\CS-.PNG', 'UCSName': 'Cond1\\UCS.PNG', 'SoundName': 'Sound\\2.wav', 'TrgCol': 0.4, 'TrgCol2': 0.1}
154.3926 	EXP 	BlankBkg2: autoDraw = False
154.3926 	EXP 	BlankBkg2: autoDraw = False
154.3926 	EXP 	CS_image: image = 'Cond1\\CS-.PNG'
154.3926 	EXP 	CSBkg: autoDraw = True
154.3926 	EXP 	CS_image: autoDraw = True
156.4075 	EXP 	Sound sound_1 started
156.4077 	EXP 	CSBkg: autoDraw = False
156.4077 	EXP 	CS_image: autoDraw = False
156.4077 	EXP 	UCS_image: image = 'Cond1\\UCS.PNG'
156.4077 	EXP 	UCSBkg: autoDraw = True
156.4077 	EXP 	UCS_image: autoDraw = True
157.3992 	EXP 	Sound sound_1 stopped
157.4071 	EXP 	UCSBkg: autoDraw = False
157.4071 	EXP 	UCS_image: autoDraw = False
157.4071 	EXP 	BlankBkg2: autoDraw = True
159.4120 	EXP 	New trial (rep=0, index=6): {'CSName': 'Cond1\\CS-.PNG', 'UCSName': 'Cond1\\UCS.PNG', 'SoundName': 'Sound\\2.wav', 'TrgCol': 0.4, 'TrgCol2': 0.1}
159.4287 	EXP 	BlankBkg2: autoDraw = False
159.4287 	EXP 	BlankBkg2: autoDraw = False
159.4287 	EXP 	CS_image: image = 'Cond1\\CS-.PNG'
159.4287 	EXP 	CSBkg: autoDraw = True
159.4287 	EXP 	CS_image: autoDraw = True
161.4399 	EXP 	Sound sound_1 started
161.4397 	EXP 	CSBkg: autoDraw = False
161.4397 	EXP 	CS_image: autoDraw = False
161.4397 	EXP 	UCS_image: image = 'Cond1\\UCS.PNG'
161.4397 	EXP 	UCSBkg: autoDraw = True
161.4397 	EXP 	UCS_image: autoDraw = True
162.4763 	EXP 	Sound sound_1 stopped
162.4846 	EXP 	UCSBkg: autoDraw = False
162.4846 	EXP 	UCS_image: autoDraw = False
162.4846 	EXP 	BlankBkg2: autoDraw = True
164.5623 	EXP 	New trial (rep=0, index=7): {'CSName': 'Cond1\\CS-.PNG', 'UCSName': 'Cond1\\UCS.PNG', 'SoundName': 'Sound\\2.wav', 'TrgCol': 0.4, 'TrgCol2': 0.1}
164.5736 	EXP 	BlankBkg2: autoDraw = False
164.5736 	EXP 	BlankBkg2: autoDraw = False
164.5736 	EXP 	CS_image: image = 'Cond1\\CS-.PNG'
164.5736 	EXP 	CSBkg: autoDraw = True
164.5736 	EXP 	CS_image: autoDraw = True
166.5894 	EXP 	Sound sound_1 started
166.5892 	EXP 	CSBkg: autoDraw = False
166.5892 	EXP 	CS_image: autoDraw = False
166.5892 	EXP 	UCS_image: image = 'Cond1\\UCS.PNG'
166.5892 	EXP 	UCSBkg: autoDraw = True
166.5892 	EXP 	UCS_image: autoDraw = True
167.6337 	EXP 	Sound sound_1 stopped
167.6418 	EXP 	UCSBkg: autoDraw = False
167.6418 	EXP 	UCS_image: autoDraw = False
167.6418 	EXP 	BlankBkg2: autoDraw = True
169.7740 	EXP 	New trial (rep=0, index=8): {'CSName': 'Cond1\\CS-.PNG', 'UCSName': 'Cond1\\UCS.PNG', 'SoundName': 'Sound\\2.wav', 'TrgCol': 0.4, 'TrgCol2': 0.1}
169.7889 	EXP 	BlankBkg2: autoDraw = False
169.7889 	EXP 	BlankBkg2: autoDraw = False
169.7889 	EXP 	CS_image: image = 'Cond1\\CS-.PNG'
169.7889 	EXP 	CSBkg: autoDraw = True
169.7889 	EXP 	CS_image: autoDraw = True
171.7886 	EXP 	Sound sound_1 started
171.7887 	EXP 	CSBkg: autoDraw = False
171.7887 	EXP 	CS_image: autoDraw = False
171.7887 	EXP 	CSBkg: autoDraw = False
171.7887 	EXP 	CS_image: autoDraw = False
171.7887 	EXP 	UCS_image: image = 'Cond1\\UCS.PNG'
171.7887 	EXP 	UCSBkg: autoDraw = True
171.7887 	EXP 	UCS_image: autoDraw = True
172.7862 	EXP 	Sound sound_1 stopped
172.7950 	EXP 	UCSBkg: autoDraw = False
172.7950 	EXP 	UCS_image: autoDraw = False
172.7950 	EXP 	UCSBkg: autoDraw = False
172.7950 	EXP 	UCS_image: autoDraw = False
172.7950 	EXP 	BlankBkg2: autoDraw = True
174.9741 	EXP 	New trial (rep=0, index=9): {'CSName': 'Cond1\\CS+.PNG', 'UCSName': 'Cond1\\UCS.PNG', 'SoundName': 'Sound\\1.wav', 'TrgCol': -0.1, 'TrgCol2': -0.1}
174.9884 	EXP 	BlankBkg2: autoDraw = False
174.9884 	EXP 	BlankBkg2: autoDraw = False
174.9884 	EXP 	CS_image: image = 'Cond1\\CS+.PNG'
174.9884 	EXP 	CSBkg: autoDraw = True
174.9884 	EXP 	CS_image: autoDraw = True
176.9884 	EXP 	Sound sound_1 started
176.9884 	EXP 	CSBkg: autoDraw = False
176.9884 	EXP 	CS_image: autoDraw = False
176.9884 	EXP 	CSBkg: autoDraw = False
176.9884 	EXP 	CS_image: autoDraw = False
176.9884 	EXP 	UCS_image: image = 'Cond1\\UCS.PNG'
176.9884 	EXP 	UCSBkg: autoDraw = True
176.9884 	EXP 	UCS_image: autoDraw = True
177.9829 	EXP 	Sound sound_1 stopped
177.9920 	EXP 	UCSBkg: autoDraw = False
177.9920 	EXP 	UCS_image: autoDraw = False
177.9920 	EXP 	UCSBkg: autoDraw = False
177.9920 	EXP 	UCS_image: autoDraw = False
177.9920 	EXP 	BlankBkg2: autoDraw = True
180.1403 	EXP 	New trial (rep=0, index=10): {'CSName': 'Cond1\\CS+.PNG', 'UCSName': 'Cond1\\UCS.PNG', 'SoundName': 'Sound\\1.wav', 'TrgCol': -0.1, 'TrgCol2': -0.1}
180.1549 	EXP 	BlankBkg2: autoDraw = False
180.1549 	EXP 	BlankBkg2: autoDraw = False
180.1549 	EXP 	CS_image: image = 'Cond1\\CS+.PNG'
180.1549 	EXP 	CSBkg: autoDraw = True
180.1549 	EXP 	CS_image: autoDraw = True
182.1548 	EXP 	Sound sound_1 started
182.1546 	EXP 	CSBkg: autoDraw = False
182.1546 	EXP 	CS_image: autoDraw = False
182.1546 	EXP 	CSBkg: autoDraw = False
182.1546 	EXP 	CS_image: autoDraw = False
182.1546 	EXP 	UCS_image: image = 'Cond1\\UCS.PNG'
182.1546 	EXP 	UCSBkg: autoDraw = True
182.1546 	EXP 	UCS_image: autoDraw = True
183.1396 	EXP 	Sound sound_1 stopped
183.1541 	EXP 	UCSBkg: autoDraw = False
183.1541 	EXP 	UCS_image: autoDraw = False
183.1541 	EXP 	UCSBkg: autoDraw = False
183.1541 	EXP 	UCS_image: autoDraw = False
183.1541 	EXP 	BlankBkg2: autoDraw = True
185.2578 	EXP 	New trial (rep=0, index=11): {'CSName': 'Cond1\\CS+.PNG', 'UCSName': 'Cond1\\UCS.PNG', 'SoundName': 'Sound\\1.wav', 'TrgCol': -0.1, 'TrgCol2': -0.1}
185.2704 	EXP 	BlankBkg2: autoDraw = False
185.2704 	EXP 	BlankBkg2: autoDraw = False
185.2704 	EXP 	CS_image: image = 'Cond1\\CS+.PNG'
185.2704 	EXP 	CSBkg: autoDraw = True
185.2704 	EXP 	CS_image: autoDraw = True
187.2705 	EXP 	Sound sound_1 started
187.2704 	EXP 	CSBkg: autoDraw = False
187.2704 	EXP 	CS_image: autoDraw = False
187.2704 	EXP 	CSBkg: autoDraw = False
187.2704 	EXP 	CS_image: autoDraw = False
187.2704 	EXP 	UCS_image: image = 'Cond1\\UCS.PNG'
187.2704 	EXP 	UCSBkg: autoDraw = True
187.2704 	EXP 	UCS_image: autoDraw = True
188.3214 	EXP 	Sound sound_1 stopped
188.3305 	EXP 	UCSBkg: autoDraw = False
188.3305 	EXP 	UCS_image: autoDraw = False
188.3305 	EXP 	UCSBkg: autoDraw = False
188.3305 	EXP 	UCS_image: autoDraw = False
188.3305 	EXP 	BlankBkg2: autoDraw = True
190.4051 	EXP 	New trial (rep=0, index=12): {'CSName': 'Cond1\\CS+.PNG', 'UCSName': 'Cond1\\UCS.PNG', 'SoundName': 'Sound\\1.wav', 'TrgCol': -0.1, 'TrgCol2': -0.1}
190.4210 	EXP 	BlankBkg2: autoDraw = False
190.4210 	EXP 	BlankBkg2: autoDraw = False
190.4210 	EXP 	CS_image: image = 'Cond1\\CS+.PNG'
190.4210 	EXP 	CSBkg: autoDraw = True
190.4210 	EXP 	CS_image: autoDraw = True
192.4208 	EXP 	Sound sound_1 started
192.4197 	EXP 	CSBkg: autoDraw = False
192.4197 	EXP 	CS_image: autoDraw = False
192.4197 	EXP 	CSBkg: autoDraw = False
192.4197 	EXP 	CS_image: autoDraw = False
192.4197 	EXP 	UCS_image: image = 'Cond1\\UCS.PNG'
192.4197 	EXP 	UCSBkg: autoDraw = True
192.4197 	EXP 	UCS_image: autoDraw = True
193.4749 	EXP 	Sound sound_1 stopped
193.4956 	EXP 	UCSBkg: autoDraw = False
193.4956 	EXP 	UCS_image: autoDraw = False
193.4956 	EXP 	UCSBkg: autoDraw = False
193.4956 	EXP 	UCS_image: autoDraw = False
193.4956 	EXP 	BlankBkg2: autoDraw = True
195.7389 	EXP 	New trial (rep=0, index=13): {'CSName': 'Cond1\\CS+.PNG', 'UCSName': 'Cond1\\UCS.PNG', 'SoundName': 'Sound\\1.wav', 'TrgCol': -0.1, 'TrgCol2': -0.1}
195.7529 	EXP 	BlankBkg2: autoDraw = False
195.7529 	EXP 	BlankBkg2: autoDraw = False
195.7529 	EXP 	CS_image: image = 'Cond1\\CS+.PNG'
195.7529 	EXP 	CSBkg: autoDraw = True
195.7529 	EXP 	CS_image: autoDraw = True
197.7535 	EXP 	Sound sound_1 started
197.7540 	EXP 	CSBkg: autoDraw = False
197.7540 	EXP 	CS_image: autoDraw = False
197.7540 	EXP 	CSBkg: autoDraw = False
197.7540 	EXP 	CS_image: autoDraw = False
197.7540 	EXP 	UCS_image: image = 'Cond1\\UCS.PNG'
197.7540 	EXP 	UCSBkg: autoDraw = True
197.7540 	EXP 	UCS_image: autoDraw = True
198.7489 	EXP 	Sound sound_1 stopped
198.7695 	EXP 	UCSBkg: autoDraw = False
198.7695 	EXP 	UCS_image: autoDraw = False
198.7695 	EXP 	BlankBkg2: autoDraw = True
200.7726 	EXP 	New trial (rep=0, index=14): {'CSName': 'Cond1\\CS+.PNG', 'UCSName': 'Cond1\\blank.png', 'SoundName': 'Sound\\2.wav', 'TrgCol': 0, 'TrgCol2': 0}
200.7865 	EXP 	BlankBkg2: autoDraw = False
200.7865 	EXP 	BlankBkg2: autoDraw = False
200.7865 	EXP 	CS_image: image = 'Cond1\\CS+.PNG'
200.7865 	EXP 	CSBkg: autoDraw = True
200.7865 	EXP 	CS_image: autoDraw = True
206.4252 	EXP 	Sound sound_1 stopped
206.4320 	EXP 	CSBkg: autoDraw = False
206.4320 	EXP 	CS_image: autoDraw = False
206.4320 	EXP 	CSBkg: autoDraw = False
206.4320 	EXP 	CS_image: autoDraw = False
206.4320 	EXP 	UCS_image: image = 'Cond1\\blank.png'
206.4320 	EXP 	UCSBkg: autoDraw = False
206.4320 	EXP 	UCS_image: autoDraw = False
206.4320 	EXP 	BlankBkg2: autoDraw = True
208.8512 	EXP 	New trial (rep=0, index=15): {'CSName': 'Cond1\\CS-.PNG', 'UCSName': 'Cond1\\UCS.PNG', 'SoundName': 'Sound\\2.wav', 'TrgCol': 0.4, 'TrgCol2': 0.1}
208.8661 	EXP 	BlankBkg2: autoDraw = False
208.8661 	EXP 	BlankBkg2: autoDraw = False
208.8661 	EXP 	CS_image: image = 'Cond1\\CS-.PNG'
208.8661 	EXP 	CSBkg: autoDraw = True
208.8661 	EXP 	CS_image: autoDraw = True
210.9654 	EXP 	Sound sound_1 started
210.9590 	EXP 	CSBkg: autoDraw = False
210.9590 	EXP 	CS_image: autoDraw = False
210.9590 	EXP 	CSBkg: autoDraw = False
210.9590 	EXP 	CS_image: autoDraw = False
210.9590 	EXP 	UCS_image: image = 'Cond1\\UCS.PNG'
210.9590 	EXP 	UCSBkg: autoDraw = True
210.9590 	EXP 	UCS_image: autoDraw = True
211.8957 	EXP 	Sound sound_1 stopped
211.9013 	EXP 	UCSBkg: autoDraw = False
211.9013 	EXP 	UCS_image: autoDraw = False
211.9013 	EXP 	BlankBkg2: autoDraw = True
214.0148 	EXP 	New trial (rep=0, index=16): {'CSName': 'Cond1\\CS+.PNG', 'UCSName': 'Cond1\\UCS.PNG', 'SoundName': 'Sound\\1.wav', 'TrgCol': -0.1, 'TrgCol2': -0.1}
214.0284 	EXP 	BlankBkg2: autoDraw = False
214.0284 	EXP 	BlankBkg2: autoDraw = False
214.0284 	EXP 	CS_image: image = 'Cond1\\CS+.PNG'
214.0284 	EXP 	CSBkg: autoDraw = True
214.0284 	EXP 	CS_image: autoDraw = True
216.0287 	EXP 	Sound sound_1 started
216.0282 	EXP 	CSBkg: autoDraw = False
216.0282 	EXP 	CS_image: autoDraw = False
216.0282 	EXP 	CSBkg: autoDraw = False
216.0282 	EXP 	CS_image: autoDraw = False
216.0282 	EXP 	UCS_image: image = 'Cond1\\UCS.PNG'
216.0282 	EXP 	UCSBkg: autoDraw = True
216.0282 	EXP 	UCS_image: autoDraw = True
217.0265 	EXP 	Sound sound_1 stopped
217.0352 	EXP 	UCSBkg: autoDraw = False
217.0352 	EXP 	UCS_image: autoDraw = False
217.0352 	EXP 	UCSBkg: autoDraw = False
217.0352 	EXP 	UCS_image: autoDraw = False
217.0352 	EXP 	BlankBkg2: autoDraw = True
219.2145 	EXP 	New trial (rep=0, index=17): {'CSName': 'Cond1\\CS-.PNG', 'UCSName': 'Cond1\\UCS.PNG', 'SoundName': 'Sound\\2.wav', 'TrgCol': 0.4, 'TrgCol2': 0.1}
219.2282 	EXP 	BlankBkg2: autoDraw = False
219.2282 	EXP 	BlankBkg2: autoDraw = False
219.2282 	EXP 	CS_image: image = 'Cond1\\CS-.PNG'
219.2282 	EXP 	CSBkg: autoDraw = True
219.2282 	EXP 	CS_image: autoDraw = True
221.2278 	EXP 	Sound sound_1 started
221.2279 	EXP 	CSBkg: autoDraw = False
221.2279 	EXP 	CS_image: autoDraw = False
221.2279 	EXP 	CSBkg: autoDraw = False
221.2279 	EXP 	CS_image: autoDraw = False
221.2279 	EXP 	UCS_image: image = 'Cond1\\UCS.PNG'
221.2279 	EXP 	UCSBkg: autoDraw = True
221.2279 	EXP 	UCS_image: autoDraw = True
222.2434 	EXP 	Sound sound_1 stopped
222.2518 	EXP 	UCSBkg: autoDraw = False
222.2518 	EXP 	UCS_image: autoDraw = False
222.2518 	EXP 	UCSBkg: autoDraw = False
222.2518 	EXP 	UCS_image: autoDraw = False
222.2518 	EXP 	BlankBkg2: autoDraw = True
224.3303 	EXP 	New trial (rep=0, index=18): {'CSName': 'Cond1\\CS-.PNG', 'UCSName': 'Cond1\\UCS.PNG', 'SoundName': 'Sound\\2.wav', 'TrgCol': 0.4, 'TrgCol2': 0.1}
224.3440 	EXP 	BlankBkg2: autoDraw = False
224.3440 	EXP 	BlankBkg2: autoDraw = False
224.3440 	EXP 	CS_image: image = 'Cond1\\CS-.PNG'
224.3440 	EXP 	CSBkg: autoDraw = True
224.3440 	EXP 	CS_image: autoDraw = True
226.3441 	EXP 	Sound sound_1 started
226.3440 	EXP 	CSBkg: autoDraw = False
226.3440 	EXP 	CS_image: autoDraw = False
226.3440 	EXP 	CSBkg: autoDraw = False
226.3440 	EXP 	CS_image: autoDraw = False
226.3440 	EXP 	UCS_image: image = 'Cond1\\UCS.PNG'
226.3440 	EXP 	UCSBkg: autoDraw = True
226.3440 	EXP 	UCS_image: autoDraw = True
227.4035 	EXP 	Sound sound_1 stopped
227.4248 	EXP 	UCSBkg: autoDraw = False
227.4248 	EXP 	UCS_image: autoDraw = False
227.4248 	EXP 	UCSBkg: autoDraw = False
227.4248 	EXP 	UCS_image: autoDraw = False
227.4248 	EXP 	BlankBkg2: autoDraw = True
228.5993 	DATA 	Keypress: escape
229.6811 	EXP 	New trial (rep=0, index=19): {'CSName': 'Cond1\\CS+.PNG', 'UCSName': 'Cond1\\blank.png', 'SoundName': 'Sound\\2.wav', 'TrgCol': 0, 'TrgCol2': 0}
229.6960 	EXP 	BlankBkg2: autoDraw = False
229.6960 	EXP 	BlankBkg2: autoDraw = False
229.6960 	EXP 	CS_image: image = 'Cond1\\CS+.PNG'
229.6960 	EXP 	CSBkg: autoDraw = True
229.6960 	EXP 	CS_image: autoDraw = True
231.6153 	DATA 	Keypress: escape
235.2989 	EXP 	Sound sound_1 stopped
235.3912 	EXP 	window1: mouseVisible = True
