3.1696 	WARNING 	Font Manager failed to load file C:\WINDOWS\Fonts\方正粗黑宋简体.ttf
3.2398 	WARNING 	Font Manager failed to load file C:\Windows\Fonts\方正粗黑宋简体.ttf
3.9531 	WARNING 	Font Manager failed to load file C:\WINDOWS\Fonts\方正粗黑宋简体.ttf
4.0209 	WARNING 	Font Manager failed to load file C:\Windows\Fonts\方正粗黑宋简体.ttf
11.4864 	EXP 	Created window1 = Window(allowGUI=True, allowStencil=False, autoLog=True, backendConf=UNKNOWN, bitsMode=UNKNOWN, blendMode='avg', bpc=(8, 8, 8), color=array([0, 0, 0]), colorSpace='rgb', depthBits=8, fullscr=<method-wrapper '__getattribute__' of attributeSetter object at 0x000001C3C12683C8>, gamma=None, gammaErrorPolicy='raise', lms=UNKNOWN, monitor=<psychopy.monitors.calibTools.Monitor object at 0x000001C3C12B6AC8>, multiSample=False, name='window1', numSamples=2, pos=[0.0, 0.0], screen=0, size=array([1920, 1080]), stencilBits=0, stereo=False, units='norm', useFBO=True, useRetina=False, viewOri=0.0, viewPos=None, viewScale=None, waitBlanking=True, winType='pyglet')
11.4865 	EXP 	window1: mouseVisible = True
11.4865 	EXP 	window1: recordFrameIntervals = False
11.6521 	EXP 	window1: recordFrameIntervals = True
11.8357 	EXP 	window1: recordFrameIntervals = False
12.3725 	EXP 	Created InstrBkg = Rect(__class__=<class 'psychopy.visual.rect.Rect'>, autoDraw=False, autoLog=True, closeShape=True, color=method-wrapper(...), colorSpace='rgb', contrast=None, depth=0.0, fillColor=array([-1, -1, -1]), fillColorSpace='rgb', fillRGB=UNKNOWN, interpolate=True, lineColor=array([-1., -1., -1.]), lineColorSpace='rgb', lineRGB=UNKNOWN, lineWidth=1, name='InstrBkg', opacity=1, ori=0.0, pos=array([0., 0.]), size=array([2., 2.]), units='norm', vertices=ndarray(...), win=Window(...))
19.6364 	EXP 	Created TagFig = ImageStim(__class__=<class 'psychopy.visual.image.ImageStim'>, autoLog=True, color=array([1., 1., 1.]), colorSpace='rgb', contrast=1.0, depth=-1.0, flipHoriz=False, flipVert=False, image='Instructions.PNG', interpolate=True, mask=None, maskParams=None, name='TagFig', opacity=1, ori=0.0, pos=array([0., 0.]), size=array([1.8, 1.8]), texRes=128, units='norm', win=Window(...))
19.6377 	EXP 	Created precondBkg = Rect(__class__=<class 'psychopy.visual.rect.Rect'>, autoDraw=False, autoLog=True, closeShape=True, color=method-wrapper(...), colorSpace='rgb', contrast=None, depth=0.0, fillColor=array([-1, -1, -1]), fillColorSpace='rgb', fillRGB=UNKNOWN, interpolate=True, lineColor=array([-1., -1., -1.]), lineColorSpace='rgb', lineRGB=UNKNOWN, lineWidth=1.0, name='precondBkg', opacity=1.0, ori=0.0, pos=array([0., 0.]), size=array([2., 2.]), units='norm', vertices=ndarray(...), win=Window(...))
19.6437 	EXP 	Created imagePreCond = ImageStim(__class__=<class 'psychopy.visual.image.ImageStim'>, autoLog=True, color=array([1., 1., 1.]), colorSpace='rgb', contrast=1.0, depth=-1.0, flipHoriz=False, flipVert=False, image='sin', interpolate=True, mask=None, maskParams=None, name='imagePreCond', opacity=1, ori=0.0, pos=array([0., 0.]), size=array([0.5, 1. ]), texRes=128, units='norm', win=Window(...))
19.6450 	EXP 	Created BlankBkg = Rect(__class__=<class 'psychopy.visual.rect.Rect'>, autoDraw=False, autoLog=True, closeShape=True, color=method-wrapper(...), colorSpace='rgb', contrast=None, depth=0.0, fillColor=array([-1, -1, -1]), fillColorSpace='rgb', fillRGB=UNKNOWN, interpolate=True, lineColor=array([-1., -1., -1.]), lineColorSpace='rgb', lineRGB=UNKNOWN, lineWidth=1, name='BlankBkg', opacity=1, ori=0.0, pos=array([0., 0.]), size=array([2., 2.]), units='norm', vertices=ndarray(...), win=Window(...))
19.6462 	EXP 	Created InstrBkg2 = Rect(__class__=<class 'psychopy.visual.rect.Rect'>, autoDraw=False, autoLog=True, closeShape=True, color=method-wrapper(...), colorSpace='rgb', contrast=None, depth=0.0, fillColor=array([-1, -1, -1]), fillColorSpace='rgb', fillRGB=UNKNOWN, interpolate=True, lineColor=array([-1., -1., -1.]), lineColorSpace='rgb', lineRGB=UNKNOWN, lineWidth=1.0, name='InstrBkg2', opacity=1.0, ori=0.0, pos=array([0., 0.]), size=array([2., 2.]), units='norm', vertices=ndarray(...), win=Window(...))
26.7809 	EXP 	Created TagFig2 = ImageStim(__class__=<class 'psychopy.visual.image.ImageStim'>, autoLog=True, color=array([1., 1., 1.]), colorSpace='rgb', contrast=1.0, depth=-1.0, flipHoriz=False, flipVert=False, image='PreCondInstruction.PNG', interpolate=True, mask=None, maskParams=None, name='TagFig2', opacity=1, ori=0.0, pos=array([0., 0.]), size=array([1.8, 1.8]), texRes=128.0, units='norm', win=Window(...))
26.7823 	EXP 	Created CSBkg = Rect(__class__=<class 'psychopy.visual.rect.Rect'>, autoDraw=False, autoLog=True, closeShape=True, color=method-wrapper(...), colorSpace='rgb', contrast=None, depth=0.0, fillColor=array([-1, -1, -1]), fillColorSpace='rgb', fillRGB=UNKNOWN, interpolate=True, lineColor=array([-1., -1., -1.]), lineColorSpace='rgb', lineRGB=UNKNOWN, lineWidth=1.0, name='CSBkg', opacity=1.0, ori=0.0, pos=array([0., 0.]), size=array([2., 2.]), units='norm', vertices=ndarray(...), win=Window(...))
26.8733 	EXP 	Created CS_image = ImageStim(__class__=<class 'psychopy.visual.image.ImageStim'>, autoLog=True, color=array([1., 1., 1.]), colorSpace='rgb', contrast=1.0, depth=-1.0, flipHoriz=False, flipVert=False, image='sin', interpolate=True, mask=None, maskParams=None, name='CS_image', opacity=1, ori=0.0, pos=array([0., 0.]), size=array([0.5, 1. ]), texRes=128.0, units='norm', win=Window(...))
26.8752 	EXP 	Created UCSBkg = Rect(__class__=<class 'psychopy.visual.rect.Rect'>, autoDraw=False, autoLog=True, closeShape=True, color=method-wrapper(...), colorSpace='rgb', contrast=None, depth=0.0, fillColor=array([-1, -1, -1]), fillColorSpace='rgb', fillRGB=UNKNOWN, interpolate=True, lineColor=array([-1., -1., -1.]), lineColorSpace='rgb', lineRGB=UNKNOWN, lineWidth=1.0, name='UCSBkg', opacity=1.0, ori=0.0, pos=array([0., 0.]), size=array([2., 2.]), units='norm', vertices=ndarray(...), win=Window(...))
26.8797 	EXP 	Created UCS_image = ImageStim(__class__=<class 'psychopy.visual.image.ImageStim'>, autoLog=True, color=array([1., 1., 1.]), colorSpace='rgb', contrast=1.0, depth=-1.0, flipHoriz=False, flipVert=False, image='sin', interpolate=True, mask=None, maskParams=None, name='UCS_image', opacity=1, ori=0.0, pos=array([0., 0.]), size=array([0.5, 1. ]), texRes=128.0, units='norm', win=Window(...))
27.2461 	EXP 	Sound sound_1 set volume 1.000
27.2479 	EXP 	Created BlankBkg2 = Rect(__class__=<class 'psychopy.visual.rect.Rect'>, autoDraw=False, autoLog=True, closeShape=True, color=method-wrapper(...), colorSpace='rgb', contrast=None, depth=0.0, fillColor=array([-1, -1, -1]), fillColorSpace='rgb', fillRGB=UNKNOWN, interpolate=True, lineColor=array([-1., -1., -1.]), lineColorSpace='rgb', lineRGB=UNKNOWN, lineWidth=1.0, name='BlankBkg2', opacity=1.0, ori=0.0, pos=array([0., 0.]), size=array([2., 2.]), units='norm', vertices=ndarray(...), win=Window(...))
27.2495 	EXP 	Created InstrBkg3 = Rect(__class__=<class 'psychopy.visual.rect.Rect'>, autoDraw=False, autoLog=True, closeShape=True, color=method-wrapper(...), colorSpace='rgb', contrast=None, depth=0.0, fillColor=array([-1, -1, -1]), fillColorSpace='rgb', fillRGB=UNKNOWN, interpolate=True, lineColor=array([-1., -1., -1.]), lineColorSpace='rgb', lineRGB=UNKNOWN, lineWidth=1.0, name='InstrBkg3', opacity=1.0, ori=0.0, pos=array([0., 0.]), size=array([2., 2.]), units='norm', vertices=ndarray(...), win=Window(...))
34.5959 	EXP 	Created TagFig3 = ImageStim(__class__=<class 'psychopy.visual.image.ImageStim'>, autoLog=True, color=array([1., 1., 1.]), colorSpace='rgb', contrast=1.0, depth=-1.0, flipHoriz=False, flipVert=False, image='CondInstruction.PNG', interpolate=True, mask=None, maskParams=None, name='TagFig3', opacity=1, ori=0.0, pos=array([0., 0.]), size=array([1.8, 1.8]), texRes=128.0, units='norm', win=Window(...))
34.5972 	EXP 	Created ExtBkg = Rect(__class__=<class 'psychopy.visual.rect.Rect'>, autoDraw=False, autoLog=True, closeShape=True, color=method-wrapper(...), colorSpace='rgb', contrast=None, depth=0.0, fillColor=array([-1, -1, -1]), fillColorSpace='rgb', fillRGB=UNKNOWN, interpolate=True, lineColor=array([-1., -1., -1.]), lineColorSpace='rgb', lineRGB=UNKNOWN, lineWidth=1.0, name='ExtBkg', opacity=1.0, ori=0.0, pos=array([0., 0.]), size=array([2., 2.]), units='norm', vertices=ndarray(...), win=Window(...))
34.7087 	EXP 	Created Ext_image = ImageStim(__class__=<class 'psychopy.visual.image.ImageStim'>, autoLog=True, color=array([1., 1., 1.]), colorSpace='rgb', contrast=1.0, depth=-1.0, flipHoriz=False, flipVert=False, image='sin', interpolate=True, mask=None, maskParams=None, name='Ext_image', opacity=1, ori=0.0, pos=array([0., 0.]), size=array([0.5, 0.8]), texRes=128.0, units='norm', win=Window(...))
34.7103 	EXP 	Created BlankBkg = Rect(__class__=<class 'psychopy.visual.rect.Rect'>, autoDraw=False, autoLog=True, closeShape=True, color=method-wrapper(...), colorSpace='rgb', contrast=None, depth=0.0, fillColor=array([-1, -1, -1]), fillColorSpace='rgb', fillRGB=UNKNOWN, interpolate=True, lineColor=array([-1., -1., -1.]), lineColorSpace='rgb', lineRGB=UNKNOWN, lineWidth=1, name='BlankBkg', opacity=1, ori=0.0, pos=array([0., 0.]), size=array([2., 2.]), units='norm', vertices=ndarray(...), win=Window(...))
34.7117 	EXP 	Created ISIBkg = Rect(__class__=<class 'psychopy.visual.rect.Rect'>, autoDraw=False, autoLog=True, closeShape=True, color=method-wrapper(...), colorSpace='rgb', contrast=None, depth=0.0, fillColor=array([-1, -1, -1]), fillColorSpace='rgb', fillRGB=UNKNOWN, interpolate=True, lineColor=array([-1., -1., -1.]), lineColorSpace='rgb', lineRGB=UNKNOWN, lineWidth=1, name='ISIBkg', opacity=1, ori=0.0, pos=array([0., 0.]), size=array([2., 2.]), units='norm', vertices=ndarray(...), win=Window(...))
41.9583 	EXP 	Created InterSessInstrct = ImageStim(__class__=<class 'psychopy.visual.image.ImageStim'>, autoLog=True, color=array([1., 1., 1.]), colorSpace='rgb', contrast=1.0, depth=-1.0, flipHoriz=False, flipVert=False, image='ExtinctionInstruction.PNG', interpolate=True, mask=None, maskParams=None, name='InterSessInstrct', opacity=1, ori=0.0, pos=array([0., 0.]), size=array([1.8, 1.8]), texRes=128, units='norm', win=Window(...))
42.0115 	EXP 	Created EndTxt = TextStim(__class__=<class 'psychopy.visual.text.TextStim'>, alignHoriz=method-wrapper(...), alignText='center', alignVert=method-wrapper(...), anchorHoriz='center', anchorVert='center', antialias=True, autoLog=True, bold=False, color=array([1., 1., 1.]), colorSpace='rgb', contrast=1.0, depth=0.0, flipHoriz=False, flipVert=False, font='Microsoft YaHei', fontFiles=[], height=0.08, italic=False, languageStyle='LTR', name='EndTxt', opacity=1, ori=0, pos=array([0., 0.]), rgb=UNKNOWN, text='谢谢您的参与！', units='norm', win=Window(...), wrapWidth=1)
42.1105 	EXP 	InstrBkg: autoDraw = True
42.1105 	EXP 	TagFig: autoDraw = True
43.9901 	EXP 	Imported PreCond1.xlsx as conditions, 10 conditions, 3 params
43.9905 	EXP 	Created sequence: random, trialTypes=10, nReps=1, seed=None
43.9907 	EXP 	New trial (rep=0, index=0): {'PicFileName': 'PreCond1\\CS-.PNG', 'TrgCol': 0.4, 'TrgCol2': 0.1}
43.9976 	DATA 	Keypress: space
43.9997 	EXP 	InstrBkg: autoDraw = False
43.9997 	EXP 	TagFig: autoDraw = False
43.9997 	EXP 	imagePreCond: image = 'PreCond1\\CS-.PNG'
43.9997 	EXP 	precondBkg: autoDraw = True
43.9997 	EXP 	imagePreCond: autoDraw = True
44.9964 	EXP 	imagePreCond: autoDraw = False
45.0133 	EXP 	precondBkg: autoDraw = False
45.0133 	EXP 	imagePreCond: autoDraw = False
45.0133 	EXP 	BlankBkg: autoDraw = True
47.3149 	EXP 	New trial (rep=0, index=1): {'PicFileName': 'PreCond1\\CS+.PNG', 'TrgCol': -0.1, 'TrgCol2': -0.1}
47.3295 	EXP 	BlankBkg: autoDraw = False
47.3295 	EXP 	BlankBkg: autoDraw = False
47.3295 	EXP 	imagePreCond: image = 'PreCond1\\CS+.PNG'
47.3295 	EXP 	precondBkg: autoDraw = True
47.3295 	EXP 	imagePreCond: autoDraw = True
48.3125 	EXP 	imagePreCond: autoDraw = False
48.3296 	EXP 	precondBkg: autoDraw = False
48.3296 	EXP 	precondBkg: autoDraw = False
48.3296 	EXP 	imagePreCond: autoDraw = False
48.3296 	EXP 	BlankBkg: autoDraw = True
50.5653 	EXP 	New trial (rep=0, index=2): {'PicFileName': 'PreCond1\\CS-.PNG', 'TrgCol': 0.4, 'TrgCol2': 0.1}
50.5793 	EXP 	BlankBkg: autoDraw = False
50.5793 	EXP 	BlankBkg: autoDraw = False
50.5793 	EXP 	imagePreCond: image = 'PreCond1\\CS-.PNG'
50.5793 	EXP 	precondBkg: autoDraw = True
50.5793 	EXP 	imagePreCond: autoDraw = True
51.5634 	EXP 	imagePreCond: autoDraw = False
51.5795 	EXP 	precondBkg: autoDraw = False
51.5795 	EXP 	precondBkg: autoDraw = False
51.5795 	EXP 	imagePreCond: autoDraw = False
51.5795 	EXP 	BlankBkg: autoDraw = True
53.6810 	EXP 	New trial (rep=0, index=3): {'PicFileName': 'PreCond1\\CS+.PNG', 'TrgCol': -0.1, 'TrgCol2': -0.1}
53.6953 	EXP 	BlankBkg: autoDraw = False
53.6953 	EXP 	BlankBkg: autoDraw = False
53.6953 	EXP 	imagePreCond: image = 'PreCond1\\CS+.PNG'
53.6953 	EXP 	precondBkg: autoDraw = True
53.6953 	EXP 	imagePreCond: autoDraw = True
54.6799 	EXP 	imagePreCond: autoDraw = False
54.6966 	EXP 	precondBkg: autoDraw = False
54.6966 	EXP 	precondBkg: autoDraw = False
54.6966 	EXP 	imagePreCond: autoDraw = False
54.6966 	EXP 	BlankBkg: autoDraw = True
56.8978 	EXP 	New trial (rep=0, index=4): {'PicFileName': 'PreCond1\\CS+.PNG', 'TrgCol': -0.1, 'TrgCol2': -0.1}
56.9123 	EXP 	BlankBkg: autoDraw = False
56.9123 	EXP 	BlankBkg: autoDraw = False
56.9123 	EXP 	imagePreCond: image = 'PreCond1\\CS+.PNG'
56.9123 	EXP 	precondBkg: autoDraw = True
56.9123 	EXP 	imagePreCond: autoDraw = True
57.8950 	EXP 	imagePreCond: autoDraw = False
57.9115 	EXP 	precondBkg: autoDraw = False
57.9115 	EXP 	precondBkg: autoDraw = False
57.9115 	EXP 	imagePreCond: autoDraw = False
57.9115 	EXP 	BlankBkg: autoDraw = True
60.1805 	EXP 	New trial (rep=0, index=5): {'PicFileName': 'PreCond1\\CS+.PNG', 'TrgCol': -0.1, 'TrgCol2': -0.1}
60.1952 	EXP 	BlankBkg: autoDraw = False
60.1952 	EXP 	BlankBkg: autoDraw = False
60.1952 	EXP 	imagePreCond: image = 'PreCond1\\CS+.PNG'
60.1952 	EXP 	precondBkg: autoDraw = True
60.1952 	EXP 	imagePreCond: autoDraw = True
61.1786 	EXP 	imagePreCond: autoDraw = False
61.1952 	EXP 	precondBkg: autoDraw = False
61.1952 	EXP 	precondBkg: autoDraw = False
61.1952 	EXP 	imagePreCond: autoDraw = False
61.1952 	EXP 	BlankBkg: autoDraw = True
63.2802 	EXP 	New trial (rep=0, index=6): {'PicFileName': 'PreCond1\\CS-.PNG', 'TrgCol': 0.4, 'TrgCol2': 0.1}
63.2949 	EXP 	BlankBkg: autoDraw = False
63.2949 	EXP 	BlankBkg: autoDraw = False
63.2949 	EXP 	imagePreCond: image = 'PreCond1\\CS-.PNG'
63.2949 	EXP 	precondBkg: autoDraw = True
63.2949 	EXP 	imagePreCond: autoDraw = True
64.2782 	EXP 	imagePreCond: autoDraw = False
64.2949 	EXP 	precondBkg: autoDraw = False
64.2949 	EXP 	precondBkg: autoDraw = False
64.2949 	EXP 	imagePreCond: autoDraw = False
64.2949 	EXP 	BlankBkg: autoDraw = True
66.6965 	EXP 	New trial (rep=0, index=7): {'PicFileName': 'PreCond1\\CS-.PNG', 'TrgCol': 0.4, 'TrgCol2': 0.1}
66.7113 	EXP 	BlankBkg: autoDraw = False
66.7113 	EXP 	BlankBkg: autoDraw = False
66.7113 	EXP 	imagePreCond: image = 'PreCond1\\CS-.PNG'
66.7113 	EXP 	precondBkg: autoDraw = True
66.7113 	EXP 	imagePreCond: autoDraw = True
67.6946 	EXP 	imagePreCond: autoDraw = False
67.7108 	EXP 	precondBkg: autoDraw = False
67.7108 	EXP 	precondBkg: autoDraw = False
67.7108 	EXP 	imagePreCond: autoDraw = False
67.7108 	EXP 	BlankBkg: autoDraw = True
69.7804 	EXP 	New trial (rep=0, index=8): {'PicFileName': 'PreCond1\\CS+.PNG', 'TrgCol': -0.1, 'TrgCol2': -0.1}
69.7946 	EXP 	BlankBkg: autoDraw = False
69.7946 	EXP 	BlankBkg: autoDraw = False
69.7946 	EXP 	imagePreCond: image = 'PreCond1\\CS+.PNG'
69.7946 	EXP 	precondBkg: autoDraw = True
69.7946 	EXP 	imagePreCond: autoDraw = True
70.7774 	EXP 	imagePreCond: autoDraw = False
70.7940 	EXP 	precondBkg: autoDraw = False
70.7940 	EXP 	precondBkg: autoDraw = False
70.7940 	EXP 	imagePreCond: autoDraw = False
70.7940 	EXP 	BlankBkg: autoDraw = True
73.0455 	EXP 	New trial (rep=0, index=9): {'PicFileName': 'PreCond1\\CS-.PNG', 'TrgCol': 0.4, 'TrgCol2': 0.1}
73.0620 	EXP 	BlankBkg: autoDraw = False
73.0620 	EXP 	BlankBkg: autoDraw = False
73.0620 	EXP 	imagePreCond: image = 'PreCond1\\CS-.PNG'
73.0620 	EXP 	precondBkg: autoDraw = True
73.0620 	EXP 	imagePreCond: autoDraw = True
74.0441 	EXP 	imagePreCond: autoDraw = False
74.0614 	EXP 	precondBkg: autoDraw = False
74.0614 	EXP 	precondBkg: autoDraw = False
74.0614 	EXP 	imagePreCond: autoDraw = False
74.0614 	EXP 	BlankBkg: autoDraw = True
76.4147 	EXP 	BlankBkg: autoDraw = False
76.4147 	EXP 	BlankBkg: autoDraw = False
76.4147 	EXP 	InstrBkg2: autoDraw = True
76.4147 	EXP 	TagFig2: autoDraw = True
83.9231 	EXP 	Imported Conditioning.xlsx as conditions, 20 conditions, 6 params
83.9234 	EXP 	Created sequence: random, trialTypes=20, nReps=1, seed=None
83.9236 	EXP 	New trial (rep=0, index=0): {'CSName': 'Cond1\\CS+.PNG', 'UCSName': 'Cond1\\UCS.PNG', 'SoundName': 'Sound\\1.wav', 'stimType': 'audio', 'TrgCol': -0.1, 'TrgCol2': -0.1}
83.9306 	DATA 	Keypress: space
83.9342 	EXP 	InstrBkg2: autoDraw = False
83.9342 	EXP 	TagFig2: autoDraw = False
83.9342 	EXP 	CS_image: image = 'Cond1\\CS+.PNG'
83.9342 	EXP 	CSBkg: autoDraw = True
83.9342 	EXP 	CS_image: autoDraw = True
85.9427 	EXP 	Sound sound_1 started
85.9423 	EXP 	CSBkg: autoDraw = False
85.9423 	EXP 	CS_image: autoDraw = False
85.9423 	EXP 	UCS_image: image = 'Cond1\\UCS.PNG'
85.9423 	EXP 	UCSBkg: autoDraw = True
85.9423 	EXP 	UCS_image: autoDraw = True
86.9731 	EXP 	Sound sound_1 stopped
86.9807 	EXP 	UCSBkg: autoDraw = False
86.9807 	EXP 	UCS_image: autoDraw = False
86.9807 	EXP 	BlankBkg2: autoDraw = True
88.9944 	EXP 	New trial (rep=0, index=1): {'CSName': 'Cond1\\CS-.PNG', 'UCSName': 'Cond1\\blank.png', 'SoundName': 'Sound\\2.wav', 'stimType': 'visual', 'TrgCol': 0.4, 'TrgCol2': 0.1}
89.0090 	EXP 	BlankBkg2: autoDraw = False
89.0090 	EXP 	BlankBkg2: autoDraw = False
89.0090 	EXP 	CS_image: image = 'Cond1\\CS-.PNG'
89.0090 	EXP 	CSBkg: autoDraw = True
89.0090 	EXP 	CS_image: autoDraw = True
94.6519 	EXP 	Sound sound_1 stopped
94.6820 	EXP 	CSBkg: autoDraw = False
94.6820 	EXP 	CS_image: autoDraw = False
94.6820 	EXP 	CSBkg: autoDraw = False
94.6820 	EXP 	CS_image: autoDraw = False
94.6820 	EXP 	UCS_image: image = 'Cond1\\blank.png'
94.6820 	EXP 	UCSBkg: autoDraw = False
94.6820 	EXP 	UCS_image: autoDraw = False
94.6820 	EXP 	BlankBkg2: autoDraw = True
97.1285 	EXP 	New trial (rep=0, index=2): {'CSName': 'Cond1\\CS+.PNG', 'UCSName': 'Cond1\\UCS.PNG', 'SoundName': 'Sound\\1.wav', 'stimType': 'audio', 'TrgCol': -0.1, 'TrgCol2': -0.1}
97.1414 	EXP 	BlankBkg2: autoDraw = False
97.1414 	EXP 	BlankBkg2: autoDraw = False
97.1414 	EXP 	CS_image: image = 'Cond1\\CS+.PNG'
97.1414 	EXP 	CSBkg: autoDraw = True
97.1414 	EXP 	CS_image: autoDraw = True
99.2444 	EXP 	Sound sound_1 started
99.2429 	EXP 	CSBkg: autoDraw = False
99.2429 	EXP 	CS_image: autoDraw = False
99.2429 	EXP 	CSBkg: autoDraw = False
99.2429 	EXP 	CS_image: autoDraw = False
99.2429 	EXP 	UCS_image: image = 'Cond1\\UCS.PNG'
99.2429 	EXP 	UCSBkg: autoDraw = True
99.2429 	EXP 	UCS_image: autoDraw = True
100.2023 	EXP 	Sound sound_1 stopped
100.2067 	EXP 	UCSBkg: autoDraw = False
100.2067 	EXP 	UCS_image: autoDraw = False
100.2067 	EXP 	BlankBkg2: autoDraw = True
102.3482 	EXP 	New trial (rep=0, index=3): {'CSName': 'Cond1\\CS-.PNG', 'UCSName': 'Cond1\\blank.png', 'SoundName': 'Sound\\2.wav', 'stimType': 'visual', 'TrgCol': 0.4, 'TrgCol2': 0.1}
102.3624 	EXP 	BlankBkg2: autoDraw = False
102.3624 	EXP 	BlankBkg2: autoDraw = False
102.3624 	EXP 	CS_image: image = 'Cond1\\CS-.PNG'
102.3624 	EXP 	CSBkg: autoDraw = True
102.3624 	EXP 	CS_image: autoDraw = True
108.0246 	EXP 	Sound sound_1 stopped
108.0575 	EXP 	CSBkg: autoDraw = False
108.0575 	EXP 	CS_image: autoDraw = False
108.0575 	EXP 	CSBkg: autoDraw = False
108.0575 	EXP 	CS_image: autoDraw = False
108.0575 	EXP 	UCS_image: image = 'Cond1\\blank.png'
108.0575 	EXP 	UCSBkg: autoDraw = False
108.0575 	EXP 	UCS_image: autoDraw = False
108.0575 	EXP 	BlankBkg2: autoDraw = True
110.1256 	EXP 	New trial (rep=0, index=4): {'CSName': 'Cond1\\CS+.PNG', 'UCSName': 'Cond1\\UCS.PNG', 'SoundName': 'Sound\\1.wav', 'stimType': 'audio', 'TrgCol': -0.1, 'TrgCol2': -0.1}
110.1401 	EXP 	BlankBkg2: autoDraw = False
110.1401 	EXP 	BlankBkg2: autoDraw = False
110.1401 	EXP 	CS_image: image = 'Cond1\\CS+.PNG'
110.1401 	EXP 	CSBkg: autoDraw = True
110.1401 	EXP 	CS_image: autoDraw = True
112.2452 	EXP 	Sound sound_1 started
112.2407 	EXP 	CSBkg: autoDraw = False
112.2407 	EXP 	CS_image: autoDraw = False
112.2407 	EXP 	UCS_image: image = 'Cond1\\UCS.PNG'
112.2407 	EXP 	UCSBkg: autoDraw = True
112.2407 	EXP 	UCS_image: autoDraw = True
113.1307 	EXP 	Sound sound_1 stopped
113.1434 	EXP 	UCSBkg: autoDraw = False
113.1434 	EXP 	UCS_image: autoDraw = False
113.1434 	EXP 	BlankBkg2: autoDraw = True
115.1950 	EXP 	New trial (rep=0, index=5): {'CSName': 'Cond1\\CS-.PNG', 'UCSName': 'Cond1\\blank.png', 'SoundName': 'Sound\\2.wav', 'stimType': 'visual', 'TrgCol': 0.4, 'TrgCol2': 0.1}
115.2095 	EXP 	BlankBkg2: autoDraw = False
115.2095 	EXP 	BlankBkg2: autoDraw = False
115.2095 	EXP 	CS_image: image = 'Cond1\\CS-.PNG'
115.2095 	EXP 	CSBkg: autoDraw = True
115.2095 	EXP 	CS_image: autoDraw = True
120.8415 	EXP 	Sound sound_1 stopped
120.8842 	EXP 	CSBkg: autoDraw = False
120.8842 	EXP 	CS_image: autoDraw = False
120.8842 	EXP 	CSBkg: autoDraw = False
120.8842 	EXP 	CS_image: autoDraw = False
120.8842 	EXP 	UCS_image: image = 'Cond1\\blank.png'
120.8842 	EXP 	UCSBkg: autoDraw = False
120.8842 	EXP 	UCS_image: autoDraw = False
120.8842 	EXP 	BlankBkg2: autoDraw = True
122.8871 	EXP 	New trial (rep=0, index=6): {'CSName': 'Cond1\\CS+.PNG', 'UCSName': 'Cond1\\UCS.PNG', 'SoundName': 'Sound\\1.wav', 'stimType': 'audio', 'TrgCol': -0.1, 'TrgCol2': -0.1}
122.9020 	EXP 	BlankBkg2: autoDraw = False
122.9020 	EXP 	BlankBkg2: autoDraw = False
122.9020 	EXP 	CS_image: image = 'Cond1\\CS+.PNG'
122.9020 	EXP 	CSBkg: autoDraw = True
122.9020 	EXP 	CS_image: autoDraw = True
125.0045 	EXP 	Sound sound_1 started
124.9988 	EXP 	CSBkg: autoDraw = False
124.9988 	EXP 	CS_image: autoDraw = False
124.9988 	EXP 	CSBkg: autoDraw = False
124.9988 	EXP 	CS_image: autoDraw = False
124.9988 	EXP 	UCS_image: image = 'Cond1\\UCS.PNG'
124.9988 	EXP 	UCSBkg: autoDraw = True
124.9988 	EXP 	UCS_image: autoDraw = True
125.9799 	EXP 	Sound sound_1 stopped
125.9951 	EXP 	UCSBkg: autoDraw = False
125.9951 	EXP 	UCS_image: autoDraw = False
125.9951 	EXP 	BlankBkg2: autoDraw = True
127.9907 	EXP 	New trial (rep=0, index=7): {'CSName': 'Cond1\\CS-.PNG', 'UCSName': 'Cond1\\blank.png', 'SoundName': 'Sound\\2.wav', 'stimType': 'visual', 'TrgCol': 0.4, 'TrgCol2': 0.1}
128.0113 	EXP 	BlankBkg2: autoDraw = False
128.0113 	EXP 	BlankBkg2: autoDraw = False
128.0113 	EXP 	CS_image: image = 'Cond1\\CS-.PNG'
128.0113 	EXP 	CSBkg: autoDraw = True
128.0113 	EXP 	CS_image: autoDraw = True
133.6612 	EXP 	Sound sound_1 stopped
133.6826 	EXP 	CSBkg: autoDraw = False
133.6826 	EXP 	CS_image: autoDraw = False
133.6826 	EXP 	UCS_image: image = 'Cond1\\blank.png'
133.6826 	EXP 	UCSBkg: autoDraw = False
133.6826 	EXP 	UCS_image: autoDraw = False
133.6826 	EXP 	BlankBkg2: autoDraw = True
135.8519 	EXP 	New trial (rep=0, index=8): {'CSName': 'Cond1\\CS+.PNG', 'UCSName': 'Cond1\\UCS.PNG', 'SoundName': 'Sound\\1.wav', 'stimType': 'audio', 'TrgCol': -0.1, 'TrgCol2': -0.1}
135.8658 	EXP 	BlankBkg2: autoDraw = False
135.8658 	EXP 	BlankBkg2: autoDraw = False
135.8658 	EXP 	CS_image: image = 'Cond1\\CS+.PNG'
135.8658 	EXP 	CSBkg: autoDraw = True
135.8658 	EXP 	CS_image: autoDraw = True
137.9680 	EXP 	Sound sound_1 started
137.9626 	EXP 	CSBkg: autoDraw = False
137.9626 	EXP 	CS_image: autoDraw = False
137.9626 	EXP 	CSBkg: autoDraw = False
137.9626 	EXP 	CS_image: autoDraw = False
137.9626 	EXP 	UCS_image: image = 'Cond1\\UCS.PNG'
137.9626 	EXP 	UCSBkg: autoDraw = True
137.9626 	EXP 	UCS_image: autoDraw = True
138.8903 	EXP 	Sound sound_1 stopped
138.8955 	EXP 	UCSBkg: autoDraw = False
138.8955 	EXP 	UCS_image: autoDraw = False
138.8955 	EXP 	BlankBkg2: autoDraw = True
141.0677 	EXP 	New trial (rep=0, index=9): {'CSName': 'Cond1\\CS-.PNG', 'UCSName': 'Cond1\\blank.png', 'SoundName': 'Sound\\2.wav', 'stimType': 'visual', 'TrgCol': 0.4, 'TrgCol2': 0.1}
141.0820 	EXP 	BlankBkg2: autoDraw = False
141.0820 	EXP 	BlankBkg2: autoDraw = False
141.0820 	EXP 	CS_image: image = 'Cond1\\CS-.PNG'
141.0820 	EXP 	CSBkg: autoDraw = True
141.0820 	EXP 	CS_image: autoDraw = True
146.7183 	EXP 	Sound sound_1 stopped
146.7264 	EXP 	CSBkg: autoDraw = False
146.7264 	EXP 	CS_image: autoDraw = False
146.7264 	EXP 	CSBkg: autoDraw = False
146.7264 	EXP 	CS_image: autoDraw = False
146.7264 	EXP 	UCS_image: image = 'Cond1\\blank.png'
146.7264 	EXP 	UCSBkg: autoDraw = False
146.7264 	EXP 	UCS_image: autoDraw = False
146.7264 	EXP 	BlankBkg2: autoDraw = True
149.0280 	EXP 	New trial (rep=0, index=10): {'CSName': 'Cond1\\CS-.PNG', 'UCSName': 'Cond1\\blank.png', 'SoundName': 'Sound\\2.wav', 'stimType': 'visual', 'TrgCol': 0.4, 'TrgCol2': 0.1}
149.0433 	EXP 	BlankBkg2: autoDraw = False
149.0433 	EXP 	BlankBkg2: autoDraw = False
149.0433 	EXP 	CS_image: image = 'Cond1\\CS-.PNG'
149.0433 	EXP 	CSBkg: autoDraw = True
149.0433 	EXP 	CS_image: autoDraw = True
152.0282 	EXP 	Sound sound_1 stopped
152.0668 	EXP 	CSBkg: autoDraw = False
152.0668 	EXP 	CS_image: autoDraw = False
152.0668 	EXP 	CSBkg: autoDraw = False
152.0668 	EXP 	CS_image: autoDraw = False
152.0668 	EXP 	UCS_image: image = 'Cond1\\blank.png'
152.0668 	EXP 	UCSBkg: autoDraw = False
152.0668 	EXP 	UCS_image: autoDraw = False
152.0668 	EXP 	BlankBkg2: autoDraw = True
154.3883 	EXP 	New trial (rep=0, index=11): {'CSName': 'Cond1\\CS+.PNG', 'UCSName': 'Cond1\\blank.png', 'SoundName': 'Sound\\2.wav', 'stimType': 'visual', 'TrgCol': 0, 'TrgCol2': 0}
154.4028 	EXP 	BlankBkg2: autoDraw = False
154.4028 	EXP 	BlankBkg2: autoDraw = False
154.4028 	EXP 	CS_image: image = 'Cond1\\CS+.PNG'
154.4028 	EXP 	CSBkg: autoDraw = True
154.4028 	EXP 	CS_image: autoDraw = True
157.4000 	EXP 	Sound sound_1 stopped
157.4222 	EXP 	CSBkg: autoDraw = False
157.4222 	EXP 	CS_image: autoDraw = False
157.4222 	EXP 	CSBkg: autoDraw = False
157.4222 	EXP 	CS_image: autoDraw = False
157.4222 	EXP 	UCS_image: image = 'Cond1\\blank.png'
157.4222 	EXP 	UCSBkg: autoDraw = False
157.4222 	EXP 	UCS_image: autoDraw = False
157.4222 	EXP 	BlankBkg2: autoDraw = True
159.6767 	EXP 	New trial (rep=0, index=12): {'CSName': 'Cond1\\CS-.PNG', 'UCSName': 'Cond1\\blank.png', 'SoundName': 'Sound\\2.wav', 'stimType': 'visual', 'TrgCol': 0.4, 'TrgCol2': 0.1}
159.6914 	EXP 	BlankBkg2: autoDraw = False
159.6914 	EXP 	BlankBkg2: autoDraw = False
159.6914 	EXP 	CS_image: image = 'Cond1\\CS-.PNG'
159.6914 	EXP 	CSBkg: autoDraw = True
159.6914 	EXP 	CS_image: autoDraw = True
162.6927 	EXP 	Sound sound_1 stopped
162.7642 	EXP 	CSBkg: autoDraw = False
162.7642 	EXP 	CS_image: autoDraw = False
162.7642 	EXP 	CSBkg: autoDraw = False
162.7642 	EXP 	CS_image: autoDraw = False
162.7642 	EXP 	UCS_image: image = 'Cond1\\blank.png'
162.7642 	EXP 	UCSBkg: autoDraw = False
162.7642 	EXP 	UCS_image: autoDraw = False
162.7642 	EXP 	BlankBkg2: autoDraw = True
165.2150 	EXP 	New trial (rep=0, index=13): {'CSName': 'Cond1\\CS+.PNG', 'UCSName': 'Cond1\\UCS.PNG', 'SoundName': 'Sound\\1.wav', 'stimType': 'audio', 'TrgCol': -0.1, 'TrgCol2': -0.1}
165.2289 	EXP 	BlankBkg2: autoDraw = False
165.2289 	EXP 	BlankBkg2: autoDraw = False
165.2289 	EXP 	CS_image: image = 'Cond1\\CS+.PNG'
165.2289 	EXP 	CSBkg: autoDraw = True
165.2289 	EXP 	CS_image: autoDraw = True
165.6660 	DATA 	Keypress: escape
165.9707 	EXP 	window1: mouseVisible = True
