2.9720 	WARNING 	Font Manager failed to load file C:\WINDOWS\Fonts\方正粗黑宋简体.ttf
3.2537 	WARNING 	Font Manager failed to load file C:\Windows\Fonts\方正粗黑宋简体.ttf
3.7902 	WARNING 	Font Manager failed to load file C:\WINDOWS\Fonts\方正粗黑宋简体.ttf
4.0705 	WARNING 	Font Manager failed to load file C:\Windows\Fonts\方正粗黑宋简体.ttf
164.6802 	EXP 	Created window1 = Window(allowGUI=True, allowStencil=False, autoLog=True, backendConf=UNKNOWN, bitsMode=UNKNOWN, blendMode='avg', bpc=(8, 8, 8), color=array([0, 0, 0]), colorSpace='rgb', depthBits=8, fullscr=<method-wrapper '__getattribute__' of attributeSetter object at 0x00000209BCEFFDD8>, gamma=None, gammaErrorPolicy='raise', lms=UNKNOWN, monitor=<psychopy.monitors.calibTools.Monitor object at 0x00000209BD0622B0>, multiSample=False, name='window1', numSamples=2, pos=[0.0, 0.0], screen=0, size=array([1920, 1080]), stencilBits=0, stereo=False, units='norm', useFBO=True, useRetina=False, viewOri=0.0, viewPos=None, viewScale=None, waitBlanking=True, winType='pyglet')
164.6802 	EXP 	window1: mouseVisible = True
164.6803 	EXP 	window1: recordFrameIntervals = False
164.8466 	EXP 	window1: recordFrameIntervals = True
165.0306 	EXP 	window1: recordFrameIntervals = False
165.5749 	EXP 	Created InstrBkg = Rect(__class__=<class 'psychopy.visual.rect.Rect'>, autoDraw=False, autoLog=True, closeShape=True, color=method-wrapper(...), colorSpace='rgb', contrast=None, depth=0.0, fillColor=array([-1, -1, -1]), fillColorSpace='rgb', fillRGB=UNKNOWN, interpolate=True, lineColor=array([-1., -1., -1.]), lineColorSpace='rgb', lineRGB=UNKNOWN, lineWidth=1, name='InstrBkg', opacity=1, ori=0.0, pos=array([0., 0.]), size=array([2., 2.]), units='norm', vertices=ndarray(...), win=Window(...))
172.8344 	EXP 	Created TagFig = ImageStim(__class__=<class 'psychopy.visual.image.ImageStim'>, autoLog=True, color=array([1., 1., 1.]), colorSpace='rgb', contrast=1.0, depth=-1.0, flipHoriz=False, flipVert=False, image='InstructionPreCond.PNG', interpolate=True, mask=None, maskParams=None, name='TagFig', opacity=1, ori=0.0, pos=array([0., 0.]), size=array([1.8, 1.8]), texRes=128, units='norm', win=Window(...))
172.8357 	EXP 	Created precondBkg = Rect(__class__=<class 'psychopy.visual.rect.Rect'>, autoDraw=False, autoLog=True, closeShape=True, color=method-wrapper(...), colorSpace='rgb', contrast=None, depth=0.0, fillColor=array([-1, -1, -1]), fillColorSpace='rgb', fillRGB=UNKNOWN, interpolate=True, lineColor=array([-1., -1., -1.]), lineColorSpace='rgb', lineRGB=UNKNOWN, lineWidth=1.0, name='precondBkg', opacity=1.0, ori=0.0, pos=array([0., 0.]), size=array([2., 2.]), units='norm', vertices=ndarray(...), win=Window(...))
172.9051 	EXP 	Created imagePreCond = ImageStim(__class__=<class 'psychopy.visual.image.ImageStim'>, autoLog=True, color=array([1., 1., 1.]), colorSpace='rgb', contrast=1.0, depth=-1.0, flipHoriz=False, flipVert=False, image='sin', interpolate=True, mask=None, maskParams=None, name='imagePreCond', opacity=1, ori=0.0, pos=array([0., 0.]), size=array([0.5, 1. ]), texRes=128, units='norm', win=Window(...))
172.9067 	EXP 	Created BlankBkg = Rect(__class__=<class 'psychopy.visual.rect.Rect'>, autoDraw=False, autoLog=True, closeShape=True, color=method-wrapper(...), colorSpace='rgb', contrast=None, depth=0.0, fillColor=array([-1, -1, -1]), fillColorSpace='rgb', fillRGB=UNKNOWN, interpolate=True, lineColor=array([-1., -1., -1.]), lineColorSpace='rgb', lineRGB=UNKNOWN, lineWidth=1, name='BlankBkg', opacity=1, ori=0.0, pos=array([0., 0.]), size=array([2., 2.]), units='norm', vertices=ndarray(...), win=Window(...))
172.9080 	EXP 	Created Bkg = Rect(__class__=<class 'psychopy.visual.rect.Rect'>, autoDraw=False, autoLog=True, closeShape=True, color=method-wrapper(...), colorSpace='rgb', contrast=None, depth=0.0, fillColor=array([-1, -1, -1]), fillColorSpace='rgb', fillRGB=UNKNOWN, interpolate=True, lineColor=array([-1., -1., -1.]), lineColorSpace='rgb', lineRGB=UNKNOWN, lineWidth=1.0, name='Bkg', opacity=1.0, ori=0.0, pos=array([0., 0.]), size=array([2., 2.]), units='norm', vertices=ndarray(...), win=Window(...))
172.9125 	EXP 	Created image = ImageStim(__class__=<class 'psychopy.visual.image.ImageStim'>, autoLog=True, color=array([1., 1., 1.]), colorSpace='rgb', contrast=1.0, depth=-1.0, flipHoriz=False, flipVert=False, image='sin', interpolate=True, mask=None, maskParams=None, name='image', opacity=1, ori=0.0, pos=array([0., 0.]), size=array([1.8, 1.8]), texRes=128.0, units='norm', win=Window(...))
172.9205 	EXP 	window1: mouseVisible = True
173.2622 	EXP 	Created Scale = Slider(__class__=<class 'psychopy.visual.slider.Slider'>, autoDraw=False, autoLog=True, borderColor=None, color=None, colorSpace='rgb', depth=-2, fillColor=None, flip=False, font='Open Sans', granularity=0.0, labelHeight=0.05, labelWrapWidth=None, labels=list(...), name='Scale', opacity=None, pos=(0, -0.6), readOnly=False, self=UNKNOWN, size=(1.2, 0.05), startValue=None, style=method-wrapper(...), styleTweaks=method-wrapper(...), ticks=array([ 1,  2,  3,  4,  5,  6,  7,  8,  9, 10]), units='norm', win=Window(...))
173.2666 	EXP 	Created InstrBkg2 = Rect(__class__=<class 'psychopy.visual.rect.Rect'>, autoDraw=False, autoLog=True, closeShape=True, color=method-wrapper(...), colorSpace='rgb', contrast=None, depth=0.0, fillColor=array([-1, -1, -1]), fillColorSpace='rgb', fillRGB=UNKNOWN, interpolate=True, lineColor=array([-1., -1., -1.]), lineColorSpace='rgb', lineRGB=UNKNOWN, lineWidth=1.0, name='InstrBkg2', opacity=1.0, ori=0.0, pos=array([0., 0.]), size=array([2., 2.]), units='norm', vertices=ndarray(...), win=Window(...))
180.3448 	EXP 	Created TagFig2 = ImageStim(__class__=<class 'psychopy.visual.image.ImageStim'>, autoLog=True, color=array([1., 1., 1.]), colorSpace='rgb', contrast=1.0, depth=-1.0, flipHoriz=False, flipVert=False, image='InstructionCond.PNG', interpolate=True, mask=None, maskParams=None, name='TagFig2', opacity=1, ori=0.0, pos=array([0., 0.]), size=array([1.8, 1.8]), texRes=128.0, units='norm', win=Window(...))
180.3462 	EXP 	Created CSBkg = Rect(__class__=<class 'psychopy.visual.rect.Rect'>, autoDraw=False, autoLog=True, closeShape=True, color=method-wrapper(...), colorSpace='rgb', contrast=None, depth=0.0, fillColor=array([-1, -1, -1]), fillColorSpace='rgb', fillRGB=UNKNOWN, interpolate=True, lineColor=array([-1., -1., -1.]), lineColorSpace='rgb', lineRGB=UNKNOWN, lineWidth=1.0, name='CSBkg', opacity=1.0, ori=0.0, pos=array([0., 0.]), size=array([2., 2.]), units='norm', vertices=ndarray(...), win=Window(...))
180.4435 	EXP 	Created CS_image = ImageStim(__class__=<class 'psychopy.visual.image.ImageStim'>, autoLog=True, color=array([1., 1., 1.]), colorSpace='rgb', contrast=1.0, depth=-1.0, flipHoriz=False, flipVert=False, image='sin', interpolate=True, mask=None, maskParams=None, name='CS_image', opacity=1, ori=0.0, pos=array([0., 0.]), size=array([0.5, 1. ]), texRes=128.0, units='norm', win=Window(...))
180.4448 	EXP 	Created UCSBkg = Rect(__class__=<class 'psychopy.visual.rect.Rect'>, autoDraw=False, autoLog=True, closeShape=True, color=method-wrapper(...), colorSpace='rgb', contrast=None, depth=0.0, fillColor=array([-1, -1, -1]), fillColorSpace='rgb', fillRGB=UNKNOWN, interpolate=True, lineColor=array([-1., -1., -1.]), lineColorSpace='rgb', lineRGB=UNKNOWN, lineWidth=1.0, name='UCSBkg', opacity=1.0, ori=0.0, pos=array([0., 0.]), size=array([2., 2.]), units='norm', vertices=ndarray(...), win=Window(...))
180.4488 	EXP 	Created UCS_image = ImageStim(__class__=<class 'psychopy.visual.image.ImageStim'>, autoLog=True, color=array([1., 1., 1.]), colorSpace='rgb', contrast=1.0, depth=-1.0, flipHoriz=False, flipVert=False, image='sin', interpolate=True, mask=None, maskParams=None, name='UCS_image', opacity=1, ori=0.0, pos=array([0., 0.]), size=array([0.5, 1. ]), texRes=128.0, units='norm', win=Window(...))
180.8191 	EXP 	Sound sound_1 set volume 1.000
180.8216 	EXP 	Created BlankBkg = Rect(__class__=<class 'psychopy.visual.rect.Rect'>, autoDraw=False, autoLog=True, closeShape=True, color=method-wrapper(...), colorSpace='rgb', contrast=None, depth=0.0, fillColor=array([-1, -1, -1]), fillColorSpace='rgb', fillRGB=UNKNOWN, interpolate=True, lineColor=array([-1., -1., -1.]), lineColorSpace='rgb', lineRGB=UNKNOWN, lineWidth=1, name='BlankBkg', opacity=1, ori=0.0, pos=array([0., 0.]), size=array([2., 2.]), units='norm', vertices=ndarray(...), win=Window(...))
180.8229 	EXP 	Created Bkg = Rect(__class__=<class 'psychopy.visual.rect.Rect'>, autoDraw=False, autoLog=True, closeShape=True, color=method-wrapper(...), colorSpace='rgb', contrast=None, depth=0.0, fillColor=array([-1, -1, -1]), fillColorSpace='rgb', fillRGB=UNKNOWN, interpolate=True, lineColor=array([-1., -1., -1.]), lineColorSpace='rgb', lineRGB=UNKNOWN, lineWidth=1.0, name='Bkg', opacity=1.0, ori=0.0, pos=array([0., 0.]), size=array([2., 2.]), units='norm', vertices=ndarray(...), win=Window(...))
180.8286 	EXP 	Created image = ImageStim(__class__=<class 'psychopy.visual.image.ImageStim'>, autoLog=True, color=array([1., 1., 1.]), colorSpace='rgb', contrast=1.0, depth=-1.0, flipHoriz=False, flipVert=False, image='sin', interpolate=True, mask=None, maskParams=None, name='image', opacity=1, ori=0.0, pos=array([0., 0.]), size=array([1.8, 1.8]), texRes=128.0, units='norm', win=Window(...))
180.8348 	EXP 	window1: mouseVisible = True
180.8577 	EXP 	Created Scale = Slider(__class__=<class 'psychopy.visual.slider.Slider'>, autoDraw=False, autoLog=True, borderColor=None, color=None, colorSpace='rgb', depth=-2, fillColor=None, flip=False, font='Open Sans', granularity=0.0, labelHeight=0.05, labelWrapWidth=None, labels=list(...), name='Scale', opacity=None, pos=(0, -0.6), readOnly=False, self=UNKNOWN, size=(1.2, 0.05), startValue=None, style=method-wrapper(...), styleTweaks=method-wrapper(...), ticks=array([ 1,  2,  3,  4,  5,  6,  7,  8,  9, 10]), units='norm', win=Window(...))
180.8627 	EXP 	Created InstrBkg3 = Rect(__class__=<class 'psychopy.visual.rect.Rect'>, autoDraw=False, autoLog=True, closeShape=True, color=method-wrapper(...), colorSpace='rgb', contrast=None, depth=0.0, fillColor=array([-1, -1, -1]), fillColorSpace='rgb', fillRGB=UNKNOWN, interpolate=True, lineColor=array([-1., -1., -1.]), lineColorSpace='rgb', lineRGB=UNKNOWN, lineWidth=1.0, name='InstrBkg3', opacity=1.0, ori=0.0, pos=array([0., 0.]), size=array([2., 2.]), units='norm', vertices=ndarray(...), win=Window(...))
187.9898 	EXP 	Created TagFig3 = ImageStim(__class__=<class 'psychopy.visual.image.ImageStim'>, autoLog=True, color=array([1., 1., 1.]), colorSpace='rgb', contrast=1.0, depth=-1.0, flipHoriz=False, flipVert=False, image='InstructionExtinction.PNG', interpolate=True, mask=None, maskParams=None, name='TagFig3', opacity=1, ori=0.0, pos=array([0., 0.]), size=array([1.8, 1.8]), texRes=128.0, units='norm', win=Window(...))
187.9911 	EXP 	Created ExtBkg = Rect(__class__=<class 'psychopy.visual.rect.Rect'>, autoDraw=False, autoLog=True, closeShape=True, color=method-wrapper(...), colorSpace='rgb', contrast=None, depth=0.0, fillColor=array([-1, -1, -1]), fillColorSpace='rgb', fillRGB=UNKNOWN, interpolate=True, lineColor=array([-1., -1., -1.]), lineColorSpace='rgb', lineRGB=UNKNOWN, lineWidth=1.0, name='ExtBkg', opacity=1.0, ori=0.0, pos=array([0., 0.]), size=array([2., 2.]), units='norm', vertices=ndarray(...), win=Window(...))
188.1064 	EXP 	Created Ext_image = ImageStim(__class__=<class 'psychopy.visual.image.ImageStim'>, autoLog=True, color=array([1., 1., 1.]), colorSpace='rgb', contrast=1.0, depth=-1.0, flipHoriz=False, flipVert=False, image='sin', interpolate=True, mask=None, maskParams=None, name='Ext_image', opacity=1, ori=0.0, pos=array([0., 0.]), size=array([0.5, 1. ]), texRes=128.0, units='norm', win=Window(...))
188.1077 	EXP 	Created BlankBkg = Rect(__class__=<class 'psychopy.visual.rect.Rect'>, autoDraw=False, autoLog=True, closeShape=True, color=method-wrapper(...), colorSpace='rgb', contrast=None, depth=0.0, fillColor=array([-1, -1, -1]), fillColorSpace='rgb', fillRGB=UNKNOWN, interpolate=True, lineColor=array([-1., -1., -1.]), lineColorSpace='rgb', lineRGB=UNKNOWN, lineWidth=1, name='BlankBkg', opacity=1, ori=0.0, pos=array([0., 0.]), size=array([2., 2.]), units='norm', vertices=ndarray(...), win=Window(...))
188.1091 	EXP 	Created Bkg = Rect(__class__=<class 'psychopy.visual.rect.Rect'>, autoDraw=False, autoLog=True, closeShape=True, color=method-wrapper(...), colorSpace='rgb', contrast=None, depth=0.0, fillColor=array([-1, -1, -1]), fillColorSpace='rgb', fillRGB=UNKNOWN, interpolate=True, lineColor=array([-1., -1., -1.]), lineColorSpace='rgb', lineRGB=UNKNOWN, lineWidth=1.0, name='Bkg', opacity=1.0, ori=0.0, pos=array([0., 0.]), size=array([2., 2.]), units='norm', vertices=ndarray(...), win=Window(...))
188.1147 	EXP 	Created image = ImageStim(__class__=<class 'psychopy.visual.image.ImageStim'>, autoLog=True, color=array([1., 1., 1.]), colorSpace='rgb', contrast=1.0, depth=-1.0, flipHoriz=False, flipVert=False, image='sin', interpolate=True, mask=None, maskParams=None, name='image', opacity=1, ori=0.0, pos=array([0., 0.]), size=array([1.8, 1.8]), texRes=128.0, units='norm', win=Window(...))
188.1207 	EXP 	window1: mouseVisible = True
188.1432 	EXP 	Created Scale = Slider(__class__=<class 'psychopy.visual.slider.Slider'>, autoDraw=False, autoLog=True, borderColor=None, color=None, colorSpace='rgb', depth=-2, fillColor=None, flip=False, font='Open Sans', granularity=0.0, labelHeight=0.05, labelWrapWidth=None, labels=list(...), name='Scale', opacity=None, pos=(0, -0.6), readOnly=False, self=UNKNOWN, size=(1.2, 0.05), startValue=None, style=method-wrapper(...), styleTweaks=method-wrapper(...), ticks=array([ 1,  2,  3,  4,  5,  6,  7,  8,  9, 10]), units='norm', win=Window(...))
188.1610 	EXP 	Created EndTxt = TextStim(__class__=<class 'psychopy.visual.text.TextStim'>, alignHoriz=method-wrapper(...), alignText='center', alignVert=method-wrapper(...), anchorHoriz='center', anchorVert='center', antialias=True, autoLog=True, bold=False, color=array([1., 1., 1.]), colorSpace='rgb', contrast=1.0, depth=0.0, flipHoriz=False, flipVert=False, font='Microsoft YaHei', fontFiles=[], height=0.08, italic=False, languageStyle='LTR', name='EndTxt', opacity=1, ori=0, pos=array([0., 0.]), rgb=UNKNOWN, text='谢谢您的参与！', units='norm', win=Window(...), wrapWidth=1)
188.1860 	EXP 	Created sequence: sequential, trialTypes=1, nReps=3, seed=None
188.1865 	EXP 	New trial (rep=0, index=0): None
188.2632 	EXP 	Scale: autoLog = True
188.2632 	EXP 	Scale: markerPos = None
188.2632 	EXP 	Scale: rating = None
188.2632 	EXP 	Scale: markerPos = None
188.2632 	EXP 	Scale: contrast = 1.0
188.2632 	EXP 	Scale: autoLog = True
188.2632 	EXP 	Scale: styleTweaks = []
188.2632 	EXP 	Scale: style = 'rating'
188.2632 	EXP 	Scale: styleTweaks = []
188.2632 	EXP 	Scale: autoLog = True
188.2632 	EXP 	Scale: markerPos = None
188.2632 	EXP 	Scale: rating = None
188.2632 	EXP 	Scale: markerPos = None
188.2632 	EXP 	Scale: contrast = 1.0
188.2632 	EXP 	Scale: autoLog = True
188.2632 	EXP 	Scale: styleTweaks = []
188.2632 	EXP 	Scale: style = 'rating'
188.2632 	EXP 	Scale: styleTweaks = []
188.2632 	EXP 	Scale: autoLog = True
188.2632 	EXP 	Scale: markerPos = None
188.2632 	EXP 	Scale: rating = None
188.2632 	EXP 	Scale: markerPos = None
188.2632 	EXP 	Scale: contrast = 1.0
188.2632 	EXP 	Scale: autoLog = True
188.2632 	EXP 	Scale: styleTweaks = []
188.2632 	EXP 	Scale: style = 'rating'
188.2632 	EXP 	Scale: styleTweaks = []
188.2632 	EXP 	InstrBkg: autoDraw = True
188.2632 	EXP 	TagFig: autoDraw = True
211.5791 	EXP 	Imported PreCondition1.xlsx as conditions, 10 conditions, 2 params
211.5794 	EXP 	Created sequence: random, trialTypes=10, nReps=1, seed=None
211.5796 	EXP 	New trial (rep=0, index=0): {'PreCondName': 'PreCondition\\CS-1.BMP', 'TrgCol': 0.4}
211.5979 	DATA 	Keypress: space
211.6003 	EXP 	InstrBkg: autoDraw = False
211.6003 	EXP 	TagFig: autoDraw = False
211.6003 	EXP 	imagePreCond: image = 'PreCondition\\CS-1.BMP'
211.6003 	EXP 	precondBkg: autoDraw = True
211.6003 	EXP 	imagePreCond: autoDraw = True
213.6031 	EXP 	precondBkg: autoDraw = False
213.6031 	EXP 	imagePreCond: autoDraw = False
213.6031 	EXP 	BlankBkg: autoDraw = True
214.7544 	EXP 	New trial (rep=0, index=1): {'PreCondName': 'PreCondition\\CS-1.BMP', 'TrgCol': 0.4}
214.7687 	EXP 	BlankBkg: autoDraw = False
214.7687 	EXP 	BlankBkg: autoDraw = False
214.7687 	EXP 	imagePreCond: image = 'PreCondition\\CS-1.BMP'
214.7687 	EXP 	precondBkg: autoDraw = True
214.7687 	EXP 	imagePreCond: autoDraw = True
216.7527 	EXP 	imagePreCond: autoDraw = False
216.7694 	EXP 	precondBkg: autoDraw = False
216.7694 	EXP 	precondBkg: autoDraw = False
216.7694 	EXP 	imagePreCond: autoDraw = False
216.7694 	EXP 	BlankBkg: autoDraw = True
217.9386 	EXP 	New trial (rep=0, index=2): {'PreCondName': 'PreCondition\\CS+1.BMP', 'TrgCol': -0.1}
217.9672 	EXP 	BlankBkg: autoDraw = False
217.9672 	EXP 	BlankBkg: autoDraw = False
217.9672 	EXP 	imagePreCond: image = 'PreCondition\\CS+1.BMP'
217.9672 	EXP 	precondBkg: autoDraw = True
217.9672 	EXP 	imagePreCond: autoDraw = True
219.9690 	EXP 	precondBkg: autoDraw = False
219.9690 	EXP 	imagePreCond: autoDraw = False
219.9690 	EXP 	BlankBkg: autoDraw = True
221.1875 	EXP 	New trial (rep=0, index=3): {'PreCondName': 'PreCondition\\CS+1.BMP', 'TrgCol': -0.1}
221.2016 	EXP 	BlankBkg: autoDraw = False
221.2016 	EXP 	BlankBkg: autoDraw = False
221.2016 	EXP 	imagePreCond: image = 'PreCondition\\CS+1.BMP'
221.2016 	EXP 	precondBkg: autoDraw = True
221.2016 	EXP 	imagePreCond: autoDraw = True
223.2021 	EXP 	precondBkg: autoDraw = False
223.2021 	EXP 	imagePreCond: autoDraw = False
223.2021 	EXP 	precondBkg: autoDraw = False
223.2021 	EXP 	imagePreCond: autoDraw = False
223.2021 	EXP 	BlankBkg: autoDraw = True
224.3877 	EXP 	New trial (rep=0, index=4): {'PreCondName': 'PreCondition\\CS-1.BMP', 'TrgCol': 0.4}
224.4142 	EXP 	BlankBkg: autoDraw = False
224.4142 	EXP 	BlankBkg: autoDraw = False
224.4142 	EXP 	imagePreCond: image = 'PreCondition\\CS-1.BMP'
224.4142 	EXP 	precondBkg: autoDraw = True
224.4142 	EXP 	imagePreCond: autoDraw = True
226.4017 	EXP 	imagePreCond: autoDraw = False
226.4183 	EXP 	precondBkg: autoDraw = False
226.4183 	EXP 	imagePreCond: autoDraw = False
226.4183 	EXP 	BlankBkg: autoDraw = True
227.5877 	EXP 	New trial (rep=0, index=5): {'PreCondName': 'PreCondition\\CS-1.BMP', 'TrgCol': 0.4}
227.6010 	EXP 	BlankBkg: autoDraw = False
227.6010 	EXP 	BlankBkg: autoDraw = False
227.6010 	EXP 	imagePreCond: image = 'PreCondition\\CS-1.BMP'
227.6010 	EXP 	precondBkg: autoDraw = True
227.6010 	EXP 	imagePreCond: autoDraw = True
229.6006 	EXP 	precondBkg: autoDraw = False
229.6006 	EXP 	imagePreCond: autoDraw = False
229.6006 	EXP 	precondBkg: autoDraw = False
229.6006 	EXP 	imagePreCond: autoDraw = False
229.6006 	EXP 	BlankBkg: autoDraw = True
230.7700 	EXP 	New trial (rep=0, index=6): {'PreCondName': 'PreCondition\\CS-1.BMP', 'TrgCol': 0.4}
230.7841 	EXP 	BlankBkg: autoDraw = False
230.7841 	EXP 	BlankBkg: autoDraw = False
230.7841 	EXP 	imagePreCond: image = 'PreCondition\\CS-1.BMP'
230.7841 	EXP 	precondBkg: autoDraw = True
230.7841 	EXP 	imagePreCond: autoDraw = True
232.7840 	EXP 	precondBkg: autoDraw = False
232.7840 	EXP 	imagePreCond: autoDraw = False
232.7840 	EXP 	precondBkg: autoDraw = False
232.7840 	EXP 	imagePreCond: autoDraw = False
232.7840 	EXP 	BlankBkg: autoDraw = True
233.9522 	EXP 	New trial (rep=0, index=7): {'PreCondName': 'PreCondition\\CS+1.BMP', 'TrgCol': -0.1}
233.9747 	EXP 	BlankBkg: autoDraw = False
233.9747 	EXP 	BlankBkg: autoDraw = False
233.9747 	EXP 	imagePreCond: image = 'PreCondition\\CS+1.BMP'
233.9747 	EXP 	precondBkg: autoDraw = True
233.9747 	EXP 	imagePreCond: autoDraw = True
235.9671 	EXP 	imagePreCond: autoDraw = False
235.9838 	EXP 	precondBkg: autoDraw = False
235.9838 	EXP 	imagePreCond: autoDraw = False
235.9838 	EXP 	BlankBkg: autoDraw = True
237.0523 	EXP 	New trial (rep=0, index=8): {'PreCondName': 'PreCondition\\CS+1.BMP', 'TrgCol': -0.1}
237.0664 	EXP 	BlankBkg: autoDraw = False
237.0664 	EXP 	BlankBkg: autoDraw = False
237.0664 	EXP 	imagePreCond: image = 'PreCondition\\CS+1.BMP'
237.0664 	EXP 	precondBkg: autoDraw = True
237.0664 	EXP 	imagePreCond: autoDraw = True
239.0496 	EXP 	imagePreCond: autoDraw = False
239.0669 	EXP 	precondBkg: autoDraw = False
239.0669 	EXP 	precondBkg: autoDraw = False
239.0669 	EXP 	imagePreCond: autoDraw = False
239.0669 	EXP 	BlankBkg: autoDraw = True
240.1683 	EXP 	New trial (rep=0, index=9): {'PreCondName': 'PreCondition\\CS+1.BMP', 'TrgCol': -0.1}
240.1829 	EXP 	BlankBkg: autoDraw = False
240.1829 	EXP 	BlankBkg: autoDraw = False
240.1829 	EXP 	imagePreCond: image = 'PreCondition\\CS+1.BMP'
240.1829 	EXP 	precondBkg: autoDraw = True
240.1829 	EXP 	imagePreCond: autoDraw = True
242.1669 	EXP 	imagePreCond: autoDraw = False
242.1834 	EXP 	precondBkg: autoDraw = False
242.1834 	EXP 	precondBkg: autoDraw = False
242.1834 	EXP 	imagePreCond: autoDraw = False
242.1834 	EXP 	BlankBkg: autoDraw = True
243.3016 	EXP 	Imported Rating1.xlsx as conditions, 2 conditions, 2 params
243.3019 	EXP 	Created sequence: sequential, trialTypes=2, nReps=1, seed=None
243.3021 	EXP 	New trial (rep=0, index=0): {'ratingName': 'Rating\\ratingCS+1.png', 'TrgCol': -0.1}
247.3493 	EXP 	BlankBkg: autoDraw = False
247.3493 	EXP 	BlankBkg: autoDraw = False
247.3493 	EXP 	image: image = 'Rating\\ratingCS+1.png'
247.3493 	EXP 	Scale: markerPos = None
247.3493 	EXP 	Scale: markerPos = None
247.3493 	EXP 	Scale: rating = None
247.3493 	EXP 	Bkg: autoDraw = True
247.3493 	EXP 	image: autoDraw = True
247.3493 	EXP 	Scale: autoDraw = True
250.5858 	DATA 	Mouse: Left button down, pos=(455,215)
250.5988 	EXP 	Scale: markerPos = 1.5546875000000002
250.6153 	EXP 	Scale: markerPos = 1.5546875000000002
250.6324 	EXP 	Scale: markerPos = 1.5546875000000002
250.6489 	EXP 	Scale: markerPos = 1.5546875000000002
250.6656 	EXP 	Scale: markerPos = 1.5546875000000002
250.6819 	EXP 	Scale: markerPos = 1.5546875000000002
250.6987 	EXP 	Scale: markerPos = 1.5546875000000002
250.7084 	DATA 	Mouse:  Left button up, pos=(455,215)
250.7154 	EXP 	Scale: markerPos = 1.5546875000000002
250.7327 	EXP 	Scale: markerPos = 1.5546875000000002
250.7327 	EXP 	Scale: rating = 1.5546875000000002
250.7371 	EXP 	New trial (rep=0, index=1): {'ratingName': 'Rating\\ratingCS-1.png', 'TrgCol': 0.4}
252.4302 	EXP 	Bkg: autoDraw = False
252.4302 	EXP 	image: autoDraw = False
252.4302 	EXP 	Scale: autoDraw = False
252.4302 	EXP 	image: image = 'Rating\\ratingCS-1.png'
252.4302 	EXP 	Scale: markerPos = None
252.4302 	EXP 	Scale: markerPos = None
252.4302 	EXP 	Scale: rating = None
252.4302 	EXP 	Bkg: autoDraw = True
252.4302 	EXP 	image: autoDraw = True
252.4302 	EXP 	Scale: autoDraw = True
253.4543 	DATA 	Mouse: Left button down, pos=(442,208)
253.4676 	EXP 	Scale: markerPos = 1.453125
253.4843 	EXP 	Scale: markerPos = 1.453125
253.5010 	EXP 	Scale: markerPos = 1.453125
253.5175 	EXP 	Scale: markerPos = 1.453125
253.5341 	EXP 	Scale: markerPos = 1.453125
253.5508 	EXP 	Scale: markerPos = 1.453125
253.5676 	EXP 	Scale: markerPos = 1.453125
253.5707 	DATA 	Mouse:  Left button up, pos=(442,209)
253.5843 	EXP 	Scale: markerPos = 1.453125
253.5843 	EXP 	Scale: rating = 1.453125
253.6127 	EXP 	Bkg: autoDraw = False
253.6127 	EXP 	image: autoDraw = False
253.6127 	EXP 	Scale: autoDraw = False
253.6127 	EXP 	InstrBkg2: autoDraw = True
253.6127 	EXP 	TagFig2: autoDraw = True
255.2593 	DATA 	Keypress: space
255.2996 	EXP 	Imported Condition1.xlsx as conditions, 30 conditions, 4 params
255.3002 	EXP 	Created sequence: random, trialTypes=30, nReps=1, seed=None
255.3004 	EXP 	New trial (rep=0, index=0): {'CSName': 'Condition\\CS+1.BMP', 'UCSName': 'Condition\\UCS1.BMP', 'SoundName': 'Sound\\scream1.wav', 'TrgCol': 0.9}
255.3324 	EXP 	InstrBkg2: autoDraw = False
255.3324 	EXP 	TagFig2: autoDraw = False
255.3324 	EXP 	CS_image: image = 'Condition\\CS+1.BMP'
255.3324 	EXP 	CSBkg: autoDraw = True
255.3324 	EXP 	CS_image: autoDraw = True
257.3312 	EXP 	Sound sound_1 started
257.3251 	EXP 	CSBkg: autoDraw = False
257.3251 	EXP 	CS_image: autoDraw = False
257.3251 	EXP 	UCS_image: image = 'Condition\\UCS1.BMP'
257.3251 	EXP 	UCSBkg: autoDraw = True
257.3251 	EXP 	UCS_image: autoDraw = True
258.3091 	EXP 	Sound sound_1 stopped
258.3165 	EXP 	UCSBkg: autoDraw = False
258.3165 	EXP 	UCS_image: autoDraw = False
258.3165 	EXP 	BlankBkg: autoDraw = True
259.7671 	EXP 	New trial (rep=0, index=1): {'CSName': 'Condition\\CS+1.BMP', 'UCSName': 'Condition\\UCS1.BMP', 'SoundName': 'Sound\\scream1.wav', 'TrgCol': 0.9}
259.7806 	EXP 	BlankBkg: autoDraw = False
259.7806 	EXP 	BlankBkg: autoDraw = False
259.7806 	EXP 	CS_image: image = 'Condition\\CS+1.BMP'
259.7806 	EXP 	CSBkg: autoDraw = True
259.7806 	EXP 	CS_image: autoDraw = True
261.7813 	EXP 	Sound sound_1 started
261.7827 	EXP 	CSBkg: autoDraw = False
261.7827 	EXP 	CS_image: autoDraw = False
261.7827 	EXP 	CSBkg: autoDraw = False
261.7827 	EXP 	CS_image: autoDraw = False
261.7827 	EXP 	UCS_image: image = 'Condition\\UCS1.BMP'
261.7827 	EXP 	UCSBkg: autoDraw = True
261.7827 	EXP 	UCS_image: autoDraw = True
262.7809 	EXP 	Sound sound_1 stopped
262.7906 	EXP 	UCSBkg: autoDraw = False
262.7906 	EXP 	UCS_image: autoDraw = False
262.7906 	EXP 	UCSBkg: autoDraw = False
262.7906 	EXP 	UCS_image: autoDraw = False
262.7906 	EXP 	BlankBkg: autoDraw = True
264.1496 	EXP 	New trial (rep=0, index=2): {'CSName': 'Condition\\CS-1.BMP', 'UCSName': 'Condition\\black.PNG', 'SoundName': 'Sound\\silent.wav', 'TrgCol': 0.4}
264.1751 	EXP 	BlankBkg: autoDraw = False
264.1751 	EXP 	BlankBkg: autoDraw = False
264.1751 	EXP 	CS_image: image = 'Condition\\CS-1.BMP'
264.1751 	EXP 	CSBkg: autoDraw = True
264.1751 	EXP 	CS_image: autoDraw = True
269.6276 	EXP 	Sound sound_1 stopped
269.6621 	EXP 	CSBkg: autoDraw = False
269.6621 	EXP 	CS_image: autoDraw = False
269.6621 	EXP 	UCS_image: image = 'Condition\\black.PNG'
269.6621 	EXP 	UCSBkg: autoDraw = False
269.6621 	EXP 	UCS_image: autoDraw = False
269.6621 	EXP 	BlankBkg: autoDraw = True
270.7625 	EXP 	New trial (rep=0, index=3): {'CSName': 'Condition\\CS+1.BMP', 'UCSName': 'Condition\\UCS1.BMP', 'SoundName': 'Sound\\scream1.wav', 'TrgCol': 0.9}
270.7850 	EXP 	BlankBkg: autoDraw = False
270.7850 	EXP 	BlankBkg: autoDraw = False
270.7850 	EXP 	CS_image: image = 'Condition\\CS+1.BMP'
270.7850 	EXP 	CSBkg: autoDraw = True
270.7850 	EXP 	CS_image: autoDraw = True
272.9095 	EXP 	Sound sound_1 started
272.8970 	EXP 	CSBkg: autoDraw = False
272.8970 	EXP 	CS_image: autoDraw = False
272.8970 	EXP 	UCS_image: image = 'Condition\\UCS1.BMP'
272.8970 	EXP 	UCSBkg: autoDraw = True
272.8970 	EXP 	UCS_image: autoDraw = True
273.7874 	EXP 	Sound sound_1 stopped
273.7925 	EXP 	UCSBkg: autoDraw = False
273.7925 	EXP 	UCS_image: autoDraw = False
273.7925 	EXP 	BlankBkg: autoDraw = True
274.8866 	EXP 	New trial (rep=0, index=4): {'CSName': 'Condition\\CS-1.BMP', 'UCSName': 'Condition\\black.PNG', 'SoundName': 'Sound\\silent.wav', 'TrgCol': 0.4}
274.9093 	EXP 	BlankBkg: autoDraw = False
274.9093 	EXP 	BlankBkg: autoDraw = False
274.9093 	EXP 	CS_image: image = 'Condition\\CS-1.BMP'
274.9093 	EXP 	CSBkg: autoDraw = True
274.9093 	EXP 	CS_image: autoDraw = True
280.3516 	EXP 	Sound sound_1 stopped
280.3659 	EXP 	CSBkg: autoDraw = False
280.3659 	EXP 	CS_image: autoDraw = False
280.3659 	EXP 	UCS_image: image = 'Condition\\black.PNG'
280.3659 	EXP 	UCSBkg: autoDraw = False
280.3659 	EXP 	UCS_image: autoDraw = False
280.3659 	EXP 	BlankBkg: autoDraw = True
281.5681 	EXP 	New trial (rep=0, index=5): {'CSName': 'Condition\\CS+1.BMP', 'UCSName': 'Condition\\UCS1.BMP', 'SoundName': 'Sound\\scream1.wav', 'TrgCol': 0.9}
281.5900 	EXP 	BlankBkg: autoDraw = False
281.5900 	EXP 	BlankBkg: autoDraw = False
281.5900 	EXP 	CS_image: image = 'Condition\\CS+1.BMP'
281.5900 	EXP 	CSBkg: autoDraw = True
281.5900 	EXP 	CS_image: autoDraw = True
283.7156 	EXP 	Sound sound_1 started
283.7047 	EXP 	CSBkg: autoDraw = False
283.7047 	EXP 	CS_image: autoDraw = False
283.7047 	EXP 	UCS_image: image = 'Condition\\UCS1.BMP'
283.7047 	EXP 	UCSBkg: autoDraw = True
283.7047 	EXP 	UCS_image: autoDraw = True
284.6131 	EXP 	Sound sound_1 stopped
284.6183 	EXP 	UCSBkg: autoDraw = False
284.6183 	EXP 	UCS_image: autoDraw = False
284.6183 	EXP 	BlankBkg: autoDraw = True
285.9945 	EXP 	New trial (rep=0, index=6): {'CSName': 'Condition\\CS+1.BMP', 'UCSName': 'Condition\\black.PNG', 'SoundName': 'Sound\\silent.wav', 'TrgCol': -0.1}
286.0090 	EXP 	BlankBkg: autoDraw = False
286.0090 	EXP 	BlankBkg: autoDraw = False
286.0090 	EXP 	CS_image: image = 'Condition\\CS+1.BMP'
286.0090 	EXP 	CSBkg: autoDraw = True
286.0090 	EXP 	CS_image: autoDraw = True
291.4485 	EXP 	Sound sound_1 stopped
291.4626 	EXP 	CSBkg: autoDraw = False
291.4626 	EXP 	CS_image: autoDraw = False
291.4626 	EXP 	CSBkg: autoDraw = False
291.4626 	EXP 	CS_image: autoDraw = False
291.4626 	EXP 	UCS_image: image = 'Condition\\black.PNG'
291.4626 	EXP 	UCSBkg: autoDraw = False
291.4626 	EXP 	UCS_image: autoDraw = False
291.4626 	EXP 	BlankBkg: autoDraw = True
292.5919 	EXP 	New trial (rep=0, index=7): {'CSName': 'Condition\\CS-1.BMP', 'UCSName': 'Condition\\black.PNG', 'SoundName': 'Sound\\silent.wav', 'TrgCol': 0.4}
292.6142 	EXP 	BlankBkg: autoDraw = False
292.6142 	EXP 	BlankBkg: autoDraw = False
292.6142 	EXP 	CS_image: image = 'Condition\\CS-1.BMP'
292.6142 	EXP 	CSBkg: autoDraw = True
292.6142 	EXP 	CS_image: autoDraw = True
295.5717 	EXP 	Sound sound_1 started
295.6382 	EXP 	CSBkg: autoDraw = False
295.6382 	EXP 	CS_image: autoDraw = False
295.6382 	EXP 	UCS_image: image = 'Condition\\black.PNG'
295.6382 	EXP 	UCSBkg: autoDraw = True
295.6382 	EXP 	UCS_image: autoDraw = True
295.6990 	EXP 	Sound sound_1 stopped
295.7083 	EXP 	UCSBkg: autoDraw = False
295.7083 	EXP 	UCS_image: autoDraw = False
295.7083 	EXP 	BlankBkg: autoDraw = True
296.9464 	EXP 	New trial (rep=0, index=8): {'CSName': 'Condition\\CS-1.BMP', 'UCSName': 'Condition\\black.PNG', 'SoundName': 'Sound\\silent.wav', 'TrgCol': 0.4}
296.9595 	EXP 	BlankBkg: autoDraw = False
296.9595 	EXP 	BlankBkg: autoDraw = False
296.9595 	EXP 	CS_image: image = 'Condition\\CS-1.BMP'
296.9595 	EXP 	CSBkg: autoDraw = True
296.9595 	EXP 	CS_image: autoDraw = True
299.9250 	EXP 	Sound sound_1 started
299.9945 	EXP 	CSBkg: autoDraw = False
299.9945 	EXP 	CS_image: autoDraw = False
299.9945 	EXP 	CSBkg: autoDraw = False
299.9945 	EXP 	CS_image: autoDraw = False
299.9945 	EXP 	UCS_image: image = 'Condition\\black.PNG'
299.9945 	EXP 	UCSBkg: autoDraw = True
299.9945 	EXP 	UCS_image: autoDraw = True
300.0418 	EXP 	Sound sound_1 stopped
300.0509 	EXP 	UCSBkg: autoDraw = False
300.0509 	EXP 	UCS_image: autoDraw = False
300.0509 	EXP 	BlankBkg: autoDraw = True
301.0692 	EXP 	New trial (rep=0, index=9): {'CSName': 'Condition\\CS+1.BMP', 'UCSName': 'Condition\\UCS1.BMP', 'SoundName': 'Sound\\scream1.wav', 'TrgCol': 0.9}
301.0997 	EXP 	BlankBkg: autoDraw = False
301.0997 	EXP 	BlankBkg: autoDraw = False
301.0997 	EXP 	CS_image: image = 'Condition\\CS+1.BMP'
301.0997 	EXP 	CSBkg: autoDraw = True
301.0997 	EXP 	CS_image: autoDraw = True
303.2161 	EXP 	Sound sound_1 started
303.2062 	EXP 	CSBkg: autoDraw = False
303.2062 	EXP 	CS_image: autoDraw = False
303.2062 	EXP 	UCS_image: image = 'Condition\\UCS1.BMP'
303.2062 	EXP 	UCSBkg: autoDraw = True
303.2062 	EXP 	UCS_image: autoDraw = True
304.1183 	EXP 	Sound sound_1 stopped
304.1267 	EXP 	UCSBkg: autoDraw = False
304.1267 	EXP 	UCS_image: autoDraw = False
304.1267 	EXP 	BlankBkg: autoDraw = True
305.2292 	EXP 	New trial (rep=0, index=10): {'CSName': 'Condition\\CS-1.BMP', 'UCSName': 'Condition\\black.PNG', 'SoundName': 'Sound\\silent.wav', 'TrgCol': 0.4}
305.2528 	EXP 	BlankBkg: autoDraw = False
305.2528 	EXP 	BlankBkg: autoDraw = False
305.2528 	EXP 	CS_image: image = 'Condition\\CS-1.BMP'
305.2528 	EXP 	CSBkg: autoDraw = True
305.2528 	EXP 	CS_image: autoDraw = True
310.7017 	EXP 	Sound sound_1 stopped
310.7149 	EXP 	CSBkg: autoDraw = False
310.7149 	EXP 	CS_image: autoDraw = False
310.7149 	EXP 	UCS_image: image = 'Condition\\black.PNG'
310.7149 	EXP 	UCSBkg: autoDraw = False
310.7149 	EXP 	UCS_image: autoDraw = False
310.7149 	EXP 	BlankBkg: autoDraw = True
311.8464 	EXP 	New trial (rep=0, index=11): {'CSName': 'Condition\\CS+1.BMP', 'UCSName': 'Condition\\UCS1.BMP', 'SoundName': 'Sound\\scream1.wav', 'TrgCol': 0.9}
311.8681 	EXP 	BlankBkg: autoDraw = False
311.8681 	EXP 	BlankBkg: autoDraw = False
311.8681 	EXP 	CS_image: image = 'Condition\\CS+1.BMP'
311.8681 	EXP 	CSBkg: autoDraw = True
311.8681 	EXP 	CS_image: autoDraw = True
313.9922 	EXP 	Sound sound_1 started
313.9826 	EXP 	CSBkg: autoDraw = False
313.9826 	EXP 	CS_image: autoDraw = False
313.9826 	EXP 	UCS_image: image = 'Condition\\UCS1.BMP'
313.9826 	EXP 	UCSBkg: autoDraw = True
313.9826 	EXP 	UCS_image: autoDraw = True
314.8911 	EXP 	Sound sound_1 stopped
314.8964 	EXP 	UCSBkg: autoDraw = False
314.8964 	EXP 	UCS_image: autoDraw = False
314.8964 	EXP 	BlankBkg: autoDraw = True
316.1038 	EXP 	New trial (rep=0, index=12): {'CSName': 'Condition\\CS-1.BMP', 'UCSName': 'Condition\\black.PNG', 'SoundName': 'Sound\\silent.wav', 'TrgCol': 0.4}
316.1248 	EXP 	BlankBkg: autoDraw = False
316.1248 	EXP 	BlankBkg: autoDraw = False
316.1248 	EXP 	CS_image: image = 'Condition\\CS-1.BMP'
316.1248 	EXP 	CSBkg: autoDraw = True
316.1248 	EXP 	CS_image: autoDraw = True
321.5841 	EXP 	Sound sound_1 stopped
321.6278 	EXP 	CSBkg: autoDraw = False
321.6278 	EXP 	CS_image: autoDraw = False
321.6278 	EXP 	UCS_image: image = 'Condition\\black.PNG'
321.6278 	EXP 	UCSBkg: autoDraw = False
321.6278 	EXP 	UCS_image: autoDraw = False
321.6278 	EXP 	BlankBkg: autoDraw = True
322.8449 	EXP 	New trial (rep=0, index=13): {'CSName': 'Condition\\CS+1.BMP', 'UCSName': 'Condition\\black.PNG', 'SoundName': 'Sound\\silent.wav', 'TrgCol': -0.1}
322.8686 	EXP 	BlankBkg: autoDraw = False
322.8686 	EXP 	BlankBkg: autoDraw = False
322.8686 	EXP 	CS_image: image = 'Condition\\CS+1.BMP'
322.8686 	EXP 	CSBkg: autoDraw = True
322.8686 	EXP 	CS_image: autoDraw = True
325.8080 	EXP 	Sound sound_1 started
325.8574 	EXP 	CSBkg: autoDraw = False
325.8574 	EXP 	CS_image: autoDraw = False
325.8574 	EXP 	UCS_image: image = 'Condition\\black.PNG'
325.8574 	EXP 	UCSBkg: autoDraw = True
325.8574 	EXP 	UCS_image: autoDraw = True
325.8939 	EXP 	Sound sound_1 stopped
325.9023 	EXP 	UCSBkg: autoDraw = False
325.9023 	EXP 	UCS_image: autoDraw = False
325.9023 	EXP 	BlankBkg: autoDraw = True
327.0304 	EXP 	New trial (rep=0, index=14): {'CSName': 'Condition\\CS-1.BMP', 'UCSName': 'Condition\\black.PNG', 'SoundName': 'Sound\\silent.wav', 'TrgCol': 0.4}
327.0543 	EXP 	BlankBkg: autoDraw = False
327.0543 	EXP 	BlankBkg: autoDraw = False
327.0543 	EXP 	CS_image: image = 'Condition\\CS-1.BMP'
327.0543 	EXP 	CSBkg: autoDraw = True
327.0543 	EXP 	CS_image: autoDraw = True
330.0263 	EXP 	Sound sound_1 started
330.0452 	EXP 	CSBkg: autoDraw = False
330.0452 	EXP 	CS_image: autoDraw = False
330.0452 	EXP 	UCS_image: image = 'Condition\\black.PNG'
330.0452 	EXP 	UCSBkg: autoDraw = True
330.0452 	EXP 	UCS_image: autoDraw = True
330.0529 	EXP 	Sound sound_1 stopped
330.0650 	EXP 	UCSBkg: autoDraw = False
330.0650 	EXP 	UCS_image: autoDraw = False
330.0650 	EXP 	BlankBkg: autoDraw = True
331.3668 	EXP 	New trial (rep=0, index=15): {'CSName': 'Condition\\CS-1.BMP', 'UCSName': 'Condition\\black.PNG', 'SoundName': 'Sound\\silent.wav', 'TrgCol': 0.4}
331.3817 	EXP 	BlankBkg: autoDraw = False
331.3817 	EXP 	BlankBkg: autoDraw = False
331.3817 	EXP 	CS_image: image = 'Condition\\CS-1.BMP'
331.3817 	EXP 	CSBkg: autoDraw = True
331.3817 	EXP 	CS_image: autoDraw = True
334.3301 	EXP 	Sound sound_1 started
334.3889 	EXP 	CSBkg: autoDraw = False
334.3889 	EXP 	CS_image: autoDraw = False
334.3889 	EXP 	CSBkg: autoDraw = False
334.3889 	EXP 	CS_image: autoDraw = False
334.3889 	EXP 	UCS_image: image = 'Condition\\black.PNG'
334.3889 	EXP 	UCSBkg: autoDraw = True
334.3889 	EXP 	UCS_image: autoDraw = True
334.3948 	EXP 	Sound sound_1 stopped
334.4090 	EXP 	UCSBkg: autoDraw = False
334.4090 	EXP 	UCS_image: autoDraw = False
334.4090 	EXP 	BlankBkg: autoDraw = True
335.4461 	EXP 	New trial (rep=0, index=16): {'CSName': 'Condition\\CS+1.BMP', 'UCSName': 'Condition\\UCS1.BMP', 'SoundName': 'Sound\\scream1.wav', 'TrgCol': 0.9}
335.4793 	EXP 	BlankBkg: autoDraw = False
335.4793 	EXP 	BlankBkg: autoDraw = False
335.4793 	EXP 	CS_image: image = 'Condition\\CS+1.BMP'
335.4793 	EXP 	CSBkg: autoDraw = True
335.4793 	EXP 	CS_image: autoDraw = True
337.5921 	EXP 	Sound sound_1 started
337.5815 	EXP 	CSBkg: autoDraw = False
337.5815 	EXP 	CS_image: autoDraw = False
337.5815 	EXP 	UCS_image: image = 'Condition\\UCS1.BMP'
337.5815 	EXP 	UCSBkg: autoDraw = True
337.5815 	EXP 	UCS_image: autoDraw = True
338.4641 	EXP 	Sound sound_1 stopped
338.4696 	EXP 	UCSBkg: autoDraw = False
338.4696 	EXP 	UCS_image: autoDraw = False
338.4696 	EXP 	BlankBkg: autoDraw = True
339.7389 	EXP 	New trial (rep=0, index=17): {'CSName': 'Condition\\CS-1.BMP', 'UCSName': 'Condition\\black.PNG', 'SoundName': 'Sound\\silent.wav', 'TrgCol': 0.4}
339.7643 	EXP 	BlankBkg: autoDraw = False
339.7643 	EXP 	BlankBkg: autoDraw = False
339.7643 	EXP 	CS_image: image = 'Condition\\CS-1.BMP'
339.7643 	EXP 	CSBkg: autoDraw = True
339.7643 	EXP 	CS_image: autoDraw = True
345.2138 	EXP 	Sound sound_1 stopped
345.2581 	EXP 	CSBkg: autoDraw = False
345.2581 	EXP 	CS_image: autoDraw = False
345.2581 	EXP 	UCS_image: image = 'Condition\\black.PNG'
345.2581 	EXP 	UCSBkg: autoDraw = False
345.2581 	EXP 	UCS_image: autoDraw = False
345.2581 	EXP 	BlankBkg: autoDraw = True
346.4257 	EXP 	New trial (rep=0, index=18): {'CSName': 'Condition\\CS-1.BMP', 'UCSName': 'Condition\\black.PNG', 'SoundName': 'Sound\\silent.wav', 'TrgCol': 0.4}
346.4407 	EXP 	BlankBkg: autoDraw = False
346.4407 	EXP 	BlankBkg: autoDraw = False
346.4407 	EXP 	CS_image: image = 'Condition\\CS-1.BMP'
346.4407 	EXP 	CSBkg: autoDraw = True
346.4407 	EXP 	CS_image: autoDraw = True
349.4035 	EXP 	Sound sound_1 started
349.4406 	EXP 	CSBkg: autoDraw = False
349.4406 	EXP 	CS_image: autoDraw = False
349.4406 	EXP 	UCS_image: image = 'Condition\\black.PNG'
349.4406 	EXP 	UCSBkg: autoDraw = True
349.4406 	EXP 	UCS_image: autoDraw = True
349.4672 	EXP 	Sound sound_1 stopped
349.4722 	EXP 	UCSBkg: autoDraw = False
349.4722 	EXP 	UCS_image: autoDraw = False
349.4722 	EXP 	BlankBkg: autoDraw = True
350.6637 	EXP 	New trial (rep=0, index=19): {'CSName': 'Condition\\CS+1.BMP', 'UCSName': 'Condition\\UCS1.BMP', 'SoundName': 'Sound\\scream1.wav', 'TrgCol': 0.9}
350.6928 	EXP 	BlankBkg: autoDraw = False
350.6928 	EXP 	BlankBkg: autoDraw = False
350.6928 	EXP 	CS_image: image = 'Condition\\CS+1.BMP'
350.6928 	EXP 	CSBkg: autoDraw = True
350.6928 	EXP 	CS_image: autoDraw = True
352.8105 	EXP 	Sound sound_1 started
352.7999 	EXP 	CSBkg: autoDraw = False
352.7999 	EXP 	CS_image: autoDraw = False
352.7999 	EXP 	UCS_image: image = 'Condition\\UCS1.BMP'
352.7999 	EXP 	UCSBkg: autoDraw = True
352.7999 	EXP 	UCS_image: autoDraw = True
353.6921 	EXP 	Sound sound_1 stopped
353.6980 	EXP 	UCSBkg: autoDraw = False
353.6980 	EXP 	UCS_image: autoDraw = False
353.6980 	EXP 	BlankBkg: autoDraw = True
354.8385 	EXP 	New trial (rep=0, index=20): {'CSName': 'Condition\\CS+1.BMP', 'UCSName': 'Condition\\UCS1.BMP', 'SoundName': 'Sound\\scream1.wav', 'TrgCol': 0.9}
354.8530 	EXP 	BlankBkg: autoDraw = False
354.8530 	EXP 	BlankBkg: autoDraw = False
354.8530 	EXP 	CS_image: image = 'Condition\\CS+1.BMP'
354.8530 	EXP 	CSBkg: autoDraw = True
354.8530 	EXP 	CS_image: autoDraw = True
356.8695 	EXP 	Sound sound_1 started
356.8620 	EXP 	CSBkg: autoDraw = False
356.8620 	EXP 	CS_image: autoDraw = False
356.8620 	EXP 	CSBkg: autoDraw = False
356.8620 	EXP 	CS_image: autoDraw = False
356.8620 	EXP 	UCS_image: image = 'Condition\\UCS1.BMP'
356.8620 	EXP 	UCSBkg: autoDraw = True
356.8620 	EXP 	UCS_image: autoDraw = True
357.8811 	EXP 	Sound sound_1 stopped
357.8885 	EXP 	UCSBkg: autoDraw = False
357.8885 	EXP 	UCS_image: autoDraw = False
357.8885 	EXP 	BlankBkg: autoDraw = True
359.0247 	EXP 	New trial (rep=0, index=21): {'CSName': 'Condition\\CS+1.BMP', 'UCSName': 'Condition\\UCS1.BMP', 'SoundName': 'Sound\\scream1.wav', 'TrgCol': 0.9}
359.0410 	EXP 	BlankBkg: autoDraw = False
359.0410 	EXP 	BlankBkg: autoDraw = False
359.0410 	EXP 	CS_image: image = 'Condition\\CS+1.BMP'
359.0410 	EXP 	CSBkg: autoDraw = True
359.0410 	EXP 	CS_image: autoDraw = True
361.0698 	EXP 	Sound sound_1 started
361.0615 	EXP 	CSBkg: autoDraw = False
361.0615 	EXP 	CS_image: autoDraw = False
361.0615 	EXP 	UCS_image: image = 'Condition\\UCS1.BMP'
361.0615 	EXP 	UCSBkg: autoDraw = True
361.0615 	EXP 	UCS_image: autoDraw = True
362.0432 	EXP 	Sound sound_1 stopped
362.0530 	EXP 	UCSBkg: autoDraw = False
362.0530 	EXP 	UCS_image: autoDraw = False
362.0530 	EXP 	BlankBkg: autoDraw = True
363.2056 	EXP 	New trial (rep=0, index=22): {'CSName': 'Condition\\CS-1.BMP', 'UCSName': 'Condition\\black.PNG', 'SoundName': 'Sound\\silent.wav', 'TrgCol': 0.4}
363.2381 	EXP 	BlankBkg: autoDraw = False
363.2381 	EXP 	BlankBkg: autoDraw = False
363.2381 	EXP 	CS_image: image = 'Condition\\CS-1.BMP'
363.2381 	EXP 	CSBkg: autoDraw = True
363.2381 	EXP 	CS_image: autoDraw = True
368.6660 	EXP 	Sound sound_1 stopped
368.6828 	EXP 	CSBkg: autoDraw = False
368.6828 	EXP 	CS_image: autoDraw = False
368.6828 	EXP 	UCS_image: image = 'Condition\\black.PNG'
368.6828 	EXP 	UCSBkg: autoDraw = False
368.6828 	EXP 	UCS_image: autoDraw = False
368.6828 	EXP 	BlankBkg: autoDraw = True
370.0006 	EXP 	New trial (rep=0, index=23): {'CSName': 'Condition\\CS-1.BMP', 'UCSName': 'Condition\\black.PNG', 'SoundName': 'Sound\\silent.wav', 'TrgCol': 0.4}
370.0155 	EXP 	BlankBkg: autoDraw = False
370.0155 	EXP 	BlankBkg: autoDraw = False
370.0155 	EXP 	CS_image: image = 'Condition\\CS-1.BMP'
370.0155 	EXP 	CSBkg: autoDraw = True
370.0155 	EXP 	CS_image: autoDraw = True
372.9478 	EXP 	Sound sound_1 started
373.0075 	EXP 	CSBkg: autoDraw = False
373.0075 	EXP 	CS_image: autoDraw = False
373.0075 	EXP 	CSBkg: autoDraw = False
373.0075 	EXP 	CS_image: autoDraw = False
373.0075 	EXP 	UCS_image: image = 'Condition\\black.PNG'
373.0075 	EXP 	UCSBkg: autoDraw = True
373.0075 	EXP 	UCS_image: autoDraw = True
373.0520 	EXP 	Sound sound_1 stopped
373.0567 	EXP 	UCSBkg: autoDraw = False
373.0567 	EXP 	UCS_image: autoDraw = False
373.0567 	EXP 	BlankBkg: autoDraw = True
374.1337 	EXP 	New trial (rep=0, index=24): {'CSName': 'Condition\\CS+1.BMP', 'UCSName': 'Condition\\black.PNG', 'SoundName': 'Sound\\silent.wav', 'TrgCol': -0.1}
374.1674 	EXP 	BlankBkg: autoDraw = False
374.1674 	EXP 	BlankBkg: autoDraw = False
374.1674 	EXP 	CS_image: image = 'Condition\\CS+1.BMP'
374.1674 	EXP 	CSBkg: autoDraw = True
374.1674 	EXP 	CS_image: autoDraw = True
377.1116 	EXP 	Sound sound_1 started
377.1808 	EXP 	CSBkg: autoDraw = False
377.1808 	EXP 	CS_image: autoDraw = False
377.1808 	EXP 	UCS_image: image = 'Condition\\black.PNG'
377.1808 	EXP 	UCSBkg: autoDraw = True
377.1808 	EXP 	UCS_image: autoDraw = True
377.1976 	EXP 	Sound sound_1 stopped
377.2072 	EXP 	UCSBkg: autoDraw = False
377.2072 	EXP 	UCS_image: autoDraw = False
377.2072 	EXP 	BlankBkg: autoDraw = True
378.3224 	EXP 	New trial (rep=0, index=25): {'CSName': 'Condition\\CS-1.BMP', 'UCSName': 'Condition\\black.PNG', 'SoundName': 'Sound\\silent.wav', 'TrgCol': 0.4}
378.3457 	EXP 	BlankBkg: autoDraw = False
378.3457 	EXP 	BlankBkg: autoDraw = False
378.3457 	EXP 	CS_image: image = 'Condition\\CS-1.BMP'
378.3457 	EXP 	CSBkg: autoDraw = True
378.3457 	EXP 	CS_image: autoDraw = True
381.3178 	EXP 	Sound sound_1 started
381.3720 	EXP 	CSBkg: autoDraw = False
381.3720 	EXP 	CS_image: autoDraw = False
381.3720 	EXP 	UCS_image: image = 'Condition\\black.PNG'
381.3720 	EXP 	UCSBkg: autoDraw = True
381.3720 	EXP 	UCS_image: autoDraw = True
381.3878 	EXP 	Sound sound_1 stopped
381.3966 	EXP 	UCSBkg: autoDraw = False
381.3966 	EXP 	UCS_image: autoDraw = False
381.3966 	EXP 	BlankBkg: autoDraw = True
382.6632 	EXP 	New trial (rep=0, index=26): {'CSName': 'Condition\\CS-1.BMP', 'UCSName': 'Condition\\black.PNG', 'SoundName': 'Sound\\silent.wav', 'TrgCol': 0.4}
382.6766 	EXP 	BlankBkg: autoDraw = False
382.6766 	EXP 	BlankBkg: autoDraw = False
382.6766 	EXP 	CS_image: image = 'Condition\\CS-1.BMP'
382.6766 	EXP 	CSBkg: autoDraw = True
382.6766 	EXP 	CS_image: autoDraw = True
385.6423 	EXP 	Sound sound_1 started
385.7002 	EXP 	CSBkg: autoDraw = False
385.7002 	EXP 	CS_image: autoDraw = False
385.7002 	EXP 	CSBkg: autoDraw = False
385.7002 	EXP 	CS_image: autoDraw = False
385.7002 	EXP 	UCS_image: image = 'Condition\\black.PNG'
385.7002 	EXP 	UCSBkg: autoDraw = True
385.7002 	EXP 	UCS_image: autoDraw = True
385.7068 	EXP 	Sound sound_1 stopped
385.7222 	EXP 	UCSBkg: autoDraw = False
385.7222 	EXP 	UCS_image: autoDraw = False
385.7222 	EXP 	BlankBkg: autoDraw = True
386.8404 	EXP 	New trial (rep=0, index=27): {'CSName': 'Condition\\CS-1.BMP', 'UCSName': 'Condition\\black.PNG', 'SoundName': 'Sound\\silent.wav', 'TrgCol': 0.4}
386.8547 	EXP 	BlankBkg: autoDraw = False
386.8547 	EXP 	BlankBkg: autoDraw = False
386.8547 	EXP 	CS_image: image = 'Condition\\CS-1.BMP'
386.8547 	EXP 	CSBkg: autoDraw = True
386.8547 	EXP 	CS_image: autoDraw = True
389.8040 	EXP 	Sound sound_1 started
389.8702 	EXP 	CSBkg: autoDraw = False
389.8702 	EXP 	CS_image: autoDraw = False
389.8702 	EXP 	CSBkg: autoDraw = False
389.8702 	EXP 	CS_image: autoDraw = False
389.8702 	EXP 	UCS_image: image = 'Condition\\black.PNG'
389.8702 	EXP 	UCSBkg: autoDraw = True
389.8702 	EXP 	UCS_image: autoDraw = True
389.8867 	EXP 	Sound sound_1 stopped
389.8960 	EXP 	UCSBkg: autoDraw = False
389.8960 	EXP 	UCS_image: autoDraw = False
389.8960 	EXP 	BlankBkg: autoDraw = True
391.1785 	EXP 	New trial (rep=0, index=28): {'CSName': 'Condition\\CS+1.BMP', 'UCSName': 'Condition\\UCS1.BMP', 'SoundName': 'Sound\\scream1.wav', 'TrgCol': 0.9}
391.2018 	EXP 	BlankBkg: autoDraw = False
391.2018 	EXP 	BlankBkg: autoDraw = False
391.2018 	EXP 	CS_image: image = 'Condition\\CS+1.BMP'
391.2018 	EXP 	CSBkg: autoDraw = True
391.2018 	EXP 	CS_image: autoDraw = True
393.3249 	EXP 	Sound sound_1 started
393.3149 	EXP 	CSBkg: autoDraw = False
393.3149 	EXP 	CS_image: autoDraw = False
393.3149 	EXP 	UCS_image: image = 'Condition\\UCS1.BMP'
393.3149 	EXP 	UCSBkg: autoDraw = True
393.3149 	EXP 	UCS_image: autoDraw = True
394.1906 	EXP 	Sound sound_1 stopped
394.2011 	EXP 	UCSBkg: autoDraw = False
394.2011 	EXP 	UCS_image: autoDraw = False
394.2011 	EXP 	BlankBkg: autoDraw = True
395.4212 	EXP 	New trial (rep=0, index=29): {'CSName': 'Condition\\CS+1.BMP', 'UCSName': 'Condition\\UCS1.BMP', 'SoundName': 'Sound\\scream1.wav', 'TrgCol': 0.9}
395.4355 	EXP 	BlankBkg: autoDraw = False
395.4355 	EXP 	BlankBkg: autoDraw = False
395.4355 	EXP 	CS_image: image = 'Condition\\CS+1.BMP'
395.4355 	EXP 	CSBkg: autoDraw = True
395.4355 	EXP 	CS_image: autoDraw = True
397.4516 	EXP 	Sound sound_1 started
397.4457 	EXP 	CSBkg: autoDraw = False
397.4457 	EXP 	CS_image: autoDraw = False
397.4457 	EXP 	CSBkg: autoDraw = False
397.4457 	EXP 	CS_image: autoDraw = False
397.4457 	EXP 	UCS_image: image = 'Condition\\UCS1.BMP'
397.4457 	EXP 	UCSBkg: autoDraw = True
397.4457 	EXP 	UCS_image: autoDraw = True
398.4651 	EXP 	Sound sound_1 stopped
398.4703 	EXP 	UCSBkg: autoDraw = False
398.4703 	EXP 	UCS_image: autoDraw = False
398.4703 	EXP 	BlankBkg: autoDraw = True
399.6913 	EXP 	Imported Rating1.xlsx as conditions, 2 conditions, 2 params
399.6916 	EXP 	Created sequence: sequential, trialTypes=2, nReps=1, seed=None
399.6918 	EXP 	New trial (rep=0, index=0): {'ratingName': 'Rating\\ratingCS+1.png', 'TrgCol': -0.1}
401.1392 	EXP 	BlankBkg: autoDraw = False
401.1392 	EXP 	BlankBkg: autoDraw = False
401.1392 	EXP 	image: image = 'Rating\\ratingCS+1.png'
401.1392 	EXP 	Scale: markerPos = None
401.1392 	EXP 	Scale: markerPos = None
401.1392 	EXP 	Scale: rating = None
401.1392 	EXP 	Bkg: autoDraw = True
401.1392 	EXP 	image: autoDraw = True
401.1392 	EXP 	Scale: autoDraw = True
403.4080 	DATA 	Mouse: Left button down, pos=(462,206)
403.4302 	EXP 	Scale: markerPos = 1.6093749999999993
403.4437 	EXP 	Scale: markerPos = 1.6015625
403.4598 	EXP 	Scale: markerPos = 1.6015625
403.4767 	EXP 	Scale: markerPos = 1.6015625
403.4918 	EXP 	Scale: markerPos = 1.6015625
403.5100 	EXP 	Scale: markerPos = 1.6015625
403.5267 	EXP 	Scale: markerPos = 1.6015625
403.5419 	EXP 	Scale: markerPos = 1.6015625
403.5449 	DATA 	Mouse:  Left button up, pos=(461,207)
403.5582 	EXP 	Scale: markerPos = 1.6015625
403.5582 	EXP 	Scale: rating = 1.6015625
403.5622 	EXP 	New trial (rep=0, index=1): {'ratingName': 'Rating\\ratingCS-1.png', 'TrgCol': 0.4}
405.1558 	EXP 	Bkg: autoDraw = False
405.1558 	EXP 	image: autoDraw = False
405.1558 	EXP 	Scale: autoDraw = False
405.1558 	EXP 	image: image = 'Rating\\ratingCS-1.png'
405.1558 	EXP 	Scale: markerPos = None
405.1558 	EXP 	Scale: markerPos = None
405.1558 	EXP 	Scale: rating = None
405.1558 	EXP 	Bkg: autoDraw = True
405.1558 	EXP 	image: autoDraw = True
405.1558 	EXP 	Scale: autoDraw = True
405.6273 	DATA 	Mouse: Left button down, pos=(437,210)
405.6532 	EXP 	Scale: markerPos = 1.4140624999999998
405.6754 	EXP 	Scale: markerPos = 1.4140624999999998
405.6977 	EXP 	Scale: markerPos = 1.4140624999999998
405.7245 	EXP 	Scale: markerPos = 1.4140624999999998
405.7267 	DATA 	Mouse:  Left button up, pos=(437,209)
405.7473 	EXP 	Scale: markerPos = 1.4140624999999998
405.7473 	EXP 	Scale: rating = 1.4140624999999998
405.7824 	EXP 	New trial (rep=1, index=0): None
405.8056 	EXP 	Bkg: autoDraw = False
405.8056 	EXP 	image: autoDraw = False
405.8056 	EXP 	Scale: autoDraw = False
405.8056 	EXP 	InstrBkg: autoDraw = True
405.8056 	EXP 	TagFig: autoDraw = True
407.3220 	EXP 	Imported PreCondition2.xlsx as conditions, 10 conditions, 2 params
407.3223 	EXP 	Created sequence: random, trialTypes=10, nReps=1, seed=None
407.3225 	EXP 	New trial (rep=0, index=0): {'PreCondName': 'PreCondition\\CS+2.BMP', 'TrgCol': -0.1}
407.3293 	DATA 	Keypress: space
407.3316 	EXP 	InstrBkg: autoDraw = False
407.3316 	EXP 	TagFig: autoDraw = False
407.3316 	EXP 	imagePreCond: image = 'PreCondition\\CS+2.BMP'
407.3316 	EXP 	precondBkg: autoDraw = True
407.3316 	EXP 	imagePreCond: autoDraw = True
409.3343 	EXP 	precondBkg: autoDraw = False
409.3343 	EXP 	imagePreCond: autoDraw = False
409.3343 	EXP 	BlankBkg: autoDraw = True
410.8386 	EXP 	New trial (rep=0, index=1): {'PreCondName': 'PreCondition\\CS+2.BMP', 'TrgCol': -0.1}
410.8565 	EXP 	BlankBkg: autoDraw = False
410.8565 	EXP 	BlankBkg: autoDraw = False
410.8565 	EXP 	imagePreCond: image = 'PreCondition\\CS+2.BMP'
410.8565 	EXP 	precondBkg: autoDraw = True
410.8565 	EXP 	imagePreCond: autoDraw = True
412.8506 	EXP 	imagePreCond: autoDraw = False
412.8672 	EXP 	precondBkg: autoDraw = False
412.8672 	EXP 	imagePreCond: autoDraw = False
412.8672 	EXP 	BlankBkg: autoDraw = True
413.9356 	EXP 	New trial (rep=0, index=2): {'PreCondName': 'PreCondition\\CS-2.BMP', 'TrgCol': 0.4}
413.9500 	EXP 	BlankBkg: autoDraw = False
413.9500 	EXP 	BlankBkg: autoDraw = False
413.9500 	EXP 	imagePreCond: image = 'PreCondition\\CS-2.BMP'
413.9500 	EXP 	precondBkg: autoDraw = True
413.9500 	EXP 	imagePreCond: autoDraw = True
415.9337 	EXP 	imagePreCond: autoDraw = False
415.9495 	EXP 	precondBkg: autoDraw = False
415.9495 	EXP 	precondBkg: autoDraw = False
415.9495 	EXP 	imagePreCond: autoDraw = False
415.9495 	EXP 	BlankBkg: autoDraw = True
417.6697 	EXP 	New trial (rep=0, index=3): {'PreCondName': 'PreCondition\\CS-2.BMP', 'TrgCol': 0.4}
417.6884 	EXP 	BlankBkg: autoDraw = False
417.6884 	EXP 	BlankBkg: autoDraw = False
417.6884 	EXP 	imagePreCond: image = 'PreCondition\\CS-2.BMP'
417.6884 	EXP 	precondBkg: autoDraw = True
417.6884 	EXP 	imagePreCond: autoDraw = True
419.6828 	EXP 	imagePreCond: autoDraw = False
419.6997 	EXP 	precondBkg: autoDraw = False
419.6997 	EXP 	imagePreCond: autoDraw = False
419.6997 	EXP 	BlankBkg: autoDraw = True
420.9207 	EXP 	New trial (rep=0, index=4): {'PreCondName': 'PreCondition\\CS+2.BMP', 'TrgCol': -0.1}
420.9400 	EXP 	BlankBkg: autoDraw = False
420.9400 	EXP 	BlankBkg: autoDraw = False
420.9400 	EXP 	imagePreCond: image = 'PreCondition\\CS+2.BMP'
420.9400 	EXP 	precondBkg: autoDraw = True
420.9400 	EXP 	imagePreCond: autoDraw = True
422.9330 	EXP 	imagePreCond: autoDraw = False
422.9491 	EXP 	precondBkg: autoDraw = False
422.9491 	EXP 	imagePreCond: autoDraw = False
422.9491 	EXP 	BlankBkg: autoDraw = True
424.2847 	EXP 	New trial (rep=0, index=5): {'PreCondName': 'PreCondition\\CS-2.BMP', 'TrgCol': 0.4}
424.2991 	EXP 	BlankBkg: autoDraw = False
424.2991 	EXP 	BlankBkg: autoDraw = False
424.2991 	EXP 	imagePreCond: image = 'PreCondition\\CS-2.BMP'
424.2991 	EXP 	precondBkg: autoDraw = True
424.2991 	EXP 	imagePreCond: autoDraw = True
426.2818 	EXP 	imagePreCond: autoDraw = False
426.3000 	EXP 	precondBkg: autoDraw = False
426.3000 	EXP 	precondBkg: autoDraw = False
426.3000 	EXP 	imagePreCond: autoDraw = False
426.3000 	EXP 	BlankBkg: autoDraw = True
427.6342 	EXP 	New trial (rep=0, index=6): {'PreCondName': 'PreCondition\\CS-2.BMP', 'TrgCol': 0.4}
427.6484 	EXP 	BlankBkg: autoDraw = False
427.6484 	EXP 	BlankBkg: autoDraw = False
427.6484 	EXP 	imagePreCond: image = 'PreCondition\\CS-2.BMP'
427.6484 	EXP 	precondBkg: autoDraw = True
427.6484 	EXP 	imagePreCond: autoDraw = True
429.6320 	EXP 	imagePreCond: autoDraw = False
429.6487 	EXP 	precondBkg: autoDraw = False
429.6487 	EXP 	precondBkg: autoDraw = False
429.6487 	EXP 	imagePreCond: autoDraw = False
429.6487 	EXP 	BlankBkg: autoDraw = True
430.9348 	EXP 	New trial (rep=0, index=7): {'PreCondName': 'PreCondition\\CS+2.BMP', 'TrgCol': -0.1}
430.9511 	EXP 	BlankBkg: autoDraw = False
430.9511 	EXP 	BlankBkg: autoDraw = False
430.9511 	EXP 	imagePreCond: image = 'PreCondition\\CS+2.BMP'
430.9511 	EXP 	precondBkg: autoDraw = True
430.9511 	EXP 	imagePreCond: autoDraw = True
432.9324 	EXP 	imagePreCond: autoDraw = False
432.9653 	EXP 	precondBkg: autoDraw = False
432.9653 	EXP 	imagePreCond: autoDraw = False
432.9653 	EXP 	BlankBkg: autoDraw = True
434.2011 	EXP 	New trial (rep=0, index=8): {'PreCondName': 'PreCondition\\CS+2.BMP', 'TrgCol': -0.1}
434.2151 	EXP 	BlankBkg: autoDraw = False
434.2151 	EXP 	BlankBkg: autoDraw = False
434.2151 	EXP 	imagePreCond: image = 'PreCondition\\CS+2.BMP'
434.2151 	EXP 	precondBkg: autoDraw = True
434.2151 	EXP 	imagePreCond: autoDraw = True
436.1980 	EXP 	imagePreCond: autoDraw = False
436.2148 	EXP 	precondBkg: autoDraw = False
436.2148 	EXP 	precondBkg: autoDraw = False
436.2148 	EXP 	imagePreCond: autoDraw = False
436.2148 	EXP 	BlankBkg: autoDraw = True
437.3675 	EXP 	New trial (rep=0, index=9): {'PreCondName': 'PreCondition\\CS-2.BMP', 'TrgCol': 0.4}
437.3844 	EXP 	BlankBkg: autoDraw = False
437.3844 	EXP 	BlankBkg: autoDraw = False
437.3844 	EXP 	imagePreCond: image = 'PreCondition\\CS-2.BMP'
437.3844 	EXP 	precondBkg: autoDraw = True
437.3844 	EXP 	imagePreCond: autoDraw = True
439.3817 	EXP 	imagePreCond: autoDraw = False
439.3980 	EXP 	precondBkg: autoDraw = False
439.3980 	EXP 	imagePreCond: autoDraw = False
439.3980 	EXP 	BlankBkg: autoDraw = True
440.5042 	EXP 	Imported Rating2.xlsx as conditions, 2 conditions, 2 params
440.5044 	EXP 	Created sequence: sequential, trialTypes=2, nReps=1, seed=None
440.5046 	EXP 	New trial (rep=0, index=0): {'ratingName': 'Rating\\ratingCS+2.png', 'TrgCol': -0.1}
441.9572 	EXP 	BlankBkg: autoDraw = False
441.9572 	EXP 	BlankBkg: autoDraw = False
441.9572 	EXP 	image: image = 'Rating\\ratingCS+2.png'
441.9572 	EXP 	Scale: markerPos = None
441.9572 	EXP 	Scale: markerPos = None
441.9572 	EXP 	Scale: rating = None
441.9572 	EXP 	Bkg: autoDraw = True
441.9572 	EXP 	image: autoDraw = True
441.9572 	EXP 	Scale: autoDraw = True
452.1164 	DATA 	Mouse: Left button down, pos=(490,210)
452.1320 	EXP 	Scale: markerPos = 1.8359374999999998
452.1444 	EXP 	Scale: markerPos = 1.8359374999999998
452.1607 	EXP 	Scale: markerPos = 1.8359374999999998
452.1774 	EXP 	Scale: markerPos = 1.8359374999999998
452.1940 	EXP 	Scale: markerPos = 1.8359374999999998
452.2108 	EXP 	Scale: markerPos = 1.8359374999999998
452.2273 	EXP 	Scale: markerPos = 1.8359374999999998
452.2440 	EXP 	Scale: markerPos = 1.8359374999999998
452.2546 	DATA 	Mouse:  Left button up, pos=(491,210)
452.2609 	EXP 	Scale: markerPos = 1.8359374999999998
452.2774 	EXP 	Scale: markerPos = 1.8359374999999998
452.2774 	EXP 	Scale: rating = 1.8359374999999998
452.2809 	EXP 	New trial (rep=0, index=1): {'ratingName': 'Rating\\ratingCS-2.png', 'TrgCol': 0.4}
453.8571 	EXP 	Bkg: autoDraw = False
453.8571 	EXP 	image: autoDraw = False
453.8571 	EXP 	Scale: autoDraw = False
453.8571 	EXP 	image: image = 'Rating\\ratingCS-2.png'
453.8571 	EXP 	Scale: markerPos = None
453.8571 	EXP 	Scale: markerPos = None
453.8571 	EXP 	Scale: rating = None
453.8571 	EXP 	Bkg: autoDraw = True
453.8571 	EXP 	image: autoDraw = True
453.8571 	EXP 	Scale: autoDraw = True
454.4162 	DATA 	Mouse: Left button down, pos=(464,207)
454.4294 	EXP 	Scale: markerPos = 1.6249999999999993
454.4444 	EXP 	Scale: markerPos = 1.6249999999999993
454.4614 	EXP 	Scale: markerPos = 1.6249999999999993
454.4780 	EXP 	Scale: markerPos = 1.6249999999999993
454.4949 	EXP 	Scale: markerPos = 1.6249999999999993
454.5114 	EXP 	Scale: markerPos = 1.6249999999999993
454.5281 	EXP 	Scale: markerPos = 1.6249999999999993
454.5447 	EXP 	Scale: markerPos = 1.6249999999999993
454.5554 	DATA 	Mouse:  Left button up, pos=(464,209)
454.5614 	EXP 	Scale: markerPos = 1.6249999999999993
454.5780 	EXP 	Scale: markerPos = 1.6249999999999993
454.5780 	EXP 	Scale: rating = 1.6249999999999993
454.6283 	EXP 	Bkg: autoDraw = False
454.6283 	EXP 	image: autoDraw = False
454.6283 	EXP 	Scale: autoDraw = False
454.6283 	EXP 	InstrBkg2: autoDraw = True
454.6283 	EXP 	TagFig2: autoDraw = True
457.4721 	EXP 	Imported Condition2.xlsx as conditions, 30 conditions, 4 params
457.4724 	EXP 	Created sequence: random, trialTypes=30, nReps=1, seed=None
457.4726 	EXP 	New trial (rep=0, index=0): {'CSName': 'Condition\\CS+2.BMP', 'UCSName': 'Condition\\UCS2.BMP', 'SoundName': 'Sound\\scream1.wav', 'TrgCol': 0.9}
457.4793 	DATA 	Keypress: space
457.4815 	EXP 	InstrBkg2: autoDraw = False
457.4815 	EXP 	TagFig2: autoDraw = False
457.4815 	EXP 	CS_image: image = 'Condition\\CS+2.BMP'
457.4815 	EXP 	CSBkg: autoDraw = True
457.4815 	EXP 	CS_image: autoDraw = True
459.5100 	EXP 	Sound sound_1 started
459.5122 	EXP 	CSBkg: autoDraw = False
459.5122 	EXP 	CS_image: autoDraw = False
459.5122 	EXP 	UCS_image: image = 'Condition\\UCS2.BMP'
459.5122 	EXP 	UCSBkg: autoDraw = True
459.5122 	EXP 	UCS_image: autoDraw = True
460.5482 	EXP 	Sound sound_1 stopped
460.5639 	EXP 	UCSBkg: autoDraw = False
460.5639 	EXP 	UCS_image: autoDraw = False
460.5639 	EXP 	BlankBkg: autoDraw = True
461.7963 	EXP 	New trial (rep=0, index=1): {'CSName': 'Condition\\CS+2.BMP', 'UCSName': 'Condition\\UCS2.BMP', 'SoundName': 'Sound\\scream1.wav', 'TrgCol': 0.9}
461.8116 	EXP 	BlankBkg: autoDraw = False
461.8116 	EXP 	BlankBkg: autoDraw = False
461.8116 	EXP 	CS_image: image = 'Condition\\CS+2.BMP'
461.8116 	EXP 	CSBkg: autoDraw = True
461.8116 	EXP 	CS_image: autoDraw = True
463.8431 	EXP 	Sound sound_1 started
463.8373 	EXP 	CSBkg: autoDraw = False
463.8373 	EXP 	CS_image: autoDraw = False
463.8373 	EXP 	UCS_image: image = 'Condition\\UCS2.BMP'
463.8373 	EXP 	UCSBkg: autoDraw = True
463.8373 	EXP 	UCS_image: autoDraw = True
464.8121 	EXP 	Sound sound_1 stopped
464.8266 	EXP 	UCSBkg: autoDraw = False
464.8266 	EXP 	UCS_image: autoDraw = False
464.8266 	EXP 	BlankBkg: autoDraw = True
465.9651 	EXP 	New trial (rep=0, index=2): {'CSName': 'Condition\\CS+2.BMP', 'UCSName': 'Condition\\UCS2.BMP', 'SoundName': 'Sound\\scream1.wav', 'TrgCol': 0.9}
465.9866 	EXP 	BlankBkg: autoDraw = False
465.9866 	EXP 	BlankBkg: autoDraw = False
465.9866 	EXP 	CS_image: image = 'Condition\\CS+2.BMP'
465.9866 	EXP 	CSBkg: autoDraw = True
465.9866 	EXP 	CS_image: autoDraw = True
468.0091 	EXP 	Sound sound_1 started
468.0035 	EXP 	CSBkg: autoDraw = False
468.0035 	EXP 	CS_image: autoDraw = False
468.0035 	EXP 	UCS_image: image = 'Condition\\UCS2.BMP'
468.0035 	EXP 	UCSBkg: autoDraw = True
468.0035 	EXP 	UCS_image: autoDraw = True
469.0405 	EXP 	Sound sound_1 stopped
469.0483 	EXP 	UCSBkg: autoDraw = False
469.0483 	EXP 	UCS_image: autoDraw = False
469.0483 	EXP 	BlankBkg: autoDraw = True
470.0455 	EXP 	New trial (rep=0, index=3): {'CSName': 'Condition\\CS+2.BMP', 'UCSName': 'Condition\\UCS2.BMP', 'SoundName': 'Sound\\scream1.wav', 'TrgCol': 0.9}
470.0606 	EXP 	BlankBkg: autoDraw = False
470.0606 	EXP 	BlankBkg: autoDraw = False
470.0606 	EXP 	CS_image: image = 'Condition\\CS+2.BMP'
470.0606 	EXP 	CSBkg: autoDraw = True
470.0606 	EXP 	CS_image: autoDraw = True
472.0918 	EXP 	Sound sound_1 started
472.0863 	EXP 	CSBkg: autoDraw = False
472.0863 	EXP 	CS_image: autoDraw = False
472.0863 	EXP 	UCS_image: image = 'Condition\\UCS2.BMP'
472.0863 	EXP 	UCSBkg: autoDraw = True
472.0863 	EXP 	UCS_image: autoDraw = True
473.1170 	EXP 	Sound sound_1 stopped
473.1250 	EXP 	UCSBkg: autoDraw = False
473.1250 	EXP 	UCS_image: autoDraw = False
473.1250 	EXP 	BlankBkg: autoDraw = True
474.2439 	EXP 	New trial (rep=0, index=4): {'CSName': 'Condition\\CS-2.BMP', 'UCSName': 'Condition\\black.PNG', 'SoundName': 'Sound\\silent.wav', 'TrgCol': 0.4}
474.2583 	EXP 	BlankBkg: autoDraw = False
474.2583 	EXP 	BlankBkg: autoDraw = False
474.2583 	EXP 	CS_image: image = 'Condition\\CS-2.BMP'
474.2583 	EXP 	CSBkg: autoDraw = True
474.2583 	EXP 	CS_image: autoDraw = True
479.6726 	EXP 	Sound sound_1 stopped
479.7073 	EXP 	CSBkg: autoDraw = False
479.7073 	EXP 	CS_image: autoDraw = False
479.7073 	EXP 	CSBkg: autoDraw = False
479.7073 	EXP 	CS_image: autoDraw = False
479.7073 	EXP 	UCS_image: image = 'Condition\\black.PNG'
479.7073 	EXP 	UCSBkg: autoDraw = False
479.7073 	EXP 	UCS_image: autoDraw = False
479.7073 	EXP 	BlankBkg: autoDraw = True
480.8393 	EXP 	New trial (rep=0, index=5): {'CSName': 'Condition\\CS+2.BMP', 'UCSName': 'Condition\\UCS2.BMP', 'SoundName': 'Sound\\scream1.wav', 'TrgCol': 0.9}
480.8542 	EXP 	BlankBkg: autoDraw = False
480.8542 	EXP 	BlankBkg: autoDraw = False
480.8542 	EXP 	CS_image: image = 'Condition\\CS+2.BMP'
480.8542 	EXP 	CSBkg: autoDraw = True
480.8542 	EXP 	CS_image: autoDraw = True
482.9710 	EXP 	Sound sound_1 started
482.9624 	EXP 	CSBkg: autoDraw = False
482.9624 	EXP 	CS_image: autoDraw = False
482.9624 	EXP 	CSBkg: autoDraw = False
482.9624 	EXP 	CS_image: autoDraw = False
482.9624 	EXP 	UCS_image: image = 'Condition\\UCS2.BMP'
482.9624 	EXP 	UCSBkg: autoDraw = True
482.9624 	EXP 	UCS_image: autoDraw = True
483.8910 	EXP 	Sound sound_1 stopped
483.8964 	EXP 	UCSBkg: autoDraw = False
483.8964 	EXP 	UCS_image: autoDraw = False
483.8964 	EXP 	BlankBkg: autoDraw = True
485.0352 	EXP 	New trial (rep=0, index=6): {'CSName': 'Condition\\CS-2.BMP', 'UCSName': 'Condition\\black.PNG', 'SoundName': 'Sound\\silent.wav', 'TrgCol': 0.4}
485.0489 	EXP 	BlankBkg: autoDraw = False
485.0489 	EXP 	BlankBkg: autoDraw = False
485.0489 	EXP 	CS_image: image = 'Condition\\CS-2.BMP'
485.0489 	EXP 	CSBkg: autoDraw = True
485.0489 	EXP 	CS_image: autoDraw = True
490.4847 	EXP 	Sound sound_1 stopped
490.4976 	EXP 	CSBkg: autoDraw = False
490.4976 	EXP 	CS_image: autoDraw = False
490.4976 	EXP 	CSBkg: autoDraw = False
490.4976 	EXP 	CS_image: autoDraw = False
490.4976 	EXP 	UCS_image: image = 'Condition\\black.PNG'
490.4976 	EXP 	UCSBkg: autoDraw = False
490.4976 	EXP 	UCS_image: autoDraw = False
490.4976 	EXP 	BlankBkg: autoDraw = True
491.8779 	EXP 	New trial (rep=0, index=7): {'CSName': 'Condition\\CS-2.BMP', 'UCSName': 'Condition\\black.PNG', 'SoundName': 'Sound\\silent.wav', 'TrgCol': 0.4}
491.8926 	EXP 	BlankBkg: autoDraw = False
491.8926 	EXP 	BlankBkg: autoDraw = False
491.8926 	EXP 	CS_image: image = 'Condition\\CS-2.BMP'
491.8926 	EXP 	CSBkg: autoDraw = True
491.8926 	EXP 	CS_image: autoDraw = True
494.8416 	EXP 	Sound sound_1 started
494.9048 	EXP 	CSBkg: autoDraw = False
494.9048 	EXP 	CS_image: autoDraw = False
494.9048 	EXP 	CSBkg: autoDraw = False
494.9048 	EXP 	CS_image: autoDraw = False
494.9048 	EXP 	UCS_image: image = 'Condition\\black.PNG'
494.9048 	EXP 	UCSBkg: autoDraw = True
494.9048 	EXP 	UCS_image: autoDraw = True
494.9630 	EXP 	Sound sound_1 stopped
494.9680 	EXP 	UCSBkg: autoDraw = False
494.9680 	EXP 	UCS_image: autoDraw = False
494.9680 	EXP 	BlankBkg: autoDraw = True
496.1282 	EXP 	New trial (rep=0, index=8): {'CSName': 'Condition\\CS-2.BMP', 'UCSName': 'Condition\\black.PNG', 'SoundName': 'Sound\\silent.wav', 'TrgCol': 0.4}
496.1426 	EXP 	BlankBkg: autoDraw = False
496.1426 	EXP 	BlankBkg: autoDraw = False
496.1426 	EXP 	CS_image: image = 'Condition\\CS-2.BMP'
496.1426 	EXP 	CSBkg: autoDraw = True
496.1426 	EXP 	CS_image: autoDraw = True
499.0580 	EXP 	Sound sound_1 started
499.1129 	EXP 	CSBkg: autoDraw = False
499.1129 	EXP 	CS_image: autoDraw = False
499.1129 	EXP 	CSBkg: autoDraw = False
499.1129 	EXP 	CS_image: autoDraw = False
499.1129 	EXP 	UCS_image: image = 'Condition\\black.PNG'
499.1129 	EXP 	UCSBkg: autoDraw = True
499.1129 	EXP 	UCS_image: autoDraw = True
499.1993 	EXP 	Sound sound_1 stopped
499.2078 	EXP 	UCSBkg: autoDraw = False
499.2078 	EXP 	UCS_image: autoDraw = False
499.2078 	EXP 	BlankBkg: autoDraw = True
500.4695 	EXP 	New trial (rep=0, index=9): {'CSName': 'Condition\\CS-2.BMP', 'UCSName': 'Condition\\black.PNG', 'SoundName': 'Sound\\silent.wav', 'TrgCol': 0.4}
500.4836 	EXP 	BlankBkg: autoDraw = False
500.4836 	EXP 	BlankBkg: autoDraw = False
500.4836 	EXP 	CS_image: image = 'Condition\\CS-2.BMP'
500.4836 	EXP 	CSBkg: autoDraw = True
500.4836 	EXP 	CS_image: autoDraw = True
503.4153 	EXP 	Sound sound_1 started
503.4618 	EXP 	CSBkg: autoDraw = False
503.4618 	EXP 	CS_image: autoDraw = False
503.4618 	EXP 	CSBkg: autoDraw = False
503.4618 	EXP 	CS_image: autoDraw = False
503.4618 	EXP 	UCS_image: image = 'Condition\\black.PNG'
503.4618 	EXP 	UCSBkg: autoDraw = True
503.4618 	EXP 	UCS_image: autoDraw = True
503.5460 	EXP 	Sound sound_1 stopped
503.5509 	EXP 	UCSBkg: autoDraw = False
503.5509 	EXP 	UCS_image: autoDraw = False
503.5509 	EXP 	BlankBkg: autoDraw = True
504.8517 	EXP 	New trial (rep=0, index=10): {'CSName': 'Condition\\CS+2.BMP', 'UCSName': 'Condition\\UCS2.BMP', 'SoundName': 'Sound\\scream1.wav', 'TrgCol': 0.9}
504.8647 	EXP 	BlankBkg: autoDraw = False
504.8647 	EXP 	BlankBkg: autoDraw = False
504.8647 	EXP 	CS_image: image = 'Condition\\CS+2.BMP'
504.8647 	EXP 	CSBkg: autoDraw = True
504.8647 	EXP 	CS_image: autoDraw = True
506.9814 	EXP 	Sound sound_1 started
506.9733 	EXP 	CSBkg: autoDraw = False
506.9733 	EXP 	CS_image: autoDraw = False
506.9733 	EXP 	CSBkg: autoDraw = False
506.9733 	EXP 	CS_image: autoDraw = False
506.9733 	EXP 	UCS_image: image = 'Condition\\UCS2.BMP'
506.9733 	EXP 	UCSBkg: autoDraw = True
506.9733 	EXP 	UCS_image: autoDraw = True
507.8842 	EXP 	Sound sound_1 stopped
507.8919 	EXP 	UCSBkg: autoDraw = False
507.8919 	EXP 	UCS_image: autoDraw = False
507.8919 	EXP 	BlankBkg: autoDraw = True
509.0301 	EXP 	New trial (rep=0, index=11): {'CSName': 'Condition\\CS+2.BMP', 'UCSName': 'Condition\\UCS2.BMP', 'SoundName': 'Sound\\scream1.wav', 'TrgCol': 0.9}
509.0428 	EXP 	BlankBkg: autoDraw = False
509.0428 	EXP 	BlankBkg: autoDraw = False
509.0428 	EXP 	CS_image: image = 'Condition\\CS+2.BMP'
509.0428 	EXP 	CSBkg: autoDraw = True
509.0428 	EXP 	CS_image: autoDraw = True
511.0596 	EXP 	Sound sound_1 started
511.0511 	EXP 	CSBkg: autoDraw = False
511.0511 	EXP 	CS_image: autoDraw = False
511.0511 	EXP 	CSBkg: autoDraw = False
511.0511 	EXP 	CS_image: autoDraw = False
511.0511 	EXP 	UCS_image: image = 'Condition\\UCS2.BMP'
511.0511 	EXP 	UCSBkg: autoDraw = True
511.0511 	EXP 	UCS_image: autoDraw = True
512.1132 	EXP 	Sound sound_1 stopped
512.1297 	EXP 	UCSBkg: autoDraw = False
512.1297 	EXP 	UCS_image: autoDraw = False
512.1297 	EXP 	BlankBkg: autoDraw = True
513.4628 	EXP 	New trial (rep=0, index=12): {'CSName': 'Condition\\CS+2.BMP', 'UCSName': 'Condition\\UCS2.BMP', 'SoundName': 'Sound\\scream1.wav', 'TrgCol': 0.9}
513.4785 	EXP 	BlankBkg: autoDraw = False
513.4785 	EXP 	BlankBkg: autoDraw = False
513.4785 	EXP 	CS_image: image = 'Condition\\CS+2.BMP'
513.4785 	EXP 	CSBkg: autoDraw = True
513.4785 	EXP 	CS_image: autoDraw = True
515.5097 	EXP 	Sound sound_1 started
515.5040 	EXP 	CSBkg: autoDraw = False
515.5040 	EXP 	CS_image: autoDraw = False
515.5040 	EXP 	UCS_image: image = 'Condition\\UCS2.BMP'
515.5040 	EXP 	UCSBkg: autoDraw = True
515.5040 	EXP 	UCS_image: autoDraw = True
516.5414 	EXP 	Sound sound_1 stopped
516.5522 	EXP 	UCSBkg: autoDraw = False
516.5522 	EXP 	UCS_image: autoDraw = False
516.5522 	EXP 	BlankBkg: autoDraw = True
517.8960 	EXP 	New trial (rep=0, index=13): {'CSName': 'Condition\\CS-2.BMP', 'UCSName': 'Condition\\black.PNG', 'SoundName': 'Sound\\silent.wav', 'TrgCol': 0.4}
517.9148 	EXP 	BlankBkg: autoDraw = False
517.9148 	EXP 	BlankBkg: autoDraw = False
517.9148 	EXP 	CS_image: image = 'Condition\\CS-2.BMP'
517.9148 	EXP 	CSBkg: autoDraw = True
517.9148 	EXP 	CS_image: autoDraw = True
523.3485 	EXP 	Sound sound_1 stopped
523.4156 	EXP 	CSBkg: autoDraw = False
523.4156 	EXP 	CS_image: autoDraw = False
523.4156 	EXP 	UCS_image: image = 'Condition\\black.PNG'
523.4156 	EXP 	UCSBkg: autoDraw = False
523.4156 	EXP 	UCS_image: autoDraw = False
523.4156 	EXP 	BlankBkg: autoDraw = True
524.6496 	EXP 	New trial (rep=0, index=14): {'CSName': 'Condition\\CS+2.BMP', 'UCSName': 'Condition\\black.PNG', 'SoundName': 'Sound\\silent.wav', 'TrgCol': -0.1}
524.6642 	EXP 	BlankBkg: autoDraw = False
524.6642 	EXP 	BlankBkg: autoDraw = False
524.6642 	EXP 	CS_image: image = 'Condition\\CS+2.BMP'
524.6642 	EXP 	CSBkg: autoDraw = True
524.6642 	EXP 	CS_image: autoDraw = True
527.5966 	EXP 	Sound sound_1 started
527.6561 	EXP 	CSBkg: autoDraw = False
527.6561 	EXP 	CS_image: autoDraw = False
527.6561 	EXP 	CSBkg: autoDraw = False
527.6561 	EXP 	CS_image: autoDraw = False
527.6561 	EXP 	UCS_image: image = 'Condition\\black.PNG'
527.6561 	EXP 	UCSBkg: autoDraw = True
527.6561 	EXP 	UCS_image: autoDraw = True
527.6929 	EXP 	Sound sound_1 stopped
527.7016 	EXP 	UCSBkg: autoDraw = False
527.7016 	EXP 	UCS_image: autoDraw = False
527.7016 	EXP 	BlankBkg: autoDraw = True
528.9291 	EXP 	New trial (rep=0, index=15): {'CSName': 'Condition\\CS-2.BMP', 'UCSName': 'Condition\\black.PNG', 'SoundName': 'Sound\\silent.wav', 'TrgCol': 0.4}
528.9438 	EXP 	BlankBkg: autoDraw = False
528.9438 	EXP 	BlankBkg: autoDraw = False
528.9438 	EXP 	CS_image: image = 'Condition\\CS-2.BMP'
528.9438 	EXP 	CSBkg: autoDraw = True
528.9438 	EXP 	CS_image: autoDraw = True
531.8594 	EXP 	Sound sound_1 started
531.9174 	EXP 	CSBkg: autoDraw = False
531.9174 	EXP 	CS_image: autoDraw = False
531.9174 	EXP 	CSBkg: autoDraw = False
531.9174 	EXP 	CS_image: autoDraw = False
531.9174 	EXP 	UCS_image: image = 'Condition\\black.PNG'
531.9174 	EXP 	UCSBkg: autoDraw = True
531.9174 	EXP 	UCS_image: autoDraw = True
531.9718 	EXP 	Sound sound_1 stopped
531.9801 	EXP 	UCSBkg: autoDraw = False
531.9801 	EXP 	UCS_image: autoDraw = False
531.9801 	EXP 	BlankBkg: autoDraw = True
533.3060 	EXP 	New trial (rep=0, index=16): {'CSName': 'Condition\\CS-2.BMP', 'UCSName': 'Condition\\black.PNG', 'SoundName': 'Sound\\silent.wav', 'TrgCol': 0.4}
533.3205 	EXP 	BlankBkg: autoDraw = False
533.3205 	EXP 	BlankBkg: autoDraw = False
533.3205 	EXP 	CS_image: image = 'Condition\\CS-2.BMP'
533.3205 	EXP 	CSBkg: autoDraw = True
533.3205 	EXP 	CS_image: autoDraw = True
536.2524 	EXP 	Sound sound_1 started
536.2717 	EXP 	CSBkg: autoDraw = False
536.2717 	EXP 	CS_image: autoDraw = False
536.2717 	EXP 	CSBkg: autoDraw = False
536.2717 	EXP 	CS_image: autoDraw = False
536.2717 	EXP 	UCS_image: image = 'Condition\\black.PNG'
536.2717 	EXP 	UCSBkg: autoDraw = True
536.2717 	EXP 	UCS_image: autoDraw = True
536.3181 	EXP 	Sound sound_1 stopped
536.3248 	EXP 	UCSBkg: autoDraw = False
536.3248 	EXP 	UCS_image: autoDraw = False
536.3248 	EXP 	BlankBkg: autoDraw = True
537.3118 	EXP 	New trial (rep=0, index=17): {'CSName': 'Condition\\CS+2.BMP', 'UCSName': 'Condition\\UCS2.BMP', 'SoundName': 'Sound\\scream1.wav', 'TrgCol': 0.9}
537.3271 	EXP 	BlankBkg: autoDraw = False
537.3271 	EXP 	BlankBkg: autoDraw = False
537.3271 	EXP 	CS_image: image = 'Condition\\CS+2.BMP'
537.3271 	EXP 	CSBkg: autoDraw = True
537.3271 	EXP 	CS_image: autoDraw = True
539.4414 	EXP 	Sound sound_1 started
539.4455 	EXP 	CSBkg: autoDraw = False
539.4455 	EXP 	CS_image: autoDraw = False
539.4455 	EXP 	UCS_image: image = 'Condition\\UCS2.BMP'
539.4455 	EXP 	UCSBkg: autoDraw = True
539.4455 	EXP 	UCS_image: autoDraw = True
540.3902 	EXP 	Sound sound_1 stopped
540.4057 	EXP 	UCSBkg: autoDraw = False
540.4057 	EXP 	UCS_image: autoDraw = False
540.4057 	EXP 	BlankBkg: autoDraw = True
541.4347 	EXP 	New trial (rep=0, index=18): {'CSName': 'Condition\\CS+2.BMP', 'UCSName': 'Condition\\UCS2.BMP', 'SoundName': 'Sound\\scream1.wav', 'TrgCol': 0.9}
541.4529 	EXP 	BlankBkg: autoDraw = False
541.4529 	EXP 	BlankBkg: autoDraw = False
541.4529 	EXP 	CS_image: image = 'Condition\\CS+2.BMP'
541.4529 	EXP 	CSBkg: autoDraw = True
541.4529 	EXP 	CS_image: autoDraw = True
543.4818 	EXP 	Sound sound_1 started
543.4764 	EXP 	CSBkg: autoDraw = False
543.4764 	EXP 	CS_image: autoDraw = False
543.4764 	EXP 	UCS_image: image = 'Condition\\UCS2.BMP'
543.4764 	EXP 	UCSBkg: autoDraw = True
543.4764 	EXP 	UCS_image: autoDraw = True
544.4692 	EXP 	Sound sound_1 stopped
544.4795 	EXP 	UCSBkg: autoDraw = False
544.4795 	EXP 	UCS_image: autoDraw = False
544.4795 	EXP 	BlankBkg: autoDraw = True
545.6673 	EXP 	New trial (rep=0, index=19): {'CSName': 'Condition\\CS-2.BMP', 'UCSName': 'Condition\\black.PNG', 'SoundName': 'Sound\\silent.wav', 'TrgCol': 0.4}
545.6817 	EXP 	BlankBkg: autoDraw = False
545.6817 	EXP 	BlankBkg: autoDraw = False
545.6817 	EXP 	CS_image: image = 'Condition\\CS-2.BMP'
545.6817 	EXP 	CSBkg: autoDraw = True
545.6817 	EXP 	CS_image: autoDraw = True
551.1059 	EXP 	Sound sound_1 stopped
551.1491 	EXP 	CSBkg: autoDraw = False
551.1491 	EXP 	CS_image: autoDraw = False
551.1491 	EXP 	CSBkg: autoDraw = False
551.1491 	EXP 	CS_image: autoDraw = False
551.1491 	EXP 	UCS_image: image = 'Condition\\black.PNG'
551.1491 	EXP 	UCSBkg: autoDraw = False
551.1491 	EXP 	UCS_image: autoDraw = False
551.1491 	EXP 	BlankBkg: autoDraw = True
552.2854 	EXP 	New trial (rep=0, index=20): {'CSName': 'Condition\\CS-2.BMP', 'UCSName': 'Condition\\black.PNG', 'SoundName': 'Sound\\silent.wav', 'TrgCol': 0.4}
552.3001 	EXP 	BlankBkg: autoDraw = False
552.3001 	EXP 	BlankBkg: autoDraw = False
552.3001 	EXP 	CS_image: image = 'Condition\\CS-2.BMP'
552.3001 	EXP 	CSBkg: autoDraw = True
552.3001 	EXP 	CS_image: autoDraw = True
555.2151 	EXP 	Sound sound_1 started
555.2817 	EXP 	CSBkg: autoDraw = False
555.2817 	EXP 	CS_image: autoDraw = False
555.2817 	EXP 	CSBkg: autoDraw = False
555.2817 	EXP 	CS_image: autoDraw = False
555.2817 	EXP 	UCS_image: image = 'Condition\\black.PNG'
555.2817 	EXP 	UCSBkg: autoDraw = True
555.2817 	EXP 	UCS_image: autoDraw = True
555.3143 	EXP 	Sound sound_1 stopped
555.3225 	EXP 	UCSBkg: autoDraw = False
555.3225 	EXP 	UCS_image: autoDraw = False
555.3225 	EXP 	BlankBkg: autoDraw = True
556.4386 	EXP 	New trial (rep=0, index=21): {'CSName': 'Condition\\CS+2.BMP', 'UCSName': 'Condition\\black.PNG', 'SoundName': 'Sound\\silent.wav', 'TrgCol': -0.1}
556.4531 	EXP 	BlankBkg: autoDraw = False
556.4531 	EXP 	BlankBkg: autoDraw = False
556.4531 	EXP 	CS_image: image = 'Condition\\CS+2.BMP'
556.4531 	EXP 	CSBkg: autoDraw = True
556.4531 	EXP 	CS_image: autoDraw = True
559.3853 	EXP 	Sound sound_1 started
559.4475 	EXP 	CSBkg: autoDraw = False
559.4475 	EXP 	CS_image: autoDraw = False
559.4475 	EXP 	CSBkg: autoDraw = False
559.4475 	EXP 	CS_image: autoDraw = False
559.4475 	EXP 	UCS_image: image = 'Condition\\black.PNG'
559.4475 	EXP 	UCSBkg: autoDraw = True
559.4475 	EXP 	UCS_image: autoDraw = True
559.4645 	EXP 	Sound sound_1 stopped
559.4727 	EXP 	UCSBkg: autoDraw = False
559.4727 	EXP 	UCS_image: autoDraw = False
559.4727 	EXP 	BlankBkg: autoDraw = True
560.6223 	EXP 	New trial (rep=0, index=22): {'CSName': 'Condition\\CS-2.BMP', 'UCSName': 'Condition\\black.PNG', 'SoundName': 'Sound\\silent.wav', 'TrgCol': 0.4}
560.6363 	EXP 	BlankBkg: autoDraw = False
560.6363 	EXP 	BlankBkg: autoDraw = False
560.6363 	EXP 	CS_image: image = 'Condition\\CS-2.BMP'
560.6363 	EXP 	CSBkg: autoDraw = True
560.6363 	EXP 	CS_image: autoDraw = True
563.5510 	EXP 	Sound sound_1 started
563.6246 	EXP 	CSBkg: autoDraw = False
563.6246 	EXP 	CS_image: autoDraw = False
563.6246 	EXP 	CSBkg: autoDraw = False
563.6246 	EXP 	CS_image: autoDraw = False
563.6246 	EXP 	UCS_image: image = 'Condition\\black.PNG'
563.6246 	EXP 	UCSBkg: autoDraw = True
563.6246 	EXP 	UCS_image: autoDraw = True
563.6275 	EXP 	Sound sound_1 stopped
563.6463 	EXP 	UCSBkg: autoDraw = False
563.6463 	EXP 	UCS_image: autoDraw = False
563.6463 	EXP 	BlankBkg: autoDraw = True
564.8846 	EXP 	New trial (rep=0, index=23): {'CSName': 'Condition\\CS-2.BMP', 'UCSName': 'Condition\\black.PNG', 'SoundName': 'Sound\\silent.wav', 'TrgCol': 0.4}
564.9010 	EXP 	BlankBkg: autoDraw = False
564.9010 	EXP 	BlankBkg: autoDraw = False
564.9010 	EXP 	CS_image: image = 'Condition\\CS-2.BMP'
564.9010 	EXP 	CSBkg: autoDraw = True
564.9010 	EXP 	CS_image: autoDraw = True
567.8451 	EXP 	Sound sound_1 started
567.8985 	EXP 	CSBkg: autoDraw = False
567.8985 	EXP 	CS_image: autoDraw = False
567.8985 	EXP 	UCS_image: image = 'Condition\\black.PNG'
567.8985 	EXP 	UCSBkg: autoDraw = True
567.8985 	EXP 	UCS_image: autoDraw = True
567.9719 	EXP 	Sound sound_1 stopped
567.9773 	EXP 	UCSBkg: autoDraw = False
567.9773 	EXP 	UCS_image: autoDraw = False
567.9773 	EXP 	BlankBkg: autoDraw = True
569.2033 	EXP 	New trial (rep=0, index=24): {'CSName': 'Condition\\CS-2.BMP', 'UCSName': 'Condition\\black.PNG', 'SoundName': 'Sound\\silent.wav', 'TrgCol': 0.4}
569.2181 	EXP 	BlankBkg: autoDraw = False
569.2181 	EXP 	BlankBkg: autoDraw = False
569.2181 	EXP 	CS_image: image = 'Condition\\CS-2.BMP'
569.2181 	EXP 	CSBkg: autoDraw = True
569.2181 	EXP 	CS_image: autoDraw = True
572.1338 	EXP 	Sound sound_1 started
572.2029 	EXP 	CSBkg: autoDraw = False
572.2029 	EXP 	CS_image: autoDraw = False
572.2029 	EXP 	CSBkg: autoDraw = False
572.2029 	EXP 	CS_image: autoDraw = False
572.2029 	EXP 	UCS_image: image = 'Condition\\black.PNG'
572.2029 	EXP 	UCSBkg: autoDraw = True
572.2029 	EXP 	UCS_image: autoDraw = True
572.2837 	EXP 	Sound sound_1 stopped
572.2883 	EXP 	UCSBkg: autoDraw = False
572.2883 	EXP 	UCS_image: autoDraw = False
572.2883 	EXP 	BlankBkg: autoDraw = True
573.6761 	EXP 	New trial (rep=0, index=25): {'CSName': 'Condition\\CS-2.BMP', 'UCSName': 'Condition\\black.PNG', 'SoundName': 'Sound\\silent.wav', 'TrgCol': 0.4}
573.6906 	EXP 	BlankBkg: autoDraw = False
573.6906 	EXP 	BlankBkg: autoDraw = False
573.6906 	EXP 	CS_image: image = 'Condition\\CS-2.BMP'
573.6906 	EXP 	CSBkg: autoDraw = True
573.6906 	EXP 	CS_image: autoDraw = True
576.6053 	EXP 	Sound sound_1 started
576.6814 	EXP 	CSBkg: autoDraw = False
576.6814 	EXP 	CS_image: autoDraw = False
576.6814 	EXP 	CSBkg: autoDraw = False
576.6814 	EXP 	CS_image: autoDraw = False
576.6814 	EXP 	UCS_image: image = 'Condition\\black.PNG'
576.6814 	EXP 	UCSBkg: autoDraw = True
576.6814 	EXP 	UCS_image: autoDraw = True
576.7155 	EXP 	Sound sound_1 stopped
576.7243 	EXP 	UCSBkg: autoDraw = False
576.7243 	EXP 	UCS_image: autoDraw = False
576.7243 	EXP 	BlankBkg: autoDraw = True
577.9269 	EXP 	New trial (rep=0, index=26): {'CSName': 'Condition\\CS-2.BMP', 'UCSName': 'Condition\\black.PNG', 'SoundName': 'Sound\\silent.wav', 'TrgCol': 0.4}
577.9422 	EXP 	BlankBkg: autoDraw = False
577.9422 	EXP 	BlankBkg: autoDraw = False
577.9422 	EXP 	CS_image: image = 'Condition\\CS-2.BMP'
577.9422 	EXP 	CSBkg: autoDraw = True
577.9422 	EXP 	CS_image: autoDraw = True
580.8729 	EXP 	Sound sound_1 started
580.9426 	EXP 	CSBkg: autoDraw = False
580.9426 	EXP 	CS_image: autoDraw = False
580.9426 	EXP 	UCS_image: image = 'Condition\\black.PNG'
580.9426 	EXP 	UCSBkg: autoDraw = True
580.9426 	EXP 	UCS_image: autoDraw = True
580.9649 	EXP 	Sound sound_1 stopped
580.9697 	EXP 	UCSBkg: autoDraw = False
580.9697 	EXP 	UCS_image: autoDraw = False
580.9697 	EXP 	BlankBkg: autoDraw = True
582.0477 	EXP 	New trial (rep=0, index=27): {'CSName': 'Condition\\CS+2.BMP', 'UCSName': 'Condition\\black.PNG', 'SoundName': 'Sound\\silent.wav', 'TrgCol': -0.1}
582.0627 	EXP 	BlankBkg: autoDraw = False
582.0627 	EXP 	BlankBkg: autoDraw = False
582.0627 	EXP 	CS_image: image = 'Condition\\CS+2.BMP'
582.0627 	EXP 	CSBkg: autoDraw = True
582.0627 	EXP 	CS_image: autoDraw = True
584.9788 	EXP 	Sound sound_1 started
585.0520 	EXP 	CSBkg: autoDraw = False
585.0520 	EXP 	CS_image: autoDraw = False
585.0520 	EXP 	CSBkg: autoDraw = False
585.0520 	EXP 	CS_image: autoDraw = False
585.0520 	EXP 	UCS_image: image = 'Condition\\black.PNG'
585.0520 	EXP 	UCSBkg: autoDraw = True
585.0520 	EXP 	UCS_image: autoDraw = True
585.0669 	EXP 	Sound sound_1 stopped
585.0769 	EXP 	UCSBkg: autoDraw = False
585.0769 	EXP 	UCS_image: autoDraw = False
585.0769 	EXP 	BlankBkg: autoDraw = True
586.2599 	EXP 	New trial (rep=0, index=28): {'CSName': 'Condition\\CS+2.BMP', 'UCSName': 'Condition\\UCS2.BMP', 'SoundName': 'Sound\\scream1.wav', 'TrgCol': 0.9}
586.2741 	EXP 	BlankBkg: autoDraw = False
586.2741 	EXP 	BlankBkg: autoDraw = False
586.2741 	EXP 	CS_image: image = 'Condition\\CS+2.BMP'
586.2741 	EXP 	CSBkg: autoDraw = True
586.2741 	EXP 	CS_image: autoDraw = True
588.3898 	EXP 	Sound sound_1 started
588.3808 	EXP 	CSBkg: autoDraw = False
588.3808 	EXP 	CS_image: autoDraw = False
588.3808 	EXP 	CSBkg: autoDraw = False
588.3808 	EXP 	CS_image: autoDraw = False
588.3808 	EXP 	UCS_image: image = 'Condition\\UCS2.BMP'
588.3808 	EXP 	UCSBkg: autoDraw = True
588.3808 	EXP 	UCS_image: autoDraw = True
589.2719 	EXP 	Sound sound_1 stopped
589.2850 	EXP 	UCSBkg: autoDraw = False
589.2850 	EXP 	UCS_image: autoDraw = False
589.2850 	EXP 	BlankBkg: autoDraw = True
590.4874 	EXP 	New trial (rep=0, index=29): {'CSName': 'Condition\\CS+2.BMP', 'UCSName': 'Condition\\UCS2.BMP', 'SoundName': 'Sound\\scream1.wav', 'TrgCol': 0.9}
590.5005 	EXP 	BlankBkg: autoDraw = False
590.5005 	EXP 	BlankBkg: autoDraw = False
590.5005 	EXP 	CS_image: image = 'Condition\\CS+2.BMP'
590.5005 	EXP 	CSBkg: autoDraw = True
590.5005 	EXP 	CS_image: autoDraw = True
592.5177 	EXP 	Sound sound_1 started
592.5179 	EXP 	CSBkg: autoDraw = False
592.5179 	EXP 	CS_image: autoDraw = False
592.5179 	EXP 	CSBkg: autoDraw = False
592.5179 	EXP 	CS_image: autoDraw = False
592.5179 	EXP 	UCS_image: image = 'Condition\\UCS2.BMP'
592.5179 	EXP 	UCSBkg: autoDraw = True
592.5179 	EXP 	UCS_image: autoDraw = True
593.5492 	EXP 	Sound sound_1 stopped
593.5575 	EXP 	UCSBkg: autoDraw = False
593.5575 	EXP 	UCS_image: autoDraw = False
593.5575 	EXP 	BlankBkg: autoDraw = True
594.8657 	EXP 	Imported Rating2.xlsx as conditions, 2 conditions, 2 params
594.8660 	EXP 	Created sequence: sequential, trialTypes=2, nReps=1, seed=None
594.8662 	EXP 	New trial (rep=0, index=0): {'ratingName': 'Rating\\ratingCS+2.png', 'TrgCol': -0.1}
596.3159 	EXP 	BlankBkg: autoDraw = False
596.3159 	EXP 	BlankBkg: autoDraw = False
596.3159 	EXP 	image: image = 'Rating\\ratingCS+2.png'
596.3159 	EXP 	Scale: markerPos = None
596.3159 	EXP 	Scale: markerPos = None
596.3159 	EXP 	Scale: rating = None
596.3159 	EXP 	Bkg: autoDraw = True
596.3159 	EXP 	image: autoDraw = True
596.3159 	EXP 	Scale: autoDraw = True
599.9397 	DATA 	Mouse: Left button down, pos=(517,248)
600.0627 	DATA 	Mouse:  Left button up, pos=(517,248)
600.6068 	DATA 	Mouse: Left button down, pos=(514,221)
600.6202 	EXP 	Scale: markerPos = 2.015625
600.6369 	EXP 	Scale: markerPos = 2.015625
600.6534 	EXP 	Scale: markerPos = 2.015625
600.6706 	EXP 	Scale: markerPos = 2.015625
600.6867 	EXP 	Scale: markerPos = 2.015625
600.7039 	EXP 	Scale: markerPos = 2.015625
600.7203 	EXP 	Scale: markerPos = 2.015625
600.7311 	DATA 	Mouse:  Left button up, pos=(514,222)
600.7369 	EXP 	Scale: markerPos = 2.015625
600.7535 	EXP 	Scale: markerPos = 2.015625
600.7535 	EXP 	Scale: rating = 2.015625
600.7571 	EXP 	New trial (rep=0, index=1): {'ratingName': 'Rating\\ratingCS-2.png', 'TrgCol': 0.4}
602.3539 	EXP 	Bkg: autoDraw = False
602.3539 	EXP 	image: autoDraw = False
602.3539 	EXP 	Scale: autoDraw = False
602.3539 	EXP 	image: image = 'Rating\\ratingCS-2.png'
602.3539 	EXP 	Scale: markerPos = None
602.3539 	EXP 	Scale: markerPos = None
602.3539 	EXP 	Scale: rating = None
602.3539 	EXP 	Bkg: autoDraw = True
602.3539 	EXP 	image: autoDraw = True
602.3539 	EXP 	Scale: autoDraw = True
602.8701 	DATA 	Mouse: Left button down, pos=(461,207)
602.9079 	EXP 	Scale: markerPos = 1.6015625
602.9304 	EXP 	Scale: markerPos = 1.6015625
602.9545 	EXP 	Scale: markerPos = 1.6015625
602.9760 	EXP 	Scale: markerPos = 1.6015625
602.9907 	DATA 	Mouse:  Left button up, pos=(461,207)
602.9993 	EXP 	Scale: markerPos = 1.6015625
603.0221 	EXP 	Scale: markerPos = 1.6015625
603.0221 	EXP 	Scale: rating = 1.6015625
603.0777 	EXP 	New trial (rep=2, index=0): None
603.0868 	EXP 	Bkg: autoDraw = False
603.0868 	EXP 	image: autoDraw = False
603.0868 	EXP 	Scale: autoDraw = False
603.0868 	EXP 	InstrBkg: autoDraw = True
603.0868 	EXP 	TagFig: autoDraw = True
605.3605 	EXP 	window1: mouseVisible = True
