3.4044 	WARNING 	Font Manager failed to load file C:\WINDOWS\Fonts\方正粗黑宋简体.ttf
3.9364 	WARNING 	Font Manager failed to load file C:\Windows\Fonts\方正粗黑宋简体.ttf
4.2098 	WARNING 	Font Manager failed to load file C:\WINDOWS\Fonts\方正粗黑宋简体.ttf
4.7318 	WARNING 	Font Manager failed to load file C:\Windows\Fonts\方正粗黑宋简体.ttf
10.7771 	EXP 	Created window1 = Window(allowGUI=True, allowStencil=False, autoLog=True, backendConf=UNKNOWN, bitsMode=UNKNOWN, blendMode='avg', bpc=(8, 8, 8), color=array([0, 0, 0]), colorSpace='rgb', depthBits=8, fullscr=<method-wrapper '__getattribute__' of attributeSetter object at 0x0000018B73A81080>, gamma=None, gammaErrorPolicy='raise', lms=UNKNOWN, monitor=<psychopy.monitors.calibTools.Monitor object at 0x0000018B73ACC4E0>, multiSample=False, name='window1', numSamples=2, pos=[0.0, 0.0], screen=0, size=array([1920, 1080]), stencilBits=0, stereo=False, units='norm', useFBO=True, useRetina=False, viewOri=0.0, viewPos=None, viewScale=None, waitBlanking=True, winType='pyglet')
10.7774 	EXP 	window1: mouseVisible = True
10.7775 	EXP 	window1: recordFrameIntervals = False
10.9437 	EXP 	window1: recordFrameIntervals = True
11.1274 	EXP 	window1: recordFrameIntervals = False
11.6582 	EXP 	Created InstrBkg3 = Rect(__class__=<class 'psychopy.visual.rect.Rect'>, autoDraw=False, autoLog=True, closeShape=True, color=method-wrapper(...), colorSpace='rgb', contrast=None, depth=0.0, fillColor=array([-1, -1, -1]), fillColorSpace='rgb', fillRGB=UNKNOWN, interpolate=True, lineColor=array([-1., -1., -1.]), lineColorSpace='rgb', lineRGB=UNKNOWN, lineWidth=1.0, name='InstrBkg3', opacity=1.0, ori=0.0, pos=array([0., 0.]), size=array([2., 2.]), units='norm', vertices=ndarray(...), win=Window(...))
18.9753 	EXP 	Created TagFig3 = ImageStim(__class__=<class 'psychopy.visual.image.ImageStim'>, autoLog=True, color=array([1., 1., 1.]), colorSpace='rgb', contrast=1.0, depth=-1.0, flipHoriz=False, flipVert=False, image='InstructionExtinction.PNG', interpolate=True, mask=None, maskParams=None, name='TagFig3', opacity=1, ori=0.0, pos=array([0., 0.]), size=array([1.8, 1.8]), texRes=128.0, units='norm', win=Window(...))
18.9770 	EXP 	Created ExtBkg = Rect(__class__=<class 'psychopy.visual.rect.Rect'>, autoDraw=False, autoLog=True, closeShape=True, color=method-wrapper(...), colorSpace='rgb', contrast=None, depth=0.0, fillColor=array([-1, -1, -1]), fillColorSpace='rgb', fillRGB=UNKNOWN, interpolate=True, lineColor=array([-1., -1., -1.]), lineColorSpace='rgb', lineRGB=UNKNOWN, lineWidth=1.0, name='ExtBkg', opacity=1.0, ori=0.0, pos=array([0., 0.]), size=array([2., 2.]), units='norm', vertices=ndarray(...), win=Window(...))
19.0893 	EXP 	Created Ext_image = ImageStim(__class__=<class 'psychopy.visual.image.ImageStim'>, autoLog=True, color=array([1., 1., 1.]), colorSpace='rgb', contrast=1.0, depth=-1.0, flipHoriz=False, flipVert=False, image='sin', interpolate=True, mask=None, maskParams=None, name='Ext_image', opacity=1, ori=0.0, pos=array([0., 0.]), size=array([0.5, 1. ]), texRes=128.0, units='norm', win=Window(...))
19.0906 	EXP 	Created BlankBkg = Rect(__class__=<class 'psychopy.visual.rect.Rect'>, autoDraw=False, autoLog=True, closeShape=True, color=method-wrapper(...), colorSpace='rgb', contrast=None, depth=0.0, fillColor=array([-1, -1, -1]), fillColorSpace='rgb', fillRGB=UNKNOWN, interpolate=True, lineColor=array([-1., -1., -1.]), lineColorSpace='rgb', lineRGB=UNKNOWN, lineWidth=1, name='BlankBkg', opacity=1, ori=0.0, pos=array([0., 0.]), size=array([2., 2.]), units='norm', vertices=ndarray(...), win=Window(...))
19.0919 	EXP 	Created Bkg = Rect(__class__=<class 'psychopy.visual.rect.Rect'>, autoDraw=False, autoLog=True, closeShape=True, color=method-wrapper(...), colorSpace='rgb', contrast=None, depth=0.0, fillColor=array([-1, -1, -1]), fillColorSpace='rgb', fillRGB=UNKNOWN, interpolate=True, lineColor=array([-1., -1., -1.]), lineColorSpace='rgb', lineRGB=UNKNOWN, lineWidth=1.0, name='Bkg', opacity=1.0, ori=0.0, pos=array([0., 0.]), size=array([2., 2.]), units='norm', vertices=ndarray(...), win=Window(...))
19.0968 	EXP 	Created image = ImageStim(__class__=<class 'psychopy.visual.image.ImageStim'>, autoLog=True, color=array([1., 1., 1.]), colorSpace='rgb', contrast=1.0, depth=-1.0, flipHoriz=False, flipVert=False, image='sin', interpolate=True, mask=None, maskParams=None, name='image', opacity=1, ori=0.0, pos=array([0., 0.]), size=array([1.8, 1.8]), texRes=128.0, units='norm', win=Window(...))
19.1050 	EXP 	window1: mouseVisible = True
19.1716 	EXP 	Created Scale = Slider(__class__=<class 'psychopy.visual.slider.Slider'>, autoDraw=False, autoLog=True, borderColor=None, color=None, colorSpace='rgb', depth=-2, fillColor=None, flip=False, font='Open Sans', granularity=0.0, labelHeight=0.05, labelWrapWidth=None, labels=list(...), name='Scale', opacity=None, pos=(0, -0.6), readOnly=False, self=UNKNOWN, size=(1.2, 0.05), startValue=None, style=method-wrapper(...), styleTweaks=method-wrapper(...), ticks=array([ 1,  2,  3,  4,  5,  6,  7,  8,  9, 10]), units='norm', win=Window(...))
19.1875 	EXP 	Created EndTxt = TextStim(__class__=<class 'psychopy.visual.text.TextStim'>, alignHoriz=method-wrapper(...), alignText='center', alignVert=method-wrapper(...), anchorHoriz='center', anchorVert='center', antialias=True, autoLog=True, bold=False, color=array([1., 1., 1.]), colorSpace='rgb', contrast=1.0, depth=0.0, flipHoriz=False, flipVert=False, font='Microsoft YaHei', fontFiles=[], height=0.08, italic=False, languageStyle='LTR', name='EndTxt', opacity=1, ori=0, pos=array([0., 0.]), rgb=UNKNOWN, text='谢谢您的参与！', units='norm', win=Window(...), wrapWidth=1)
19.2909 	EXP 	Scale: autoLog = True
19.2909 	EXP 	Scale: markerPos = None
19.2909 	EXP 	Scale: rating = None
19.2909 	EXP 	Scale: markerPos = None
19.2909 	EXP 	Scale: contrast = 1.0
19.2909 	EXP 	Scale: autoLog = True
19.2909 	EXP 	Scale: styleTweaks = []
19.2909 	EXP 	Scale: style = 'rating'
19.2909 	EXP 	Scale: styleTweaks = []
19.2909 	EXP 	InstrBkg3: autoDraw = True
19.2909 	EXP 	TagFig3: autoDraw = True
22.2635 	DATA 	Keypress: space
22.2733 	EXP 	Created sequence: sequential, trialTypes=1, nReps=3, seed=None
22.2736 	EXP 	New trial (rep=0, index=0): None
22.2858 	EXP 	Imported Extinction1.xlsx as conditions, 20 conditions, 2 params
22.2862 	EXP 	Created sequence: random, trialTypes=20, nReps=1, seed=None
22.2864 	EXP 	New trial (rep=0, index=0): {'ExtName': 'Extinction\\CS+1.BMP', 'TrgCol': -0.1}
22.3079 	EXP 	InstrBkg3: autoDraw = False
22.3079 	EXP 	TagFig3: autoDraw = False
22.3079 	EXP 	Ext_image: image = 'Extinction\\CS+1.BMP'
22.3079 	EXP 	ExtBkg: autoDraw = True
22.3079 	EXP 	Ext_image: autoDraw = True
23.3015 	EXP 	ExtBkg: autoDraw = False
23.3015 	EXP 	Ext_image: autoDraw = False
23.3015 	EXP 	BlankBkg: autoDraw = True
23.3567 	EXP 	New trial (rep=0, index=1): {'ExtName': 'Extinction\\CS-1.BMP', 'TrgCol': 0.4}
23.3918 	EXP 	BlankBkg: autoDraw = False
23.3918 	EXP 	BlankBkg: autoDraw = False
23.3918 	EXP 	Ext_image: image = 'Extinction\\CS-1.BMP'
23.3918 	EXP 	ExtBkg: autoDraw = True
23.3918 	EXP 	Ext_image: autoDraw = True
24.3867 	EXP 	ExtBkg: autoDraw = False
24.3867 	EXP 	Ext_image: autoDraw = False
24.3867 	EXP 	BlankBkg: autoDraw = True
24.5209 	EXP 	New trial (rep=0, index=2): {'ExtName': 'Extinction\\CS+1.BMP', 'TrgCol': -0.1}
24.5435 	EXP 	BlankBkg: autoDraw = False
24.5435 	EXP 	BlankBkg: autoDraw = False
24.5435 	EXP 	Ext_image: image = 'Extinction\\CS+1.BMP'
24.5435 	EXP 	ExtBkg: autoDraw = True
24.5435 	EXP 	Ext_image: autoDraw = True
25.5509 	EXP 	ExtBkg: autoDraw = False
25.5509 	EXP 	Ext_image: autoDraw = False
25.5509 	EXP 	BlankBkg: autoDraw = True
25.6560 	EXP 	New trial (rep=0, index=3): {'ExtName': 'Extinction\\CS+1.BMP', 'TrgCol': -0.1}
25.6728 	EXP 	BlankBkg: autoDraw = False
25.6728 	EXP 	BlankBkg: autoDraw = False
25.6728 	EXP 	Ext_image: image = 'Extinction\\CS+1.BMP'
25.6728 	EXP 	ExtBkg: autoDraw = True
25.6728 	EXP 	Ext_image: autoDraw = True
26.6841 	EXP 	ExtBkg: autoDraw = False
26.6841 	EXP 	Ext_image: autoDraw = False
26.6841 	EXP 	BlankBkg: autoDraw = True
26.8198 	EXP 	New trial (rep=0, index=4): {'ExtName': 'Extinction\\CS+1.BMP', 'TrgCol': -0.1}
26.8338 	EXP 	BlankBkg: autoDraw = False
26.8338 	EXP 	BlankBkg: autoDraw = False
26.8338 	EXP 	Ext_image: image = 'Extinction\\CS+1.BMP'
26.8338 	EXP 	ExtBkg: autoDraw = True
26.8338 	EXP 	Ext_image: autoDraw = True
27.8339 	EXP 	ExtBkg: autoDraw = False
27.8339 	EXP 	Ext_image: autoDraw = False
27.8339 	EXP 	BlankBkg: autoDraw = True
27.9868 	EXP 	New trial (rep=0, index=5): {'ExtName': 'Extinction\\CS-1.BMP', 'TrgCol': 0.4}
28.0129 	EXP 	BlankBkg: autoDraw = False
28.0129 	EXP 	BlankBkg: autoDraw = False
28.0129 	EXP 	Ext_image: image = 'Extinction\\CS-1.BMP'
28.0129 	EXP 	ExtBkg: autoDraw = True
28.0129 	EXP 	Ext_image: autoDraw = True
29.0196 	EXP 	ExtBkg: autoDraw = False
29.0196 	EXP 	Ext_image: autoDraw = False
29.0196 	EXP 	BlankBkg: autoDraw = True
29.0372 	EXP 	New trial (rep=0, index=6): {'ExtName': 'Extinction\\CS-1.BMP', 'TrgCol': 0.4}
29.0503 	EXP 	BlankBkg: autoDraw = False
29.0503 	EXP 	BlankBkg: autoDraw = False
29.0503 	EXP 	Ext_image: image = 'Extinction\\CS-1.BMP'
29.0503 	EXP 	ExtBkg: autoDraw = True
29.0503 	EXP 	Ext_image: autoDraw = True
30.0502 	EXP 	ExtBkg: autoDraw = False
30.0502 	EXP 	Ext_image: autoDraw = False
30.0502 	EXP 	ExtBkg: autoDraw = False
30.0502 	EXP 	Ext_image: autoDraw = False
30.0502 	EXP 	BlankBkg: autoDraw = True
30.2746 	EXP 	New trial (rep=0, index=7): {'ExtName': 'Extinction\\CS+1.BMP', 'TrgCol': -0.1}
30.2969 	EXP 	BlankBkg: autoDraw = False
30.2969 	EXP 	BlankBkg: autoDraw = False
30.2969 	EXP 	Ext_image: image = 'Extinction\\CS+1.BMP'
30.2969 	EXP 	ExtBkg: autoDraw = True
30.2969 	EXP 	Ext_image: autoDraw = True
31.3002 	EXP 	ExtBkg: autoDraw = False
31.3002 	EXP 	Ext_image: autoDraw = False
31.3002 	EXP 	BlankBkg: autoDraw = True
31.3688 	EXP 	New trial (rep=0, index=8): {'ExtName': 'Extinction\\CS+1.BMP', 'TrgCol': -0.1}
31.3830 	EXP 	BlankBkg: autoDraw = False
31.3830 	EXP 	BlankBkg: autoDraw = False
31.3830 	EXP 	Ext_image: image = 'Extinction\\CS+1.BMP'
31.3830 	EXP 	ExtBkg: autoDraw = True
31.3830 	EXP 	Ext_image: autoDraw = True
32.3852 	EXP 	ExtBkg: autoDraw = False
32.3852 	EXP 	Ext_image: autoDraw = False
32.3852 	EXP 	ExtBkg: autoDraw = False
32.3852 	EXP 	Ext_image: autoDraw = False
32.3852 	EXP 	BlankBkg: autoDraw = True
32.6184 	EXP 	New trial (rep=0, index=9): {'ExtName': 'Extinction\\CS+1.BMP', 'TrgCol': -0.1}
32.6358 	EXP 	BlankBkg: autoDraw = False
32.6358 	EXP 	BlankBkg: autoDraw = False
32.6358 	EXP 	Ext_image: image = 'Extinction\\CS+1.BMP'
32.6358 	EXP 	ExtBkg: autoDraw = True
32.6358 	EXP 	Ext_image: autoDraw = True
33.6500 	EXP 	ExtBkg: autoDraw = False
33.6500 	EXP 	Ext_image: autoDraw = False
33.6500 	EXP 	BlankBkg: autoDraw = True
33.8354 	EXP 	New trial (rep=0, index=10): {'ExtName': 'Extinction\\CS-1.BMP', 'TrgCol': 0.4}
33.8592 	EXP 	BlankBkg: autoDraw = False
33.8592 	EXP 	BlankBkg: autoDraw = False
33.8592 	EXP 	Ext_image: image = 'Extinction\\CS-1.BMP'
33.8592 	EXP 	ExtBkg: autoDraw = True
33.8592 	EXP 	Ext_image: autoDraw = True
34.8665 	EXP 	ExtBkg: autoDraw = False
34.8665 	EXP 	Ext_image: autoDraw = False
34.8665 	EXP 	BlankBkg: autoDraw = True
35.0215 	EXP 	New trial (rep=0, index=11): {'ExtName': 'Extinction\\CS-1.BMP', 'TrgCol': 0.4}
35.0362 	EXP 	BlankBkg: autoDraw = False
35.0362 	EXP 	BlankBkg: autoDraw = False
35.0362 	EXP 	Ext_image: image = 'Extinction\\CS-1.BMP'
35.0362 	EXP 	ExtBkg: autoDraw = True
35.0362 	EXP 	Ext_image: autoDraw = True
36.0510 	EXP 	ExtBkg: autoDraw = False
36.0510 	EXP 	Ext_image: autoDraw = False
36.0510 	EXP 	BlankBkg: autoDraw = True
36.1851 	EXP 	New trial (rep=0, index=12): {'ExtName': 'Extinction\\CS-1.BMP', 'TrgCol': 0.4}
36.1994 	EXP 	BlankBkg: autoDraw = False
36.1994 	EXP 	BlankBkg: autoDraw = False
36.1994 	EXP 	Ext_image: image = 'Extinction\\CS-1.BMP'
36.1994 	EXP 	ExtBkg: autoDraw = True
36.1994 	EXP 	Ext_image: autoDraw = True
37.2006 	EXP 	ExtBkg: autoDraw = False
37.2006 	EXP 	Ext_image: autoDraw = False
37.2006 	EXP 	ExtBkg: autoDraw = False
37.2006 	EXP 	Ext_image: autoDraw = False
37.2006 	EXP 	BlankBkg: autoDraw = True
37.3531 	EXP 	New trial (rep=0, index=13): {'ExtName': 'Extinction\\CS-1.BMP', 'TrgCol': 0.4}
37.3678 	EXP 	BlankBkg: autoDraw = False
37.3678 	EXP 	BlankBkg: autoDraw = False
37.3678 	EXP 	Ext_image: image = 'Extinction\\CS-1.BMP'
37.3678 	EXP 	ExtBkg: autoDraw = True
37.3678 	EXP 	Ext_image: autoDraw = True
38.3677 	EXP 	ExtBkg: autoDraw = False
38.3677 	EXP 	Ext_image: autoDraw = False
38.3677 	EXP 	ExtBkg: autoDraw = False
38.3677 	EXP 	Ext_image: autoDraw = False
38.3677 	EXP 	BlankBkg: autoDraw = True
38.5362 	EXP 	New trial (rep=0, index=14): {'ExtName': 'Extinction\\CS-1.BMP', 'TrgCol': 0.4}
38.5495 	EXP 	BlankBkg: autoDraw = False
38.5495 	EXP 	BlankBkg: autoDraw = False
38.5495 	EXP 	Ext_image: image = 'Extinction\\CS-1.BMP'
38.5495 	EXP 	ExtBkg: autoDraw = True
38.5495 	EXP 	Ext_image: autoDraw = True
39.5494 	EXP 	ExtBkg: autoDraw = False
39.5494 	EXP 	Ext_image: autoDraw = False
39.5494 	EXP 	ExtBkg: autoDraw = False
39.5494 	EXP 	Ext_image: autoDraw = False
39.5494 	EXP 	BlankBkg: autoDraw = True
39.7950 	EXP 	New trial (rep=0, index=15): {'ExtName': 'Extinction\\CS+1.BMP', 'TrgCol': -0.1}
39.8215 	EXP 	BlankBkg: autoDraw = False
39.8215 	EXP 	BlankBkg: autoDraw = False
39.8215 	EXP 	Ext_image: image = 'Extinction\\CS+1.BMP'
39.8215 	EXP 	ExtBkg: autoDraw = True
39.8215 	EXP 	Ext_image: autoDraw = True
40.8148 	EXP 	ExtBkg: autoDraw = False
40.8148 	EXP 	Ext_image: autoDraw = False
40.8148 	EXP 	BlankBkg: autoDraw = True
41.0341 	EXP 	New trial (rep=0, index=16): {'ExtName': 'Extinction\\CS+1.BMP', 'TrgCol': -0.1}
41.0529 	EXP 	BlankBkg: autoDraw = False
41.0529 	EXP 	BlankBkg: autoDraw = False
41.0529 	EXP 	Ext_image: image = 'Extinction\\CS+1.BMP'
41.0529 	EXP 	ExtBkg: autoDraw = True
41.0529 	EXP 	Ext_image: autoDraw = True
42.0649 	EXP 	ExtBkg: autoDraw = False
42.0649 	EXP 	Ext_image: autoDraw = False
42.0649 	EXP 	BlankBkg: autoDraw = True
42.1322 	EXP 	New trial (rep=0, index=17): {'ExtName': 'Extinction\\CS+1.BMP', 'TrgCol': -0.1}
42.1470 	EXP 	BlankBkg: autoDraw = False
42.1470 	EXP 	BlankBkg: autoDraw = False
42.1470 	EXP 	Ext_image: image = 'Extinction\\CS+1.BMP'
42.1470 	EXP 	ExtBkg: autoDraw = True
42.1470 	EXP 	Ext_image: autoDraw = True
43.1472 	EXP 	ExtBkg: autoDraw = False
43.1472 	EXP 	Ext_image: autoDraw = False
43.1472 	EXP 	ExtBkg: autoDraw = False
43.1472 	EXP 	Ext_image: autoDraw = False
43.1472 	EXP 	BlankBkg: autoDraw = True
43.2996 	EXP 	New trial (rep=0, index=18): {'ExtName': 'Extinction\\CS-1.BMP', 'TrgCol': 0.4}
43.3262 	EXP 	BlankBkg: autoDraw = False
43.3262 	EXP 	BlankBkg: autoDraw = False
43.3262 	EXP 	Ext_image: image = 'Extinction\\CS-1.BMP'
43.3262 	EXP 	ExtBkg: autoDraw = True
43.3262 	EXP 	Ext_image: autoDraw = True
44.3321 	EXP 	ExtBkg: autoDraw = False
44.3321 	EXP 	Ext_image: autoDraw = False
44.3321 	EXP 	BlankBkg: autoDraw = True
44.4493 	EXP 	New trial (rep=0, index=19): {'ExtName': 'Extinction\\CS-1.BMP', 'TrgCol': 0.4}
44.4637 	EXP 	BlankBkg: autoDraw = False
44.4637 	EXP 	BlankBkg: autoDraw = False
44.4637 	EXP 	Ext_image: image = 'Extinction\\CS-1.BMP'
44.4637 	EXP 	ExtBkg: autoDraw = True
44.4637 	EXP 	Ext_image: autoDraw = True
45.4637 	EXP 	ExtBkg: autoDraw = False
45.4637 	EXP 	Ext_image: autoDraw = False
45.4637 	EXP 	ExtBkg: autoDraw = False
45.4637 	EXP 	Ext_image: autoDraw = False
45.4637 	EXP 	BlankBkg: autoDraw = True
45.5639 	EXP 	Imported Rating1.xlsx as conditions, 2 conditions, 2 params
45.5642 	EXP 	Created sequence: sequential, trialTypes=2, nReps=1, seed=None
45.5644 	EXP 	New trial (rep=0, index=0): {'ratingName': 'Rating\\ratingCS+1.png', 'TrgCol': -0.1}
49.5935 	EXP 	BlankBkg: autoDraw = False
49.5935 	EXP 	BlankBkg: autoDraw = False
49.5935 	EXP 	image: image = 'Rating\\ratingCS+1.png'
49.5935 	EXP 	Scale: markerPos = None
49.5935 	EXP 	Scale: markerPos = None
49.5935 	EXP 	Scale: rating = None
49.5935 	EXP 	Bkg: autoDraw = True
49.5935 	EXP 	image: autoDraw = True
49.5935 	EXP 	Scale: autoDraw = True
51.3299 	DATA 	Mouse: Left button down, pos=(594,209)
51.3437 	EXP 	Scale: markerPos = 2.640625
51.3642 	EXP 	Scale: markerPos = 2.640625
51.3842 	EXP 	Scale: markerPos = 2.640625
51.4041 	EXP 	Scale: markerPos = 2.640625
51.4242 	EXP 	Scale: markerPos = 2.640625
51.4422 	EXP 	Scale: markerPos = 2.640625
51.4588 	EXP 	Scale: markerPos = 2.640625
51.4614 	DATA 	Mouse:  Left button up, pos=(594,209)
51.4741 	EXP 	Scale: markerPos = 2.640625
51.4741 	EXP 	Scale: rating = 2.640625
51.4779 	EXP 	New trial (rep=0, index=1): {'ratingName': 'Rating\\ratingCS-1.png', 'TrgCol': 0.4}
52.9453 	EXP 	Bkg: autoDraw = False
52.9453 	EXP 	image: autoDraw = False
52.9453 	EXP 	Scale: autoDraw = False
52.9453 	EXP 	image: image = 'Rating\\ratingCS-1.png'
52.9453 	EXP 	Scale: markerPos = None
52.9453 	EXP 	Scale: markerPos = None
52.9453 	EXP 	Scale: rating = None
52.9453 	EXP 	Bkg: autoDraw = True
52.9453 	EXP 	image: autoDraw = True
52.9453 	EXP 	Scale: autoDraw = True
53.3833 	DATA 	Mouse: Left button down, pos=(535,205)
53.3982 	EXP 	Scale: markerPos = 2.1796875
53.4192 	EXP 	Scale: markerPos = 2.1796875
53.4317 	EXP 	Scale: markerPos = 2.1796875
53.4481 	EXP 	Scale: markerPos = 2.1796875
53.4663 	EXP 	Scale: markerPos = 2.1796875
53.4798 	EXP 	Scale: markerPos = 2.1796875
53.4980 	EXP 	Scale: markerPos = 2.1796875
53.5010 	DATA 	Mouse:  Left button up, pos=(535,205)
53.5134 	EXP 	Scale: markerPos = 2.1796875
53.5134 	EXP 	Scale: rating = 2.1796875
53.5385 	EXP 	New trial (rep=1, index=0): None
53.5453 	EXP 	Imported Extinction1.xlsx as conditions, 20 conditions, 2 params
53.5456 	EXP 	Created sequence: random, trialTypes=20, nReps=1, seed=None
53.5458 	EXP 	New trial (rep=0, index=0): {'ExtName': 'Extinction\\CS-1.BMP', 'TrgCol': 0.4}
53.5547 	EXP 	Bkg: autoDraw = False
53.5547 	EXP 	image: autoDraw = False
53.5547 	EXP 	Scale: autoDraw = False
53.5547 	EXP 	Ext_image: image = 'Extinction\\CS-1.BMP'
53.5547 	EXP 	ExtBkg: autoDraw = True
53.5547 	EXP 	Ext_image: autoDraw = True
54.5642 	EXP 	ExtBkg: autoDraw = False
54.5642 	EXP 	Ext_image: autoDraw = False
54.5642 	EXP 	BlankBkg: autoDraw = True
54.8321 	EXP 	New trial (rep=0, index=1): {'ExtName': 'Extinction\\CS-1.BMP', 'TrgCol': 0.4}
54.8466 	EXP 	BlankBkg: autoDraw = False
54.8466 	EXP 	BlankBkg: autoDraw = False
54.8466 	EXP 	Ext_image: image = 'Extinction\\CS-1.BMP'
54.8466 	EXP 	ExtBkg: autoDraw = True
54.8466 	EXP 	Ext_image: autoDraw = True
55.8545 	EXP 	ExtBkg: autoDraw = False
55.8545 	EXP 	Ext_image: autoDraw = False
55.8545 	EXP 	BlankBkg: autoDraw = True
55.9227 	EXP 	New trial (rep=0, index=2): {'ExtName': 'Extinction\\CS+1.BMP', 'TrgCol': -0.1}
55.9506 	EXP 	BlankBkg: autoDraw = False
55.9506 	EXP 	BlankBkg: autoDraw = False
55.9506 	EXP 	Ext_image: image = 'Extinction\\CS+1.BMP'
55.9506 	EXP 	ExtBkg: autoDraw = True
55.9506 	EXP 	Ext_image: autoDraw = True
56.9543 	EXP 	ExtBkg: autoDraw = False
56.9543 	EXP 	Ext_image: autoDraw = False
56.9543 	EXP 	BlankBkg: autoDraw = True
57.1561 	EXP 	New trial (rep=0, index=3): {'ExtName': 'Extinction\\CS+1.BMP', 'TrgCol': -0.1}
57.1707 	EXP 	BlankBkg: autoDraw = False
57.1707 	EXP 	BlankBkg: autoDraw = False
57.1707 	EXP 	Ext_image: image = 'Extinction\\CS+1.BMP'
57.1707 	EXP 	ExtBkg: autoDraw = True
57.1707 	EXP 	Ext_image: autoDraw = True
58.1705 	EXP 	ExtBkg: autoDraw = False
58.1705 	EXP 	Ext_image: autoDraw = False
58.1705 	EXP 	ExtBkg: autoDraw = False
58.1705 	EXP 	Ext_image: autoDraw = False
58.1705 	EXP 	BlankBkg: autoDraw = True
58.2729 	EXP 	New trial (rep=0, index=4): {'ExtName': 'Extinction\\CS-1.BMP', 'TrgCol': 0.4}
58.2989 	EXP 	BlankBkg: autoDraw = False
58.2989 	EXP 	BlankBkg: autoDraw = False
58.2989 	EXP 	Ext_image: image = 'Extinction\\CS-1.BMP'
58.2989 	EXP 	ExtBkg: autoDraw = True
58.2989 	EXP 	Ext_image: autoDraw = True
59.3048 	EXP 	ExtBkg: autoDraw = False
59.3048 	EXP 	Ext_image: autoDraw = False
59.3048 	EXP 	BlankBkg: autoDraw = True
59.3918 	EXP 	New trial (rep=0, index=5): {'ExtName': 'Extinction\\CS-1.BMP', 'TrgCol': 0.4}
59.4116 	EXP 	BlankBkg: autoDraw = False
59.4116 	EXP 	BlankBkg: autoDraw = False
59.4116 	EXP 	Ext_image: image = 'Extinction\\CS-1.BMP'
59.4116 	EXP 	ExtBkg: autoDraw = True
59.4116 	EXP 	Ext_image: autoDraw = True
60.4204 	EXP 	ExtBkg: autoDraw = False
60.4204 	EXP 	Ext_image: autoDraw = False
60.4204 	EXP 	BlankBkg: autoDraw = True
60.5057 	EXP 	New trial (rep=0, index=6): {'ExtName': 'Extinction\\CS-1.BMP', 'TrgCol': 0.4}
60.5201 	EXP 	BlankBkg: autoDraw = False
60.5201 	EXP 	BlankBkg: autoDraw = False
60.5201 	EXP 	Ext_image: image = 'Extinction\\CS-1.BMP'
60.5201 	EXP 	ExtBkg: autoDraw = True
60.5201 	EXP 	Ext_image: autoDraw = True
61.5205 	EXP 	ExtBkg: autoDraw = False
61.5205 	EXP 	Ext_image: autoDraw = False
61.5205 	EXP 	ExtBkg: autoDraw = False
61.5205 	EXP 	Ext_image: autoDraw = False
61.5205 	EXP 	BlankBkg: autoDraw = True
61.5931 	EXP 	New trial (rep=0, index=7): {'ExtName': 'Extinction\\CS-1.BMP', 'TrgCol': 0.4}
61.6087 	EXP 	BlankBkg: autoDraw = False
61.6087 	EXP 	BlankBkg: autoDraw = False
61.6087 	EXP 	Ext_image: image = 'Extinction\\CS-1.BMP'
61.6087 	EXP 	ExtBkg: autoDraw = True
61.6087 	EXP 	Ext_image: autoDraw = True
62.6229 	EXP 	ExtBkg: autoDraw = False
62.6229 	EXP 	Ext_image: autoDraw = False
62.6229 	EXP 	BlankBkg: autoDraw = True
62.8412 	EXP 	New trial (rep=0, index=8): {'ExtName': 'Extinction\\CS+1.BMP', 'TrgCol': -0.1}
62.8741 	EXP 	BlankBkg: autoDraw = False
62.8741 	EXP 	BlankBkg: autoDraw = False
62.8741 	EXP 	Ext_image: image = 'Extinction\\CS+1.BMP'
62.8741 	EXP 	ExtBkg: autoDraw = True
62.8741 	EXP 	Ext_image: autoDraw = True
63.8703 	EXP 	ExtBkg: autoDraw = False
63.8703 	EXP 	Ext_image: autoDraw = False
63.8703 	EXP 	BlankBkg: autoDraw = True
64.0076 	EXP 	New trial (rep=0, index=9): {'ExtName': 'Extinction\\CS+1.BMP', 'TrgCol': -0.1}
64.0225 	EXP 	BlankBkg: autoDraw = False
64.0225 	EXP 	BlankBkg: autoDraw = False
64.0225 	EXP 	Ext_image: image = 'Extinction\\CS+1.BMP'
64.0225 	EXP 	ExtBkg: autoDraw = True
64.0225 	EXP 	Ext_image: autoDraw = True
65.0365 	EXP 	ExtBkg: autoDraw = False
65.0365 	EXP 	Ext_image: autoDraw = False
65.0365 	EXP 	BlankBkg: autoDraw = True
65.1550 	EXP 	New trial (rep=0, index=10): {'ExtName': 'Extinction\\CS+1.BMP', 'TrgCol': -0.1}
65.1697 	EXP 	BlankBkg: autoDraw = False
65.1697 	EXP 	BlankBkg: autoDraw = False
65.1697 	EXP 	Ext_image: image = 'Extinction\\CS+1.BMP'
65.1697 	EXP 	ExtBkg: autoDraw = True
65.1697 	EXP 	Ext_image: autoDraw = True
66.1714 	EXP 	ExtBkg: autoDraw = False
66.1714 	EXP 	Ext_image: autoDraw = False
66.1714 	EXP 	BlankBkg: autoDraw = True
66.2574 	EXP 	New trial (rep=0, index=11): {'ExtName': 'Extinction\\CS-1.BMP', 'TrgCol': 0.4}
66.2970 	EXP 	BlankBkg: autoDraw = False
66.2970 	EXP 	BlankBkg: autoDraw = False
66.2970 	EXP 	Ext_image: image = 'Extinction\\CS-1.BMP'
66.2970 	EXP 	ExtBkg: autoDraw = True
66.2970 	EXP 	Ext_image: autoDraw = True
67.2889 	EXP 	ExtBkg: autoDraw = False
67.2889 	EXP 	Ext_image: autoDraw = False
67.2889 	EXP 	BlankBkg: autoDraw = True
67.5261 	EXP 	New trial (rep=0, index=12): {'ExtName': 'Extinction\\CS-1.BMP', 'TrgCol': 0.4}
67.5460 	EXP 	BlankBkg: autoDraw = False
67.5460 	EXP 	BlankBkg: autoDraw = False
67.5460 	EXP 	Ext_image: image = 'Extinction\\CS-1.BMP'
67.5460 	EXP 	ExtBkg: autoDraw = True
67.5460 	EXP 	Ext_image: autoDraw = True
68.5534 	EXP 	ExtBkg: autoDraw = False
68.5534 	EXP 	Ext_image: autoDraw = False
68.5534 	EXP 	BlankBkg: autoDraw = True
68.6382 	EXP 	New trial (rep=0, index=13): {'ExtName': 'Extinction\\CS+1.BMP', 'TrgCol': -0.1}
68.6651 	EXP 	BlankBkg: autoDraw = False
68.6651 	EXP 	BlankBkg: autoDraw = False
68.6651 	EXP 	Ext_image: image = 'Extinction\\CS+1.BMP'
68.6651 	EXP 	ExtBkg: autoDraw = True
68.6651 	EXP 	Ext_image: autoDraw = True
69.6539 	EXP 	ExtBkg: autoDraw = False
69.6539 	EXP 	Ext_image: autoDraw = False
69.6539 	EXP 	BlankBkg: autoDraw = True
69.7048 	EXP 	New trial (rep=0, index=14): {'ExtName': 'Extinction\\CS+1.BMP', 'TrgCol': -0.1}
69.7219 	EXP 	BlankBkg: autoDraw = False
69.7219 	EXP 	BlankBkg: autoDraw = False
69.7219 	EXP 	Ext_image: image = 'Extinction\\CS+1.BMP'
69.7219 	EXP 	ExtBkg: autoDraw = True
69.7219 	EXP 	Ext_image: autoDraw = True
70.7363 	EXP 	ExtBkg: autoDraw = False
70.7363 	EXP 	Ext_image: autoDraw = False
70.7363 	EXP 	BlankBkg: autoDraw = True
70.8213 	EXP 	New trial (rep=0, index=15): {'ExtName': 'Extinction\\CS+1.BMP', 'TrgCol': -0.1}
70.8368 	EXP 	BlankBkg: autoDraw = False
70.8368 	EXP 	BlankBkg: autoDraw = False
70.8368 	EXP 	Ext_image: image = 'Extinction\\CS+1.BMP'
70.8368 	EXP 	ExtBkg: autoDraw = True
70.8368 	EXP 	Ext_image: autoDraw = True
71.8370 	EXP 	ExtBkg: autoDraw = False
71.8370 	EXP 	Ext_image: autoDraw = False
71.8370 	EXP 	ExtBkg: autoDraw = False
71.8370 	EXP 	Ext_image: autoDraw = False
71.8370 	EXP 	BlankBkg: autoDraw = True
71.9740 	EXP 	New trial (rep=0, index=16): {'ExtName': 'Extinction\\CS+1.BMP', 'TrgCol': -0.1}
71.9929 	EXP 	BlankBkg: autoDraw = False
71.9929 	EXP 	BlankBkg: autoDraw = False
71.9929 	EXP 	Ext_image: image = 'Extinction\\CS+1.BMP'
71.9929 	EXP 	ExtBkg: autoDraw = True
71.9929 	EXP 	Ext_image: autoDraw = True
73.0020 	EXP 	ExtBkg: autoDraw = False
73.0020 	EXP 	Ext_image: autoDraw = False
73.0020 	EXP 	BlankBkg: autoDraw = True
73.0916 	EXP 	New trial (rep=0, index=17): {'ExtName': 'Extinction\\CS-1.BMP', 'TrgCol': 0.4}
73.1300 	EXP 	BlankBkg: autoDraw = False
73.1300 	EXP 	BlankBkg: autoDraw = False
73.1300 	EXP 	Ext_image: image = 'Extinction\\CS-1.BMP'
73.1300 	EXP 	ExtBkg: autoDraw = True
73.1300 	EXP 	Ext_image: autoDraw = True
74.1191 	EXP 	ExtBkg: autoDraw = False
74.1191 	EXP 	Ext_image: autoDraw = False
74.1191 	EXP 	BlankBkg: autoDraw = True
74.2253 	EXP 	New trial (rep=0, index=18): {'ExtName': 'Extinction\\CS-1.BMP', 'TrgCol': 0.4}
74.2471 	EXP 	BlankBkg: autoDraw = False
74.2471 	EXP 	BlankBkg: autoDraw = False
74.2471 	EXP 	Ext_image: image = 'Extinction\\CS-1.BMP'
74.2471 	EXP 	ExtBkg: autoDraw = True
74.2471 	EXP 	Ext_image: autoDraw = True
75.2523 	EXP 	ExtBkg: autoDraw = False
75.2523 	EXP 	Ext_image: autoDraw = False
75.2523 	EXP 	BlankBkg: autoDraw = True
75.4039 	EXP 	New trial (rep=0, index=19): {'ExtName': 'Extinction\\CS+1.BMP', 'TrgCol': -0.1}
75.4289 	EXP 	BlankBkg: autoDraw = False
75.4289 	EXP 	BlankBkg: autoDraw = False
75.4289 	EXP 	Ext_image: image = 'Extinction\\CS+1.BMP'
75.4289 	EXP 	ExtBkg: autoDraw = True
75.4289 	EXP 	Ext_image: autoDraw = True
76.4355 	EXP 	ExtBkg: autoDraw = False
76.4355 	EXP 	Ext_image: autoDraw = False
76.4355 	EXP 	BlankBkg: autoDraw = True
76.5059 	EXP 	Imported Rating1.xlsx as conditions, 2 conditions, 2 params
76.5062 	EXP 	Created sequence: sequential, trialTypes=2, nReps=1, seed=None
76.5064 	EXP 	New trial (rep=0, index=0): {'ratingName': 'Rating\\ratingCS+1.png', 'TrgCol': -0.1}
78.0068 	EXP 	BlankBkg: autoDraw = False
78.0068 	EXP 	BlankBkg: autoDraw = False
78.0068 	EXP 	image: image = 'Rating\\ratingCS+1.png'
78.0068 	EXP 	Scale: markerPos = None
78.0068 	EXP 	Scale: markerPos = None
78.0068 	EXP 	Scale: rating = None
78.0068 	EXP 	Bkg: autoDraw = True
78.0068 	EXP 	image: autoDraw = True
78.0068 	EXP 	Scale: autoDraw = True
81.2318 	DATA 	Mouse: Left button down, pos=(614,219)
81.2444 	EXP 	Scale: markerPos = 2.796875
81.2611 	EXP 	Scale: markerPos = 2.796875
81.2782 	EXP 	Scale: markerPos = 2.796875
81.2948 	EXP 	Scale: markerPos = 2.796875
81.3116 	EXP 	Scale: markerPos = 2.796875
81.3282 	EXP 	Scale: markerPos = 2.796875
81.3448 	EXP 	Scale: markerPos = 2.796875
81.3614 	EXP 	Scale: markerPos = 2.796875
81.3640 	DATA 	Mouse:  Left button up, pos=(614,218)
81.3782 	EXP 	Scale: markerPos = 2.796875
81.3782 	EXP 	Scale: rating = 2.796875
81.3820 	EXP 	New trial (rep=0, index=1): {'ratingName': 'Rating\\ratingCS-1.png', 'TrgCol': 0.4}
83.0195 	EXP 	Bkg: autoDraw = False
83.0195 	EXP 	image: autoDraw = False
83.0195 	EXP 	Scale: autoDraw = False
83.0195 	EXP 	image: image = 'Rating\\ratingCS-1.png'
83.0195 	EXP 	Scale: markerPos = None
83.0195 	EXP 	Scale: markerPos = None
83.0195 	EXP 	Scale: rating = None
83.0195 	EXP 	Bkg: autoDraw = True
83.0195 	EXP 	image: autoDraw = True
83.0195 	EXP 	Scale: autoDraw = True
83.3605 	DATA 	Mouse: Left button down, pos=(549,213)
83.3747 	EXP 	Scale: markerPos = 2.2890625
83.3907 	EXP 	Scale: markerPos = 2.2890625
83.4086 	EXP 	Scale: markerPos = 2.2890625
83.4263 	EXP 	Scale: markerPos = 2.2890625
83.4406 	EXP 	Scale: markerPos = 2.2890625
83.4582 	EXP 	Scale: markerPos = 2.2890625
83.4744 	EXP 	Scale: markerPos = 2.2890625
83.4918 	EXP 	Scale: markerPos = 2.2890625
83.4953 	DATA 	Mouse:  Left button up, pos=(549,214)
83.5069 	EXP 	Scale: markerPos = 2.2890625
83.5069 	EXP 	Scale: rating = 2.2890625
83.5393 	EXP 	New trial (rep=2, index=0): None
83.5466 	EXP 	Imported Extinction1.xlsx as conditions, 20 conditions, 2 params
83.5469 	EXP 	Created sequence: random, trialTypes=20, nReps=1, seed=None
83.5471 	EXP 	New trial (rep=0, index=0): {'ExtName': 'Extinction\\CS-1.BMP', 'TrgCol': 0.4}
83.5673 	EXP 	Bkg: autoDraw = False
83.5673 	EXP 	image: autoDraw = False
83.5673 	EXP 	Scale: autoDraw = False
83.5673 	EXP 	Ext_image: image = 'Extinction\\CS-1.BMP'
83.5673 	EXP 	ExtBkg: autoDraw = True
83.5673 	EXP 	Ext_image: autoDraw = True
84.5575 	EXP 	ExtBkg: autoDraw = False
84.5575 	EXP 	Ext_image: autoDraw = False
84.5575 	EXP 	BlankBkg: autoDraw = True
84.8631 	EXP 	New trial (rep=0, index=1): {'ExtName': 'Extinction\\CS+1.BMP', 'TrgCol': -0.1}
84.8902 	EXP 	BlankBkg: autoDraw = False
84.8902 	EXP 	BlankBkg: autoDraw = False
84.8902 	EXP 	Ext_image: image = 'Extinction\\CS+1.BMP'
84.8902 	EXP 	ExtBkg: autoDraw = True
84.8902 	EXP 	Ext_image: autoDraw = True
85.8933 	EXP 	ExtBkg: autoDraw = False
85.8933 	EXP 	Ext_image: autoDraw = False
85.8933 	EXP 	BlankBkg: autoDraw = True
86.0120 	EXP 	New trial (rep=0, index=2): {'ExtName': 'Extinction\\CS-1.BMP', 'TrgCol': 0.4}
86.0372 	EXP 	BlankBkg: autoDraw = False
86.0372 	EXP 	BlankBkg: autoDraw = False
86.0372 	EXP 	Ext_image: image = 'Extinction\\CS-1.BMP'
86.0372 	EXP 	ExtBkg: autoDraw = True
86.0372 	EXP 	Ext_image: autoDraw = True
87.0281 	EXP 	ExtBkg: autoDraw = False
87.0281 	EXP 	Ext_image: autoDraw = False
87.0281 	EXP 	BlankBkg: autoDraw = True
87.0968 	EXP 	New trial (rep=0, index=3): {'ExtName': 'Extinction\\CS-1.BMP', 'TrgCol': 0.4}
87.1147 	EXP 	BlankBkg: autoDraw = False
87.1147 	EXP 	BlankBkg: autoDraw = False
87.1147 	EXP 	Ext_image: image = 'Extinction\\CS-1.BMP'
87.1147 	EXP 	ExtBkg: autoDraw = True
87.1147 	EXP 	Ext_image: autoDraw = True
88.1266 	EXP 	ExtBkg: autoDraw = False
88.1266 	EXP 	Ext_image: autoDraw = False
88.1266 	EXP 	BlankBkg: autoDraw = True
88.1953 	EXP 	New trial (rep=0, index=4): {'ExtName': 'Extinction\\CS+1.BMP', 'TrgCol': -0.1}
88.2218 	EXP 	BlankBkg: autoDraw = False
88.2218 	EXP 	BlankBkg: autoDraw = False
88.2218 	EXP 	Ext_image: image = 'Extinction\\CS+1.BMP'
88.2218 	EXP 	ExtBkg: autoDraw = True
88.2218 	EXP 	Ext_image: autoDraw = True
89.2260 	EXP 	ExtBkg: autoDraw = False
89.2260 	EXP 	Ext_image: autoDraw = False
89.2260 	EXP 	BlankBkg: autoDraw = True
89.2786 	EXP 	New trial (rep=0, index=5): {'ExtName': 'Extinction\\CS-1.BMP', 'TrgCol': 0.4}
89.3051 	EXP 	BlankBkg: autoDraw = False
89.3051 	EXP 	BlankBkg: autoDraw = False
89.3051 	EXP 	Ext_image: image = 'Extinction\\CS-1.BMP'
89.3051 	EXP 	ExtBkg: autoDraw = True
89.3051 	EXP 	Ext_image: autoDraw = True
90.2954 	EXP 	ExtBkg: autoDraw = False
90.2954 	EXP 	Ext_image: autoDraw = False
90.2954 	EXP 	BlankBkg: autoDraw = True
90.4975 	EXP 	New trial (rep=0, index=6): {'ExtName': 'Extinction\\CS+1.BMP', 'TrgCol': -0.1}
90.5346 	EXP 	BlankBkg: autoDraw = False
90.5346 	EXP 	BlankBkg: autoDraw = False
90.5346 	EXP 	Ext_image: image = 'Extinction\\CS+1.BMP'
90.5346 	EXP 	ExtBkg: autoDraw = True
90.5346 	EXP 	Ext_image: autoDraw = True
91.5261 	EXP 	ExtBkg: autoDraw = False
91.5261 	EXP 	Ext_image: autoDraw = False
91.5261 	EXP 	BlankBkg: autoDraw = True
91.5790 	EXP 	New trial (rep=0, index=7): {'ExtName': 'Extinction\\CS+1.BMP', 'TrgCol': -0.1}
91.5935 	EXP 	BlankBkg: autoDraw = False
91.5935 	EXP 	BlankBkg: autoDraw = False
91.5935 	EXP 	Ext_image: image = 'Extinction\\CS+1.BMP'
91.5935 	EXP 	ExtBkg: autoDraw = True
91.5935 	EXP 	Ext_image: autoDraw = True
92.5935 	EXP 	ExtBkg: autoDraw = False
92.5935 	EXP 	Ext_image: autoDraw = False
92.5935 	EXP 	ExtBkg: autoDraw = False
92.5935 	EXP 	Ext_image: autoDraw = False
92.5935 	EXP 	BlankBkg: autoDraw = True
92.7469 	EXP 	New trial (rep=0, index=8): {'ExtName': 'Extinction\\CS+1.BMP', 'TrgCol': -0.1}
92.7664 	EXP 	BlankBkg: autoDraw = False
92.7664 	EXP 	BlankBkg: autoDraw = False
92.7664 	EXP 	Ext_image: image = 'Extinction\\CS+1.BMP'
92.7664 	EXP 	ExtBkg: autoDraw = True
92.7664 	EXP 	Ext_image: autoDraw = True
93.7762 	EXP 	ExtBkg: autoDraw = False
93.7762 	EXP 	Ext_image: autoDraw = False
93.7762 	EXP 	BlankBkg: autoDraw = True
93.9945 	EXP 	New trial (rep=0, index=9): {'ExtName': 'Extinction\\CS-1.BMP', 'TrgCol': 0.4}
94.0192 	EXP 	BlankBkg: autoDraw = False
94.0192 	EXP 	BlankBkg: autoDraw = False
94.0192 	EXP 	Ext_image: image = 'Extinction\\CS-1.BMP'
94.0192 	EXP 	ExtBkg: autoDraw = True
94.0192 	EXP 	Ext_image: autoDraw = True
95.0258 	EXP 	ExtBkg: autoDraw = False
95.0258 	EXP 	Ext_image: autoDraw = False
95.0258 	EXP 	BlankBkg: autoDraw = True
95.2941 	EXP 	New trial (rep=0, index=10): {'ExtName': 'Extinction\\CS-1.BMP', 'TrgCol': 0.4}
95.3089 	EXP 	BlankBkg: autoDraw = False
95.3089 	EXP 	BlankBkg: autoDraw = False
95.3089 	EXP 	Ext_image: image = 'Extinction\\CS-1.BMP'
95.3089 	EXP 	ExtBkg: autoDraw = True
95.3089 	EXP 	Ext_image: autoDraw = True
96.3089 	EXP 	ExtBkg: autoDraw = False
96.3089 	EXP 	Ext_image: autoDraw = False
96.3089 	EXP 	ExtBkg: autoDraw = False
96.3089 	EXP 	Ext_image: autoDraw = False
96.3089 	EXP 	BlankBkg: autoDraw = True
96.4279 	EXP 	New trial (rep=0, index=11): {'ExtName': 'Extinction\\CS+1.BMP', 'TrgCol': -0.1}
96.4531 	EXP 	BlankBkg: autoDraw = False
96.4531 	EXP 	BlankBkg: autoDraw = False
96.4531 	EXP 	Ext_image: image = 'Extinction\\CS+1.BMP'
96.4531 	EXP 	ExtBkg: autoDraw = True
96.4531 	EXP 	Ext_image: autoDraw = True
97.4585 	EXP 	ExtBkg: autoDraw = False
97.4585 	EXP 	Ext_image: autoDraw = False
97.4585 	EXP 	BlankBkg: autoDraw = True
97.5943 	EXP 	New trial (rep=0, index=12): {'ExtName': 'Extinction\\CS-1.BMP', 'TrgCol': 0.4}
97.6193 	EXP 	BlankBkg: autoDraw = False
97.6193 	EXP 	BlankBkg: autoDraw = False
97.6193 	EXP 	Ext_image: image = 'Extinction\\CS-1.BMP'
97.6193 	EXP 	ExtBkg: autoDraw = True
97.6193 	EXP 	Ext_image: autoDraw = True
98.6252 	EXP 	ExtBkg: autoDraw = False
98.6252 	EXP 	Ext_image: autoDraw = False
98.6252 	EXP 	BlankBkg: autoDraw = True
98.8620 	EXP 	New trial (rep=0, index=13): {'ExtName': 'Extinction\\CS-1.BMP', 'TrgCol': 0.4}
98.8798 	EXP 	BlankBkg: autoDraw = False
98.8798 	EXP 	BlankBkg: autoDraw = False
98.8798 	EXP 	Ext_image: image = 'Extinction\\CS-1.BMP'
98.8798 	EXP 	ExtBkg: autoDraw = True
98.8798 	EXP 	Ext_image: autoDraw = True
99.8915 	EXP 	ExtBkg: autoDraw = False
99.8915 	EXP 	Ext_image: autoDraw = False
99.8915 	EXP 	BlankBkg: autoDraw = True
100.0439 	EXP 	New trial (rep=0, index=14): {'ExtName': 'Extinction\\CS+1.BMP', 'TrgCol': -0.1}
100.0673 	EXP 	BlankBkg: autoDraw = False
100.0673 	EXP 	BlankBkg: autoDraw = False
100.0673 	EXP 	Ext_image: image = 'Extinction\\CS+1.BMP'
100.0673 	EXP 	ExtBkg: autoDraw = True
100.0673 	EXP 	Ext_image: autoDraw = True
101.0757 	EXP 	ExtBkg: autoDraw = False
101.0757 	EXP 	Ext_image: autoDraw = False
101.0757 	EXP 	BlankBkg: autoDraw = True
101.2936 	EXP 	New trial (rep=0, index=15): {'ExtName': 'Extinction\\CS+1.BMP', 'TrgCol': -0.1}
101.3080 	EXP 	BlankBkg: autoDraw = False
101.3080 	EXP 	BlankBkg: autoDraw = False
101.3080 	EXP 	Ext_image: image = 'Extinction\\CS+1.BMP'
101.3080 	EXP 	ExtBkg: autoDraw = True
101.3080 	EXP 	Ext_image: autoDraw = True
102.3084 	EXP 	ExtBkg: autoDraw = False
102.3084 	EXP 	Ext_image: autoDraw = False
102.3084 	EXP 	BlankBkg: autoDraw = True
102.4102 	EXP 	New trial (rep=0, index=16): {'ExtName': 'Extinction\\CS+1.BMP', 'TrgCol': -0.1}
102.4250 	EXP 	BlankBkg: autoDraw = False
102.4250 	EXP 	BlankBkg: autoDraw = False
102.4250 	EXP 	Ext_image: image = 'Extinction\\CS+1.BMP'
102.4250 	EXP 	ExtBkg: autoDraw = True
102.4250 	EXP 	Ext_image: autoDraw = True
103.4273 	EXP 	ExtBkg: autoDraw = False
103.4273 	EXP 	Ext_image: autoDraw = False
103.4273 	EXP 	BlankBkg: autoDraw = True
103.7111 	EXP 	New trial (rep=0, index=17): {'ExtName': 'Extinction\\CS-1.BMP', 'TrgCol': 0.4}
103.7345 	EXP 	BlankBkg: autoDraw = False
103.7345 	EXP 	BlankBkg: autoDraw = False
103.7345 	EXP 	Ext_image: image = 'Extinction\\CS-1.BMP'
103.7345 	EXP 	ExtBkg: autoDraw = True
103.7345 	EXP 	Ext_image: autoDraw = True
104.7422 	EXP 	ExtBkg: autoDraw = False
104.7422 	EXP 	Ext_image: autoDraw = False
104.7422 	EXP 	BlankBkg: autoDraw = True
104.9434 	EXP 	New trial (rep=0, index=18): {'ExtName': 'Extinction\\CS+1.BMP', 'TrgCol': -0.1}
104.9718 	EXP 	BlankBkg: autoDraw = False
104.9718 	EXP 	BlankBkg: autoDraw = False
104.9718 	EXP 	Ext_image: image = 'Extinction\\CS+1.BMP'
104.9718 	EXP 	ExtBkg: autoDraw = True
104.9718 	EXP 	Ext_image: autoDraw = True
105.9749 	EXP 	ExtBkg: autoDraw = False
105.9749 	EXP 	Ext_image: autoDraw = False
105.9749 	EXP 	BlankBkg: autoDraw = True
105.9774 	EXP 	New trial (rep=0, index=19): {'ExtName': 'Extinction\\CS-1.BMP', 'TrgCol': 0.4}
106.0002 	EXP 	BlankBkg: autoDraw = False
106.0002 	EXP 	BlankBkg: autoDraw = False
106.0002 	EXP 	Ext_image: image = 'Extinction\\CS-1.BMP'
106.0002 	EXP 	ExtBkg: autoDraw = True
106.0002 	EXP 	Ext_image: autoDraw = True
107.0079 	EXP 	ExtBkg: autoDraw = False
107.0079 	EXP 	Ext_image: autoDraw = False
107.0079 	EXP 	BlankBkg: autoDraw = True
107.1230 	EXP 	Imported Rating1.xlsx as conditions, 2 conditions, 2 params
107.1233 	EXP 	Created sequence: sequential, trialTypes=2, nReps=1, seed=None
107.1234 	EXP 	New trial (rep=0, index=0): {'ratingName': 'Rating\\ratingCS+1.png', 'TrgCol': -0.1}
108.7449 	EXP 	BlankBkg: autoDraw = False
108.7449 	EXP 	BlankBkg: autoDraw = False
108.7449 	EXP 	image: image = 'Rating\\ratingCS+1.png'
108.7449 	EXP 	Scale: markerPos = None
108.7449 	EXP 	Scale: markerPos = None
108.7449 	EXP 	Scale: rating = None
108.7449 	EXP 	Bkg: autoDraw = True
108.7449 	EXP 	image: autoDraw = True
108.7449 	EXP 	Scale: autoDraw = True
110.6453 	DATA 	Mouse: Left button down, pos=(587,215)
110.6581 	EXP 	Scale: markerPos = 2.5859374999999996
110.6763 	EXP 	Scale: markerPos = 2.5859374999999996
110.6964 	EXP 	Scale: markerPos = 2.5859374999999996
110.7079 	EXP 	Scale: markerPos = 2.5859374999999996
110.7283 	EXP 	Scale: markerPos = 2.5859374999999996
110.7415 	EXP 	Scale: markerPos = 2.5859374999999996
110.7593 	EXP 	Scale: markerPos = 2.5859374999999996
110.7759 	EXP 	Scale: markerPos = 2.5859374999999996
110.7964 	EXP 	Scale: markerPos = 2.5859374999999996
110.8075 	DATA 	Mouse:  Left button up, pos=(587,215)
110.8087 	EXP 	Scale: markerPos = 2.5859374999999996
110.8249 	EXP 	Scale: markerPos = 2.5859374999999996
110.8249 	EXP 	Scale: rating = 2.5859374999999996
110.8286 	EXP 	New trial (rep=0, index=1): {'ratingName': 'Rating\\ratingCS-1.png', 'TrgCol': 0.4}
112.2920 	EXP 	Bkg: autoDraw = False
112.2920 	EXP 	image: autoDraw = False
112.2920 	EXP 	Scale: autoDraw = False
112.2920 	EXP 	image: image = 'Rating\\ratingCS-1.png'
112.2920 	EXP 	Scale: markerPos = None
112.2920 	EXP 	Scale: markerPos = None
112.2920 	EXP 	Scale: rating = None
112.2920 	EXP 	Bkg: autoDraw = True
112.2920 	EXP 	image: autoDraw = True
112.2920 	EXP 	Scale: autoDraw = True
112.6316 	DATA 	Mouse: Left button down, pos=(534,208)
112.6686 	EXP 	Scale: markerPos = 2.171875
112.6922 	EXP 	Scale: markerPos = 2.171875
112.7184 	EXP 	Scale: markerPos = 2.171875
112.7412 	EXP 	Scale: markerPos = 2.171875
112.7626 	EXP 	Scale: markerPos = 2.171875
112.7773 	DATA 	Mouse:  Left button up, pos=(534,207)
112.7867 	EXP 	Scale: markerPos = 2.171875
112.8006 	EXP 	Scale: markerPos = 2.171875
112.8006 	EXP 	Scale: rating = 2.171875
112.8855 	EXP 	Bkg: autoDraw = False
112.8855 	EXP 	image: autoDraw = False
112.8855 	EXP 	Scale: autoDraw = False
112.8855 	EXP 	EndTxt: autoDraw = True
113.6148 	DATA 	Mouse: Left button down, pos=(875,329)
113.7102 	DATA 	Mouse:  Left button up, pos=(875,330)
114.6360 	DATA 	Keypress: escape
114.8232 	EXP 	window1: mouseVisible = True
