3.5736 	WARNING 	Font Manager failed to load file C:\WINDOWS\Fonts\方正粗黑宋简体.ttf
3.7330 	WARNING 	Font Manager failed to load file C:\Windows\Fonts\方正粗黑宋简体.ttf
4.3239 	WARNING 	Font Manager failed to load file C:\WINDOWS\Fonts\方正粗黑宋简体.ttf
4.4758 	WARNING 	Font Manager failed to load file C:\Windows\Fonts\方正粗黑宋简体.ttf
16.2653 	EXP 	Created window1 = Window(allowGUI=True, allowStencil=False, autoLog=True, backendConf=UNKNOWN, bitsMode=UNKNOWN, blendMode='avg', bpc=(8, 8, 8), color=array([0, 0, 0]), colorSpace='rgb', depthBits=8, fullscr=<method-wrapper '__getattribute__' of attributeSetter object at 0x000001B661FD1C88>, gamma=None, gammaErrorPolicy='raise', lms=UNKNOWN, monitor=<psychopy.monitors.calibTools.Monitor object at 0x000001B662141128>, multiSample=False, name='window1', numSamples=2, pos=[0.0, 0.0], screen=0, size=array([1920, 1080]), stencilBits=0, stereo=False, units='norm', useFBO=True, useRetina=False, viewOri=0.0, viewPos=None, viewScale=None, waitBlanking=True, winType='pyglet')
16.2653 	EXP 	window1: mouseVisible = True
16.2654 	EXP 	window1: recordFrameIntervals = False
16.4308 	EXP 	window1: recordFrameIntervals = True
16.6148 	EXP 	window1: recordFrameIntervals = False
17.2356 	EXP 	Created InstrBkg = Rect(__class__=<class 'psychopy.visual.rect.Rect'>, autoDraw=False, autoLog=True, closeShape=True, color=method-wrapper(...), colorSpace='rgb', contrast=None, depth=0.0, fillColor=array([-1, -1, -1]), fillColorSpace='rgb', fillRGB=UNKNOWN, interpolate=True, lineColor=array([-1., -1., -1.]), lineColorSpace='rgb', lineRGB=UNKNOWN, lineWidth=1, name='InstrBkg', opacity=1, ori=0.0, pos=array([0., 0.]), size=array([2., 2.]), units='norm', vertices=ndarray(...), win=Window(...))
24.5412 	EXP 	Created TagFig = ImageStim(__class__=<class 'psychopy.visual.image.ImageStim'>, autoLog=True, color=array([1., 1., 1.]), colorSpace='rgb', contrast=1.0, depth=-1.0, flipHoriz=False, flipVert=False, image='InstructionPreCond.PNG', interpolate=True, mask=None, maskParams=None, name='TagFig', opacity=1, ori=0.0, pos=array([0., 0.]), size=array([1.8, 1.8]), texRes=128, units='norm', win=Window(...))
24.5425 	EXP 	Created precondBkg = Rect(__class__=<class 'psychopy.visual.rect.Rect'>, autoDraw=False, autoLog=True, closeShape=True, color=method-wrapper(...), colorSpace='rgb', contrast=None, depth=0.0, fillColor=array([-1, -1, -1]), fillColorSpace='rgb', fillRGB=UNKNOWN, interpolate=True, lineColor=array([-1., -1., -1.]), lineColorSpace='rgb', lineRGB=UNKNOWN, lineWidth=1.0, name='precondBkg', opacity=1.0, ori=0.0, pos=array([0., 0.]), size=array([2., 2.]), units='norm', vertices=ndarray(...), win=Window(...))
24.6507 	EXP 	Created imagePreCond = ImageStim(__class__=<class 'psychopy.visual.image.ImageStim'>, autoLog=True, color=array([1., 1., 1.]), colorSpace='rgb', contrast=1.0, depth=-1.0, flipHoriz=False, flipVert=False, image='sin', interpolate=True, mask=None, maskParams=None, name='imagePreCond', opacity=1, ori=0.0, pos=array([0., 0.]), size=array([0.5, 1. ]), texRes=128, units='norm', win=Window(...))
24.6519 	EXP 	Created BlankBkg = Rect(__class__=<class 'psychopy.visual.rect.Rect'>, autoDraw=False, autoLog=True, closeShape=True, color=method-wrapper(...), colorSpace='rgb', contrast=None, depth=0.0, fillColor=array([-1, -1, -1]), fillColorSpace='rgb', fillRGB=UNKNOWN, interpolate=True, lineColor=array([-1., -1., -1.]), lineColorSpace='rgb', lineRGB=UNKNOWN, lineWidth=1, name='BlankBkg', opacity=1, ori=0.0, pos=array([0., 0.]), size=array([2., 2.]), units='norm', vertices=ndarray(...), win=Window(...))
24.6531 	EXP 	Created Bkg = Rect(__class__=<class 'psychopy.visual.rect.Rect'>, autoDraw=False, autoLog=True, closeShape=True, color=method-wrapper(...), colorSpace='rgb', contrast=None, depth=0.0, fillColor=array([-1, -1, -1]), fillColorSpace='rgb', fillRGB=UNKNOWN, interpolate=True, lineColor=array([-1., -1., -1.]), lineColorSpace='rgb', lineRGB=UNKNOWN, lineWidth=1.0, name='Bkg', opacity=1.0, ori=0.0, pos=array([0., 0.]), size=array([2., 2.]), units='norm', vertices=ndarray(...), win=Window(...))
24.6588 	EXP 	Created image = ImageStim(__class__=<class 'psychopy.visual.image.ImageStim'>, autoLog=True, color=array([1., 1., 1.]), colorSpace='rgb', contrast=1.0, depth=-1.0, flipHoriz=False, flipVert=False, image='sin', interpolate=True, mask=None, maskParams=None, name='image', opacity=1, ori=0.0, pos=array([0., 0.]), size=array([1.8, 1.8]), texRes=128.0, units='norm', win=Window(...))
24.6660 	EXP 	window1: mouseVisible = True
24.7689 	EXP 	Created Scale = Slider(__class__=<class 'psychopy.visual.slider.Slider'>, autoDraw=False, autoLog=True, borderColor=None, color=None, colorSpace='rgb', depth=-2, fillColor=None, flip=False, font='Open Sans', granularity=0.0, labelHeight=0.05, labelWrapWidth=None, labels=list(...), name='Scale', opacity=None, pos=(0, -0.6), readOnly=False, self=UNKNOWN, size=(1.2, 0.05), startValue=None, style=method-wrapper(...), styleTweaks=method-wrapper(...), ticks=array([ 1,  2,  3,  4,  5,  6,  7,  8,  9, 10]), units='norm', win=Window(...))
24.7733 	EXP 	Created InstrBkg2 = Rect(__class__=<class 'psychopy.visual.rect.Rect'>, autoDraw=False, autoLog=True, closeShape=True, color=method-wrapper(...), colorSpace='rgb', contrast=None, depth=0.0, fillColor=array([-1, -1, -1]), fillColorSpace='rgb', fillRGB=UNKNOWN, interpolate=True, lineColor=array([-1., -1., -1.]), lineColorSpace='rgb', lineRGB=UNKNOWN, lineWidth=1.0, name='InstrBkg2', opacity=1.0, ori=0.0, pos=array([0., 0.]), size=array([2., 2.]), units='norm', vertices=ndarray(...), win=Window(...))
31.6669 	EXP 	Created TagFig2 = ImageStim(__class__=<class 'psychopy.visual.image.ImageStim'>, autoLog=True, color=array([1., 1., 1.]), colorSpace='rgb', contrast=1.0, depth=-1.0, flipHoriz=False, flipVert=False, image='InstructionCond.PNG', interpolate=True, mask=None, maskParams=None, name='TagFig2', opacity=1, ori=0.0, pos=array([0., 0.]), size=array([1.8, 1.8]), texRes=128.0, units='norm', win=Window(...))
31.6683 	EXP 	Created CSBkg = Rect(__class__=<class 'psychopy.visual.rect.Rect'>, autoDraw=False, autoLog=True, closeShape=True, color=method-wrapper(...), colorSpace='rgb', contrast=None, depth=0.0, fillColor=array([-1, -1, -1]), fillColorSpace='rgb', fillRGB=UNKNOWN, interpolate=True, lineColor=array([-1., -1., -1.]), lineColorSpace='rgb', lineRGB=UNKNOWN, lineWidth=1.0, name='CSBkg', opacity=1.0, ori=0.0, pos=array([0., 0.]), size=array([2., 2.]), units='norm', vertices=ndarray(...), win=Window(...))
31.7562 	EXP 	Created CS_image = ImageStim(__class__=<class 'psychopy.visual.image.ImageStim'>, autoLog=True, color=array([1., 1., 1.]), colorSpace='rgb', contrast=1.0, depth=-1.0, flipHoriz=False, flipVert=False, image='sin', interpolate=True, mask=None, maskParams=None, name='CS_image', opacity=1, ori=0.0, pos=array([0., 0.]), size=array([0.5, 1. ]), texRes=128.0, units='norm', win=Window(...))
31.7578 	EXP 	Created UCSBkg = Rect(__class__=<class 'psychopy.visual.rect.Rect'>, autoDraw=False, autoLog=True, closeShape=True, color=method-wrapper(...), colorSpace='rgb', contrast=None, depth=0.0, fillColor=array([-1, -1, -1]), fillColorSpace='rgb', fillRGB=UNKNOWN, interpolate=True, lineColor=array([-1., -1., -1.]), lineColorSpace='rgb', lineRGB=UNKNOWN, lineWidth=1.0, name='UCSBkg', opacity=1.0, ori=0.0, pos=array([0., 0.]), size=array([2., 2.]), units='norm', vertices=ndarray(...), win=Window(...))
31.7627 	EXP 	Created UCS_image = ImageStim(__class__=<class 'psychopy.visual.image.ImageStim'>, autoLog=True, color=array([1., 1., 1.]), colorSpace='rgb', contrast=1.0, depth=-1.0, flipHoriz=False, flipVert=False, image='sin', interpolate=True, mask=None, maskParams=None, name='UCS_image', opacity=1, ori=0.0, pos=array([0., 0.]), size=array([0.5, 1. ]), texRes=128.0, units='norm', win=Window(...))
32.1366 	EXP 	Sound sound_1 set volume 1.000
32.1393 	EXP 	Created BlankBkg = Rect(__class__=<class 'psychopy.visual.rect.Rect'>, autoDraw=False, autoLog=True, closeShape=True, color=method-wrapper(...), colorSpace='rgb', contrast=None, depth=0.0, fillColor=array([-1, -1, -1]), fillColorSpace='rgb', fillRGB=UNKNOWN, interpolate=True, lineColor=array([-1., -1., -1.]), lineColorSpace='rgb', lineRGB=UNKNOWN, lineWidth=1, name='BlankBkg', opacity=1, ori=0.0, pos=array([0., 0.]), size=array([2., 2.]), units='norm', vertices=ndarray(...), win=Window(...))
32.1405 	EXP 	Created Bkg = Rect(__class__=<class 'psychopy.visual.rect.Rect'>, autoDraw=False, autoLog=True, closeShape=True, color=method-wrapper(...), colorSpace='rgb', contrast=None, depth=0.0, fillColor=array([-1, -1, -1]), fillColorSpace='rgb', fillRGB=UNKNOWN, interpolate=True, lineColor=array([-1., -1., -1.]), lineColorSpace='rgb', lineRGB=UNKNOWN, lineWidth=1.0, name='Bkg', opacity=1.0, ori=0.0, pos=array([0., 0.]), size=array([2., 2.]), units='norm', vertices=ndarray(...), win=Window(...))
32.1461 	EXP 	Created image = ImageStim(__class__=<class 'psychopy.visual.image.ImageStim'>, autoLog=True, color=array([1., 1., 1.]), colorSpace='rgb', contrast=1.0, depth=-1.0, flipHoriz=False, flipVert=False, image='sin', interpolate=True, mask=None, maskParams=None, name='image', opacity=1, ori=0.0, pos=array([0., 0.]), size=array([1.8, 1.8]), texRes=128.0, units='norm', win=Window(...))
32.1529 	EXP 	window1: mouseVisible = True
32.1745 	EXP 	Created Scale = Slider(__class__=<class 'psychopy.visual.slider.Slider'>, autoDraw=False, autoLog=True, borderColor=None, color=None, colorSpace='rgb', depth=-2, fillColor=None, flip=False, font='Open Sans', granularity=0.0, labelHeight=0.05, labelWrapWidth=None, labels=list(...), name='Scale', opacity=None, pos=(0, -0.6), readOnly=False, self=UNKNOWN, size=(1.2, 0.05), startValue=None, style=method-wrapper(...), styleTweaks=method-wrapper(...), ticks=array([ 1,  2,  3,  4,  5,  6,  7,  8,  9, 10]), units='norm', win=Window(...))
32.1795 	EXP 	Created InstrBkg3 = Rect(__class__=<class 'psychopy.visual.rect.Rect'>, autoDraw=False, autoLog=True, closeShape=True, color=method-wrapper(...), colorSpace='rgb', contrast=None, depth=0.0, fillColor=array([-1, -1, -1]), fillColorSpace='rgb', fillRGB=UNKNOWN, interpolate=True, lineColor=array([-1., -1., -1.]), lineColorSpace='rgb', lineRGB=UNKNOWN, lineWidth=1.0, name='InstrBkg3', opacity=1.0, ori=0.0, pos=array([0., 0.]), size=array([2., 2.]), units='norm', vertices=ndarray(...), win=Window(...))
39.2234 	EXP 	Created TagFig3 = ImageStim(__class__=<class 'psychopy.visual.image.ImageStim'>, autoLog=True, color=array([1., 1., 1.]), colorSpace='rgb', contrast=1.0, depth=-1.0, flipHoriz=False, flipVert=False, image='InstructionExtinction.PNG', interpolate=True, mask=None, maskParams=None, name='TagFig3', opacity=1, ori=0.0, pos=array([0., 0.]), size=array([1.8, 1.8]), texRes=128.0, units='norm', win=Window(...))
39.2248 	EXP 	Created ExtBkg = Rect(__class__=<class 'psychopy.visual.rect.Rect'>, autoDraw=False, autoLog=True, closeShape=True, color=method-wrapper(...), colorSpace='rgb', contrast=None, depth=0.0, fillColor=array([-1, -1, -1]), fillColorSpace='rgb', fillRGB=UNKNOWN, interpolate=True, lineColor=array([-1., -1., -1.]), lineColorSpace='rgb', lineRGB=UNKNOWN, lineWidth=1.0, name='ExtBkg', opacity=1.0, ori=0.0, pos=array([0., 0.]), size=array([2., 2.]), units='norm', vertices=ndarray(...), win=Window(...))
39.3036 	EXP 	Created Ext_image = ImageStim(__class__=<class 'psychopy.visual.image.ImageStim'>, autoLog=True, color=array([1., 1., 1.]), colorSpace='rgb', contrast=1.0, depth=-1.0, flipHoriz=False, flipVert=False, image='sin', interpolate=True, mask=None, maskParams=None, name='Ext_image', opacity=1, ori=0.0, pos=array([0., 0.]), size=array([0.5, 0.8]), texRes=128.0, units='norm', win=Window(...))
39.3048 	EXP 	Created BlankBkg = Rect(__class__=<class 'psychopy.visual.rect.Rect'>, autoDraw=False, autoLog=True, closeShape=True, color=method-wrapper(...), colorSpace='rgb', contrast=None, depth=0.0, fillColor=array([-1, -1, -1]), fillColorSpace='rgb', fillRGB=UNKNOWN, interpolate=True, lineColor=array([-1., -1., -1.]), lineColorSpace='rgb', lineRGB=UNKNOWN, lineWidth=1, name='BlankBkg', opacity=1, ori=0.0, pos=array([0., 0.]), size=array([2., 2.]), units='norm', vertices=ndarray(...), win=Window(...))
39.3062 	EXP 	Created Bkg = Rect(__class__=<class 'psychopy.visual.rect.Rect'>, autoDraw=False, autoLog=True, closeShape=True, color=method-wrapper(...), colorSpace='rgb', contrast=None, depth=0.0, fillColor=array([-1, -1, -1]), fillColorSpace='rgb', fillRGB=UNKNOWN, interpolate=True, lineColor=array([-1., -1., -1.]), lineColorSpace='rgb', lineRGB=UNKNOWN, lineWidth=1.0, name='Bkg', opacity=1.0, ori=0.0, pos=array([0., 0.]), size=array([2., 2.]), units='norm', vertices=ndarray(...), win=Window(...))
39.3101 	EXP 	Created image = ImageStim(__class__=<class 'psychopy.visual.image.ImageStim'>, autoLog=True, color=array([1., 1., 1.]), colorSpace='rgb', contrast=1.0, depth=-1.0, flipHoriz=False, flipVert=False, image='sin', interpolate=True, mask=None, maskParams=None, name='image', opacity=1, ori=0.0, pos=array([0., 0.]), size=array([1.8, 1.8]), texRes=128.0, units='norm', win=Window(...))
39.3160 	EXP 	window1: mouseVisible = True
39.3358 	EXP 	Created Scale = Slider(__class__=<class 'psychopy.visual.slider.Slider'>, autoDraw=False, autoLog=True, borderColor=None, color=None, colorSpace='rgb', depth=-2, fillColor=None, flip=False, font='Open Sans', granularity=0.0, labelHeight=0.05, labelWrapWidth=None, labels=list(...), name='Scale', opacity=None, pos=(0, -0.6), readOnly=False, self=UNKNOWN, size=(1.2, 0.05), startValue=None, style=method-wrapper(...), styleTweaks=method-wrapper(...), ticks=array([ 1,  2,  3,  4,  5,  6,  7,  8,  9, 10]), units='norm', win=Window(...))
39.3594 	EXP 	Created EndTxt = TextStim(__class__=<class 'psychopy.visual.text.TextStim'>, alignHoriz=method-wrapper(...), alignText='center', alignVert=method-wrapper(...), anchorHoriz='center', anchorVert='center', antialias=True, autoLog=True, bold=False, color=array([1., 1., 1.]), colorSpace='rgb', contrast=1.0, depth=0.0, flipHoriz=False, flipVert=False, font='Microsoft YaHei', fontFiles=[], height=0.08, italic=False, languageStyle='LTR', name='EndTxt', opacity=1, ori=0, pos=array([0., 0.]), rgb=UNKNOWN, text='谢谢您的参与！', units='norm', win=Window(...), wrapWidth=1)
39.3955 	DATA 	Keypress: return
39.4637 	EXP 	Scale: autoLog = True
39.4637 	EXP 	Scale: markerPos = None
39.4637 	EXP 	Scale: rating = None
39.4637 	EXP 	Scale: markerPos = None
39.4637 	EXP 	Scale: contrast = 1.0
39.4637 	EXP 	Scale: autoLog = True
39.4637 	EXP 	Scale: styleTweaks = []
39.4637 	EXP 	Scale: style = 'rating'
39.4637 	EXP 	Scale: styleTweaks = []
39.4637 	EXP 	Scale: autoLog = True
39.4637 	EXP 	Scale: markerPos = None
39.4637 	EXP 	Scale: rating = None
39.4637 	EXP 	Scale: markerPos = None
39.4637 	EXP 	Scale: contrast = 1.0
39.4637 	EXP 	Scale: autoLog = True
39.4637 	EXP 	Scale: styleTweaks = []
39.4637 	EXP 	Scale: style = 'rating'
39.4637 	EXP 	Scale: styleTweaks = []
39.4637 	EXP 	Scale: autoLog = True
39.4637 	EXP 	Scale: markerPos = None
39.4637 	EXP 	Scale: rating = None
39.4637 	EXP 	Scale: markerPos = None
39.4637 	EXP 	Scale: contrast = 1.0
39.4637 	EXP 	Scale: autoLog = True
39.4637 	EXP 	Scale: styleTweaks = []
39.4637 	EXP 	Scale: style = 'rating'
39.4637 	EXP 	Scale: styleTweaks = []
39.4637 	EXP 	InstrBkg: autoDraw = True
39.4637 	EXP 	TagFig: autoDraw = True
50.2097 	DATA 	Keypress: space
50.2402 	EXP 	Imported PreCondition.xlsx as conditions, 10 conditions, 2 params
50.2409 	EXP 	Created sequence: random, trialTypes=10, nReps=1, seed=None
50.2412 	EXP 	New trial (rep=0, index=0): {'PreCondName': 'PreCondition\\CS-.PNG', 'TrgCol': 0.4}
50.2529 	EXP 	InstrBkg: autoDraw = False
50.2529 	EXP 	TagFig: autoDraw = False
50.2529 	EXP 	imagePreCond: image = 'PreCondition\\CS-.PNG'
50.2529 	EXP 	precondBkg: autoDraw = True
50.2529 	EXP 	imagePreCond: autoDraw = True
56.2524 	EXP 	precondBkg: autoDraw = False
56.2524 	EXP 	imagePreCond: autoDraw = False
56.2524 	EXP 	BlankBkg: autoDraw = True
62.3704 	EXP 	New trial (rep=0, index=1): {'PreCondName': 'PreCondition\\CS-.PNG', 'TrgCol': 0.4}
62.3849 	EXP 	BlankBkg: autoDraw = False
62.3849 	EXP 	BlankBkg: autoDraw = False
62.3849 	EXP 	imagePreCond: image = 'PreCondition\\CS-.PNG'
62.3849 	EXP 	precondBkg: autoDraw = True
62.3849 	EXP 	imagePreCond: autoDraw = True
68.3685 	EXP 	imagePreCond: autoDraw = False
68.3851 	EXP 	precondBkg: autoDraw = False
68.3851 	EXP 	precondBkg: autoDraw = False
68.3851 	EXP 	imagePreCond: autoDraw = False
68.3851 	EXP 	BlankBkg: autoDraw = True
74.6202 	EXP 	New trial (rep=0, index=2): {'PreCondName': 'PreCondition\\CS+.PNG', 'TrgCol': -0.1}
74.6350 	EXP 	BlankBkg: autoDraw = False
74.6350 	EXP 	BlankBkg: autoDraw = False
74.6350 	EXP 	imagePreCond: image = 'PreCondition\\CS+.PNG'
74.6350 	EXP 	precondBkg: autoDraw = True
74.6350 	EXP 	imagePreCond: autoDraw = True
80.6335 	EXP 	imagePreCond: autoDraw = False
80.6504 	EXP 	precondBkg: autoDraw = False
80.6504 	EXP 	imagePreCond: autoDraw = False
80.6504 	EXP 	BlankBkg: autoDraw = True
86.7512 	EXP 	New trial (rep=0, index=3): {'PreCondName': 'PreCondition\\CS-.PNG', 'TrgCol': 0.4}
86.7655 	EXP 	BlankBkg: autoDraw = False
86.7655 	EXP 	BlankBkg: autoDraw = False
86.7655 	EXP 	imagePreCond: image = 'PreCondition\\CS-.PNG'
86.7655 	EXP 	precondBkg: autoDraw = True
86.7655 	EXP 	imagePreCond: autoDraw = True
92.7492 	EXP 	imagePreCond: autoDraw = False
92.7660 	EXP 	precondBkg: autoDraw = False
92.7660 	EXP 	precondBkg: autoDraw = False
92.7660 	EXP 	imagePreCond: autoDraw = False
92.7660 	EXP 	BlankBkg: autoDraw = True
99.0178 	EXP 	New trial (rep=0, index=4): {'PreCondName': 'PreCondition\\CS+.PNG', 'TrgCol': -0.1}
99.0316 	EXP 	BlankBkg: autoDraw = False
99.0316 	EXP 	BlankBkg: autoDraw = False
99.0316 	EXP 	imagePreCond: image = 'PreCondition\\CS+.PNG'
99.0316 	EXP 	precondBkg: autoDraw = True
99.0316 	EXP 	imagePreCond: autoDraw = True
105.0144 	EXP 	imagePreCond: autoDraw = False
105.0311 	EXP 	precondBkg: autoDraw = False
105.0311 	EXP 	precondBkg: autoDraw = False
105.0311 	EXP 	imagePreCond: autoDraw = False
105.0311 	EXP 	BlankBkg: autoDraw = True
111.1834 	EXP 	New trial (rep=0, index=5): {'PreCondName': 'PreCondition\\CS-.PNG', 'TrgCol': 0.4}
111.1981 	EXP 	BlankBkg: autoDraw = False
111.1981 	EXP 	BlankBkg: autoDraw = False
111.1981 	EXP 	imagePreCond: image = 'PreCondition\\CS-.PNG'
111.1981 	EXP 	precondBkg: autoDraw = True
111.1981 	EXP 	imagePreCond: autoDraw = True
117.1968 	EXP 	imagePreCond: autoDraw = False
117.2128 	EXP 	precondBkg: autoDraw = False
117.2128 	EXP 	imagePreCond: autoDraw = False
117.2128 	EXP 	BlankBkg: autoDraw = True
123.6323 	EXP 	New trial (rep=0, index=6): {'PreCondName': 'PreCondition\\CS-.PNG', 'TrgCol': 0.4}
123.6463 	EXP 	BlankBkg: autoDraw = False
123.6463 	EXP 	BlankBkg: autoDraw = False
123.6463 	EXP 	imagePreCond: image = 'PreCondition\\CS-.PNG'
123.6463 	EXP 	precondBkg: autoDraw = True
123.6463 	EXP 	imagePreCond: autoDraw = True
129.6283 	EXP 	imagePreCond: autoDraw = False
129.6618 	EXP 	precondBkg: autoDraw = False
129.6618 	EXP 	imagePreCond: autoDraw = False
129.6618 	EXP 	BlankBkg: autoDraw = True
135.8454 	EXP 	New trial (rep=0, index=7): {'PreCondName': 'PreCondition\\CS+.PNG', 'TrgCol': -0.1}
135.8606 	EXP 	BlankBkg: autoDraw = False
135.8606 	EXP 	BlankBkg: autoDraw = False
135.8606 	EXP 	imagePreCond: image = 'PreCondition\\CS+.PNG'
135.8606 	EXP 	precondBkg: autoDraw = True
135.8606 	EXP 	imagePreCond: autoDraw = True
141.8440 	EXP 	imagePreCond: autoDraw = False
141.8607 	EXP 	precondBkg: autoDraw = False
141.8607 	EXP 	precondBkg: autoDraw = False
141.8607 	EXP 	imagePreCond: autoDraw = False
141.8607 	EXP 	BlankBkg: autoDraw = True
147.9961 	EXP 	New trial (rep=0, index=8): {'PreCondName': 'PreCondition\\CS+.PNG', 'TrgCol': -0.1}
148.0098 	EXP 	BlankBkg: autoDraw = False
148.0098 	EXP 	BlankBkg: autoDraw = False
148.0098 	EXP 	imagePreCond: image = 'PreCondition\\CS+.PNG'
148.0098 	EXP 	precondBkg: autoDraw = True
148.0098 	EXP 	imagePreCond: autoDraw = True
153.9929 	EXP 	imagePreCond: autoDraw = False
154.0091 	EXP 	precondBkg: autoDraw = False
154.0091 	EXP 	precondBkg: autoDraw = False
154.0091 	EXP 	imagePreCond: autoDraw = False
154.0091 	EXP 	BlankBkg: autoDraw = True
160.1784 	EXP 	New trial (rep=0, index=9): {'PreCondName': 'PreCondition\\CS+.PNG', 'TrgCol': -0.1}
160.1925 	EXP 	BlankBkg: autoDraw = False
160.1925 	EXP 	BlankBkg: autoDraw = False
160.1925 	EXP 	imagePreCond: image = 'PreCondition\\CS+.PNG'
160.1925 	EXP 	precondBkg: autoDraw = True
160.1925 	EXP 	imagePreCond: autoDraw = True
166.1748 	EXP 	imagePreCond: autoDraw = False
166.2076 	EXP 	precondBkg: autoDraw = False
166.2076 	EXP 	imagePreCond: autoDraw = False
166.2076 	EXP 	BlankBkg: autoDraw = True
172.5527 	EXP 	Imported Rating.xlsx as conditions, 2 conditions, 2 params
172.5529 	EXP 	Created sequence: sequential, trialTypes=2, nReps=1, seed=None
172.5531 	EXP 	New trial (rep=0, index=0): {'ratingName': 'Rating\\ratingCS+.png', 'TrgCol': -0.1}
176.0264 	EXP 	BlankBkg: autoDraw = False
176.0264 	EXP 	BlankBkg: autoDraw = False
176.0264 	EXP 	image: image = 'Rating\\ratingCS+.png'
176.0264 	EXP 	Scale: markerPos = None
176.0264 	EXP 	Scale: markerPos = None
176.0264 	EXP 	Scale: rating = None
176.0264 	EXP 	Bkg: autoDraw = True
176.0264 	EXP 	image: autoDraw = True
176.0264 	EXP 	Scale: autoDraw = True
188.6461 	DATA 	Mouse: Left button down, pos=(511,225)
188.6694 	EXP 	Scale: markerPos = 1.9921874999999998
188.6860 	EXP 	Scale: markerPos = 1.9921874999999998
188.7027 	EXP 	Scale: markerPos = 1.9921874999999998
188.7193 	EXP 	Scale: markerPos = 1.9921874999999998
188.7404 	EXP 	Scale: markerPos = 1.9921874999999998
188.7426 	DATA 	Mouse:  Left button up, pos=(511,225)
188.7522 	EXP 	Scale: markerPos = 1.9921874999999998
188.7522 	EXP 	Scale: rating = 1.9921874999999998
188.7561 	EXP 	New trial (rep=0, index=1): {'ratingName': 'Rating\\ratingCS-.png', 'TrgCol': 0.4}
189.9628 	EXP 	Bkg: autoDraw = False
189.9628 	EXP 	image: autoDraw = False
189.9628 	EXP 	Scale: autoDraw = False
189.9628 	EXP 	image: image = 'Rating\\ratingCS-.png'
189.9628 	EXP 	Scale: markerPos = None
189.9628 	EXP 	Scale: markerPos = None
189.9628 	EXP 	Scale: rating = None
189.9628 	EXP 	Bkg: autoDraw = True
189.9628 	EXP 	image: autoDraw = True
189.9628 	EXP 	Scale: autoDraw = True
191.8536 	DATA 	Mouse: Left button down, pos=(533,202)
191.8681 	EXP 	Scale: markerPos = 2.1640625
191.8890 	EXP 	Scale: markerPos = 2.1640625
191.9091 	EXP 	Scale: markerPos = 2.1640625
191.9212 	EXP 	Scale: markerPos = 2.1640625
191.9312 	DATA 	Mouse:  Left button up, pos=(533,202)
191.9353 	EXP 	Scale: markerPos = 2.1640625
191.9519 	EXP 	Scale: markerPos = 2.1640625
191.9519 	EXP 	Scale: rating = 2.1640625
191.9839 	EXP 	Bkg: autoDraw = False
191.9839 	EXP 	image: autoDraw = False
191.9839 	EXP 	Scale: autoDraw = False
191.9839 	EXP 	InstrBkg2: autoDraw = True
191.9839 	EXP 	TagFig2: autoDraw = True
207.6231 	EXP 	Imported Conditioning.xlsx as conditions, 20 conditions, 4 params
207.6237 	EXP 	Created sequence: random, trialTypes=20, nReps=1, seed=None
207.6240 	EXP 	New trial (rep=0, index=0): {'CSName': 'Condition\\CS+.PNG', 'UCSName': 'Condition\\UCS.PNG', 'SoundName': 'Sound\\scream1.wav', 'TrgCol': -0.1}
207.6325 	DATA 	Keypress: space
207.6346 	EXP 	InstrBkg2: autoDraw = False
207.6346 	EXP 	TagFig2: autoDraw = False
207.6346 	EXP 	CS_image: image = 'Condition\\CS+.PNG'
207.6346 	EXP 	CSBkg: autoDraw = True
207.6346 	EXP 	CS_image: autoDraw = True
212.6543 	EXP 	Sound sound_1 started
212.6512 	EXP 	CSBkg: autoDraw = False
212.6512 	EXP 	CS_image: autoDraw = False
212.6512 	EXP 	UCS_image: image = 'Condition\\UCS.PNG'
212.6512 	EXP 	UCSBkg: autoDraw = True
212.6512 	EXP 	UCS_image: autoDraw = True
213.6264 	EXP 	Sound sound_1 stopped
213.6372 	EXP 	UCSBkg: autoDraw = False
213.6372 	EXP 	UCS_image: autoDraw = False
213.6372 	EXP 	BlankBkg: autoDraw = True
219.9389 	EXP 	New trial (rep=0, index=1): {'CSName': 'Condition\\CS+.PNG', 'UCSName': 'Condition\\UCS.PNG', 'SoundName': 'Sound\\scream1.wav', 'TrgCol': -0.1}
219.9523 	EXP 	BlankBkg: autoDraw = False
219.9523 	EXP 	BlankBkg: autoDraw = False
219.9523 	EXP 	CS_image: image = 'Condition\\CS+.PNG'
219.9523 	EXP 	CSBkg: autoDraw = True
219.9523 	EXP 	CS_image: autoDraw = True
224.9528 	EXP 	Sound sound_1 started
224.9525 	EXP 	CSBkg: autoDraw = False
224.9525 	EXP 	CS_image: autoDraw = False
224.9525 	EXP 	CSBkg: autoDraw = False
224.9525 	EXP 	CS_image: autoDraw = False
224.9525 	EXP 	UCS_image: image = 'Condition\\UCS.PNG'
224.9525 	EXP 	UCSBkg: autoDraw = True
224.9525 	EXP 	UCS_image: autoDraw = True
225.9563 	EXP 	Sound sound_1 stopped
225.9654 	EXP 	UCSBkg: autoDraw = False
225.9654 	EXP 	UCS_image: autoDraw = False
225.9654 	EXP 	UCSBkg: autoDraw = False
225.9654 	EXP 	UCS_image: autoDraw = False
225.9654 	EXP 	BlankBkg: autoDraw = True
231.9715 	EXP 	New trial (rep=0, index=2): {'CSName': 'Condition\\CS-.PNG', 'UCSName': 'Condition\\black.PNG', 'SoundName': 'Sound\\silent.wav', 'TrgCol': 0.4}
231.9882 	EXP 	BlankBkg: autoDraw = False
231.9882 	EXP 	BlankBkg: autoDraw = False
231.9882 	EXP 	CS_image: image = 'Condition\\CS-.PNG'
231.9882 	EXP 	CSBkg: autoDraw = True
231.9882 	EXP 	CS_image: autoDraw = True
240.3987 	EXP 	Sound sound_1 stopped
240.4132 	EXP 	CSBkg: autoDraw = False
240.4132 	EXP 	CS_image: autoDraw = False
240.4132 	EXP 	UCS_image: image = 'Condition\\black.PNG'
240.4132 	EXP 	UCSBkg: autoDraw = False
240.4132 	EXP 	UCS_image: autoDraw = False
240.4132 	EXP 	BlankBkg: autoDraw = True
246.6926 	EXP 	New trial (rep=0, index=3): {'CSName': 'Condition\\CS+.PNG', 'UCSName': 'Condition\\UCS.PNG', 'SoundName': 'Sound\\scream1.wav', 'TrgCol': -0.1}
246.7058 	EXP 	BlankBkg: autoDraw = False
246.7058 	EXP 	BlankBkg: autoDraw = False
246.7058 	EXP 	CS_image: image = 'Condition\\CS+.PNG'
246.7058 	EXP 	CSBkg: autoDraw = True
246.7058 	EXP 	CS_image: autoDraw = True
251.7892 	EXP 	Sound sound_1 started
251.7933 	EXP 	CSBkg: autoDraw = False
251.7933 	EXP 	CS_image: autoDraw = False
251.7933 	EXP 	CSBkg: autoDraw = False
251.7933 	EXP 	CS_image: autoDraw = False
251.7933 	EXP 	UCS_image: image = 'Condition\\UCS.PNG'
251.7933 	EXP 	UCSBkg: autoDraw = True
251.7933 	EXP 	UCS_image: autoDraw = True
252.7175 	EXP 	Sound sound_1 stopped
252.7229 	EXP 	UCSBkg: autoDraw = False
252.7229 	EXP 	UCS_image: autoDraw = False
252.7229 	EXP 	BlankBkg: autoDraw = True
258.8326 	EXP 	New trial (rep=0, index=4): {'CSName': 'Condition\\CS-.PNG', 'UCSName': 'Condition\\black.PNG', 'SoundName': 'Sound\\silent.wav', 'TrgCol': 0.4}
258.8461 	EXP 	BlankBkg: autoDraw = False
258.8461 	EXP 	BlankBkg: autoDraw = False
258.8461 	EXP 	CS_image: image = 'Condition\\CS-.PNG'
258.8461 	EXP 	CSBkg: autoDraw = True
258.8461 	EXP 	CS_image: autoDraw = True
267.2563 	EXP 	Sound sound_1 stopped
267.2798 	EXP 	CSBkg: autoDraw = False
267.2798 	EXP 	CS_image: autoDraw = False
267.2798 	EXP 	CSBkg: autoDraw = False
267.2798 	EXP 	CS_image: autoDraw = False
267.2798 	EXP 	UCS_image: image = 'Condition\\black.PNG'
267.2798 	EXP 	UCSBkg: autoDraw = False
267.2798 	EXP 	UCS_image: autoDraw = False
267.2798 	EXP 	BlankBkg: autoDraw = True
273.2987 	EXP 	New trial (rep=0, index=5): {'CSName': 'Condition\\CS-.PNG', 'UCSName': 'Condition\\black.PNG', 'SoundName': 'Sound\\silent.wav', 'TrgCol': 0.4}
273.3132 	EXP 	BlankBkg: autoDraw = False
273.3132 	EXP 	BlankBkg: autoDraw = False
273.3132 	EXP 	CS_image: image = 'Condition\\CS-.PNG'
273.3132 	EXP 	CSBkg: autoDraw = True
273.3132 	EXP 	CS_image: autoDraw = True
279.2606 	EXP 	Sound sound_1 started
279.3185 	EXP 	CSBkg: autoDraw = False
279.3185 	EXP 	CS_image: autoDraw = False
279.3185 	EXP 	CSBkg: autoDraw = False
279.3185 	EXP 	CS_image: autoDraw = False
279.3185 	EXP 	UCS_image: image = 'Condition\\black.PNG'
279.3185 	EXP 	UCSBkg: autoDraw = True
279.3185 	EXP 	UCS_image: autoDraw = True
279.3634 	EXP 	Sound sound_1 stopped
279.3718 	EXP 	UCSBkg: autoDraw = False
279.3718 	EXP 	UCS_image: autoDraw = False
279.3718 	EXP 	BlankBkg: autoDraw = True
285.7078 	EXP 	New trial (rep=0, index=6): {'CSName': 'Condition\\CS-.PNG', 'UCSName': 'Condition\\black.PNG', 'SoundName': 'Sound\\silent.wav', 'TrgCol': 0.4}
285.7216 	EXP 	BlankBkg: autoDraw = False
285.7216 	EXP 	BlankBkg: autoDraw = False
285.7216 	EXP 	CS_image: image = 'Condition\\CS-.PNG'
285.7216 	EXP 	CSBkg: autoDraw = True
285.7216 	EXP 	CS_image: autoDraw = True
291.6859 	EXP 	Sound sound_1 started
291.7016 	EXP 	CSBkg: autoDraw = False
291.7016 	EXP 	CS_image: autoDraw = False
291.7016 	EXP 	CSBkg: autoDraw = False
291.7016 	EXP 	CS_image: autoDraw = False
291.7016 	EXP 	UCS_image: image = 'Condition\\black.PNG'
291.7016 	EXP 	UCSBkg: autoDraw = True
291.7016 	EXP 	UCS_image: autoDraw = True
291.7777 	EXP 	Sound sound_1 stopped
291.7830 	EXP 	UCSBkg: autoDraw = False
291.7830 	EXP 	UCS_image: autoDraw = False
291.7830 	EXP 	BlankBkg: autoDraw = True
297.9061 	EXP 	New trial (rep=0, index=7): {'CSName': 'Condition\\CS-.PNG', 'UCSName': 'Condition\\black.PNG', 'SoundName': 'Sound\\silent.wav', 'TrgCol': 0.4}
297.9207 	EXP 	BlankBkg: autoDraw = False
297.9207 	EXP 	BlankBkg: autoDraw = False
297.9207 	EXP 	CS_image: image = 'Condition\\CS-.PNG'
297.9207 	EXP 	CSBkg: autoDraw = True
297.9207 	EXP 	CS_image: autoDraw = True
303.8858 	EXP 	Sound sound_1 started
303.9053 	EXP 	CSBkg: autoDraw = False
303.9053 	EXP 	CS_image: autoDraw = False
303.9053 	EXP 	CSBkg: autoDraw = False
303.9053 	EXP 	CS_image: autoDraw = False
303.9053 	EXP 	UCS_image: image = 'Condition\\black.PNG'
303.9053 	EXP 	UCSBkg: autoDraw = True
303.9053 	EXP 	UCS_image: autoDraw = True
303.9366 	EXP 	Sound sound_1 stopped
303.9416 	EXP 	UCSBkg: autoDraw = False
303.9416 	EXP 	UCS_image: autoDraw = False
303.9416 	EXP 	BlankBkg: autoDraw = True
310.0262 	EXP 	New trial (rep=0, index=8): {'CSName': 'Condition\\CS+.PNG', 'UCSName': 'Condition\\black.PNG', 'SoundName': 'Sound\\silent.wav', 'TrgCol': 0}
310.0410 	EXP 	BlankBkg: autoDraw = False
310.0410 	EXP 	BlankBkg: autoDraw = False
310.0410 	EXP 	CS_image: image = 'Condition\\CS+.PNG'
310.0410 	EXP 	CSBkg: autoDraw = True
310.0410 	EXP 	CS_image: autoDraw = True
315.9889 	EXP 	Sound sound_1 started
316.0533 	EXP 	CSBkg: autoDraw = False
316.0533 	EXP 	CS_image: autoDraw = False
316.0533 	EXP 	CSBkg: autoDraw = False
316.0533 	EXP 	CS_image: autoDraw = False
316.0533 	EXP 	UCS_image: image = 'Condition\\black.PNG'
316.0533 	EXP 	UCSBkg: autoDraw = True
316.0533 	EXP 	UCS_image: autoDraw = True
316.0991 	EXP 	Sound sound_1 stopped
316.1122 	EXP 	UCSBkg: autoDraw = False
316.1122 	EXP 	UCS_image: autoDraw = False
316.1122 	EXP 	BlankBkg: autoDraw = True
322.2441 	EXP 	New trial (rep=0, index=9): {'CSName': 'Condition\\CS+.PNG', 'UCSName': 'Condition\\black.PNG', 'SoundName': 'Sound\\silent.wav', 'TrgCol': 0}
322.2568 	EXP 	BlankBkg: autoDraw = False
322.2568 	EXP 	BlankBkg: autoDraw = False
322.2568 	EXP 	CS_image: image = 'Condition\\CS+.PNG'
322.2568 	EXP 	CSBkg: autoDraw = True
322.2568 	EXP 	CS_image: autoDraw = True
328.2052 	EXP 	Sound sound_1 started
328.2673 	EXP 	CSBkg: autoDraw = False
328.2673 	EXP 	CS_image: autoDraw = False
328.2673 	EXP 	CSBkg: autoDraw = False
328.2673 	EXP 	CS_image: autoDraw = False
328.2673 	EXP 	UCS_image: image = 'Condition\\black.PNG'
328.2673 	EXP 	UCSBkg: autoDraw = True
328.2673 	EXP 	UCS_image: autoDraw = True
328.2763 	EXP 	Sound sound_1 stopped
328.2887 	EXP 	UCSBkg: autoDraw = False
328.2887 	EXP 	UCS_image: autoDraw = False
328.2887 	EXP 	BlankBkg: autoDraw = True
334.6237 	EXP 	New trial (rep=0, index=10): {'CSName': 'Condition\\CS+.PNG', 'UCSName': 'Condition\\UCS.PNG', 'SoundName': 'Sound\\scream1.wav', 'TrgCol': -0.1}
334.6382 	EXP 	BlankBkg: autoDraw = False
334.6382 	EXP 	BlankBkg: autoDraw = False
334.6382 	EXP 	CS_image: image = 'Condition\\CS+.PNG'
334.6382 	EXP 	CSBkg: autoDraw = True
334.6382 	EXP 	CS_image: autoDraw = True
339.7380 	EXP 	Sound sound_1 started
339.7304 	EXP 	CSBkg: autoDraw = False
339.7304 	EXP 	CS_image: autoDraw = False
339.7304 	EXP 	CSBkg: autoDraw = False
339.7304 	EXP 	CS_image: autoDraw = False
339.7304 	EXP 	UCS_image: image = 'Condition\\UCS.PNG'
339.7304 	EXP 	UCSBkg: autoDraw = True
339.7304 	EXP 	UCS_image: autoDraw = True
340.7057 	EXP 	Sound sound_1 stopped
340.7221 	EXP 	UCSBkg: autoDraw = False
340.7221 	EXP 	UCS_image: autoDraw = False
340.7221 	EXP 	BlankBkg: autoDraw = True
346.8364 	EXP 	New trial (rep=0, index=11): {'CSName': 'Condition\\CS-.PNG', 'UCSName': 'Condition\\black.PNG', 'SoundName': 'Sound\\silent.wav', 'TrgCol': 0.4}
346.8505 	EXP 	BlankBkg: autoDraw = False
346.8505 	EXP 	BlankBkg: autoDraw = False
346.8505 	EXP 	CS_image: image = 'Condition\\CS-.PNG'
346.8505 	EXP 	CSBkg: autoDraw = True
346.8505 	EXP 	CS_image: autoDraw = True
355.2620 	EXP 	Sound sound_1 stopped
355.2889 	EXP 	CSBkg: autoDraw = False
355.2889 	EXP 	CS_image: autoDraw = False
355.2889 	EXP 	CSBkg: autoDraw = False
355.2889 	EXP 	CS_image: autoDraw = False
355.2889 	EXP 	UCS_image: image = 'Condition\\black.PNG'
355.2889 	EXP 	UCSBkg: autoDraw = False
355.2889 	EXP 	UCS_image: autoDraw = False
355.2889 	EXP 	BlankBkg: autoDraw = True
361.4071 	EXP 	New trial (rep=0, index=12): {'CSName': 'Condition\\CS+.PNG', 'UCSName': 'Condition\\UCS.PNG', 'SoundName': 'Sound\\scream1.wav', 'TrgCol': -0.1}
361.4216 	EXP 	BlankBkg: autoDraw = False
361.4216 	EXP 	BlankBkg: autoDraw = False
361.4216 	EXP 	CS_image: image = 'Condition\\CS+.PNG'
361.4216 	EXP 	CSBkg: autoDraw = True
361.4216 	EXP 	CS_image: autoDraw = True
366.5045 	EXP 	Sound sound_1 started
366.5053 	EXP 	CSBkg: autoDraw = False
366.5053 	EXP 	CS_image: autoDraw = False
366.5053 	EXP 	CSBkg: autoDraw = False
366.5053 	EXP 	CS_image: autoDraw = False
366.5053 	EXP 	UCS_image: image = 'Condition\\UCS.PNG'
366.5053 	EXP 	UCSBkg: autoDraw = True
366.5053 	EXP 	UCS_image: autoDraw = True
367.4442 	EXP 	Sound sound_1 stopped
367.4487 	EXP 	UCSBkg: autoDraw = False
367.4487 	EXP 	UCS_image: autoDraw = False
367.4487 	EXP 	BlankBkg: autoDraw = True
373.5945 	EXP 	New trial (rep=0, index=13): {'CSName': 'Condition\\CS+.PNG', 'UCSName': 'Condition\\UCS.PNG', 'SoundName': 'Sound\\scream1.wav', 'TrgCol': -0.1}
373.6086 	EXP 	BlankBkg: autoDraw = False
373.6086 	EXP 	BlankBkg: autoDraw = False
373.6086 	EXP 	CS_image: image = 'Condition\\CS+.PNG'
373.6086 	EXP 	CSBkg: autoDraw = True
373.6086 	EXP 	CS_image: autoDraw = True
378.6081 	EXP 	Sound sound_1 started
378.6128 	EXP 	CSBkg: autoDraw = False
378.6128 	EXP 	CS_image: autoDraw = False
378.6128 	EXP 	CSBkg: autoDraw = False
378.6128 	EXP 	CS_image: autoDraw = False
378.6128 	EXP 	UCS_image: image = 'Condition\\UCS.PNG'
378.6128 	EXP 	UCSBkg: autoDraw = True
378.6128 	EXP 	UCS_image: autoDraw = True
379.5923 	EXP 	Sound sound_1 stopped
379.6244 	EXP 	UCSBkg: autoDraw = False
379.6244 	EXP 	UCS_image: autoDraw = False
379.6244 	EXP 	BlankBkg: autoDraw = True
385.6257 	EXP 	New trial (rep=0, index=14): {'CSName': 'Condition\\CS+.PNG', 'UCSName': 'Condition\\UCS.PNG', 'SoundName': 'Sound\\scream1.wav', 'TrgCol': -0.1}
385.6398 	EXP 	BlankBkg: autoDraw = False
385.6398 	EXP 	BlankBkg: autoDraw = False
385.6398 	EXP 	CS_image: image = 'Condition\\CS+.PNG'
385.6398 	EXP 	CSBkg: autoDraw = True
385.6398 	EXP 	CS_image: autoDraw = True
390.6398 	EXP 	Sound sound_1 started
390.6395 	EXP 	CSBkg: autoDraw = False
390.6395 	EXP 	CS_image: autoDraw = False
390.6395 	EXP 	CSBkg: autoDraw = False
390.6395 	EXP 	CS_image: autoDraw = False
390.6395 	EXP 	UCS_image: image = 'Condition\\UCS.PNG'
390.6395 	EXP 	UCSBkg: autoDraw = True
390.6395 	EXP 	UCS_image: autoDraw = True
391.6368 	EXP 	Sound sound_1 stopped
391.6450 	EXP 	UCSBkg: autoDraw = False
391.6450 	EXP 	UCS_image: autoDraw = False
391.6450 	EXP 	UCSBkg: autoDraw = False
391.6450 	EXP 	UCS_image: autoDraw = False
391.6450 	EXP 	BlankBkg: autoDraw = True
398.1253 	EXP 	New trial (rep=0, index=15): {'CSName': 'Condition\\CS-.PNG', 'UCSName': 'Condition\\black.PNG', 'SoundName': 'Sound\\silent.wav', 'TrgCol': 0.4}
398.1391 	EXP 	BlankBkg: autoDraw = False
398.1391 	EXP 	BlankBkg: autoDraw = False
398.1391 	EXP 	CS_image: image = 'Condition\\CS-.PNG'
398.1391 	EXP 	CSBkg: autoDraw = True
398.1391 	EXP 	CS_image: autoDraw = True
406.5735 	EXP 	Sound sound_1 stopped
406.5817 	EXP 	CSBkg: autoDraw = False
406.5817 	EXP 	CS_image: autoDraw = False
406.5817 	EXP 	CSBkg: autoDraw = False
406.5817 	EXP 	CS_image: autoDraw = False
406.5817 	EXP 	UCS_image: image = 'Condition\\black.PNG'
406.5817 	EXP 	UCSBkg: autoDraw = False
406.5817 	EXP 	UCS_image: autoDraw = False
406.5817 	EXP 	BlankBkg: autoDraw = True
412.6175 	EXP 	New trial (rep=0, index=16): {'CSName': 'Condition\\CS-.PNG', 'UCSName': 'Condition\\black.PNG', 'SoundName': 'Sound\\silent.wav', 'TrgCol': 0.4}
412.6304 	EXP 	BlankBkg: autoDraw = False
412.6304 	EXP 	BlankBkg: autoDraw = False
412.6304 	EXP 	CS_image: image = 'Condition\\CS-.PNG'
412.6304 	EXP 	CSBkg: autoDraw = True
412.6304 	EXP 	CS_image: autoDraw = True
418.5788 	EXP 	Sound sound_1 started
418.6009 	EXP 	CSBkg: autoDraw = False
418.6009 	EXP 	CS_image: autoDraw = False
418.6009 	EXP 	CSBkg: autoDraw = False
418.6009 	EXP 	CS_image: autoDraw = False
418.6009 	EXP 	UCS_image: image = 'Condition\\black.PNG'
418.6009 	EXP 	UCSBkg: autoDraw = True
418.6009 	EXP 	UCS_image: autoDraw = True
418.6228 	EXP 	Sound sound_1 stopped
418.6373 	EXP 	UCSBkg: autoDraw = False
418.6373 	EXP 	UCS_image: autoDraw = False
418.6373 	EXP 	BlankBkg: autoDraw = True
424.9559 	EXP 	New trial (rep=0, index=17): {'CSName': 'Condition\\CS+.PNG', 'UCSName': 'Condition\\UCS.PNG', 'SoundName': 'Sound\\scream1.wav', 'TrgCol': -0.1}
424.9702 	EXP 	BlankBkg: autoDraw = False
424.9702 	EXP 	BlankBkg: autoDraw = False
424.9702 	EXP 	CS_image: image = 'Condition\\CS+.PNG'
424.9702 	EXP 	CSBkg: autoDraw = True
424.9702 	EXP 	CS_image: autoDraw = True
430.0865 	EXP 	Sound sound_1 started
430.0782 	EXP 	CSBkg: autoDraw = False
430.0782 	EXP 	CS_image: autoDraw = False
430.0782 	EXP 	CSBkg: autoDraw = False
430.0782 	EXP 	CS_image: autoDraw = False
430.0782 	EXP 	UCS_image: image = 'Condition\\UCS.PNG'
430.0782 	EXP 	UCSBkg: autoDraw = True
430.0782 	EXP 	UCS_image: autoDraw = True
431.0155 	EXP 	Sound sound_1 stopped
431.0242 	EXP 	UCSBkg: autoDraw = False
431.0242 	EXP 	UCS_image: autoDraw = False
431.0242 	EXP 	BlankBkg: autoDraw = True
437.1692 	EXP 	New trial (rep=0, index=18): {'CSName': 'Condition\\CS-.PNG', 'UCSName': 'Condition\\black.PNG', 'SoundName': 'Sound\\silent.wav', 'TrgCol': 0.4}
437.1828 	EXP 	BlankBkg: autoDraw = False
437.1828 	EXP 	BlankBkg: autoDraw = False
437.1828 	EXP 	CS_image: image = 'Condition\\CS-.PNG'
437.1828 	EXP 	CSBkg: autoDraw = True
437.1828 	EXP 	CS_image: autoDraw = True
445.6122 	EXP 	Sound sound_1 stopped
445.6280 	EXP 	CSBkg: autoDraw = False
445.6280 	EXP 	CS_image: autoDraw = False
445.6280 	EXP 	CSBkg: autoDraw = False
445.6280 	EXP 	CS_image: autoDraw = False
445.6280 	EXP 	UCS_image: image = 'Condition\\black.PNG'
445.6280 	EXP 	UCSBkg: autoDraw = False
445.6280 	EXP 	UCS_image: autoDraw = False
445.6280 	EXP 	BlankBkg: autoDraw = True
451.8893 	EXP 	New trial (rep=0, index=19): {'CSName': 'Condition\\CS-.PNG', 'UCSName': 'Condition\\black.PNG', 'SoundName': 'Sound\\silent.wav', 'TrgCol': 0.4}
451.9030 	EXP 	BlankBkg: autoDraw = False
451.9030 	EXP 	BlankBkg: autoDraw = False
451.9030 	EXP 	CS_image: image = 'Condition\\CS-.PNG'
451.9030 	EXP 	CSBkg: autoDraw = True
451.9030 	EXP 	CS_image: autoDraw = True
457.8504 	EXP 	Sound sound_1 started
457.9204 	EXP 	CSBkg: autoDraw = False
457.9204 	EXP 	CS_image: autoDraw = False
457.9204 	EXP 	CSBkg: autoDraw = False
457.9204 	EXP 	CS_image: autoDraw = False
457.9204 	EXP 	UCS_image: image = 'Condition\\black.PNG'
457.9204 	EXP 	UCSBkg: autoDraw = True
457.9204 	EXP 	UCS_image: autoDraw = True
457.9490 	EXP 	Sound sound_1 stopped
457.9536 	EXP 	UCSBkg: autoDraw = False
457.9536 	EXP 	UCS_image: autoDraw = False
457.9536 	EXP 	BlankBkg: autoDraw = True
464.0832 	EXP 	Imported Rating.xlsx as conditions, 2 conditions, 2 params
464.0835 	EXP 	Created sequence: sequential, trialTypes=2, nReps=1, seed=None
464.0837 	EXP 	New trial (rep=0, index=0): {'ratingName': 'Rating\\ratingCS+.png', 'TrgCol': -0.1}
465.1379 	EXP 	BlankBkg: autoDraw = False
465.1379 	EXP 	BlankBkg: autoDraw = False
465.1379 	EXP 	image: image = 'Rating\\ratingCS+.png'
465.1379 	EXP 	Scale: markerPos = None
465.1379 	EXP 	Scale: markerPos = None
465.1379 	EXP 	Scale: rating = None
465.1379 	EXP 	Bkg: autoDraw = True
465.1379 	EXP 	image: autoDraw = True
465.1379 	EXP 	Scale: autoDraw = True
1038.6722 	DATA 	Mouse: Left button down, pos=(647,223)
1038.6831 	EXP 	Scale: markerPos = 3.0546875
1038.7000 	EXP 	Scale: markerPos = 3.0546875
1038.7166 	EXP 	Scale: markerPos = 3.0546875
1038.7331 	EXP 	Scale: markerPos = 3.0546875
1038.7498 	EXP 	Scale: markerPos = 3.0546875
1038.7666 	EXP 	Scale: markerPos = 3.0546875
1038.7833 	EXP 	Scale: markerPos = 3.0546875
1038.7999 	EXP 	Scale: markerPos = 3.0546875
1038.8026 	DATA 	Mouse:  Left button up, pos=(647,223)
1038.8167 	EXP 	Scale: markerPos = 3.0546875
1038.8167 	EXP 	Scale: rating = 3.0546875
1038.8208 	EXP 	New trial (rep=0, index=1): {'ratingName': 'Rating\\ratingCS-.png', 'TrgCol': 0.4}
1039.8447 	EXP 	Bkg: autoDraw = False
1039.8447 	EXP 	image: autoDraw = False
1039.8447 	EXP 	Scale: autoDraw = False
1039.8447 	EXP 	image: image = 'Rating\\ratingCS-.png'
1039.8447 	EXP 	Scale: markerPos = None
1039.8447 	EXP 	Scale: markerPos = None
1039.8447 	EXP 	Scale: rating = None
1039.8447 	EXP 	Bkg: autoDraw = True
1039.8447 	EXP 	image: autoDraw = True
1039.8447 	EXP 	Scale: autoDraw = True
1040.7176 	DATA 	Mouse: Left button down, pos=(514,219)
1040.7327 	EXP 	Scale: markerPos = 2.015625
1040.7510 	EXP 	Scale: markerPos = 2.015625
1040.7646 	DATA 	Mouse:  Left button up, pos=(514,219)
1040.7661 	EXP 	Scale: markerPos = 2.015625
1040.7829 	EXP 	Scale: markerPos = 2.015625
1040.7829 	EXP 	Scale: rating = 2.015625
1040.8217 	EXP 	Bkg: autoDraw = False
1040.8217 	EXP 	image: autoDraw = False
1040.8217 	EXP 	Scale: autoDraw = False
1040.8217 	EXP 	InstrBkg3: autoDraw = True
1040.8217 	EXP 	TagFig3: autoDraw = True
1043.2430 	EXP 	Imported Extinction.xlsx as conditions, 16 conditions, 2 params
1043.2434 	EXP 	Created sequence: random, trialTypes=16, nReps=1, seed=None
1043.2436 	EXP 	New trial (rep=0, index=0): {'ExtName': 'Extinction\\CS+.PNG', 'TrgCol': -0.1}
1043.2528 	DATA 	Keypress: space
1043.2547 	EXP 	InstrBkg3: autoDraw = False
1043.2547 	EXP 	TagFig3: autoDraw = False
1043.2547 	EXP 	Ext_image: image = 'Extinction\\CS+.PNG'
1043.2547 	EXP 	ExtBkg: autoDraw = True
1043.2547 	EXP 	Ext_image: autoDraw = True
1049.2567 	EXP 	ExtBkg: autoDraw = False
1049.2567 	EXP 	Ext_image: autoDraw = False
1049.2567 	EXP 	BlankBkg: autoDraw = True
1055.5409 	EXP 	New trial (rep=0, index=1): {'ExtName': 'Extinction\\CS-.PNG', 'TrgCol': 0.4}
1055.5548 	EXP 	BlankBkg: autoDraw = False
1055.5548 	EXP 	BlankBkg: autoDraw = False
1055.5548 	EXP 	Ext_image: image = 'Extinction\\CS-.PNG'
1055.5548 	EXP 	ExtBkg: autoDraw = True
1055.5548 	EXP 	Ext_image: autoDraw = True
1061.5552 	EXP 	ExtBkg: autoDraw = False
1061.5552 	EXP 	Ext_image: autoDraw = False
1061.5552 	EXP 	ExtBkg: autoDraw = False
1061.5552 	EXP 	Ext_image: autoDraw = False
1061.5552 	EXP 	BlankBkg: autoDraw = True
1067.7742 	EXP 	New trial (rep=0, index=2): {'ExtName': 'Extinction\\CS-.PNG', 'TrgCol': 0.4}
1067.7880 	EXP 	BlankBkg: autoDraw = False
1067.7880 	EXP 	BlankBkg: autoDraw = False
1067.7880 	EXP 	Ext_image: image = 'Extinction\\CS-.PNG'
1067.7880 	EXP 	ExtBkg: autoDraw = True
1067.7880 	EXP 	Ext_image: autoDraw = True
1073.7881 	EXP 	ExtBkg: autoDraw = False
1073.7881 	EXP 	Ext_image: autoDraw = False
1073.7881 	EXP 	ExtBkg: autoDraw = False
1073.7881 	EXP 	Ext_image: autoDraw = False
1073.7881 	EXP 	BlankBkg: autoDraw = True
1080.2558 	EXP 	New trial (rep=0, index=3): {'ExtName': 'Extinction\\CS+.PNG', 'TrgCol': -0.1}
1080.2693 	EXP 	BlankBkg: autoDraw = False
1080.2693 	EXP 	BlankBkg: autoDraw = False
1080.2693 	EXP 	Ext_image: image = 'Extinction\\CS+.PNG'
1080.2693 	EXP 	ExtBkg: autoDraw = True
1080.2693 	EXP 	Ext_image: autoDraw = True
1086.2694 	EXP 	ExtBkg: autoDraw = False
1086.2694 	EXP 	Ext_image: autoDraw = False
1086.2694 	EXP 	ExtBkg: autoDraw = False
1086.2694 	EXP 	Ext_image: autoDraw = False
1086.2694 	EXP 	BlankBkg: autoDraw = True
1092.4048 	EXP 	New trial (rep=0, index=4): {'ExtName': 'Extinction\\CS+.PNG', 'TrgCol': -0.1}
1092.4191 	EXP 	BlankBkg: autoDraw = False
1092.4191 	EXP 	BlankBkg: autoDraw = False
1092.4191 	EXP 	Ext_image: image = 'Extinction\\CS+.PNG'
1092.4191 	EXP 	ExtBkg: autoDraw = True
1092.4191 	EXP 	Ext_image: autoDraw = True
1098.4345 	EXP 	ExtBkg: autoDraw = False
1098.4345 	EXP 	Ext_image: autoDraw = False
1098.4345 	EXP 	BlankBkg: autoDraw = True
1104.6546 	EXP 	New trial (rep=0, index=5): {'ExtName': 'Extinction\\CS+.PNG', 'TrgCol': -0.1}
1104.6677 	EXP 	BlankBkg: autoDraw = False
1104.6677 	EXP 	BlankBkg: autoDraw = False
1104.6677 	EXP 	Ext_image: image = 'Extinction\\CS+.PNG'
1104.6677 	EXP 	ExtBkg: autoDraw = True
1104.6677 	EXP 	Ext_image: autoDraw = True
1110.6669 	EXP 	ExtBkg: autoDraw = False
1110.6669 	EXP 	Ext_image: autoDraw = False
1110.6669 	EXP 	ExtBkg: autoDraw = False
1110.6669 	EXP 	Ext_image: autoDraw = False
1110.6669 	EXP 	BlankBkg: autoDraw = True
1117.0513 	EXP 	New trial (rep=0, index=6): {'ExtName': 'Extinction\\CS+.PNG', 'TrgCol': -0.1}
1117.0657 	EXP 	BlankBkg: autoDraw = False
1117.0657 	EXP 	BlankBkg: autoDraw = False
1117.0657 	EXP 	Ext_image: image = 'Extinction\\CS+.PNG'
1117.0657 	EXP 	ExtBkg: autoDraw = True
1117.0657 	EXP 	Ext_image: autoDraw = True
1123.0656 	EXP 	ExtBkg: autoDraw = False
1123.0656 	EXP 	Ext_image: autoDraw = False
1123.0656 	EXP 	ExtBkg: autoDraw = False
1123.0656 	EXP 	Ext_image: autoDraw = False
1123.0656 	EXP 	BlankBkg: autoDraw = True
1129.1667 	EXP 	New trial (rep=0, index=7): {'ExtName': 'Extinction\\CS-.PNG', 'TrgCol': 0.4}
1129.1812 	EXP 	BlankBkg: autoDraw = False
1129.1812 	EXP 	BlankBkg: autoDraw = False
1129.1812 	EXP 	Ext_image: image = 'Extinction\\CS-.PNG'
1129.1812 	EXP 	ExtBkg: autoDraw = True
1129.1812 	EXP 	Ext_image: autoDraw = True
1135.1816 	EXP 	ExtBkg: autoDraw = False
1135.1816 	EXP 	Ext_image: autoDraw = False
1135.1816 	EXP 	ExtBkg: autoDraw = False
1135.1816 	EXP 	Ext_image: autoDraw = False
1135.1816 	EXP 	BlankBkg: autoDraw = True
1141.3821 	EXP 	New trial (rep=0, index=8): {'ExtName': 'Extinction\\CS+.PNG', 'TrgCol': -0.1}
1141.3965 	EXP 	BlankBkg: autoDraw = False
1141.3965 	EXP 	BlankBkg: autoDraw = False
1141.3965 	EXP 	Ext_image: image = 'Extinction\\CS+.PNG'
1141.3965 	EXP 	ExtBkg: autoDraw = True
1141.3965 	EXP 	Ext_image: autoDraw = True
1147.3963 	EXP 	ExtBkg: autoDraw = False
1147.3963 	EXP 	Ext_image: autoDraw = False
1147.3963 	EXP 	ExtBkg: autoDraw = False
1147.3963 	EXP 	Ext_image: autoDraw = False
1147.3963 	EXP 	BlankBkg: autoDraw = True
1153.5652 	EXP 	New trial (rep=0, index=9): {'ExtName': 'Extinction\\CS-.PNG', 'TrgCol': 0.4}
1153.5800 	EXP 	BlankBkg: autoDraw = False
1153.5800 	EXP 	BlankBkg: autoDraw = False
1153.5800 	EXP 	Ext_image: image = 'Extinction\\CS-.PNG'
1153.5800 	EXP 	ExtBkg: autoDraw = True
1153.5800 	EXP 	Ext_image: autoDraw = True
1159.5950 	EXP 	ExtBkg: autoDraw = False
1159.5950 	EXP 	Ext_image: autoDraw = False
1159.5950 	EXP 	BlankBkg: autoDraw = True
1165.8632 	EXP 	New trial (rep=0, index=10): {'ExtName': 'Extinction\\CS+.PNG', 'TrgCol': -0.1}
1165.8772 	EXP 	BlankBkg: autoDraw = False
1165.8772 	EXP 	BlankBkg: autoDraw = False
1165.8772 	EXP 	Ext_image: image = 'Extinction\\CS+.PNG'
1165.8772 	EXP 	ExtBkg: autoDraw = True
1165.8772 	EXP 	Ext_image: autoDraw = True
1171.8774 	EXP 	ExtBkg: autoDraw = False
1171.8774 	EXP 	Ext_image: autoDraw = False
1171.8774 	EXP 	ExtBkg: autoDraw = False
1171.8774 	EXP 	Ext_image: autoDraw = False
1171.8774 	EXP 	BlankBkg: autoDraw = True
1178.2116 	EXP 	New trial (rep=0, index=11): {'ExtName': 'Extinction\\CS+.PNG', 'TrgCol': -0.1}
1178.2261 	EXP 	BlankBkg: autoDraw = False
1178.2261 	EXP 	BlankBkg: autoDraw = False
1178.2261 	EXP 	Ext_image: image = 'Extinction\\CS+.PNG'
1178.2261 	EXP 	ExtBkg: autoDraw = True
1178.2261 	EXP 	Ext_image: autoDraw = True
1184.2257 	EXP 	ExtBkg: autoDraw = False
1184.2257 	EXP 	Ext_image: autoDraw = False
1184.2257 	EXP 	ExtBkg: autoDraw = False
1184.2257 	EXP 	Ext_image: autoDraw = False
1184.2257 	EXP 	BlankBkg: autoDraw = True
1190.3114 	EXP 	New trial (rep=0, index=12): {'ExtName': 'Extinction\\CS-.PNG', 'TrgCol': 0.4}
1190.3248 	EXP 	BlankBkg: autoDraw = False
1190.3248 	EXP 	BlankBkg: autoDraw = False
1190.3248 	EXP 	Ext_image: image = 'Extinction\\CS-.PNG'
1190.3248 	EXP 	ExtBkg: autoDraw = True
1190.3248 	EXP 	Ext_image: autoDraw = True
1196.3247 	EXP 	ExtBkg: autoDraw = False
1196.3247 	EXP 	Ext_image: autoDraw = False
1196.3247 	EXP 	ExtBkg: autoDraw = False
1196.3247 	EXP 	Ext_image: autoDraw = False
1196.3247 	EXP 	BlankBkg: autoDraw = True
1202.6107 	EXP 	New trial (rep=0, index=13): {'ExtName': 'Extinction\\CS-.PNG', 'TrgCol': 0.4}
1202.6247 	EXP 	BlankBkg: autoDraw = False
1202.6247 	EXP 	BlankBkg: autoDraw = False
1202.6247 	EXP 	Ext_image: image = 'Extinction\\CS-.PNG'
1202.6247 	EXP 	ExtBkg: autoDraw = True
1202.6247 	EXP 	Ext_image: autoDraw = True
1208.6235 	EXP 	ExtBkg: autoDraw = False
1208.6235 	EXP 	Ext_image: autoDraw = False
1208.6235 	EXP 	ExtBkg: autoDraw = False
1208.6235 	EXP 	Ext_image: autoDraw = False
1208.6235 	EXP 	BlankBkg: autoDraw = True
1214.8423 	EXP 	New trial (rep=0, index=14): {'ExtName': 'Extinction\\CS-.PNG', 'TrgCol': 0.4}
1214.8562 	EXP 	BlankBkg: autoDraw = False
1214.8562 	EXP 	BlankBkg: autoDraw = False
1214.8562 	EXP 	Ext_image: image = 'Extinction\\CS-.PNG'
1214.8562 	EXP 	ExtBkg: autoDraw = True
1214.8562 	EXP 	Ext_image: autoDraw = True
1220.8562 	EXP 	ExtBkg: autoDraw = False
1220.8562 	EXP 	Ext_image: autoDraw = False
1220.8562 	EXP 	ExtBkg: autoDraw = False
1220.8562 	EXP 	Ext_image: autoDraw = False
1220.8562 	EXP 	BlankBkg: autoDraw = True
1227.0078 	EXP 	New trial (rep=0, index=15): {'ExtName': 'Extinction\\CS-.PNG', 'TrgCol': 0.4}
1227.0216 	EXP 	BlankBkg: autoDraw = False
1227.0216 	EXP 	BlankBkg: autoDraw = False
1227.0216 	EXP 	Ext_image: image = 'Extinction\\CS-.PNG'
1227.0216 	EXP 	ExtBkg: autoDraw = True
1227.0216 	EXP 	Ext_image: autoDraw = True
1233.0212 	EXP 	ExtBkg: autoDraw = False
1233.0212 	EXP 	Ext_image: autoDraw = False
1233.0212 	EXP 	ExtBkg: autoDraw = False
1233.0212 	EXP 	Ext_image: autoDraw = False
1233.0212 	EXP 	BlankBkg: autoDraw = True
1239.3207 	EXP 	Imported Rating.xlsx as conditions, 2 conditions, 2 params
1239.3210 	EXP 	Created sequence: sequential, trialTypes=2, nReps=1, seed=None
1239.3212 	EXP 	New trial (rep=0, index=0): {'ratingName': 'Rating\\ratingCS+.png', 'TrgCol': -0.1}
1240.4453 	EXP 	BlankBkg: autoDraw = False
1240.4453 	EXP 	BlankBkg: autoDraw = False
1240.4453 	EXP 	image: image = 'Rating\\ratingCS+.png'
1240.4453 	EXP 	Scale: markerPos = None
1240.4453 	EXP 	Scale: markerPos = None
1240.4453 	EXP 	Scale: rating = None
1240.4453 	EXP 	Bkg: autoDraw = True
1240.4453 	EXP 	image: autoDraw = True
1240.4453 	EXP 	Scale: autoDraw = True
1240.5777 	DATA 	Mouse: Left button down, pos=(958,461)
1240.6750 	DATA 	Mouse:  Left button up, pos=(958,461)
1244.0245 	DATA 	Mouse: Left button down, pos=(624,198)
1244.1248 	DATA 	Mouse:  Left button up, pos=(624,198)
1244.5324 	DATA 	Mouse: Left button down, pos=(622,213)
1244.5552 	EXP 	Scale: markerPos = 2.859375
1244.5718 	EXP 	Scale: markerPos = 2.859375
1244.5885 	EXP 	Scale: markerPos = 2.859375
1244.6051 	EXP 	Scale: markerPos = 2.859375
1244.6218 	EXP 	Scale: markerPos = 2.859375
1244.6248 	DATA 	Mouse:  Left button up, pos=(622,213)
1244.6385 	EXP 	Scale: markerPos = 2.859375
1244.6385 	EXP 	Scale: rating = 2.859375
1244.6426 	EXP 	New trial (rep=0, index=1): {'ratingName': 'Rating\\ratingCS-.png', 'TrgCol': 0.4}
1245.6683 	EXP 	Bkg: autoDraw = False
1245.6683 	EXP 	image: autoDraw = False
1245.6683 	EXP 	Scale: autoDraw = False
1245.6683 	EXP 	image: image = 'Rating\\ratingCS-.png'
1245.6683 	EXP 	Scale: markerPos = None
1245.6683 	EXP 	Scale: markerPos = None
1245.6683 	EXP 	Scale: rating = None
1245.6683 	EXP 	Bkg: autoDraw = True
1245.6683 	EXP 	image: autoDraw = True
1245.6683 	EXP 	Scale: autoDraw = True
1247.4104 	DATA 	Mouse: Left button down, pos=(520,217)
1247.4300 	EXP 	Scale: markerPos = 2.0625
1247.4327 	DATA 	Mouse:  Left button up, pos=(520,217)
1247.4535 	EXP 	Scale: markerPos = 2.0625
1247.4535 	EXP 	Scale: rating = 2.0625
1247.4965 	EXP 	Bkg: autoDraw = False
1247.4965 	EXP 	image: autoDraw = False
1247.4965 	EXP 	Scale: autoDraw = False
1247.4965 	EXP 	EndTxt: autoDraw = True
1248.8150 	DATA 	Mouse: Left button down, pos=(1047,409)
1248.8972 	DATA 	Mouse:  Left button up, pos=(1047,409)
1249.9856 	DATA 	Mouse: Left button down, pos=(1057,388)
1250.2144 	DATA 	Mouse:  Left button up, pos=(1057,388)
1252.1479 	DATA 	Keypress: return
1253.7168 	DATA 	Keypress: escape
1253.9184 	EXP 	window1: mouseVisible = True
