6.5698 	EXP 	Created window1 = Window(allowGUI=True, allowStencil=False, autoLog=True, backendConf=UNKNOWN, bitsMode=UNKNOWN, blendMode='avg', bpc=(8, 8, 8), color=array([0, 0, 0]), colorSpace='rgb', depthBits=8, fullscr=<method-wrapper '__getattribute__' of attributeSetter object at 0x7fb93404eeb0>, gamma=None, gammaErrorPolicy='raise', lms=UNKNOWN, monitor=<psychopy.monitors.calibTools.Monitor object at 0x7fb8ed3546a0>, multiSample=False, name='window1', numSamples=2, pos=[360.0, 225.0], screen=0, size=array([2880, 1800]), stencilBits=0, stereo=False, units='norm', useFBO=True, useRetina=True, viewOri=0.0, viewPos=None, viewScale=None, waitBlanking=True, winType='pyglet')
6.5705 	EXP 	window1: mouseVisible = True
6.5706 	EXP 	window1: mouseVisible = True
6.5706 	EXP 	window1: Attempting to measure frame rate of screen (0) ...
6.5706 	EXP 	window1: recordFrameIntervals = False
6.7362 	EXP 	window1: recordFrameIntervals = True
6.9198 	EXP 	Screen (0) actual frame rate measured at 59.98Hz
6.9199 	EXP 	window1: recordFrameIntervals = False
8.8377 	EXP 	Created InstrBkg = Rect(__class__=<class 'psychopy.visual.rect.Rect'>, anchor=('center', 'center'), autoDraw=False, autoLog=True, closeShape=True, color=method-wrapper(...), colorSpace='rgb', contrast=None, depth=0.0, fillColor=array([-1, -1, -1]), fillColorSpace='rgb', fillRGB=array([-1, -1, -1]), interpolate=True, lineColor=array([-1, -1, -1]), lineColorSpace='rgb', lineRGB=array([-1, -1, -1]), lineWidth=1, name='InstrBkg', opacity=1.0, ori=0.0, pos=array([0., 0.]), size=array([2., 2.]), units='norm', vertices=ndarray(...), win=Window(...))
8.8878 	EXP 	Created TagFig = ImageStim(__class__=<class 'psychopy.visual.image.ImageStim'>, anchor=('center', 'center'), autoLog=True, color=array([1, 1, 1]), colorSpace='rgb', contrast=1.0, depth=-1.0, flipHoriz=False, flipVert=False, image='Instructions_CN/Slide1.PNG', interpolate=True, mask=None, maskParams=None, name='TagFig', opacity=1.0, ori=0.0, pos=array([0., 0.]), size=array([1.8, 1.8]), texRes=128, units='norm', win=Window(...))
8.8887 	EXP 	Created precondBkg = Rect(__class__=<class 'psychopy.visual.rect.Rect'>, anchor=('center', 'center'), autoDraw=False, autoLog=True, closeShape=True, color=method-wrapper(...), colorSpace='rgb', contrast=None, depth=0.0, fillColor=array([-1, -1, -1]), fillColorSpace='rgb', fillRGB=array([-1, -1, -1]), interpolate=True, lineColor=array([-1, -1, -1]), lineColorSpace='rgb', lineRGB=array([-1, -1, -1]), lineWidth=1.0, name='precondBkg', opacity=1.0, ori=0.0, pos=array([0., 0.]), size=array([2., 2.]), units='norm', vertices=ndarray(...), win=Window(...))
8.8927 	EXP 	Created imagePreCond = ImageStim(__class__=<class 'psychopy.visual.image.ImageStim'>, anchor=('center', 'center'), autoLog=True, color=array([1, 1, 1]), colorSpace='rgb', contrast=1.0, depth=-1.0, flipHoriz=False, flipVert=False, image='sin', interpolate=True, mask=None, maskParams=None, name='imagePreCond', opacity=1.0, ori=0.0, pos=array([0., 0.]), size=array([0.5, 1. ]), texRes=128, units='norm', win=Window(...))
8.8936 	EXP 	Created BlankBkg = Rect(__class__=<class 'psychopy.visual.rect.Rect'>, anchor=('center', 'center'), autoDraw=False, autoLog=True, closeShape=True, color=method-wrapper(...), colorSpace='rgb', contrast=None, depth=0.0, fillColor=array([-1, -1, -1]), fillColorSpace='rgb', fillRGB=array([-1, -1, -1]), interpolate=True, lineColor=array([-1, -1, -1]), lineColorSpace='rgb', lineRGB=array([-1, -1, -1]), lineWidth=1, name='BlankBkg', opacity=1.0, ori=0.0, pos=array([0., 0.]), size=array([2., 2.]), units='norm', vertices=ndarray(...), win=Window(...))
8.8944 	EXP 	Created Bkg = Rect(__class__=<class 'psychopy.visual.rect.Rect'>, anchor=('center', 'center'), autoDraw=False, autoLog=True, closeShape=True, color=method-wrapper(...), colorSpace='rgb', contrast=None, depth=0.0, fillColor=array([-1, -1, -1]), fillColorSpace='rgb', fillRGB=array([-1, -1, -1]), interpolate=True, lineColor=array([-1, -1, -1]), lineColorSpace='rgb', lineRGB=array([-1, -1, -1]), lineWidth=1.0, name='Bkg', opacity=1.0, ori=0.0, pos=array([0., 0.]), size=array([2., 2.]), units='norm', vertices=ndarray(...), win=Window(...))
8.8976 	EXP 	Created image = ImageStim(__class__=<class 'psychopy.visual.image.ImageStim'>, anchor=('center', 'center'), autoLog=True, color=array([1, 1, 1]), colorSpace='rgb', contrast=1.0, depth=-1.0, flipHoriz=False, flipVert=False, image='sin', interpolate=True, mask=None, maskParams=None, name='image', opacity=1.0, ori=0.0, pos=array([0., 0.]), size=array([1.8, 1.8]), texRes=128.0, units='norm', win=Window(...))
8.9089 	EXP 	window1: mouseVisible = True
9.0190 	EXP 	Created Scale = Slider(__class__=<class 'psychopy.visual.slider.Slider'>, autoDraw=False, autoLog=True, borderColor=None, color=None, colorSpace='rgb', depth=-2, fillColor=None, flip=False, font='Open Sans', granularity=0.0, labelColor=None, labelHeight=0.05, labelWrapWidth=None, labels=list(...), lineColor=None, markerColor=None, name='Scale', opacity=None, ori=0.0, pos=array([ 0. , -0.6]), readOnly=False, self=UNKNOWN, size=array([1.2 , 0.05]), startValue=None, style='rating', styleTweaks=[], ticks=array([ 1,  2,  3,  4,  5,  6,  7,  8,  9, 10]), units='norm', win=Window(...))
9.0199 	EXP 	Created InstrBkg2 = Rect(__class__=<class 'psychopy.visual.rect.Rect'>, anchor=('center', 'center'), autoDraw=False, autoLog=True, closeShape=True, color=method-wrapper(...), colorSpace='rgb', contrast=None, depth=0.0, fillColor=array([-1, -1, -1]), fillColorSpace='rgb', fillRGB=array([-1, -1, -1]), interpolate=True, lineColor=array([-1, -1, -1]), lineColorSpace='rgb', lineRGB=array([-1, -1, -1]), lineWidth=1.0, name='InstrBkg2', opacity=1.0, ori=0.0, pos=array([0., 0.]), size=array([2., 2.]), units='norm', vertices=ndarray(...), win=Window(...))
9.0565 	EXP 	Created TagFig2 = ImageStim(__class__=<class 'psychopy.visual.image.ImageStim'>, anchor=('center', 'center'), autoLog=True, color=array([1, 1, 1]), colorSpace='rgb', contrast=1.0, depth=-1.0, flipHoriz=False, flipVert=False, image='Instructions_CN/Slide2.PNG', interpolate=True, mask=None, maskParams=None, name='TagFig2', opacity=1.0, ori=0.0, pos=array([0., 0.]), size=array([1.8, 1.8]), texRes=128.0, units='norm', win=Window(...))
9.0574 	EXP 	Created CSBkg = Rect(__class__=<class 'psychopy.visual.rect.Rect'>, anchor=('center', 'center'), autoDraw=False, autoLog=True, closeShape=True, color=method-wrapper(...), colorSpace='rgb', contrast=None, depth=0.0, fillColor=array([-1, -1, -1]), fillColorSpace='rgb', fillRGB=array([-1, -1, -1]), interpolate=True, lineColor=array([-1, -1, -1]), lineColorSpace='rgb', lineRGB=array([-1, -1, -1]), lineWidth=1.0, name='CSBkg', opacity=1.0, ori=0.0, pos=array([0., 0.]), size=array([2., 2.]), units='norm', vertices=ndarray(...), win=Window(...))
9.0611 	EXP 	Created CS_image = ImageStim(__class__=<class 'psychopy.visual.image.ImageStim'>, anchor=('center', 'center'), autoLog=True, color=array([1, 1, 1]), colorSpace='rgb', contrast=1.0, depth=-1.0, flipHoriz=False, flipVert=False, image='sin', interpolate=True, mask=None, maskParams=None, name='CS_image', opacity=1.0, ori=0.0, pos=array([0., 0.]), size=array([0.5, 1. ]), texRes=128.0, units='norm', win=Window(...))
9.0620 	EXP 	Created UCSBkg = Rect(__class__=<class 'psychopy.visual.rect.Rect'>, anchor=('center', 'center'), autoDraw=False, autoLog=True, closeShape=True, color=method-wrapper(...), colorSpace='rgb', contrast=None, depth=0.0, fillColor=array([-1, -1, -1]), fillColorSpace='rgb', fillRGB=array([-1, -1, -1]), interpolate=True, lineColor=array([-1, -1, -1]), lineColorSpace='rgb', lineRGB=array([-1, -1, -1]), lineWidth=1.0, name='UCSBkg', opacity=1.0, ori=0.0, pos=array([0., 0.]), size=array([2., 2.]), units='norm', vertices=ndarray(...), win=Window(...))
9.0653 	EXP 	Created UCS_image = ImageStim(__class__=<class 'psychopy.visual.image.ImageStim'>, anchor=('center', 'center'), autoLog=True, color=array([1, 1, 1]), colorSpace='rgb', contrast=1.0, depth=-1.0, flipHoriz=False, flipVert=False, image='sin', interpolate=True, mask=None, maskParams=None, name='UCS_image', opacity=1.0, ori=0.0, pos=array([0., 0.]), size=array([0.5, 1. ]), texRes=128.0, units='norm', win=Window(...))
9.1509 	EXP 	Sound sound_1 set volume 0.300
9.1520 	EXP 	Created BlankBkg = Rect(__class__=<class 'psychopy.visual.rect.Rect'>, anchor=('center', 'center'), autoDraw=False, autoLog=True, closeShape=True, color=method-wrapper(...), colorSpace='rgb', contrast=None, depth=0.0, fillColor=array([-1, -1, -1]), fillColorSpace='rgb', fillRGB=array([-1, -1, -1]), interpolate=True, lineColor=array([-1, -1, -1]), lineColorSpace='rgb', lineRGB=array([-1, -1, -1]), lineWidth=1, name='BlankBkg', opacity=1.0, ori=0.0, pos=array([0., 0.]), size=array([2., 2.]), units='norm', vertices=ndarray(...), win=Window(...))
9.1530 	EXP 	Created Bkg = Rect(__class__=<class 'psychopy.visual.rect.Rect'>, anchor=('center', 'center'), autoDraw=False, autoLog=True, closeShape=True, color=method-wrapper(...), colorSpace='rgb', contrast=None, depth=0.0, fillColor=array([-1, -1, -1]), fillColorSpace='rgb', fillRGB=array([-1, -1, -1]), interpolate=True, lineColor=array([-1, -1, -1]), lineColorSpace='rgb', lineRGB=array([-1, -1, -1]), lineWidth=1.0, name='Bkg', opacity=1.0, ori=0.0, pos=array([0., 0.]), size=array([2., 2.]), units='norm', vertices=ndarray(...), win=Window(...))
9.1567 	EXP 	Created image = ImageStim(__class__=<class 'psychopy.visual.image.ImageStim'>, anchor=('center', 'center'), autoLog=True, color=array([1, 1, 1]), colorSpace='rgb', contrast=1.0, depth=-1.0, flipHoriz=False, flipVert=False, image='sin', interpolate=True, mask=None, maskParams=None, name='image', opacity=1.0, ori=0.0, pos=array([0., 0.]), size=array([1.8, 1.8]), texRes=128.0, units='norm', win=Window(...))
9.1584 	EXP 	window1: mouseVisible = True
9.2343 	EXP 	Created Scale = Slider(__class__=<class 'psychopy.visual.slider.Slider'>, autoDraw=False, autoLog=True, borderColor=None, color=None, colorSpace='rgb', depth=-2, fillColor=None, flip=False, font='Open Sans', granularity=0.0, labelColor=None, labelHeight=0.05, labelWrapWidth=None, labels=list(...), lineColor=None, markerColor=None, name='Scale', opacity=None, ori=0.0, pos=array([ 0. , -0.6]), readOnly=False, self=UNKNOWN, size=array([1.2 , 0.05]), startValue=None, style='rating', styleTweaks=[], ticks=array([ 1,  2,  3,  4,  5,  6,  7,  8,  9, 10]), units='norm', win=Window(...))
9.2354 	EXP 	Created InstrBkg3 = Rect(__class__=<class 'psychopy.visual.rect.Rect'>, anchor=('center', 'center'), autoDraw=False, autoLog=True, closeShape=True, color=method-wrapper(...), colorSpace='rgb', contrast=None, depth=0.0, fillColor=array([-1, -1, -1]), fillColorSpace='rgb', fillRGB=array([-1, -1, -1]), interpolate=True, lineColor=array([-1, -1, -1]), lineColorSpace='rgb', lineRGB=array([-1, -1, -1]), lineWidth=1.0, name='InstrBkg3', opacity=1.0, ori=0.0, pos=array([0., 0.]), size=array([2., 2.]), units='norm', vertices=ndarray(...), win=Window(...))
9.2738 	EXP 	Created TagFig3 = ImageStim(__class__=<class 'psychopy.visual.image.ImageStim'>, anchor=('center', 'center'), autoLog=True, color=array([1, 1, 1]), colorSpace='rgb', contrast=1.0, depth=-1.0, flipHoriz=False, flipVert=False, image='Instructions_CN/Slide3.PNG', interpolate=True, mask=None, maskParams=None, name='TagFig3', opacity=1.0, ori=0.0, pos=array([0., 0.]), size=array([1.8, 1.8]), texRes=128.0, units='norm', win=Window(...))
9.2749 	EXP 	Created ExtBkg = Rect(__class__=<class 'psychopy.visual.rect.Rect'>, anchor=('center', 'center'), autoDraw=False, autoLog=True, closeShape=True, color=method-wrapper(...), colorSpace='rgb', contrast=None, depth=0.0, fillColor=array([-1, -1, -1]), fillColorSpace='rgb', fillRGB=array([-1, -1, -1]), interpolate=True, lineColor=array([-1, -1, -1]), lineColorSpace='rgb', lineRGB=array([-1, -1, -1]), lineWidth=1.0, name='ExtBkg', opacity=1.0, ori=0.0, pos=array([0., 0.]), size=array([2., 2.]), units='norm', vertices=ndarray(...), win=Window(...))
9.2786 	EXP 	Created Ext_image = ImageStim(__class__=<class 'psychopy.visual.image.ImageStim'>, anchor=('center', 'center'), autoLog=True, color=array([1, 1, 1]), colorSpace='rgb', contrast=1.0, depth=-1.0, flipHoriz=False, flipVert=False, image='sin', interpolate=True, mask=None, maskParams=None, name='Ext_image', opacity=1.0, ori=0.0, pos=array([0., 0.]), size=array([0.5, 1. ]), texRes=128.0, units='norm', win=Window(...))
9.2795 	EXP 	Created BlankBkg = Rect(__class__=<class 'psychopy.visual.rect.Rect'>, anchor=('center', 'center'), autoDraw=False, autoLog=True, closeShape=True, color=method-wrapper(...), colorSpace='rgb', contrast=None, depth=0.0, fillColor=array([-1, -1, -1]), fillColorSpace='rgb', fillRGB=array([-1, -1, -1]), interpolate=True, lineColor=array([-1, -1, -1]), lineColorSpace='rgb', lineRGB=array([-1, -1, -1]), lineWidth=1, name='BlankBkg', opacity=1.0, ori=0.0, pos=array([0., 0.]), size=array([2., 2.]), units='norm', vertices=ndarray(...), win=Window(...))
9.2804 	EXP 	Created Bkg = Rect(__class__=<class 'psychopy.visual.rect.Rect'>, anchor=('center', 'center'), autoDraw=False, autoLog=True, closeShape=True, color=method-wrapper(...), colorSpace='rgb', contrast=None, depth=0.0, fillColor=array([-1, -1, -1]), fillColorSpace='rgb', fillRGB=array([-1, -1, -1]), interpolate=True, lineColor=array([-1, -1, -1]), lineColorSpace='rgb', lineRGB=array([-1, -1, -1]), lineWidth=1.0, name='Bkg', opacity=1.0, ori=0.0, pos=array([0., 0.]), size=array([2., 2.]), units='norm', vertices=ndarray(...), win=Window(...))
9.2837 	EXP 	Created image = ImageStim(__class__=<class 'psychopy.visual.image.ImageStim'>, anchor=('center', 'center'), autoLog=True, color=array([1, 1, 1]), colorSpace='rgb', contrast=1.0, depth=-1.0, flipHoriz=False, flipVert=False, image='sin', interpolate=True, mask=None, maskParams=None, name='image', opacity=1.0, ori=0.0, pos=array([0., 0.]), size=array([1.8, 1.8]), texRes=128.0, units='norm', win=Window(...))
9.2854 	EXP 	window1: mouseVisible = True
9.3625 	EXP 	Created Scale = Slider(__class__=<class 'psychopy.visual.slider.Slider'>, autoDraw=False, autoLog=True, borderColor=None, color=None, colorSpace='rgb', depth=-2, fillColor=None, flip=False, font='Open Sans', granularity=0.0, labelColor=None, labelHeight=0.05, labelWrapWidth=None, labels=list(...), lineColor=None, markerColor=None, name='Scale', opacity=None, ori=0.0, pos=array([ 0. , -0.6]), readOnly=False, self=UNKNOWN, size=array([1.2 , 0.05]), startValue=None, style='rating', styleTweaks=[], ticks=array([ 1,  2,  3,  4,  5,  6,  7,  8,  9, 10]), units='norm', win=Window(...))
9.3944 	EXP 	Created EndTxt = TextStim(__class__=<class 'psychopy.visual.text.TextStim'>, alignHoriz=method-wrapper(...), alignText='center', alignVert=method-wrapper(...), anchorHoriz='center', anchorVert='center', antialias=True, autoDraw=False, autoLog=True, bold=False, color=array([1, 1, 1]), colorSpace='rgb', contrast=1.0, depth=0.0, flipHoriz=False, flipVert=False, font='Microsoft YaHei', fontFiles=[], height=0.2, italic=False, languageStyle='LTR', name='EndTxt', opacity=1.0, ori=0, pos=array([0., 0.]), rgb=UNKNOWN, text='谢谢您的参与！', units='norm', win=Window(...), wrapWidth=1)
9.3953 	EXP 	Created sequence: sequential, trialTypes=1, nReps=3, seed=None
9.3955 	EXP 	New trial (rep=0, index=0): None
9.4099 	EXP 	Scale: autoLog = True
9.4099 	EXP 	Scale: markerPos = None
9.4099 	EXP 	Scale: styleTweaks = []
9.4099 	EXP 	Scale: styleTweaks = []
9.4099 	EXP 	Scale: styleTweaks = []
9.4099 	EXP 	Scale: styleTweaks = []
9.4099 	EXP 	Scale: contrast = 1.0
9.4099 	EXP 	Scale: autoLog = True
9.4099 	EXP 	Scale: autoLog = True
9.4099 	EXP 	Scale: markerPos = None
9.4099 	EXP 	Scale: styleTweaks = []
9.4099 	EXP 	Scale: styleTweaks = []
9.4099 	EXP 	Scale: styleTweaks = []
9.4099 	EXP 	Scale: styleTweaks = []
9.4099 	EXP 	Scale: contrast = 1.0
9.4099 	EXP 	Scale: autoLog = True
9.4099 	EXP 	Scale: autoLog = True
9.4099 	EXP 	Scale: markerPos = None
9.4099 	EXP 	Scale: styleTweaks = []
9.4099 	EXP 	Scale: styleTweaks = []
9.4099 	EXP 	Scale: styleTweaks = []
9.4099 	EXP 	Scale: styleTweaks = []
9.4099 	EXP 	Scale: contrast = 1.0
9.4099 	EXP 	Scale: autoLog = True
9.4099 	EXP 	InstrBkg: autoDraw = True
9.4099 	EXP 	TagFig: autoDraw = True
10.2469 	EXP 	Imported PreCondition1.xlsx as conditions, 10 conditions, 2 params
10.2473 	EXP 	Created sequence: random, trialTypes=10, nReps=1, seed=None
10.2475 	EXP 	New trial (rep=0, index=0): {'PreCondName': 'PreCondition/CS-1.BMP', 'TrgCol': 0.4}
10.2677 	DATA 	Keypress: space
10.2750 	EXP 	InstrBkg: autoDraw = False
10.2750 	EXP 	TagFig: autoDraw = False
10.2750 	EXP 	imagePreCond: image = 'PreCondition/CS-1.BMP'
10.2750 	EXP 	precondBkg: autoDraw = True
10.2750 	EXP 	imagePreCond: autoDraw = True
16.2690 	EXP 	imagePreCond: autoDraw = False
16.2772 	EXP 	precondBkg: autoDraw = False
16.2772 	EXP 	imagePreCond: autoDraw = False
16.2772 	EXP 	BlankBkg: autoDraw = True
22.4711 	DATA 	Mouse: Left button down, pos=(392,433)
22.5383 	DATA 	Mouse:  Left button up, pos=(392,433)
22.9877 	DATA 	Keypress: escape
23.6244 	EXP 	window1: mouseVisible = True
