3.8220 	WARNING 	Font Manager failed to load file C:\Windows\Fonts\方正粗黑宋简体.ttf
3.9765 	WARNING 	Font Manager failed to load file C:\WINDOWS\Fonts\方正粗黑宋简体.ttf
4.6510 	WARNING 	Font Manager failed to load file C:\Windows\Fonts\方正粗黑宋简体.ttf
4.8012 	WARNING 	Font Manager failed to load file C:\WINDOWS\Fonts\方正粗黑宋简体.ttf
12.1199 	EXP 	Created window1 = Window(allowGUI=True, allowStencil=False, autoLog=True, backendConf=UNKNOWN, bitsMode=UNKNOWN, blendMode='avg', bpc=(8, 8, 8), color=array([0, 0, 0]), colorSpace='rgb', depthBits=8, fullscr=<method-wrapper '__getattribute__' of attributeSetter object at 0x000002040776F748>, gamma=None, gammaErrorPolicy='raise', lms=UNKNOWN, monitor=<psychopy.monitors.calibTools.Monitor object at 0x00000204077B8E80>, multiSample=False, name='window1', numSamples=2, pos=[0.0, 0.0], screen=0, size=array([1920, 1080]), stencilBits=0, stereo=False, units='norm', useFBO=True, useRetina=False, viewOri=0.0, viewPos=None, viewScale=None, waitBlanking=True, winType='pyglet')
12.1203 	EXP 	window1: mouseVisible = True
12.1203 	EXP 	window1: recordFrameIntervals = False
12.2863 	EXP 	window1: recordFrameIntervals = True
12.4876 	EXP 	window1: recordFrameIntervals = False
13.1139 	EXP 	Created InstrBkg = Rect(__class__=<class 'psychopy.visual.rect.Rect'>, autoDraw=False, autoLog=True, closeShape=True, color=method-wrapper(...), colorSpace='rgb', contrast=None, depth=0.0, fillColor=array([-1, -1, -1]), fillColorSpace='rgb', fillRGB=UNKNOWN, interpolate=True, lineColor=array([-1., -1., -1.]), lineColorSpace='rgb', lineRGB=UNKNOWN, lineWidth=1, name='InstrBkg', opacity=1, ori=0.0, pos=array([0., 0.]), size=array([2., 2.]), units='norm', vertices=ndarray(...), win=Window(...))
20.9772 	EXP 	Created TagFig = ImageStim(__class__=<class 'psychopy.visual.image.ImageStim'>, autoLog=True, color=array([1., 1., 1.]), colorSpace='rgb', contrast=1.0, depth=-1.0, flipHoriz=False, flipVert=False, image='Instructions.PNG', interpolate=True, mask=None, maskParams=None, name='TagFig', opacity=1, ori=0.0, pos=array([0., 0.]), size=array([1.8, 1.8]), texRes=128, units='norm', win=Window(...))
20.9787 	EXP 	Created precondBkg = Rect(__class__=<class 'psychopy.visual.rect.Rect'>, autoDraw=False, autoLog=True, closeShape=True, color=method-wrapper(...), colorSpace='rgb', contrast=None, depth=0.0, fillColor=array([-1, -1, -1]), fillColorSpace='rgb', fillRGB=UNKNOWN, interpolate=True, lineColor=array([-1., -1., -1.]), lineColorSpace='rgb', lineRGB=UNKNOWN, lineWidth=1.0, name='precondBkg', opacity=1.0, ori=0.0, pos=array([0., 0.]), size=array([2., 2.]), units='norm', vertices=ndarray(...), win=Window(...))
21.0770 	EXP 	Created imagePreCond = ImageStim(__class__=<class 'psychopy.visual.image.ImageStim'>, autoLog=True, color=array([1., 1., 1.]), colorSpace='rgb', contrast=1.0, depth=-1.0, flipHoriz=False, flipVert=False, image='sin', interpolate=True, mask=None, maskParams=None, name='imagePreCond', opacity=1, ori=0.0, pos=array([0., 0.]), size=array([0.5, 1. ]), texRes=128, units='norm', win=Window(...))
21.0783 	EXP 	Created BlankBkg = Rect(__class__=<class 'psychopy.visual.rect.Rect'>, autoDraw=False, autoLog=True, closeShape=True, color=method-wrapper(...), colorSpace='rgb', contrast=None, depth=0.0, fillColor=array([-1, -1, -1]), fillColorSpace='rgb', fillRGB=UNKNOWN, interpolate=True, lineColor=array([-1., -1., -1.]), lineColorSpace='rgb', lineRGB=UNKNOWN, lineWidth=1, name='BlankBkg', opacity=1, ori=0.0, pos=array([0., 0.]), size=array([2., 2.]), units='norm', vertices=ndarray(...), win=Window(...))
21.0798 	EXP 	Created Bkg = Rect(__class__=<class 'psychopy.visual.rect.Rect'>, autoDraw=False, autoLog=True, closeShape=True, color=method-wrapper(...), colorSpace='rgb', contrast=None, depth=0.0, fillColor=array([-1, -1, -1]), fillColorSpace='rgb', fillRGB=UNKNOWN, interpolate=True, lineColor=array([-1., -1., -1.]), lineColorSpace='rgb', lineRGB=UNKNOWN, lineWidth=1.0, name='Bkg', opacity=1.0, ori=0.0, pos=array([0., 0.]), size=array([2., 2.]), units='norm', vertices=ndarray(...), win=Window(...))
21.1634 	EXP 	Created text = TextStim(__class__=<class 'psychopy.visual.text.TextStim'>, alignHoriz=method-wrapper(...), alignText='center', alignVert=method-wrapper(...), anchorHoriz='center', anchorVert='center', antialias=True, autoLog=True, bold=False, color=array([1., 1., 1.]), colorSpace='rgb', contrast=1.0, depth=-1.0, flipHoriz=False, flipVert=False, font='Open Sans', fontFiles=[], height=0.1, italic=False, languageStyle='LTR', name='text', opacity=1, ori=0.0, pos=array([0., 1.]), rgb=UNKNOWN, text='请对该图片带给您的恐惧感进行打分（0表示不恐惧，10表示极度恐惧）', units='norm', win=Window(...), wrapWidth=1)
21.1721 	EXP 	Created image = ImageStim(__class__=<class 'psychopy.visual.image.ImageStim'>, autoLog=True, color=array([1., 1., 1.]), colorSpace='rgb', contrast=1.0, depth=-2.0, flipHoriz=False, flipVert=False, image='PreCondition/CS+.PNG', interpolate=True, mask=None, maskParams=None, name='image', opacity=1, ori=0.0, pos=array([0., 0.]), size=array([0.5, 1. ]), texRes=128.0, units='norm', win=Window(...))
21.1806 	EXP 	window1: mouseVisible = True
21.2137 	EXP 	Created Scale = Slider(__class__=<class 'psychopy.visual.slider.Slider'>, autoDraw=False, autoLog=True, borderColor=None, color=None, colorSpace='rgb', depth=-3, fillColor=None, flip=False, font='Open Sans', granularity=0.0, labelHeight=0.05, labelWrapWidth=None, labels=list(...), name='Scale', opacity=None, pos=(0, -0.6), readOnly=False, self=UNKNOWN, size=(1.2, 0.05), startValue=None, style=method-wrapper(...), styleTweaks=method-wrapper(...), ticks=array([ 1,  2,  3,  4,  5,  6,  7,  8,  9, 10]), units='norm', win=Window(...))
21.2188 	EXP 	Created InstrBkg2 = Rect(__class__=<class 'psychopy.visual.rect.Rect'>, autoDraw=False, autoLog=True, closeShape=True, color=method-wrapper(...), colorSpace='rgb', contrast=None, depth=0.0, fillColor=array([-1, -1, -1]), fillColorSpace='rgb', fillRGB=UNKNOWN, interpolate=True, lineColor=array([-1., -1., -1.]), lineColorSpace='rgb', lineRGB=UNKNOWN, lineWidth=1.0, name='InstrBkg2', opacity=1.0, ori=0.0, pos=array([0., 0.]), size=array([2., 2.]), units='norm', vertices=ndarray(...), win=Window(...))
28.6918 	EXP 	Created TagFig2 = ImageStim(__class__=<class 'psychopy.visual.image.ImageStim'>, autoLog=True, color=array([1., 1., 1.]), colorSpace='rgb', contrast=1.0, depth=-1.0, flipHoriz=False, flipVert=False, image='PreCondInstruction.PNG', interpolate=True, mask=None, maskParams=None, name='TagFig2', opacity=1, ori=0.0, pos=array([0., 0.]), size=array([1.8, 1.8]), texRes=128.0, units='norm', win=Window(...))
28.6942 	EXP 	Created CSBkg = Rect(__class__=<class 'psychopy.visual.rect.Rect'>, autoDraw=False, autoLog=True, closeShape=True, color=method-wrapper(...), colorSpace='rgb', contrast=None, depth=0.0, fillColor=array([-1, -1, -1]), fillColorSpace='rgb', fillRGB=UNKNOWN, interpolate=True, lineColor=array([-1., -1., -1.]), lineColorSpace='rgb', lineRGB=UNKNOWN, lineWidth=1.0, name='CSBkg', opacity=1.0, ori=0.0, pos=array([0., 0.]), size=array([2., 2.]), units='norm', vertices=ndarray(...), win=Window(...))
28.7962 	EXP 	Created CS_image = ImageStim(__class__=<class 'psychopy.visual.image.ImageStim'>, autoLog=True, color=array([1., 1., 1.]), colorSpace='rgb', contrast=1.0, depth=-1.0, flipHoriz=False, flipVert=False, image='sin', interpolate=True, mask=None, maskParams=None, name='CS_image', opacity=1, ori=0.0, pos=array([0., 0.]), size=array([0.5, 1. ]), texRes=128.0, units='norm', win=Window(...))
28.7976 	EXP 	Created UCSBkg = Rect(__class__=<class 'psychopy.visual.rect.Rect'>, autoDraw=False, autoLog=True, closeShape=True, color=method-wrapper(...), colorSpace='rgb', contrast=None, depth=0.0, fillColor=array([-1, -1, -1]), fillColorSpace='rgb', fillRGB=UNKNOWN, interpolate=True, lineColor=array([-1., -1., -1.]), lineColorSpace='rgb', lineRGB=UNKNOWN, lineWidth=1.0, name='UCSBkg', opacity=1.0, ori=0.0, pos=array([0., 0.]), size=array([2., 2.]), units='norm', vertices=ndarray(...), win=Window(...))
28.8030 	EXP 	Created UCS_image = ImageStim(__class__=<class 'psychopy.visual.image.ImageStim'>, autoLog=True, color=array([1., 1., 1.]), colorSpace='rgb', contrast=1.0, depth=-1.0, flipHoriz=False, flipVert=False, image='sin', interpolate=True, mask=None, maskParams=None, name='UCS_image', opacity=1, ori=0.0, pos=array([0., 0.]), size=array([0.5, 1. ]), texRes=128.0, units='norm', win=Window(...))
29.1839 	EXP 	Sound sound_1 set volume 1.000
29.1882 	EXP 	Created BlankBkg2 = Rect(__class__=<class 'psychopy.visual.rect.Rect'>, autoDraw=False, autoLog=True, closeShape=True, color=method-wrapper(...), colorSpace='rgb', contrast=None, depth=0.0, fillColor=array([-1, -1, -1]), fillColorSpace='rgb', fillRGB=UNKNOWN, interpolate=True, lineColor=array([-1., -1., -1.]), lineColorSpace='rgb', lineRGB=UNKNOWN, lineWidth=1.0, name='BlankBkg2', opacity=1.0, ori=0.0, pos=array([0., 0.]), size=array([2., 2.]), units='norm', vertices=ndarray(...), win=Window(...))
29.1916 	EXP 	Created InstrBkg3 = Rect(__class__=<class 'psychopy.visual.rect.Rect'>, autoDraw=False, autoLog=True, closeShape=True, color=method-wrapper(...), colorSpace='rgb', contrast=None, depth=0.0, fillColor=array([-1, -1, -1]), fillColorSpace='rgb', fillRGB=UNKNOWN, interpolate=True, lineColor=array([-1., -1., -1.]), lineColorSpace='rgb', lineRGB=UNKNOWN, lineWidth=1.0, name='InstrBkg3', opacity=1.0, ori=0.0, pos=array([0., 0.]), size=array([2., 2.]), units='norm', vertices=ndarray(...), win=Window(...))
36.6617 	EXP 	Created TagFig3 = ImageStim(__class__=<class 'psychopy.visual.image.ImageStim'>, autoLog=True, color=array([1., 1., 1.]), colorSpace='rgb', contrast=1.0, depth=-1.0, flipHoriz=False, flipVert=False, image='CondInstruction.PNG', interpolate=True, mask=None, maskParams=None, name='TagFig3', opacity=1, ori=0.0, pos=array([0., 0.]), size=array([1.8, 1.8]), texRes=128.0, units='norm', win=Window(...))
36.6632 	EXP 	Created ExtBkg = Rect(__class__=<class 'psychopy.visual.rect.Rect'>, autoDraw=False, autoLog=True, closeShape=True, color=method-wrapper(...), colorSpace='rgb', contrast=None, depth=0.0, fillColor=array([-1, -1, -1]), fillColorSpace='rgb', fillRGB=UNKNOWN, interpolate=True, lineColor=array([-1., -1., -1.]), lineColorSpace='rgb', lineRGB=UNKNOWN, lineWidth=1.0, name='ExtBkg', opacity=1.0, ori=0.0, pos=array([0., 0.]), size=array([2., 2.]), units='norm', vertices=ndarray(...), win=Window(...))
36.7431 	EXP 	Created Ext_image = ImageStim(__class__=<class 'psychopy.visual.image.ImageStim'>, autoLog=True, color=array([1., 1., 1.]), colorSpace='rgb', contrast=1.0, depth=-1.0, flipHoriz=False, flipVert=False, image='sin', interpolate=True, mask=None, maskParams=None, name='Ext_image', opacity=1, ori=0.0, pos=array([0., 0.]), size=array([0.5, 0.8]), texRes=128.0, units='norm', win=Window(...))
36.7444 	EXP 	Created BlankBkg = Rect(__class__=<class 'psychopy.visual.rect.Rect'>, autoDraw=False, autoLog=True, closeShape=True, color=method-wrapper(...), colorSpace='rgb', contrast=None, depth=0.0, fillColor=array([-1, -1, -1]), fillColorSpace='rgb', fillRGB=UNKNOWN, interpolate=True, lineColor=array([-1., -1., -1.]), lineColorSpace='rgb', lineRGB=UNKNOWN, lineWidth=1, name='BlankBkg', opacity=1, ori=0.0, pos=array([0., 0.]), size=array([2., 2.]), units='norm', vertices=ndarray(...), win=Window(...))
36.7457 	EXP 	Created ISIBkg = Rect(__class__=<class 'psychopy.visual.rect.Rect'>, autoDraw=False, autoLog=True, closeShape=True, color=method-wrapper(...), colorSpace='rgb', contrast=None, depth=0.0, fillColor=array([-1, -1, -1]), fillColorSpace='rgb', fillRGB=UNKNOWN, interpolate=True, lineColor=array([-1., -1., -1.]), lineColorSpace='rgb', lineRGB=UNKNOWN, lineWidth=1, name='ISIBkg', opacity=1, ori=0.0, pos=array([0., 0.]), size=array([2., 2.]), units='norm', vertices=ndarray(...), win=Window(...))
44.2625 	EXP 	Created InterSessInstrct = ImageStim(__class__=<class 'psychopy.visual.image.ImageStim'>, autoLog=True, color=array([1., 1., 1.]), colorSpace='rgb', contrast=1.0, depth=-1.0, flipHoriz=False, flipVert=False, image='ExtinctionInstruction.PNG', interpolate=True, mask=None, maskParams=None, name='InterSessInstrct', opacity=1, ori=0.0, pos=array([0., 0.]), size=array([1.8, 1.8]), texRes=128, units='norm', win=Window(...))
44.2770 	EXP 	Created EndTxt = TextStim(__class__=<class 'psychopy.visual.text.TextStim'>, alignHoriz=method-wrapper(...), alignText='center', alignVert=method-wrapper(...), anchorHoriz='center', anchorVert='center', antialias=True, autoLog=True, bold=False, color=array([1., 1., 1.]), colorSpace='rgb', contrast=1.0, depth=0.0, flipHoriz=False, flipVert=False, font='Microsoft YaHei', fontFiles=[], height=0.08, italic=False, languageStyle='LTR', name='EndTxt', opacity=1, ori=0, pos=array([0., 0.]), rgb=UNKNOWN, text='谢谢您的参与！', units='norm', win=Window(...), wrapWidth=1)
44.3860 	EXP 	Scale: autoLog = True
44.3860 	EXP 	Scale: markerPos = None
44.3860 	EXP 	Scale: rating = None
44.3860 	EXP 	Scale: markerPos = None
44.3860 	EXP 	Scale: contrast = 1.0
44.3860 	EXP 	Scale: autoLog = True
44.3860 	EXP 	Scale: styleTweaks = []
44.3860 	EXP 	Scale: style = 'rating'
44.3860 	EXP 	Scale: styleTweaks = []
44.3860 	EXP 	InstrBkg: autoDraw = True
44.3860 	EXP 	TagFig: autoDraw = True
102.7472 	DATA 	Mouse: Left button down, pos=(905,816)
102.8725 	DATA 	Mouse:  Left button up, pos=(905,817)
103.2488 	EXP 	Imported PreCondition.xlsx as conditions, 10 conditions, 2 params
103.2492 	EXP 	Created sequence: random, trialTypes=10, nReps=1, seed=None
103.2494 	EXP 	New trial (rep=0, index=0): {'PreCondName': 'PreCondition\\CS+.PNG', 'TrgCol': -0.1}
103.2586 	DATA 	Keypress: space
103.2629 	EXP 	InstrBkg: autoDraw = False
103.2629 	EXP 	TagFig: autoDraw = False
103.2629 	EXP 	imagePreCond: image = 'PreCondition\\CS+.PNG'
103.2629 	EXP 	precondBkg: autoDraw = True
103.2629 	EXP 	imagePreCond: autoDraw = True
104.2532 	EXP 	imagePreCond: autoDraw = False
104.2709 	EXP 	precondBkg: autoDraw = False
104.2709 	EXP 	imagePreCond: autoDraw = False
104.2709 	EXP 	BlankBkg: autoDraw = True
106.4039 	EXP 	New trial (rep=0, index=1): {'PreCondName': 'PreCondition\\CS+.PNG', 'TrgCol': -0.1}
106.4236 	EXP 	BlankBkg: autoDraw = False
106.4236 	EXP 	BlankBkg: autoDraw = False
106.4236 	EXP 	imagePreCond: image = 'PreCondition\\CS+.PNG'
106.4236 	EXP 	precondBkg: autoDraw = True
106.4236 	EXP 	imagePreCond: autoDraw = True
107.4024 	EXP 	imagePreCond: autoDraw = False
107.4350 	EXP 	precondBkg: autoDraw = False
107.4350 	EXP 	imagePreCond: autoDraw = False
107.4350 	EXP 	BlankBkg: autoDraw = True
109.4400 	EXP 	New trial (rep=0, index=2): {'PreCondName': 'PreCondition\\CS-.PNG', 'TrgCol': 0.4}
109.4575 	EXP 	BlankBkg: autoDraw = False
109.4575 	EXP 	BlankBkg: autoDraw = False
109.4575 	EXP 	imagePreCond: image = 'PreCondition\\CS-.PNG'
109.4575 	EXP 	precondBkg: autoDraw = True
109.4575 	EXP 	imagePreCond: autoDraw = True
110.4521 	EXP 	imagePreCond: autoDraw = False
110.4684 	EXP 	precondBkg: autoDraw = False
110.4684 	EXP 	imagePreCond: autoDraw = False
110.4684 	EXP 	BlankBkg: autoDraw = True
112.7078 	EXP 	New trial (rep=0, index=3): {'PreCondName': 'PreCondition\\CS+.PNG', 'TrgCol': -0.1}
112.7204 	EXP 	BlankBkg: autoDraw = False
112.7204 	EXP 	BlankBkg: autoDraw = False
112.7204 	EXP 	imagePreCond: image = 'PreCondition\\CS+.PNG'
112.7204 	EXP 	precondBkg: autoDraw = True
112.7204 	EXP 	imagePreCond: autoDraw = True
113.7177 	EXP 	imagePreCond: autoDraw = False
113.7343 	EXP 	precondBkg: autoDraw = False
113.7343 	EXP 	imagePreCond: autoDraw = False
113.7343 	EXP 	BlankBkg: autoDraw = True
115.8901 	EXP 	New trial (rep=0, index=4): {'PreCondName': 'PreCondition\\CS-.PNG', 'TrgCol': 0.4}
115.9075 	EXP 	BlankBkg: autoDraw = False
115.9075 	EXP 	BlankBkg: autoDraw = False
115.9075 	EXP 	imagePreCond: image = 'PreCondition\\CS-.PNG'
115.9075 	EXP 	precondBkg: autoDraw = True
115.9075 	EXP 	imagePreCond: autoDraw = True
116.9033 	EXP 	imagePreCond: autoDraw = False
116.9187 	EXP 	precondBkg: autoDraw = False
116.9187 	EXP 	imagePreCond: autoDraw = False
116.9187 	EXP 	BlankBkg: autoDraw = True
119.2028 	EXP 	New trial (rep=0, index=5): {'PreCondName': 'PreCondition\\CS+.PNG', 'TrgCol': -0.1}
119.2167 	EXP 	BlankBkg: autoDraw = False
119.2167 	EXP 	BlankBkg: autoDraw = False
119.2167 	EXP 	imagePreCond: image = 'PreCondition\\CS+.PNG'
119.2167 	EXP 	precondBkg: autoDraw = True
119.2167 	EXP 	imagePreCond: autoDraw = True
120.2000 	EXP 	imagePreCond: autoDraw = False
120.2175 	EXP 	precondBkg: autoDraw = False
120.2175 	EXP 	precondBkg: autoDraw = False
120.2175 	EXP 	imagePreCond: autoDraw = False
120.2175 	EXP 	BlankBkg: autoDraw = True
122.2351 	EXP 	New trial (rep=0, index=6): {'PreCondName': 'PreCondition\\CS-.PNG', 'TrgCol': 0.4}
122.2498 	EXP 	BlankBkg: autoDraw = False
122.2498 	EXP 	BlankBkg: autoDraw = False
122.2498 	EXP 	imagePreCond: image = 'PreCondition\\CS-.PNG'
122.2498 	EXP 	precondBkg: autoDraw = True
122.2498 	EXP 	imagePreCond: autoDraw = True
123.2367 	EXP 	imagePreCond: autoDraw = False
123.2505 	EXP 	precondBkg: autoDraw = False
123.2505 	EXP 	imagePreCond: autoDraw = False
123.2505 	EXP 	BlankBkg: autoDraw = True
125.5849 	EXP 	New trial (rep=0, index=7): {'PreCondName': 'PreCondition\\CS+.PNG', 'TrgCol': -0.1}
125.6000 	EXP 	BlankBkg: autoDraw = False
125.6000 	EXP 	BlankBkg: autoDraw = False
125.6000 	EXP 	imagePreCond: image = 'PreCondition\\CS+.PNG'
125.6000 	EXP 	precondBkg: autoDraw = True
125.6000 	EXP 	imagePreCond: autoDraw = True
126.5827 	EXP 	imagePreCond: autoDraw = False
126.5999 	EXP 	precondBkg: autoDraw = False
126.5999 	EXP 	precondBkg: autoDraw = False
126.5999 	EXP 	imagePreCond: autoDraw = False
126.5999 	EXP 	BlankBkg: autoDraw = True
128.7853 	EXP 	New trial (rep=0, index=8): {'PreCondName': 'PreCondition\\CS-.PNG', 'TrgCol': 0.4}
128.8003 	EXP 	BlankBkg: autoDraw = False
128.8003 	EXP 	BlankBkg: autoDraw = False
128.8003 	EXP 	imagePreCond: image = 'PreCondition\\CS-.PNG'
128.8003 	EXP 	precondBkg: autoDraw = True
128.8003 	EXP 	imagePreCond: autoDraw = True
129.7834 	EXP 	imagePreCond: autoDraw = False
129.8001 	EXP 	precondBkg: autoDraw = False
129.8001 	EXP 	precondBkg: autoDraw = False
129.8001 	EXP 	imagePreCond: autoDraw = False
129.8001 	EXP 	BlankBkg: autoDraw = True
132.0511 	EXP 	New trial (rep=0, index=9): {'PreCondName': 'PreCondition\\CS-.PNG', 'TrgCol': 0.4}
132.0690 	EXP 	BlankBkg: autoDraw = False
132.0690 	EXP 	BlankBkg: autoDraw = False
132.0690 	EXP 	imagePreCond: image = 'PreCondition\\CS-.PNG'
132.0690 	EXP 	precondBkg: autoDraw = True
132.0690 	EXP 	imagePreCond: autoDraw = True
133.0497 	EXP 	imagePreCond: autoDraw = False
133.0833 	EXP 	precondBkg: autoDraw = False
133.0833 	EXP 	imagePreCond: autoDraw = False
133.0833 	EXP 	BlankBkg: autoDraw = True
135.3204 	EXP 	BlankBkg: autoDraw = False
135.3204 	EXP 	BlankBkg: autoDraw = False
135.3204 	EXP 	Scale: markerPos = None
135.3204 	EXP 	Scale: markerPos = None
135.3204 	EXP 	Scale: rating = None
135.3204 	EXP 	Bkg: autoDraw = True
135.3204 	EXP 	text: autoDraw = True
135.3204 	EXP 	image: autoDraw = True
135.3204 	EXP 	Scale: autoDraw = True
250.7853 	DATA 	Mouse: Left button down, pos=(705,206)
250.8027 	EXP 	Scale: markerPos = 3.5078125
250.8203 	EXP 	Scale: markerPos = 3.5078125
250.8371 	EXP 	Scale: markerPos = 3.5078125
250.8545 	EXP 	Scale: markerPos = 3.5078125
250.8706 	EXP 	Scale: markerPos = 3.5078125
250.8864 	EXP 	Scale: markerPos = 3.5078125
250.9039 	EXP 	Scale: markerPos = 3.5078125
250.9199 	EXP 	Scale: markerPos = 3.5078125
250.9364 	EXP 	Scale: markerPos = 3.5078125
250.9531 	EXP 	Scale: markerPos = 3.5078125
250.9715 	EXP 	Scale: markerPos = 3.5078125
250.9887 	EXP 	Scale: markerPos = 3.5078125
250.9918 	DATA 	Mouse:  Left button up, pos=(705,207)
251.0042 	EXP 	Scale: markerPos = 3.5078125
251.0042 	EXP 	Scale: rating = 3.5078125
251.0288 	EXP 	Bkg: autoDraw = False
251.0288 	EXP 	text: autoDraw = False
251.0288 	EXP 	image: autoDraw = False
251.0288 	EXP 	Scale: autoDraw = False
251.0288 	EXP 	InstrBkg2: autoDraw = True
251.0288 	EXP 	TagFig2: autoDraw = True
251.8653 	DATA 	Mouse: Left button down, pos=(705,207)
252.0412 	DATA 	Mouse:  Left button up, pos=(705,207)
261.5481 	DATA 	Keypress: escape
261.9877 	EXP 	window1: mouseVisible = True
