2.7911 	WARNING 	Font Manager failed to load file C:\WINDOWS\Fonts\方正粗黑宋简体.ttf
3.2996 	WARNING 	Font Manager failed to load file C:\Windows\Fonts\方正粗黑宋简体.ttf
3.6292 	WARNING 	Font Manager failed to load file C:\WINDOWS\Fonts\方正粗黑宋简体.ttf
4.1389 	WARNING 	Font Manager failed to load file C:\Windows\Fonts\方正粗黑宋简体.ttf
9.4756 	EXP 	Created window1 = Window(allowGUI=True, allowStencil=False, autoLog=True, backendConf=UNKNOWN, bitsMode=UNKNOWN, blendMode='avg', bpc=(8, 8, 8), color=array([0, 0, 0]), colorSpace='rgb', depthBits=8, fullscr=<method-wrapper '__getattribute__' of attributeSetter object at 0x0000027109108550>, gamma=None, gammaErrorPolicy='raise', lms=UNKNOWN, monitor=<psychopy.monitors.calibTools.Monitor object at 0x0000027109158C50>, multiSample=False, name='window1', numSamples=2, pos=[0.0, 0.0], screen=0, size=array([1920, 1080]), stencilBits=0, stereo=False, units='norm', useFBO=True, useRetina=False, viewOri=0.0, viewPos=None, viewScale=None, waitBlanking=True, winType='pyglet')
9.4756 	EXP 	window1: mouseVisible = True
9.4756 	EXP 	window1: recordFrameIntervals = False
9.6398 	EXP 	window1: recordFrameIntervals = True
9.8239 	EXP 	window1: recordFrameIntervals = False
10.3749 	EXP 	Created InstrBkg = Rect(__class__=<class 'psychopy.visual.rect.Rect'>, autoDraw=False, autoLog=True, closeShape=True, color=method-wrapper(...), colorSpace='rgb', contrast=None, depth=0.0, fillColor=array([-1, -1, -1]), fillColorSpace='rgb', fillRGB=UNKNOWN, interpolate=True, lineColor=array([-1., -1., -1.]), lineColorSpace='rgb', lineRGB=UNKNOWN, lineWidth=1, name='InstrBkg', opacity=1, ori=0.0, pos=array([0., 0.]), size=array([2., 2.]), units='norm', vertices=ndarray(...), win=Window(...))
17.9794 	EXP 	Created TagFig = ImageStim(__class__=<class 'psychopy.visual.image.ImageStim'>, autoLog=True, color=array([1., 1., 1.]), colorSpace='rgb', contrast=1.0, depth=-1.0, flipHoriz=False, flipVert=False, image='Instructions.PNG', interpolate=True, mask=None, maskParams=None, name='TagFig', opacity=1, ori=0.0, pos=array([0., 0.]), size=array([1.8, 1.8]), texRes=128, units='norm', win=Window(...))
17.9809 	EXP 	Created precondBkg = Rect(__class__=<class 'psychopy.visual.rect.Rect'>, autoDraw=False, autoLog=True, closeShape=True, color=method-wrapper(...), colorSpace='rgb', contrast=None, depth=0.0, fillColor=array([-1, -1, -1]), fillColorSpace='rgb', fillRGB=UNKNOWN, interpolate=True, lineColor=array([-1., -1., -1.]), lineColorSpace='rgb', lineRGB=UNKNOWN, lineWidth=1.0, name='precondBkg', opacity=1.0, ori=0.0, pos=array([0., 0.]), size=array([2., 2.]), units='norm', vertices=ndarray(...), win=Window(...))
18.0880 	EXP 	Created imagePreCond = ImageStim(__class__=<class 'psychopy.visual.image.ImageStim'>, autoLog=True, color=array([1., 1., 1.]), colorSpace='rgb', contrast=1.0, depth=-1.0, flipHoriz=False, flipVert=False, image='sin', interpolate=True, mask=None, maskParams=None, name='imagePreCond', opacity=1, ori=0.0, pos=array([0., 0.]), size=array([0.5, 1. ]), texRes=128, units='norm', win=Window(...))
18.0894 	EXP 	Created BlankBkg = Rect(__class__=<class 'psychopy.visual.rect.Rect'>, autoDraw=False, autoLog=True, closeShape=True, color=method-wrapper(...), colorSpace='rgb', contrast=None, depth=0.0, fillColor=array([-1, -1, -1]), fillColorSpace='rgb', fillRGB=UNKNOWN, interpolate=True, lineColor=array([-1., -1., -1.]), lineColorSpace='rgb', lineRGB=UNKNOWN, lineWidth=1, name='BlankBkg', opacity=1, ori=0.0, pos=array([0., 0.]), size=array([2., 2.]), units='norm', vertices=ndarray(...), win=Window(...))
18.0982 	EXP 	Created image = ImageStim(__class__=<class 'psychopy.visual.image.ImageStim'>, autoLog=True, color=array([1., 1., 1.]), colorSpace='rgb', contrast=1.0, depth=0.0, flipHoriz=False, flipVert=False, image='PreCondition/CS+.PNG', interpolate=True, mask=None, maskParams=None, name='image', opacity=1, ori=0.0, pos=array([0., 0.]), size=array([0.5, 1. ]), texRes=128.0, units='norm', win=Window(...))
18.1062 	EXP 	window1: mouseVisible = True
18.1800 	EXP 	Created Scale = Slider(__class__=<class 'psychopy.visual.slider.Slider'>, autoDraw=False, autoLog=True, borderColor=None, color=None, colorSpace='rgb', depth=-1, fillColor=None, flip=False, font='Open Sans', granularity=0.0, labelHeight=0.05, labelWrapWidth=None, labels=list(...), name='Scale', opacity=None, pos=(0, -0.4), readOnly=False, self=UNKNOWN, size=(1.2, 0.05), startValue=None, style=method-wrapper(...), styleTweaks=method-wrapper(...), ticks=array([ 1,  2,  3,  4,  5,  6,  7,  8,  9, 10]), units='norm', win=Window(...))
18.1848 	EXP 	Created InstrBkg2 = Rect(__class__=<class 'psychopy.visual.rect.Rect'>, autoDraw=False, autoLog=True, closeShape=True, color=method-wrapper(...), colorSpace='rgb', contrast=None, depth=0.0, fillColor=array([-1, -1, -1]), fillColorSpace='rgb', fillRGB=UNKNOWN, interpolate=True, lineColor=array([-1., -1., -1.]), lineColorSpace='rgb', lineRGB=UNKNOWN, lineWidth=1.0, name='InstrBkg2', opacity=1.0, ori=0.0, pos=array([0., 0.]), size=array([2., 2.]), units='norm', vertices=ndarray(...), win=Window(...))
25.7684 	EXP 	Created TagFig2 = ImageStim(__class__=<class 'psychopy.visual.image.ImageStim'>, autoLog=True, color=array([1., 1., 1.]), colorSpace='rgb', contrast=1.0, depth=-1.0, flipHoriz=False, flipVert=False, image='PreCondInstruction.PNG', interpolate=True, mask=None, maskParams=None, name='TagFig2', opacity=1, ori=0.0, pos=array([0., 0.]), size=array([1.8, 1.8]), texRes=128.0, units='norm', win=Window(...))
25.7699 	EXP 	Created CSBkg = Rect(__class__=<class 'psychopy.visual.rect.Rect'>, autoDraw=False, autoLog=True, closeShape=True, color=method-wrapper(...), colorSpace='rgb', contrast=None, depth=0.0, fillColor=array([-1, -1, -1]), fillColorSpace='rgb', fillRGB=UNKNOWN, interpolate=True, lineColor=array([-1., -1., -1.]), lineColorSpace='rgb', lineRGB=UNKNOWN, lineWidth=1.0, name='CSBkg', opacity=1.0, ori=0.0, pos=array([0., 0.]), size=array([2., 2.]), units='norm', vertices=ndarray(...), win=Window(...))
25.8741 	EXP 	Created CS_image = ImageStim(__class__=<class 'psychopy.visual.image.ImageStim'>, autoLog=True, color=array([1., 1., 1.]), colorSpace='rgb', contrast=1.0, depth=-1.0, flipHoriz=False, flipVert=False, image='sin', interpolate=True, mask=None, maskParams=None, name='CS_image', opacity=1, ori=0.0, pos=array([0., 0.]), size=array([0.5, 1. ]), texRes=128.0, units='norm', win=Window(...))
25.8755 	EXP 	Created UCSBkg = Rect(__class__=<class 'psychopy.visual.rect.Rect'>, autoDraw=False, autoLog=True, closeShape=True, color=method-wrapper(...), colorSpace='rgb', contrast=None, depth=0.0, fillColor=array([-1, -1, -1]), fillColorSpace='rgb', fillRGB=UNKNOWN, interpolate=True, lineColor=array([-1., -1., -1.]), lineColorSpace='rgb', lineRGB=UNKNOWN, lineWidth=1.0, name='UCSBkg', opacity=1.0, ori=0.0, pos=array([0., 0.]), size=array([2., 2.]), units='norm', vertices=ndarray(...), win=Window(...))
25.8812 	EXP 	Created UCS_image = ImageStim(__class__=<class 'psychopy.visual.image.ImageStim'>, autoLog=True, color=array([1., 1., 1.]), colorSpace='rgb', contrast=1.0, depth=-1.0, flipHoriz=False, flipVert=False, image='sin', interpolate=True, mask=None, maskParams=None, name='UCS_image', opacity=1, ori=0.0, pos=array([0., 0.]), size=array([0.5, 1. ]), texRes=128.0, units='norm', win=Window(...))
26.1121 	EXP 	Sound sound_1 set volume 1.000
26.1138 	EXP 	Created BlankBkg2 = Rect(__class__=<class 'psychopy.visual.rect.Rect'>, autoDraw=False, autoLog=True, closeShape=True, color=method-wrapper(...), colorSpace='rgb', contrast=None, depth=0.0, fillColor=array([-1, -1, -1]), fillColorSpace='rgb', fillRGB=UNKNOWN, interpolate=True, lineColor=array([-1., -1., -1.]), lineColorSpace='rgb', lineRGB=UNKNOWN, lineWidth=1.0, name='BlankBkg2', opacity=1.0, ori=0.0, pos=array([0., 0.]), size=array([2., 2.]), units='norm', vertices=ndarray(...), win=Window(...))
26.1151 	EXP 	Created InstrBkg3 = Rect(__class__=<class 'psychopy.visual.rect.Rect'>, autoDraw=False, autoLog=True, closeShape=True, color=method-wrapper(...), colorSpace='rgb', contrast=None, depth=0.0, fillColor=array([-1, -1, -1]), fillColorSpace='rgb', fillRGB=UNKNOWN, interpolate=True, lineColor=array([-1., -1., -1.]), lineColorSpace='rgb', lineRGB=UNKNOWN, lineWidth=1.0, name='InstrBkg3', opacity=1.0, ori=0.0, pos=array([0., 0.]), size=array([2., 2.]), units='norm', vertices=ndarray(...), win=Window(...))
33.3981 	EXP 	Created TagFig3 = ImageStim(__class__=<class 'psychopy.visual.image.ImageStim'>, autoLog=True, color=array([1., 1., 1.]), colorSpace='rgb', contrast=1.0, depth=-1.0, flipHoriz=False, flipVert=False, image='CondInstruction.PNG', interpolate=True, mask=None, maskParams=None, name='TagFig3', opacity=1, ori=0.0, pos=array([0., 0.]), size=array([1.8, 1.8]), texRes=128.0, units='norm', win=Window(...))
33.3995 	EXP 	Created ExtBkg = Rect(__class__=<class 'psychopy.visual.rect.Rect'>, autoDraw=False, autoLog=True, closeShape=True, color=method-wrapper(...), colorSpace='rgb', contrast=None, depth=0.0, fillColor=array([-1, -1, -1]), fillColorSpace='rgb', fillRGB=UNKNOWN, interpolate=True, lineColor=array([-1., -1., -1.]), lineColorSpace='rgb', lineRGB=UNKNOWN, lineWidth=1.0, name='ExtBkg', opacity=1.0, ori=0.0, pos=array([0., 0.]), size=array([2., 2.]), units='norm', vertices=ndarray(...), win=Window(...))
33.5101 	EXP 	Created Ext_image = ImageStim(__class__=<class 'psychopy.visual.image.ImageStim'>, autoLog=True, color=array([1., 1., 1.]), colorSpace='rgb', contrast=1.0, depth=-1.0, flipHoriz=False, flipVert=False, image='sin', interpolate=True, mask=None, maskParams=None, name='Ext_image', opacity=1, ori=0.0, pos=array([0., 0.]), size=array([0.5, 0.8]), texRes=128.0, units='norm', win=Window(...))
33.5114 	EXP 	Created BlankBkg = Rect(__class__=<class 'psychopy.visual.rect.Rect'>, autoDraw=False, autoLog=True, closeShape=True, color=method-wrapper(...), colorSpace='rgb', contrast=None, depth=0.0, fillColor=array([-1, -1, -1]), fillColorSpace='rgb', fillRGB=UNKNOWN, interpolate=True, lineColor=array([-1., -1., -1.]), lineColorSpace='rgb', lineRGB=UNKNOWN, lineWidth=1, name='BlankBkg', opacity=1, ori=0.0, pos=array([0., 0.]), size=array([2., 2.]), units='norm', vertices=ndarray(...), win=Window(...))
33.5129 	EXP 	Created ISIBkg = Rect(__class__=<class 'psychopy.visual.rect.Rect'>, autoDraw=False, autoLog=True, closeShape=True, color=method-wrapper(...), colorSpace='rgb', contrast=None, depth=0.0, fillColor=array([-1, -1, -1]), fillColorSpace='rgb', fillRGB=UNKNOWN, interpolate=True, lineColor=array([-1., -1., -1.]), lineColorSpace='rgb', lineRGB=UNKNOWN, lineWidth=1, name='ISIBkg', opacity=1, ori=0.0, pos=array([0., 0.]), size=array([2., 2.]), units='norm', vertices=ndarray(...), win=Window(...))
40.7375 	EXP 	Created InterSessInstrct = ImageStim(__class__=<class 'psychopy.visual.image.ImageStim'>, autoLog=True, color=array([1., 1., 1.]), colorSpace='rgb', contrast=1.0, depth=-1.0, flipHoriz=False, flipVert=False, image='ExtinctionInstruction.PNG', interpolate=True, mask=None, maskParams=None, name='InterSessInstrct', opacity=1, ori=0.0, pos=array([0., 0.]), size=array([1.8, 1.8]), texRes=128, units='norm', win=Window(...))
40.7518 	EXP 	Created EndTxt = TextStim(__class__=<class 'psychopy.visual.text.TextStim'>, alignHoriz=method-wrapper(...), alignText='center', alignVert=method-wrapper(...), anchorHoriz='center', anchorVert='center', antialias=True, autoLog=True, bold=False, color=array([1., 1., 1.]), colorSpace='rgb', contrast=1.0, depth=0.0, flipHoriz=False, flipVert=False, font='Microsoft YaHei', fontFiles=[], height=0.08, italic=False, languageStyle='LTR', name='EndTxt', opacity=1, ori=0, pos=array([0., 0.]), rgb=UNKNOWN, text='谢谢您的参与！', units='norm', win=Window(...), wrapWidth=1)
40.8684 	EXP 	Scale: autoLog = True
40.8684 	EXP 	Scale: markerPos = None
40.8684 	EXP 	Scale: rating = None
40.8684 	EXP 	Scale: markerPos = None
40.8684 	EXP 	Scale: contrast = 1.0
40.8684 	EXP 	Scale: autoLog = True
40.8684 	EXP 	Scale: styleTweaks = []
40.8684 	EXP 	Scale: style = 'rating'
40.8684 	EXP 	Scale: styleTweaks = []
40.8684 	EXP 	InstrBkg: autoDraw = True
40.8684 	EXP 	TagFig: autoDraw = True
42.5957 	EXP 	Imported PreCondition.xlsx as conditions, 10 conditions, 2 params
42.5961 	EXP 	Created sequence: random, trialTypes=10, nReps=1, seed=None
42.5963 	EXP 	New trial (rep=0, index=0): {'PreCondName': 'PreCondition\\CS+.PNG', 'TrgCol': -0.1}
42.6034 	EXP 	InstrBkg: autoDraw = False
42.6034 	EXP 	TagFig: autoDraw = False
42.6034 	EXP 	imagePreCond: image = 'PreCondition\\CS+.PNG'
42.6034 	EXP 	precondBkg: autoDraw = True
42.6034 	EXP 	imagePreCond: autoDraw = True
43.6002 	EXP 	precondBkg: autoDraw = False
43.6002 	EXP 	imagePreCond: autoDraw = False
43.6002 	EXP 	precondBkg: autoDraw = False
43.6002 	EXP 	imagePreCond: autoDraw = False
43.6002 	EXP 	BlankBkg: autoDraw = True
45.8687 	EXP 	New trial (rep=0, index=1): {'PreCondName': 'PreCondition\\CS+.PNG', 'TrgCol': -0.1}
45.8826 	EXP 	BlankBkg: autoDraw = False
45.8826 	EXP 	BlankBkg: autoDraw = False
45.8826 	EXP 	imagePreCond: image = 'PreCondition\\CS+.PNG'
45.8826 	EXP 	precondBkg: autoDraw = True
45.8826 	EXP 	imagePreCond: autoDraw = True
46.9497 	EXP 	precondBkg: autoDraw = False
46.9497 	EXP 	imagePreCond: autoDraw = False
46.9497 	EXP 	BlankBkg: autoDraw = True
49.2682 	EXP 	New trial (rep=0, index=2): {'PreCondName': 'PreCondition\\CS+.PNG', 'TrgCol': -0.1}
49.2828 	EXP 	BlankBkg: autoDraw = False
49.2828 	EXP 	BlankBkg: autoDraw = False
49.2828 	EXP 	imagePreCond: image = 'PreCondition\\CS+.PNG'
49.2828 	EXP 	precondBkg: autoDraw = True
49.2828 	EXP 	imagePreCond: autoDraw = True
50.2667 	EXP 	imagePreCond: autoDraw = False
50.2825 	EXP 	precondBkg: autoDraw = False
50.2825 	EXP 	precondBkg: autoDraw = False
50.2825 	EXP 	imagePreCond: autoDraw = False
50.2825 	EXP 	BlankBkg: autoDraw = True
52.4673 	EXP 	New trial (rep=0, index=3): {'PreCondName': 'PreCondition\\CS-.PNG', 'TrgCol': 0.4}
52.4827 	EXP 	BlankBkg: autoDraw = False
52.4827 	EXP 	BlankBkg: autoDraw = False
52.4827 	EXP 	imagePreCond: image = 'PreCondition\\CS-.PNG'
52.4827 	EXP 	precondBkg: autoDraw = True
52.4827 	EXP 	imagePreCond: autoDraw = True
53.4665 	EXP 	imagePreCond: autoDraw = False
53.4824 	EXP 	precondBkg: autoDraw = False
53.4824 	EXP 	precondBkg: autoDraw = False
53.4824 	EXP 	imagePreCond: autoDraw = False
53.4824 	EXP 	BlankBkg: autoDraw = True
55.6864 	EXP 	New trial (rep=0, index=4): {'PreCondName': 'PreCondition\\CS-.PNG', 'TrgCol': 0.4}
55.6980 	EXP 	BlankBkg: autoDraw = False
55.6980 	EXP 	BlankBkg: autoDraw = False
55.6980 	EXP 	imagePreCond: image = 'PreCondition\\CS-.PNG'
55.6980 	EXP 	precondBkg: autoDraw = True
55.6980 	EXP 	imagePreCond: autoDraw = True
56.6837 	EXP 	imagePreCond: autoDraw = False
56.6994 	EXP 	precondBkg: autoDraw = False
56.6994 	EXP 	precondBkg: autoDraw = False
56.6994 	EXP 	imagePreCond: autoDraw = False
56.6994 	EXP 	BlankBkg: autoDraw = True
58.9330 	EXP 	New trial (rep=0, index=5): {'PreCondName': 'PreCondition\\CS-.PNG', 'TrgCol': 0.4}
58.9490 	EXP 	BlankBkg: autoDraw = False
58.9490 	EXP 	BlankBkg: autoDraw = False
58.9490 	EXP 	imagePreCond: image = 'PreCondition\\CS-.PNG'
58.9490 	EXP 	precondBkg: autoDraw = True
58.9490 	EXP 	imagePreCond: autoDraw = True
59.9321 	EXP 	imagePreCond: autoDraw = False
59.9483 	EXP 	precondBkg: autoDraw = False
59.9483 	EXP 	precondBkg: autoDraw = False
59.9483 	EXP 	imagePreCond: autoDraw = False
59.9483 	EXP 	BlankBkg: autoDraw = True
62.3015 	EXP 	New trial (rep=0, index=6): {'PreCondName': 'PreCondition\\CS-.PNG', 'TrgCol': 0.4}
62.3141 	EXP 	BlankBkg: autoDraw = False
62.3141 	EXP 	BlankBkg: autoDraw = False
62.3141 	EXP 	imagePreCond: image = 'PreCondition\\CS-.PNG'
62.3141 	EXP 	precondBkg: autoDraw = True
62.3141 	EXP 	imagePreCond: autoDraw = True
63.3008 	EXP 	imagePreCond: autoDraw = False
63.3140 	EXP 	precondBkg: autoDraw = False
63.3140 	EXP 	precondBkg: autoDraw = False
63.3140 	EXP 	imagePreCond: autoDraw = False
63.3140 	EXP 	BlankBkg: autoDraw = True
65.7170 	EXP 	New trial (rep=0, index=7): {'PreCondName': 'PreCondition\\CS+.PNG', 'TrgCol': -0.1}
65.7315 	EXP 	BlankBkg: autoDraw = False
65.7315 	EXP 	BlankBkg: autoDraw = False
65.7315 	EXP 	imagePreCond: image = 'PreCondition\\CS+.PNG'
65.7315 	EXP 	precondBkg: autoDraw = True
65.7315 	EXP 	imagePreCond: autoDraw = True
66.7145 	EXP 	imagePreCond: autoDraw = False
66.7302 	EXP 	precondBkg: autoDraw = False
66.7302 	EXP 	precondBkg: autoDraw = False
66.7302 	EXP 	imagePreCond: autoDraw = False
66.7302 	EXP 	BlankBkg: autoDraw = True
68.9000 	EXP 	New trial (rep=0, index=8): {'PreCondName': 'PreCondition\\CS+.PNG', 'TrgCol': -0.1}
68.9141 	EXP 	BlankBkg: autoDraw = False
68.9141 	EXP 	BlankBkg: autoDraw = False
68.9141 	EXP 	imagePreCond: image = 'PreCondition\\CS+.PNG'
68.9141 	EXP 	precondBkg: autoDraw = True
68.9141 	EXP 	imagePreCond: autoDraw = True
69.8990 	EXP 	imagePreCond: autoDraw = False
69.9140 	EXP 	precondBkg: autoDraw = False
69.9140 	EXP 	precondBkg: autoDraw = False
69.9140 	EXP 	imagePreCond: autoDraw = False
69.9140 	EXP 	BlankBkg: autoDraw = True
72.1011 	EXP 	New trial (rep=0, index=9): {'PreCondName': 'PreCondition\\CS-.PNG', 'TrgCol': 0.4}
72.1168 	EXP 	BlankBkg: autoDraw = False
72.1168 	EXP 	BlankBkg: autoDraw = False
72.1168 	EXP 	imagePreCond: image = 'PreCondition\\CS-.PNG'
72.1168 	EXP 	precondBkg: autoDraw = True
72.1168 	EXP 	imagePreCond: autoDraw = True
73.1143 	EXP 	precondBkg: autoDraw = False
73.1143 	EXP 	imagePreCond: autoDraw = False
73.1143 	EXP 	precondBkg: autoDraw = False
73.1143 	EXP 	imagePreCond: autoDraw = False
73.1143 	EXP 	BlankBkg: autoDraw = True
75.5262 	EXP 	BlankBkg: autoDraw = False
75.5262 	EXP 	BlankBkg: autoDraw = False
75.5262 	EXP 	Scale: markerPos = None
75.5262 	EXP 	Scale: markerPos = None
75.5262 	EXP 	Scale: rating = None
75.5262 	EXP 	image: autoDraw = True
75.5262 	EXP 	Scale: autoDraw = True
85.6320 	DATA 	Mouse: Left button down, pos=(971,317)
85.6503 	EXP 	Scale: markerPos = 5.5859375
85.6722 	EXP 	Scale: markerPos = 5.5859375
85.6883 	EXP 	Scale: markerPos = 5.5859375
85.7050 	EXP 	Scale: markerPos = 5.5859375
85.7223 	EXP 	Scale: markerPos = 5.5859375
85.7386 	EXP 	Scale: markerPos = 5.5859375
85.7553 	EXP 	Scale: markerPos = 5.5859375
85.7720 	EXP 	Scale: markerPos = 5.5859375
85.7885 	EXP 	Scale: markerPos = 5.5859375
85.8052 	EXP 	Scale: markerPos = 5.5859375
85.8218 	EXP 	Scale: markerPos = 5.5859375
85.8383 	EXP 	Scale: markerPos = 5.5859375
85.8559 	EXP 	Scale: markerPos = 5.5859375
85.8723 	EXP 	Scale: markerPos = 5.5859375
85.8885 	EXP 	Scale: markerPos = 5.5859375
85.9052 	EXP 	Scale: markerPos = 5.5859375
85.9218 	EXP 	Scale: markerPos = 5.5859375
85.9384 	EXP 	Scale: markerPos = 5.5859375
85.9549 	EXP 	Scale: markerPos = 5.5859375
85.9722 	EXP 	Scale: markerPos = 5.5859375
85.9902 	EXP 	Scale: markerPos = 5.5859375
86.0052 	EXP 	Scale: markerPos = 5.5859375
86.0217 	EXP 	Scale: markerPos = 5.5859375
86.0388 	EXP 	Scale: markerPos = 5.5859375
86.0553 	EXP 	Scale: markerPos = 5.5859375
86.0722 	EXP 	Scale: markerPos = 5.5859375
86.0888 	EXP 	Scale: markerPos = 5.5859375
86.1053 	EXP 	Scale: markerPos = 5.5859375
86.1229 	EXP 	Scale: markerPos = 5.5859375
86.1391 	EXP 	Scale: markerPos = 5.5859375
86.1551 	EXP 	Scale: markerPos = 5.5859375
86.1718 	EXP 	Scale: markerPos = 5.5859375
86.1811 	DATA 	Mouse:  Left button up, pos=(971,318)
86.1887 	EXP 	Scale: markerPos = 5.5859375
86.2047 	EXP 	Scale: markerPos = 5.5859375
86.2047 	EXP 	Scale: rating = 5.5859375
86.2277 	EXP 	image: autoDraw = False
86.2277 	EXP 	Scale: autoDraw = False
86.2277 	EXP 	InstrBkg2: autoDraw = True
86.2277 	EXP 	TagFig2: autoDraw = True
107.2016 	DATA 	Keypress: escape
107.4704 	EXP 	window1: mouseVisible = True
