2.8843 	WARNING 	Font Manager failed to load file C:\WINDOWS\Fonts\方正粗黑宋简体.ttf
3.3730 	WARNING 	Font Manager failed to load file C:\Windows\Fonts\方正粗黑宋简体.ttf
3.6816 	WARNING 	Font Manager failed to load file C:\WINDOWS\Fonts\方正粗黑宋简体.ttf
4.1725 	WARNING 	Font Manager failed to load file C:\Windows\Fonts\方正粗黑宋简体.ttf
11.4553 	EXP 	Created window1 = Window(allowGUI=True, allowStencil=False, autoLog=True, backendConf=UNKNOWN, bitsMode=UNKNOWN, blendMode='avg', bpc=(8, 8, 8), color=array([0, 0, 0]), colorSpace='rgb', depthBits=8, fullscr=<method-wrapper '__getattribute__' of attributeSetter object at 0x0000020A21858358>, gamma=None, gammaErrorPolicy='raise', lms=UNKNOWN, monitor=<psychopy.monitors.calibTools.Monitor object at 0x0000020A218A7A90>, multiSample=False, name='window1', numSamples=2, pos=[0.0, 0.0], screen=0, size=array([1920, 1080]), stencilBits=0, stereo=False, units='norm', useFBO=True, useRetina=False, viewOri=0.0, viewPos=None, viewScale=None, waitBlanking=True, winType='pyglet')
11.4554 	EXP 	window1: mouseVisible = True
11.4554 	EXP 	window1: recordFrameIntervals = False
11.6220 	EXP 	window1: recordFrameIntervals = True
11.8056 	EXP 	window1: recordFrameIntervals = False
12.3159 	EXP 	Created InstrBkg = Rect(__class__=<class 'psychopy.visual.rect.Rect'>, autoDraw=False, autoLog=True, closeShape=True, color=method-wrapper(...), colorSpace='rgb', contrast=None, depth=0.0, fillColor=array([-1, -1, -1]), fillColorSpace='rgb', fillRGB=UNKNOWN, interpolate=True, lineColor=array([-1., -1., -1.]), lineColorSpace='rgb', lineRGB=UNKNOWN, lineWidth=1, name='InstrBkg', opacity=1, ori=0.0, pos=array([0., 0.]), size=array([2., 2.]), units='norm', vertices=ndarray(...), win=Window(...))
19.6098 	EXP 	Created TagFig = ImageStim(__class__=<class 'psychopy.visual.image.ImageStim'>, autoLog=True, color=array([1., 1., 1.]), colorSpace='rgb', contrast=1.0, depth=-1.0, flipHoriz=False, flipVert=False, image='Instructions.PNG', interpolate=True, mask=None, maskParams=None, name='TagFig', opacity=1, ori=0.0, pos=array([0., 0.]), size=array([1.8, 1.8]), texRes=128, units='norm', win=Window(...))
19.6112 	EXP 	Created precondBkg = Rect(__class__=<class 'psychopy.visual.rect.Rect'>, autoDraw=False, autoLog=True, closeShape=True, color=method-wrapper(...), colorSpace='rgb', contrast=None, depth=0.0, fillColor=array([-1, -1, -1]), fillColorSpace='rgb', fillRGB=UNKNOWN, interpolate=True, lineColor=array([-1., -1., -1.]), lineColorSpace='rgb', lineRGB=UNKNOWN, lineWidth=1.0, name='precondBkg', opacity=1.0, ori=0.0, pos=array([0., 0.]), size=array([2., 2.]), units='norm', vertices=ndarray(...), win=Window(...))
19.7218 	EXP 	Created imagePreCond = ImageStim(__class__=<class 'psychopy.visual.image.ImageStim'>, autoLog=True, color=array([1., 1., 1.]), colorSpace='rgb', contrast=1.0, depth=-1.0, flipHoriz=False, flipVert=False, image='sin', interpolate=True, mask=None, maskParams=None, name='imagePreCond', opacity=1, ori=0.0, pos=array([0., 0.]), size=array([0.5, 1. ]), texRes=128, units='norm', win=Window(...))
19.7231 	EXP 	Created BlankBkg = Rect(__class__=<class 'psychopy.visual.rect.Rect'>, autoDraw=False, autoLog=True, closeShape=True, color=method-wrapper(...), colorSpace='rgb', contrast=None, depth=0.0, fillColor=array([-1, -1, -1]), fillColorSpace='rgb', fillRGB=UNKNOWN, interpolate=True, lineColor=array([-1., -1., -1.]), lineColorSpace='rgb', lineRGB=UNKNOWN, lineWidth=1, name='BlankBkg', opacity=1, ori=0.0, pos=array([0., 0.]), size=array([2., 2.]), units='norm', vertices=ndarray(...), win=Window(...))
19.7244 	EXP 	Created InstrBkg2 = Rect(__class__=<class 'psychopy.visual.rect.Rect'>, autoDraw=False, autoLog=True, closeShape=True, color=method-wrapper(...), colorSpace='rgb', contrast=None, depth=0.0, fillColor=array([-1, -1, -1]), fillColorSpace='rgb', fillRGB=UNKNOWN, interpolate=True, lineColor=array([-1., -1., -1.]), lineColorSpace='rgb', lineRGB=UNKNOWN, lineWidth=1.0, name='InstrBkg2', opacity=1.0, ori=0.0, pos=array([0., 0.]), size=array([2., 2.]), units='norm', vertices=ndarray(...), win=Window(...))
27.0390 	EXP 	Created TagFig2 = ImageStim(__class__=<class 'psychopy.visual.image.ImageStim'>, autoLog=True, color=array([1., 1., 1.]), colorSpace='rgb', contrast=1.0, depth=-1.0, flipHoriz=False, flipVert=False, image='PreCondInstruction.PNG', interpolate=True, mask=None, maskParams=None, name='TagFig2', opacity=1, ori=0.0, pos=array([0., 0.]), size=array([1.8, 1.8]), texRes=128.0, units='norm', win=Window(...))
27.0405 	EXP 	Created CSBkg = Rect(__class__=<class 'psychopy.visual.rect.Rect'>, autoDraw=False, autoLog=True, closeShape=True, color=method-wrapper(...), colorSpace='rgb', contrast=None, depth=0.0, fillColor=array([-1, -1, -1]), fillColorSpace='rgb', fillRGB=UNKNOWN, interpolate=True, lineColor=array([-1., -1., -1.]), lineColorSpace='rgb', lineRGB=UNKNOWN, lineWidth=1.0, name='CSBkg', opacity=1.0, ori=0.0, pos=array([0., 0.]), size=array([2., 2.]), units='norm', vertices=ndarray(...), win=Window(...))
27.1559 	EXP 	Created CS_image = ImageStim(__class__=<class 'psychopy.visual.image.ImageStim'>, autoLog=True, color=array([1., 1., 1.]), colorSpace='rgb', contrast=1.0, depth=-1.0, flipHoriz=False, flipVert=False, image='sin', interpolate=True, mask=None, maskParams=None, name='CS_image', opacity=1, ori=0.0, pos=array([0., 0.]), size=array([0.5, 1. ]), texRes=128.0, units='norm', win=Window(...))
27.1572 	EXP 	Created UCSBkg = Rect(__class__=<class 'psychopy.visual.rect.Rect'>, autoDraw=False, autoLog=True, closeShape=True, color=method-wrapper(...), colorSpace='rgb', contrast=None, depth=0.0, fillColor=array([-1, -1, -1]), fillColorSpace='rgb', fillRGB=UNKNOWN, interpolate=True, lineColor=array([-1., -1., -1.]), lineColorSpace='rgb', lineRGB=UNKNOWN, lineWidth=1.0, name='UCSBkg', opacity=1.0, ori=0.0, pos=array([0., 0.]), size=array([2., 2.]), units='norm', vertices=ndarray(...), win=Window(...))
27.1626 	EXP 	Created UCS_image = ImageStim(__class__=<class 'psychopy.visual.image.ImageStim'>, autoLog=True, color=array([1., 1., 1.]), colorSpace='rgb', contrast=1.0, depth=-1.0, flipHoriz=False, flipVert=False, image='sin', interpolate=True, mask=None, maskParams=None, name='UCS_image', opacity=1, ori=0.0, pos=array([0., 0.]), size=array([0.5, 1. ]), texRes=128.0, units='norm', win=Window(...))
27.6392 	EXP 	Sound sound_1 set volume 1.000
27.6409 	EXP 	Created BlankBkg2 = Rect(__class__=<class 'psychopy.visual.rect.Rect'>, autoDraw=False, autoLog=True, closeShape=True, color=method-wrapper(...), colorSpace='rgb', contrast=None, depth=0.0, fillColor=array([-1, -1, -1]), fillColorSpace='rgb', fillRGB=UNKNOWN, interpolate=True, lineColor=array([-1., -1., -1.]), lineColorSpace='rgb', lineRGB=UNKNOWN, lineWidth=1.0, name='BlankBkg2', opacity=1.0, ori=0.0, pos=array([0., 0.]), size=array([2., 2.]), units='norm', vertices=ndarray(...), win=Window(...))
27.6424 	EXP 	Created InstrBkg3 = Rect(__class__=<class 'psychopy.visual.rect.Rect'>, autoDraw=False, autoLog=True, closeShape=True, color=method-wrapper(...), colorSpace='rgb', contrast=None, depth=0.0, fillColor=array([-1, -1, -1]), fillColorSpace='rgb', fillRGB=UNKNOWN, interpolate=True, lineColor=array([-1., -1., -1.]), lineColorSpace='rgb', lineRGB=UNKNOWN, lineWidth=1.0, name='InstrBkg3', opacity=1.0, ori=0.0, pos=array([0., 0.]), size=array([2., 2.]), units='norm', vertices=ndarray(...), win=Window(...))
35.0667 	EXP 	Created TagFig3 = ImageStim(__class__=<class 'psychopy.visual.image.ImageStim'>, autoLog=True, color=array([1., 1., 1.]), colorSpace='rgb', contrast=1.0, depth=-1.0, flipHoriz=False, flipVert=False, image='CondInstruction.PNG', interpolate=True, mask=None, maskParams=None, name='TagFig3', opacity=1, ori=0.0, pos=array([0., 0.]), size=array([1.8, 1.8]), texRes=128.0, units='norm', win=Window(...))
35.0680 	EXP 	Created ExtBkg = Rect(__class__=<class 'psychopy.visual.rect.Rect'>, autoDraw=False, autoLog=True, closeShape=True, color=method-wrapper(...), colorSpace='rgb', contrast=None, depth=0.0, fillColor=array([-1, -1, -1]), fillColorSpace='rgb', fillRGB=UNKNOWN, interpolate=True, lineColor=array([-1., -1., -1.]), lineColorSpace='rgb', lineRGB=UNKNOWN, lineWidth=1.0, name='ExtBkg', opacity=1.0, ori=0.0, pos=array([0., 0.]), size=array([2., 2.]), units='norm', vertices=ndarray(...), win=Window(...))
35.1830 	EXP 	Created Ext_image = ImageStim(__class__=<class 'psychopy.visual.image.ImageStim'>, autoLog=True, color=array([1., 1., 1.]), colorSpace='rgb', contrast=1.0, depth=-1.0, flipHoriz=False, flipVert=False, image='sin', interpolate=True, mask=None, maskParams=None, name='Ext_image', opacity=1, ori=0.0, pos=array([0., 0.]), size=array([0.5, 0.8]), texRes=128.0, units='norm', win=Window(...))
35.1853 	EXP 	Created BlankBkg = Rect(__class__=<class 'psychopy.visual.rect.Rect'>, autoDraw=False, autoLog=True, closeShape=True, color=method-wrapper(...), colorSpace='rgb', contrast=None, depth=0.0, fillColor=array([-1, -1, -1]), fillColorSpace='rgb', fillRGB=UNKNOWN, interpolate=True, lineColor=array([-1., -1., -1.]), lineColorSpace='rgb', lineRGB=UNKNOWN, lineWidth=1, name='BlankBkg', opacity=1, ori=0.0, pos=array([0., 0.]), size=array([2., 2.]), units='norm', vertices=ndarray(...), win=Window(...))
35.1865 	EXP 	Created ISIBkg = Rect(__class__=<class 'psychopy.visual.rect.Rect'>, autoDraw=False, autoLog=True, closeShape=True, color=method-wrapper(...), colorSpace='rgb', contrast=None, depth=0.0, fillColor=array([-1, -1, -1]), fillColorSpace='rgb', fillRGB=UNKNOWN, interpolate=True, lineColor=array([-1., -1., -1.]), lineColorSpace='rgb', lineRGB=UNKNOWN, lineWidth=1, name='ISIBkg', opacity=1, ori=0.0, pos=array([0., 0.]), size=array([2., 2.]), units='norm', vertices=ndarray(...), win=Window(...))
42.4949 	EXP 	Created InterSessInstrct = ImageStim(__class__=<class 'psychopy.visual.image.ImageStim'>, autoLog=True, color=array([1., 1., 1.]), colorSpace='rgb', contrast=1.0, depth=-1.0, flipHoriz=False, flipVert=False, image='ExtinctionInstruction.PNG', interpolate=True, mask=None, maskParams=None, name='InterSessInstrct', opacity=1, ori=0.0, pos=array([0., 0.]), size=array([1.8, 1.8]), texRes=128, units='norm', win=Window(...))
42.5488 	EXP 	Created EndTxt = TextStim(__class__=<class 'psychopy.visual.text.TextStim'>, alignHoriz=method-wrapper(...), alignText='center', alignVert=method-wrapper(...), anchorHoriz='center', anchorVert='center', antialias=True, autoLog=True, bold=False, color=array([1., 1., 1.]), colorSpace='rgb', contrast=1.0, depth=0.0, flipHoriz=False, flipVert=False, font='Microsoft YaHei', fontFiles=[], height=0.08, italic=False, languageStyle='LTR', name='EndTxt', opacity=1, ori=0, pos=array([0., 0.]), rgb=UNKNOWN, text='谢谢您的参与！', units='norm', win=Window(...), wrapWidth=1)
42.6414 	EXP 	InstrBkg: autoDraw = True
42.6414 	EXP 	TagFig: autoDraw = True
44.1185 	EXP 	Imported PreCond1.xlsx as conditions, 10 conditions, 3 params
44.1189 	EXP 	Created sequence: random, trialTypes=10, nReps=1, seed=None
44.1191 	EXP 	New trial (rep=0, index=0): {'PicFileName': 'PreCond1\\CS+.PNG', 'TrgCol': -0.1, 'TrgCol2': -0.1}
44.1256 	DATA 	Keypress: space
44.1275 	EXP 	InstrBkg: autoDraw = False
44.1275 	EXP 	TagFig: autoDraw = False
44.1275 	EXP 	imagePreCond: image = 'PreCond1\\CS+.PNG'
44.1275 	EXP 	precondBkg: autoDraw = True
44.1275 	EXP 	imagePreCond: autoDraw = True
45.1055 	EXP 	imagePreCond: autoDraw = False
45.1389 	EXP 	precondBkg: autoDraw = False
45.1389 	EXP 	imagePreCond: autoDraw = False
45.1389 	EXP 	BlankBkg: autoDraw = True
47.2743 	EXP 	New trial (rep=0, index=1): {'PicFileName': 'PreCond1\\CS+.PNG', 'TrgCol': -0.1, 'TrgCol2': -0.1}
47.2890 	EXP 	BlankBkg: autoDraw = False
47.2890 	EXP 	BlankBkg: autoDraw = False
47.2890 	EXP 	imagePreCond: image = 'PreCond1\\CS+.PNG'
47.2890 	EXP 	precondBkg: autoDraw = True
47.2890 	EXP 	imagePreCond: autoDraw = True
48.2734 	EXP 	imagePreCond: autoDraw = False
48.2900 	EXP 	precondBkg: autoDraw = False
48.2900 	EXP 	precondBkg: autoDraw = False
48.2900 	EXP 	imagePreCond: autoDraw = False
48.2900 	EXP 	BlankBkg: autoDraw = True
50.6076 	EXP 	New trial (rep=0, index=2): {'PicFileName': 'PreCond1\\CS-.PNG', 'TrgCol': 0.4, 'TrgCol2': 0.1}
50.6220 	EXP 	BlankBkg: autoDraw = False
50.6220 	EXP 	BlankBkg: autoDraw = False
50.6220 	EXP 	imagePreCond: image = 'PreCond1\\CS-.PNG'
50.6220 	EXP 	precondBkg: autoDraw = True
50.6220 	EXP 	imagePreCond: autoDraw = True
51.6053 	EXP 	imagePreCond: autoDraw = False
51.6218 	EXP 	precondBkg: autoDraw = False
51.6218 	EXP 	precondBkg: autoDraw = False
51.6218 	EXP 	imagePreCond: autoDraw = False
51.6218 	EXP 	BlankBkg: autoDraw = True
53.7238 	EXP 	New trial (rep=0, index=3): {'PicFileName': 'PreCond1\\CS-.PNG', 'TrgCol': 0.4, 'TrgCol2': 0.1}
53.7380 	EXP 	BlankBkg: autoDraw = False
53.7380 	EXP 	BlankBkg: autoDraw = False
53.7380 	EXP 	imagePreCond: image = 'PreCond1\\CS-.PNG'
53.7380 	EXP 	precondBkg: autoDraw = True
53.7380 	EXP 	imagePreCond: autoDraw = True
54.7217 	EXP 	imagePreCond: autoDraw = False
54.7382 	EXP 	precondBkg: autoDraw = False
54.7382 	EXP 	precondBkg: autoDraw = False
54.7382 	EXP 	imagePreCond: autoDraw = False
54.7382 	EXP 	BlankBkg: autoDraw = True
56.8736 	EXP 	New trial (rep=0, index=4): {'PicFileName': 'PreCond1\\CS-.PNG', 'TrgCol': 0.4, 'TrgCol2': 0.1}
56.8878 	EXP 	BlankBkg: autoDraw = False
56.8878 	EXP 	BlankBkg: autoDraw = False
56.8878 	EXP 	imagePreCond: image = 'PreCond1\\CS-.PNG'
56.8878 	EXP 	precondBkg: autoDraw = True
56.8878 	EXP 	imagePreCond: autoDraw = True
57.8715 	EXP 	imagePreCond: autoDraw = False
57.8895 	EXP 	precondBkg: autoDraw = False
57.8895 	EXP 	precondBkg: autoDraw = False
57.8895 	EXP 	imagePreCond: autoDraw = False
57.8895 	EXP 	BlankBkg: autoDraw = True
60.1397 	EXP 	New trial (rep=0, index=5): {'PicFileName': 'PreCond1\\CS+.PNG', 'TrgCol': -0.1, 'TrgCol2': -0.1}
60.1542 	EXP 	BlankBkg: autoDraw = False
60.1542 	EXP 	BlankBkg: autoDraw = False
60.1542 	EXP 	imagePreCond: image = 'PreCond1\\CS+.PNG'
60.1542 	EXP 	precondBkg: autoDraw = True
60.1542 	EXP 	imagePreCond: autoDraw = True
61.1396 	EXP 	imagePreCond: autoDraw = False
61.1553 	EXP 	precondBkg: autoDraw = False
61.1553 	EXP 	imagePreCond: autoDraw = False
61.1553 	EXP 	BlankBkg: autoDraw = True
63.2057 	EXP 	New trial (rep=0, index=6): {'PicFileName': 'PreCond1\\CS+.PNG', 'TrgCol': -0.1, 'TrgCol2': -0.1}
63.2207 	EXP 	BlankBkg: autoDraw = False
63.2207 	EXP 	BlankBkg: autoDraw = False
63.2207 	EXP 	imagePreCond: image = 'PreCond1\\CS+.PNG'
63.2207 	EXP 	precondBkg: autoDraw = True
63.2207 	EXP 	imagePreCond: autoDraw = True
64.2040 	EXP 	imagePreCond: autoDraw = False
64.2203 	EXP 	precondBkg: autoDraw = False
64.2203 	EXP 	precondBkg: autoDraw = False
64.2203 	EXP 	imagePreCond: autoDraw = False
64.2203 	EXP 	BlankBkg: autoDraw = True
66.4060 	EXP 	New trial (rep=0, index=7): {'PicFileName': 'PreCond1\\CS+.PNG', 'TrgCol': -0.1, 'TrgCol2': -0.1}
66.4206 	EXP 	BlankBkg: autoDraw = False
66.4206 	EXP 	BlankBkg: autoDraw = False
66.4206 	EXP 	imagePreCond: image = 'PreCond1\\CS+.PNG'
66.4206 	EXP 	precondBkg: autoDraw = True
66.4206 	EXP 	imagePreCond: autoDraw = True
67.4046 	EXP 	imagePreCond: autoDraw = False
67.4206 	EXP 	precondBkg: autoDraw = False
67.4206 	EXP 	precondBkg: autoDraw = False
67.4206 	EXP 	imagePreCond: autoDraw = False
67.4206 	EXP 	BlankBkg: autoDraw = True
69.7556 	EXP 	New trial (rep=0, index=8): {'PicFileName': 'PreCond1\\CS-.PNG', 'TrgCol': 0.4, 'TrgCol2': 0.1}
69.7701 	EXP 	BlankBkg: autoDraw = False
69.7701 	EXP 	BlankBkg: autoDraw = False
69.7701 	EXP 	imagePreCond: image = 'PreCond1\\CS-.PNG'
69.7701 	EXP 	precondBkg: autoDraw = True
69.7701 	EXP 	imagePreCond: autoDraw = True
70.7536 	EXP 	imagePreCond: autoDraw = False
70.7702 	EXP 	precondBkg: autoDraw = False
70.7702 	EXP 	precondBkg: autoDraw = False
70.7702 	EXP 	imagePreCond: autoDraw = False
70.7702 	EXP 	BlankBkg: autoDraw = True
73.1219 	EXP 	New trial (rep=0, index=9): {'PicFileName': 'PreCond1\\CS-.PNG', 'TrgCol': 0.4, 'TrgCol2': 0.1}
73.1364 	EXP 	BlankBkg: autoDraw = False
73.1364 	EXP 	BlankBkg: autoDraw = False
73.1364 	EXP 	imagePreCond: image = 'PreCond1\\CS-.PNG'
73.1364 	EXP 	precondBkg: autoDraw = True
73.1364 	EXP 	imagePreCond: autoDraw = True
74.1195 	EXP 	imagePreCond: autoDraw = False
74.1364 	EXP 	precondBkg: autoDraw = False
74.1364 	EXP 	precondBkg: autoDraw = False
74.1364 	EXP 	imagePreCond: autoDraw = False
74.1364 	EXP 	BlankBkg: autoDraw = True
76.2425 	EXP 	BlankBkg: autoDraw = False
76.2425 	EXP 	BlankBkg: autoDraw = False
76.2425 	EXP 	InstrBkg2: autoDraw = True
76.2425 	EXP 	TagFig2: autoDraw = True
80.1640 	EXP 	Imported Conditioning.xlsx as conditions, 20 conditions, 5 params
80.1643 	EXP 	Created sequence: random, trialTypes=20, nReps=1, seed=None
80.1645 	EXP 	New trial (rep=0, index=0): {'CSName': 'Cond1\\CS-.PNG', 'UCSName': 'Cond1\\black.PNG', 'SoundName': 'Sound\\2.wav', 'TrgCol': 0.4, 'TrgCol2': 0.1}
80.1722 	DATA 	Keypress: space
80.1742 	EXP 	InstrBkg2: autoDraw = False
80.1742 	EXP 	TagFig2: autoDraw = False
80.1742 	EXP 	CS_image: image = 'Cond1\\CS-.PNG'
80.1742 	EXP 	CSBkg: autoDraw = True
80.1742 	EXP 	CS_image: autoDraw = True
85.8497 	EXP 	Sound sound_1 stopped
85.8632 	EXP 	CSBkg: autoDraw = False
85.8632 	EXP 	CS_image: autoDraw = False
85.8632 	EXP 	UCS_image: image = 'Cond1\\black.PNG'
85.8632 	EXP 	UCSBkg: autoDraw = False
85.8632 	EXP 	UCS_image: autoDraw = False
85.8632 	EXP 	BlankBkg2: autoDraw = True
88.2368 	EXP 	New trial (rep=0, index=1): {'CSName': 'Cond1\\CS-.PNG', 'UCSName': 'Cond1\\black.PNG', 'SoundName': 'Sound\\2.wav', 'TrgCol': 0.4, 'TrgCol2': 0.1}
88.2516 	EXP 	BlankBkg2: autoDraw = False
88.2516 	EXP 	BlankBkg2: autoDraw = False
88.2516 	EXP 	CS_image: image = 'Cond1\\CS-.PNG'
88.2516 	EXP 	CSBkg: autoDraw = True
88.2516 	EXP 	CS_image: autoDraw = True
91.2501 	EXP 	Sound sound_1 started
91.3107 	EXP 	CSBkg: autoDraw = False
91.3107 	EXP 	CS_image: autoDraw = False
91.3107 	EXP 	CSBkg: autoDraw = False
91.3107 	EXP 	CS_image: autoDraw = False
91.3107 	EXP 	UCS_image: image = 'Cond1\\black.PNG'
91.3107 	EXP 	UCSBkg: autoDraw = True
91.3107 	EXP 	UCS_image: autoDraw = True
91.3213 	EXP 	Sound sound_1 stopped
91.3261 	EXP 	UCSBkg: autoDraw = False
91.3261 	EXP 	UCS_image: autoDraw = False
91.3261 	EXP 	BlankBkg2: autoDraw = True
93.5208 	EXP 	New trial (rep=0, index=2): {'CSName': 'Cond1\\CS+.PNG', 'UCSName': 'Cond1\\UCS.PNG', 'SoundName': 'Sound\\1.wav', 'TrgCol': -0.1, 'TrgCol2': -0.1}
93.5345 	EXP 	BlankBkg2: autoDraw = False
93.5345 	EXP 	BlankBkg2: autoDraw = False
93.5345 	EXP 	CS_image: image = 'Cond1\\CS+.PNG'
93.5345 	EXP 	CSBkg: autoDraw = True
93.5345 	EXP 	CS_image: autoDraw = True
95.6336 	EXP 	Sound sound_1 started
95.6299 	EXP 	CSBkg: autoDraw = False
95.6299 	EXP 	CS_image: autoDraw = False
95.6299 	EXP 	CSBkg: autoDraw = False
95.6299 	EXP 	CS_image: autoDraw = False
95.6299 	EXP 	UCS_image: image = 'Cond1\\UCS.PNG'
95.6299 	EXP 	UCSBkg: autoDraw = True
95.6299 	EXP 	UCS_image: autoDraw = True
96.5803 	EXP 	Sound sound_1 stopped
96.5848 	EXP 	UCSBkg: autoDraw = False
96.5848 	EXP 	UCS_image: autoDraw = False
96.5848 	EXP 	BlankBkg2: autoDraw = True
98.7345 	EXP 	New trial (rep=0, index=3): {'CSName': 'Cond1\\CS+.PNG', 'UCSName': 'Cond1\\UCS.PNG', 'SoundName': 'Sound\\1.wav', 'TrgCol': -0.1, 'TrgCol2': -0.1}
98.7505 	EXP 	BlankBkg2: autoDraw = False
98.7505 	EXP 	BlankBkg2: autoDraw = False
98.7505 	EXP 	CS_image: image = 'Cond1\\CS+.PNG'
98.7505 	EXP 	CSBkg: autoDraw = True
98.7505 	EXP 	CS_image: autoDraw = True
100.7667 	EXP 	Sound sound_1 started
100.7665 	EXP 	CSBkg: autoDraw = False
100.7665 	EXP 	CS_image: autoDraw = False
100.7665 	EXP 	UCS_image: image = 'Cond1\\UCS.PNG'
100.7665 	EXP 	UCSBkg: autoDraw = True
100.7665 	EXP 	UCS_image: autoDraw = True
101.8203 	EXP 	Sound sound_1 stopped
101.8382 	EXP 	UCSBkg: autoDraw = False
101.8382 	EXP 	UCS_image: autoDraw = False
101.8382 	EXP 	BlankBkg2: autoDraw = True
104.2719 	EXP 	New trial (rep=0, index=4): {'CSName': 'Cond1\\CS+.PNG', 'UCSName': 'Cond1\\UCS.PNG', 'SoundName': 'Sound\\1.wav', 'TrgCol': -0.1, 'TrgCol2': -0.1}
104.2880 	EXP 	BlankBkg2: autoDraw = False
104.2880 	EXP 	BlankBkg2: autoDraw = False
104.2880 	EXP 	CS_image: image = 'Cond1\\CS+.PNG'
104.2880 	EXP 	CSBkg: autoDraw = True
104.2880 	EXP 	CS_image: autoDraw = True
106.2990 	EXP 	Sound sound_1 started
106.2989 	EXP 	CSBkg: autoDraw = False
106.2989 	EXP 	CS_image: autoDraw = False
106.2989 	EXP 	UCS_image: image = 'Cond1\\UCS.PNG'
106.2989 	EXP 	UCSBkg: autoDraw = True
106.2989 	EXP 	UCS_image: autoDraw = True
107.3183 	EXP 	Sound sound_1 stopped
107.3256 	EXP 	UCSBkg: autoDraw = False
107.3256 	EXP 	UCS_image: autoDraw = False
107.3256 	EXP 	BlankBkg2: autoDraw = True
109.5022 	EXP 	New trial (rep=0, index=5): {'CSName': 'Cond1\\CS+.PNG', 'UCSName': 'Cond1\\black.PNG', 'SoundName': 'Sound\\2.wav', 'TrgCol': 0, 'TrgCol2': 0}
109.5151 	EXP 	BlankBkg2: autoDraw = False
109.5151 	EXP 	BlankBkg2: autoDraw = False
109.5151 	EXP 	CS_image: image = 'Cond1\\CS+.PNG'
109.5151 	EXP 	CSBkg: autoDraw = True
109.5151 	EXP 	CS_image: autoDraw = True
115.1662 	EXP 	Sound sound_1 stopped
115.1790 	EXP 	CSBkg: autoDraw = False
115.1790 	EXP 	CS_image: autoDraw = False
115.1790 	EXP 	CSBkg: autoDraw = False
115.1790 	EXP 	CS_image: autoDraw = False
115.1790 	EXP 	UCS_image: image = 'Cond1\\black.PNG'
115.1790 	EXP 	UCSBkg: autoDraw = False
115.1790 	EXP 	UCS_image: autoDraw = False
115.1790 	EXP 	BlankBkg2: autoDraw = True
117.1987 	EXP 	New trial (rep=0, index=6): {'CSName': 'Cond1\\CS-.PNG', 'UCSName': 'Cond1\\black.PNG', 'SoundName': 'Sound\\2.wav', 'TrgCol': 0.4, 'TrgCol2': 0.1}
117.2129 	EXP 	BlankBkg2: autoDraw = False
117.2129 	EXP 	BlankBkg2: autoDraw = False
117.2129 	EXP 	CS_image: image = 'Cond1\\CS-.PNG'
117.2129 	EXP 	CSBkg: autoDraw = True
117.2129 	EXP 	CS_image: autoDraw = True
120.2075 	EXP 	Sound sound_1 started
120.2712 	EXP 	CSBkg: autoDraw = False
120.2712 	EXP 	CS_image: autoDraw = False
120.2712 	EXP 	UCS_image: image = 'Cond1\\black.PNG'
120.2712 	EXP 	UCSBkg: autoDraw = True
120.2712 	EXP 	UCS_image: autoDraw = True
120.3273 	EXP 	Sound sound_1 stopped
120.3321 	EXP 	UCSBkg: autoDraw = False
120.3321 	EXP 	UCS_image: autoDraw = False
120.3321 	EXP 	BlankBkg2: autoDraw = True
122.3935 	EXP 	New trial (rep=0, index=7): {'CSName': 'Cond1\\CS+.PNG', 'UCSName': 'Cond1\\UCS.PNG', 'SoundName': 'Sound\\1.wav', 'TrgCol': -0.1, 'TrgCol2': -0.1}
122.4080 	EXP 	BlankBkg2: autoDraw = False
122.4080 	EXP 	BlankBkg2: autoDraw = False
122.4080 	EXP 	CS_image: image = 'Cond1\\CS+.PNG'
122.4080 	EXP 	CSBkg: autoDraw = True
122.4080 	EXP 	CS_image: autoDraw = True
124.5098 	EXP 	Sound sound_1 started
124.5036 	EXP 	CSBkg: autoDraw = False
124.5036 	EXP 	CS_image: autoDraw = False
124.5036 	EXP 	UCS_image: image = 'Cond1\\UCS.PNG'
124.5036 	EXP 	UCSBkg: autoDraw = True
124.5036 	EXP 	UCS_image: autoDraw = True
125.4398 	EXP 	Sound sound_1 stopped
125.4447 	EXP 	UCSBkg: autoDraw = False
125.4447 	EXP 	UCS_image: autoDraw = False
125.4447 	EXP 	BlankBkg2: autoDraw = True
127.5419 	EXP 	New trial (rep=0, index=8): {'CSName': 'Cond1\\CS+.PNG', 'UCSName': 'Cond1\\UCS.PNG', 'SoundName': 'Sound\\1.wav', 'TrgCol': -0.1, 'TrgCol2': -0.1}
127.5563 	EXP 	BlankBkg2: autoDraw = False
127.5563 	EXP 	BlankBkg2: autoDraw = False
127.5563 	EXP 	CS_image: image = 'Cond1\\CS+.PNG'
127.5563 	EXP 	CSBkg: autoDraw = True
127.5563 	EXP 	CS_image: autoDraw = True
129.5560 	EXP 	Sound sound_1 started
129.5563 	EXP 	CSBkg: autoDraw = False
129.5563 	EXP 	CS_image: autoDraw = False
129.5563 	EXP 	CSBkg: autoDraw = False
129.5563 	EXP 	CS_image: autoDraw = False
129.5563 	EXP 	UCS_image: image = 'Cond1\\UCS.PNG'
129.5563 	EXP 	UCSBkg: autoDraw = True
129.5563 	EXP 	UCS_image: autoDraw = True
130.5779 	EXP 	Sound sound_1 stopped
130.5838 	EXP 	UCSBkg: autoDraw = False
130.5838 	EXP 	UCS_image: autoDraw = False
130.5838 	EXP 	UCSBkg: autoDraw = False
130.5838 	EXP 	UCS_image: autoDraw = False
130.5838 	EXP 	BlankBkg2: autoDraw = True
132.7749 	EXP 	New trial (rep=0, index=9): {'CSName': 'Cond1\\CS-.PNG', 'UCSName': 'Cond1\\black.PNG', 'SoundName': 'Sound\\2.wav', 'TrgCol': 0.4, 'TrgCol2': 0.1}
132.7894 	EXP 	BlankBkg2: autoDraw = False
132.7894 	EXP 	BlankBkg2: autoDraw = False
132.7894 	EXP 	CS_image: image = 'Cond1\\CS-.PNG'
132.7894 	EXP 	CSBkg: autoDraw = True
132.7894 	EXP 	CS_image: autoDraw = True
138.4388 	EXP 	Sound sound_1 stopped
138.4755 	EXP 	CSBkg: autoDraw = False
138.4755 	EXP 	CS_image: autoDraw = False
138.4755 	EXP 	CSBkg: autoDraw = False
138.4755 	EXP 	CS_image: autoDraw = False
138.4755 	EXP 	UCS_image: image = 'Cond1\\black.PNG'
138.4755 	EXP 	UCSBkg: autoDraw = False
138.4755 	EXP 	UCS_image: autoDraw = False
138.4755 	EXP 	BlankBkg2: autoDraw = True
140.5949 	EXP 	New trial (rep=0, index=10): {'CSName': 'Cond1\\CS-.PNG', 'UCSName': 'Cond1\\black.PNG', 'SoundName': 'Sound\\2.wav', 'TrgCol': 0.4, 'TrgCol2': 0.1}
140.6074 	EXP 	BlankBkg2: autoDraw = False
140.6074 	EXP 	BlankBkg2: autoDraw = False
140.6074 	EXP 	CS_image: image = 'Cond1\\CS-.PNG'
140.6074 	EXP 	CSBkg: autoDraw = True
140.6074 	EXP 	CS_image: autoDraw = True
143.6051 	EXP 	Sound sound_1 started
143.6684 	EXP 	CSBkg: autoDraw = False
143.6684 	EXP 	CS_image: autoDraw = False
143.6684 	EXP 	CSBkg: autoDraw = False
143.6684 	EXP 	CS_image: autoDraw = False
143.6684 	EXP 	UCS_image: image = 'Cond1\\black.PNG'
143.6684 	EXP 	UCSBkg: autoDraw = True
143.6684 	EXP 	UCS_image: autoDraw = True
143.7420 	EXP 	Sound sound_1 stopped
143.7556 	EXP 	UCSBkg: autoDraw = False
143.7556 	EXP 	UCS_image: autoDraw = False
143.7556 	EXP 	BlankBkg2: autoDraw = True
146.0586 	EXP 	New trial (rep=0, index=11): {'CSName': 'Cond1\\CS+.PNG', 'UCSName': 'Cond1\\UCS.PNG', 'SoundName': 'Sound\\1.wav', 'TrgCol': -0.1, 'TrgCol2': -0.1}
146.0733 	EXP 	BlankBkg2: autoDraw = False
146.0733 	EXP 	BlankBkg2: autoDraw = False
146.0733 	EXP 	CS_image: image = 'Cond1\\CS+.PNG'
146.0733 	EXP 	CSBkg: autoDraw = True
146.0733 	EXP 	CS_image: autoDraw = True
148.1892 	EXP 	Sound sound_1 started
148.1961 	EXP 	CSBkg: autoDraw = False
148.1961 	EXP 	CS_image: autoDraw = False
148.1961 	EXP 	CSBkg: autoDraw = False
148.1961 	EXP 	CS_image: autoDraw = False
148.1961 	EXP 	UCS_image: image = 'Cond1\\UCS.PNG'
148.1961 	EXP 	UCSBkg: autoDraw = True
148.1961 	EXP 	UCS_image: autoDraw = True
149.0785 	EXP 	Sound sound_1 stopped
149.0860 	EXP 	UCSBkg: autoDraw = False
149.0860 	EXP 	UCS_image: autoDraw = False
149.0860 	EXP 	BlankBkg2: autoDraw = True
151.4527 	EXP 	New trial (rep=0, index=12): {'CSName': 'Cond1\\CS-.PNG', 'UCSName': 'Cond1\\black.PNG', 'SoundName': 'Sound\\2.wav', 'TrgCol': 0.4, 'TrgCol2': 0.1}
151.4672 	EXP 	BlankBkg2: autoDraw = False
151.4672 	EXP 	BlankBkg2: autoDraw = False
151.4672 	EXP 	CS_image: image = 'Cond1\\CS-.PNG'
151.4672 	EXP 	CSBkg: autoDraw = True
151.4672 	EXP 	CS_image: autoDraw = True
157.1987 	EXP 	Sound sound_1 stopped
157.2115 	EXP 	CSBkg: autoDraw = False
157.2115 	EXP 	CS_image: autoDraw = False
157.2115 	EXP 	CSBkg: autoDraw = False
157.2115 	EXP 	CS_image: autoDraw = False
157.2115 	EXP 	UCS_image: image = 'Cond1\\black.PNG'
157.2115 	EXP 	UCSBkg: autoDraw = False
157.2115 	EXP 	UCS_image: autoDraw = False
157.2115 	EXP 	BlankBkg2: autoDraw = True
159.4576 	EXP 	New trial (rep=0, index=13): {'CSName': 'Cond1\\CS-.PNG', 'UCSName': 'Cond1\\black.PNG', 'SoundName': 'Sound\\2.wav', 'TrgCol': 0.4, 'TrgCol2': 0.1}
159.4718 	EXP 	BlankBkg2: autoDraw = False
159.4718 	EXP 	BlankBkg2: autoDraw = False
159.4718 	EXP 	CS_image: image = 'Cond1\\CS-.PNG'
159.4718 	EXP 	CSBkg: autoDraw = True
159.4718 	EXP 	CS_image: autoDraw = True
162.4705 	EXP 	Sound sound_1 started
162.5299 	EXP 	CSBkg: autoDraw = False
162.5299 	EXP 	CS_image: autoDraw = False
162.5299 	EXP 	CSBkg: autoDraw = False
162.5299 	EXP 	CS_image: autoDraw = False
162.5299 	EXP 	UCS_image: image = 'Cond1\\black.PNG'
162.5299 	EXP 	UCSBkg: autoDraw = True
162.5299 	EXP 	UCS_image: autoDraw = True
162.5873 	EXP 	Sound sound_1 stopped
162.5960 	EXP 	UCSBkg: autoDraw = False
162.5960 	EXP 	UCS_image: autoDraw = False
162.5960 	EXP 	BlankBkg2: autoDraw = True
164.7702 	EXP 	New trial (rep=0, index=14): {'CSName': 'Cond1\\CS-.PNG', 'UCSName': 'Cond1\\black.PNG', 'SoundName': 'Sound\\2.wav', 'TrgCol': 0.4, 'TrgCol2': 0.1}
164.7847 	EXP 	BlankBkg2: autoDraw = False
164.7847 	EXP 	BlankBkg2: autoDraw = False
164.7847 	EXP 	CS_image: image = 'Cond1\\CS-.PNG'
164.7847 	EXP 	CSBkg: autoDraw = True
164.7847 	EXP 	CS_image: autoDraw = True
167.7663 	EXP 	Sound sound_1 started
167.8305 	EXP 	CSBkg: autoDraw = False
167.8305 	EXP 	CS_image: autoDraw = False
167.8305 	EXP 	CSBkg: autoDraw = False
167.8305 	EXP 	CS_image: autoDraw = False
167.8305 	EXP 	UCS_image: image = 'Cond1\\black.PNG'
167.8305 	EXP 	UCSBkg: autoDraw = True
167.8305 	EXP 	UCS_image: autoDraw = True
167.8902 	EXP 	Sound sound_1 stopped
167.8955 	EXP 	UCSBkg: autoDraw = False
167.8955 	EXP 	UCS_image: autoDraw = False
167.8955 	EXP 	BlankBkg2: autoDraw = True
169.9200 	EXP 	New trial (rep=0, index=15): {'CSName': 'Cond1\\CS+.PNG', 'UCSName': 'Cond1\\black.PNG', 'SoundName': 'Sound\\2.wav', 'TrgCol': 0, 'TrgCol2': 0}
169.9349 	EXP 	BlankBkg2: autoDraw = False
169.9349 	EXP 	BlankBkg2: autoDraw = False
169.9349 	EXP 	CS_image: image = 'Cond1\\CS+.PNG'
169.9349 	EXP 	CSBkg: autoDraw = True
169.9349 	EXP 	CS_image: autoDraw = True
172.9361 	EXP 	Sound sound_1 stopped
173.0081 	EXP 	CSBkg: autoDraw = False
173.0081 	EXP 	CS_image: autoDraw = False
173.0081 	EXP 	CSBkg: autoDraw = False
173.0081 	EXP 	CS_image: autoDraw = False
173.0081 	EXP 	UCS_image: image = 'Cond1\\black.PNG'
173.0081 	EXP 	UCSBkg: autoDraw = False
173.0081 	EXP 	UCS_image: autoDraw = False
173.0081 	EXP 	BlankBkg2: autoDraw = True
175.2492 	EXP 	New trial (rep=0, index=16): {'CSName': 'Cond1\\CS-.PNG', 'UCSName': 'Cond1\\black.PNG', 'SoundName': 'Sound\\2.wav', 'TrgCol': 0.4, 'TrgCol2': 0.1}
175.2638 	EXP 	BlankBkg2: autoDraw = False
175.2638 	EXP 	BlankBkg2: autoDraw = False
175.2638 	EXP 	CS_image: image = 'Cond1\\CS-.PNG'
175.2638 	EXP 	CSBkg: autoDraw = True
175.2638 	EXP 	CS_image: autoDraw = True
178.2547 	EXP 	Sound sound_1 stopped
178.3264 	EXP 	CSBkg: autoDraw = False
178.3264 	EXP 	CS_image: autoDraw = False
178.3264 	EXP 	UCS_image: image = 'Cond1\\black.PNG'
178.3264 	EXP 	UCSBkg: autoDraw = False
178.3264 	EXP 	UCS_image: autoDraw = False
178.3264 	EXP 	BlankBkg2: autoDraw = True
180.7327 	EXP 	New trial (rep=0, index=17): {'CSName': 'Cond1\\CS-.PNG', 'UCSName': 'Cond1\\black.PNG', 'SoundName': 'Sound\\2.wav', 'TrgCol': 0.4, 'TrgCol2': 0.1}
180.7488 	EXP 	BlankBkg2: autoDraw = False
180.7488 	EXP 	BlankBkg2: autoDraw = False
180.7488 	EXP 	CS_image: image = 'Cond1\\CS-.PNG'
180.7488 	EXP 	CSBkg: autoDraw = True
180.7488 	EXP 	CS_image: autoDraw = True
183.7292 	EXP 	Sound sound_1 started
183.7995 	EXP 	CSBkg: autoDraw = False
183.7995 	EXP 	CS_image: autoDraw = False
183.7995 	EXP 	UCS_image: image = 'Cond1\\black.PNG'
183.7995 	EXP 	UCSBkg: autoDraw = True
183.7995 	EXP 	UCS_image: autoDraw = True
183.8252 	EXP 	Sound sound_1 stopped
183.8374 	EXP 	UCSBkg: autoDraw = False
183.8374 	EXP 	UCS_image: autoDraw = False
183.8374 	EXP 	BlankBkg2: autoDraw = True
186.0740 	EXP 	New trial (rep=0, index=18): {'CSName': 'Cond1\\CS+.PNG', 'UCSName': 'Cond1\\UCS.PNG', 'SoundName': 'Sound\\1.wav', 'TrgCol': -0.1, 'TrgCol2': -0.1}
186.0867 	EXP 	BlankBkg2: autoDraw = False
186.0867 	EXP 	BlankBkg2: autoDraw = False
186.0867 	EXP 	CS_image: image = 'Cond1\\CS+.PNG'
186.0867 	EXP 	CSBkg: autoDraw = True
186.0867 	EXP 	CS_image: autoDraw = True
188.1869 	EXP 	Sound sound_1 started
188.1823 	EXP 	CSBkg: autoDraw = False
188.1823 	EXP 	CS_image: autoDraw = False
188.1823 	EXP 	CSBkg: autoDraw = False
188.1823 	EXP 	CS_image: autoDraw = False
188.1823 	EXP 	UCS_image: image = 'Cond1\\UCS.PNG'
188.1823 	EXP 	UCSBkg: autoDraw = True
188.1823 	EXP 	UCS_image: autoDraw = True
189.0859 	EXP 	Sound sound_1 stopped
189.1024 	EXP 	UCSBkg: autoDraw = False
189.1024 	EXP 	UCS_image: autoDraw = False
189.1024 	EXP 	BlankBkg2: autoDraw = True
191.2873 	EXP 	New trial (rep=0, index=19): {'CSName': 'Cond1\\CS+.PNG', 'UCSName': 'Cond1\\UCS.PNG', 'SoundName': 'Sound\\1.wav', 'TrgCol': -0.1, 'TrgCol2': -0.1}
191.3014 	EXP 	BlankBkg2: autoDraw = False
191.3014 	EXP 	BlankBkg2: autoDraw = False
191.3014 	EXP 	CS_image: image = 'Cond1\\CS+.PNG'
191.3014 	EXP 	CSBkg: autoDraw = True
191.3014 	EXP 	CS_image: autoDraw = True
193.3011 	EXP 	Sound sound_1 started
193.3016 	EXP 	CSBkg: autoDraw = False
193.3016 	EXP 	CS_image: autoDraw = False
193.3016 	EXP 	CSBkg: autoDraw = False
193.3016 	EXP 	CS_image: autoDraw = False
193.3016 	EXP 	UCS_image: image = 'Cond1\\UCS.PNG'
193.3016 	EXP 	UCSBkg: autoDraw = True
193.3016 	EXP 	UCS_image: autoDraw = True
194.3094 	EXP 	Sound sound_1 stopped
194.3159 	EXP 	UCSBkg: autoDraw = False
194.3159 	EXP 	UCS_image: autoDraw = False
194.3159 	EXP 	UCSBkg: autoDraw = False
194.3159 	EXP 	UCS_image: autoDraw = False
194.3159 	EXP 	BlankBkg2: autoDraw = True
196.5988 	EXP 	BlankBkg2: autoDraw = False
196.5988 	EXP 	BlankBkg2: autoDraw = False
196.5988 	EXP 	InstrBkg3: autoDraw = True
196.5988 	EXP 	TagFig3: autoDraw = True
207.0267 	DATA 	Keypress: space
207.0477 	EXP 	Imported Extinction.xlsx as conditions, 10 conditions, 3 params
207.0481 	EXP 	Created sequence: random, trialTypes=10, nReps=1, seed=None
207.0485 	EXP 	New trial (rep=0, index=0): {'PicFileName': 'PreCond1\\CS-.PNG', 'TrgCol': 0.4, 'TrgCol2': 0.1}
207.0581 	EXP 	InstrBkg3: autoDraw = False
207.0581 	EXP 	TagFig3: autoDraw = False
207.0581 	EXP 	Ext_image: image = 'PreCond1\\CS-.PNG'
207.0581 	EXP 	ExtBkg: autoDraw = True
207.0581 	EXP 	Ext_image: autoDraw = True
209.0672 	EXP 	ExtBkg: autoDraw = False
209.0672 	EXP 	Ext_image: autoDraw = False
209.0672 	EXP 	BlankBkg: autoDraw = True
210.0407 	DATA 	Keypress: space
210.8027 	DATA 	Keypress: space
211.3857 	EXP 	New trial (rep=0, index=1): {'PicFileName': 'PreCond1\\CS-.PNG', 'TrgCol': 0.4, 'TrgCol2': 0.1}
211.4000 	EXP 	BlankBkg: autoDraw = False
211.4000 	EXP 	BlankBkg: autoDraw = False
211.4000 	EXP 	Ext_image: image = 'PreCond1\\CS-.PNG'
211.4000 	EXP 	ExtBkg: autoDraw = True
211.4000 	EXP 	Ext_image: autoDraw = True
213.4001 	EXP 	ExtBkg: autoDraw = False
213.4001 	EXP 	Ext_image: autoDraw = False
213.4001 	EXP 	ExtBkg: autoDraw = False
213.4001 	EXP 	Ext_image: autoDraw = False
213.4001 	EXP 	BlankBkg: autoDraw = True
215.6037 	EXP 	New trial (rep=0, index=2): {'PicFileName': 'PreCond1\\CS+.PNG', 'TrgCol': -0.1, 'TrgCol2': -0.1}
215.6172 	EXP 	BlankBkg: autoDraw = False
215.6172 	EXP 	BlankBkg: autoDraw = False
215.6172 	EXP 	Ext_image: image = 'PreCond1\\CS+.PNG'
215.6172 	EXP 	ExtBkg: autoDraw = True
215.6172 	EXP 	Ext_image: autoDraw = True
217.6325 	EXP 	ExtBkg: autoDraw = False
217.6325 	EXP 	Ext_image: autoDraw = False
217.6325 	EXP 	BlankBkg: autoDraw = True
219.9009 	EXP 	New trial (rep=0, index=3): {'PicFileName': 'PreCond1\\CS+.PNG', 'TrgCol': -0.1, 'TrgCol2': -0.1}
219.9160 	EXP 	BlankBkg: autoDraw = False
219.9160 	EXP 	BlankBkg: autoDraw = False
219.9160 	EXP 	Ext_image: image = 'PreCond1\\CS+.PNG'
219.9160 	EXP 	ExtBkg: autoDraw = True
219.9160 	EXP 	Ext_image: autoDraw = True
221.9156 	EXP 	ExtBkg: autoDraw = False
221.9156 	EXP 	Ext_image: autoDraw = False
221.9156 	EXP 	ExtBkg: autoDraw = False
221.9156 	EXP 	Ext_image: autoDraw = False
221.9156 	EXP 	BlankBkg: autoDraw = True
223.9840 	EXP 	New trial (rep=0, index=4): {'PicFileName': 'PreCond1\\CS+.PNG', 'TrgCol': -0.1, 'TrgCol2': -0.1}
223.9990 	EXP 	BlankBkg: autoDraw = False
223.9990 	EXP 	BlankBkg: autoDraw = False
223.9990 	EXP 	Ext_image: image = 'PreCond1\\CS+.PNG'
223.9990 	EXP 	ExtBkg: autoDraw = True
223.9990 	EXP 	Ext_image: autoDraw = True
226.0010 	EXP 	ExtBkg: autoDraw = False
226.0010 	EXP 	Ext_image: autoDraw = False
226.0010 	EXP 	ExtBkg: autoDraw = False
226.0010 	EXP 	Ext_image: autoDraw = False
226.0010 	EXP 	BlankBkg: autoDraw = True
228.0337 	EXP 	New trial (rep=0, index=5): {'PicFileName': 'PreCond1\\CS-.PNG', 'TrgCol': 0.4, 'TrgCol2': 0.1}
228.0509 	EXP 	BlankBkg: autoDraw = False
228.0509 	EXP 	BlankBkg: autoDraw = False
228.0509 	EXP 	Ext_image: image = 'PreCond1\\CS-.PNG'
228.0509 	EXP 	ExtBkg: autoDraw = True
228.0509 	EXP 	Ext_image: autoDraw = True
230.0644 	EXP 	ExtBkg: autoDraw = False
230.0644 	EXP 	Ext_image: autoDraw = False
230.0644 	EXP 	BlankBkg: autoDraw = True
232.2829 	EXP 	New trial (rep=0, index=6): {'PicFileName': 'PreCond1\\CS-.PNG', 'TrgCol': 0.4, 'TrgCol2': 0.1}
232.3003 	EXP 	BlankBkg: autoDraw = False
232.3003 	EXP 	BlankBkg: autoDraw = False
232.3003 	EXP 	Ext_image: image = 'PreCond1\\CS-.PNG'
232.3003 	EXP 	ExtBkg: autoDraw = True
232.3003 	EXP 	Ext_image: autoDraw = True
234.3167 	EXP 	ExtBkg: autoDraw = False
234.3167 	EXP 	Ext_image: autoDraw = False
234.3167 	EXP 	BlankBkg: autoDraw = True
236.3500 	EXP 	New trial (rep=0, index=7): {'PicFileName': 'PreCond1\\CS+.PNG', 'TrgCol': -0.1, 'TrgCol2': -0.1}
236.3641 	EXP 	BlankBkg: autoDraw = False
236.3641 	EXP 	BlankBkg: autoDraw = False
236.3641 	EXP 	Ext_image: image = 'PreCond1\\CS+.PNG'
236.3641 	EXP 	ExtBkg: autoDraw = True
236.3641 	EXP 	Ext_image: autoDraw = True
238.3640 	EXP 	ExtBkg: autoDraw = False
238.3640 	EXP 	Ext_image: autoDraw = False
238.3640 	EXP 	ExtBkg: autoDraw = False
238.3640 	EXP 	Ext_image: autoDraw = False
238.3640 	EXP 	BlankBkg: autoDraw = True
240.5666 	EXP 	New trial (rep=0, index=8): {'PicFileName': 'PreCond1\\CS+.PNG', 'TrgCol': -0.1, 'TrgCol2': -0.1}
240.5806 	EXP 	BlankBkg: autoDraw = False
240.5806 	EXP 	BlankBkg: autoDraw = False
240.5806 	EXP 	Ext_image: image = 'PreCond1\\CS+.PNG'
240.5806 	EXP 	ExtBkg: autoDraw = True
240.5806 	EXP 	Ext_image: autoDraw = True
242.5808 	EXP 	ExtBkg: autoDraw = False
242.5808 	EXP 	Ext_image: autoDraw = False
242.5808 	EXP 	ExtBkg: autoDraw = False
242.5808 	EXP 	Ext_image: autoDraw = False
242.5808 	EXP 	BlankBkg: autoDraw = True
245.0339 	EXP 	New trial (rep=0, index=9): {'PicFileName': 'PreCond1\\CS-.PNG', 'TrgCol': 0.4, 'TrgCol2': 0.1}
245.0496 	EXP 	BlankBkg: autoDraw = False
245.0496 	EXP 	BlankBkg: autoDraw = False
245.0496 	EXP 	Ext_image: image = 'PreCond1\\CS-.PNG'
245.0496 	EXP 	ExtBkg: autoDraw = True
245.0496 	EXP 	Ext_image: autoDraw = True
247.0658 	EXP 	ExtBkg: autoDraw = False
247.0658 	EXP 	Ext_image: autoDraw = False
247.0658 	EXP 	BlankBkg: autoDraw = True
249.1692 	EXP 	BlankBkg: autoDraw = False
249.1692 	EXP 	BlankBkg: autoDraw = False
249.1692 	EXP 	ISIBkg: autoDraw = True
249.1692 	EXP 	InterSessInstrct: autoDraw = True
254.6531 	DATA 	Keypress: space
254.6792 	EXP 	ISIBkg: autoDraw = False
254.6792 	EXP 	InterSessInstrct: autoDraw = False
254.6792 	EXP 	EndTxt: autoDraw = True
255.1984 	DATA 	Keypress: space
256.5490 	DATA 	Keypress: escape
256.7110 	EXP 	window1: mouseVisible = True
