3.6346 	WARNING 	Font Manager failed to load file C:\Windows\Fonts\方正粗黑宋简体.ttf
3.7248 	WARNING 	Font Manager failed to load file C:\WINDOWS\Fonts\方正粗黑宋简体.ttf
4.4423 	WARNING 	Font Manager failed to load file C:\Windows\Fonts\方正粗黑宋简体.ttf
4.5329 	WARNING 	Font Manager failed to load file C:\WINDOWS\Fonts\方正粗黑宋简体.ttf
24.8662 	EXP 	Created window1 = Window(allowGUI=True, allowStencil=False, autoLog=True, backendConf=UNKNOWN, bitsMode=UNKNOWN, blendMode='avg', bpc=(8, 8, 8), color=array([0, 0, 0]), colorSpace='rgb', depthBits=8, fullscr=<method-wrapper '__getattribute__' of attributeSetter object at 0x000002A6319274E0>, gamma=None, gammaErrorPolicy='raise', lms=UNKNOWN, monitor=<psychopy.monitors.calibTools.Monitor object at 0x000002A631978C18>, multiSample=False, name='window1', numSamples=2, pos=[0.0, 0.0], screen=0, size=array([1920, 1080]), stencilBits=0, stereo=False, units='norm', useFBO=True, useRetina=False, viewOri=0.0, viewPos=None, viewScale=None, waitBlanking=True, winType='pyglet')
24.8663 	EXP 	window1: mouseVisible = True
24.8663 	EXP 	window1: recordFrameIntervals = False
25.0333 	EXP 	window1: recordFrameIntervals = True
25.2160 	EXP 	window1: recordFrameIntervals = False
25.7487 	EXP 	Created InstrBkg = Rect(__class__=<class 'psychopy.visual.rect.Rect'>, autoDraw=False, autoLog=True, closeShape=True, color=method-wrapper(...), colorSpace='rgb', contrast=None, depth=0.0, fillColor=array([-1, -1, -1]), fillColorSpace='rgb', fillRGB=UNKNOWN, interpolate=True, lineColor=array([-1., -1., -1.]), lineColorSpace='rgb', lineRGB=UNKNOWN, lineWidth=1, name='InstrBkg', opacity=1, ori=0.0, pos=array([0., 0.]), size=array([2., 2.]), units='norm', vertices=ndarray(...), win=Window(...))
33.1224 	EXP 	Created TagFig = ImageStim(__class__=<class 'psychopy.visual.image.ImageStim'>, autoLog=True, color=array([1., 1., 1.]), colorSpace='rgb', contrast=1.0, depth=-1.0, flipHoriz=False, flipVert=False, image='Instructions.PNG', interpolate=True, mask=None, maskParams=None, name='TagFig', opacity=1, ori=0.0, pos=array([0., 0.]), size=array([1.8, 1.8]), texRes=128, units='norm', win=Window(...))
33.1238 	EXP 	Created precondBkg = Rect(__class__=<class 'psychopy.visual.rect.Rect'>, autoDraw=False, autoLog=True, closeShape=True, color=method-wrapper(...), colorSpace='rgb', contrast=None, depth=0.0, fillColor=array([-1, -1, -1]), fillColorSpace='rgb', fillRGB=UNKNOWN, interpolate=True, lineColor=array([-1., -1., -1.]), lineColorSpace='rgb', lineRGB=UNKNOWN, lineWidth=1.0, name='precondBkg', opacity=1.0, ori=0.0, pos=array([0., 0.]), size=array([2., 2.]), units='norm', vertices=ndarray(...), win=Window(...))
33.2063 	EXP 	Created imagePreCond = ImageStim(__class__=<class 'psychopy.visual.image.ImageStim'>, autoLog=True, color=array([1., 1., 1.]), colorSpace='rgb', contrast=1.0, depth=-1.0, flipHoriz=False, flipVert=False, image='sin', interpolate=True, mask=None, maskParams=None, name='imagePreCond', opacity=1, ori=0.0, pos=array([0., 0.]), size=array([0.5, 1. ]), texRes=128, units='norm', win=Window(...))
33.2077 	EXP 	Created BlankBkg = Rect(__class__=<class 'psychopy.visual.rect.Rect'>, autoDraw=False, autoLog=True, closeShape=True, color=method-wrapper(...), colorSpace='rgb', contrast=None, depth=0.0, fillColor=array([-1, -1, -1]), fillColorSpace='rgb', fillRGB=UNKNOWN, interpolate=True, lineColor=array([-1., -1., -1.]), lineColorSpace='rgb', lineRGB=UNKNOWN, lineWidth=1, name='BlankBkg', opacity=1, ori=0.0, pos=array([0., 0.]), size=array([2., 2.]), units='norm', vertices=ndarray(...), win=Window(...))
33.2090 	EXP 	Created InstrBkg2 = Rect(__class__=<class 'psychopy.visual.rect.Rect'>, autoDraw=False, autoLog=True, closeShape=True, color=method-wrapper(...), colorSpace='rgb', contrast=None, depth=0.0, fillColor=array([-1, -1, -1]), fillColorSpace='rgb', fillRGB=UNKNOWN, interpolate=True, lineColor=array([-1., -1., -1.]), lineColorSpace='rgb', lineRGB=UNKNOWN, lineWidth=1.0, name='InstrBkg2', opacity=1.0, ori=0.0, pos=array([0., 0.]), size=array([2., 2.]), units='norm', vertices=ndarray(...), win=Window(...))
40.4648 	EXP 	Created TagFig2 = ImageStim(__class__=<class 'psychopy.visual.image.ImageStim'>, autoLog=True, color=array([1., 1., 1.]), colorSpace='rgb', contrast=1.0, depth=-1.0, flipHoriz=False, flipVert=False, image='PreCondInstruction.PNG', interpolate=True, mask=None, maskParams=None, name='TagFig2', opacity=1, ori=0.0, pos=array([0., 0.]), size=array([1.8, 1.8]), texRes=128.0, units='norm', win=Window(...))
40.4663 	EXP 	Created CSBkg = Rect(__class__=<class 'psychopy.visual.rect.Rect'>, autoDraw=False, autoLog=True, closeShape=True, color=method-wrapper(...), colorSpace='rgb', contrast=None, depth=0.0, fillColor=array([-1, -1, -1]), fillColorSpace='rgb', fillRGB=UNKNOWN, interpolate=True, lineColor=array([-1., -1., -1.]), lineColorSpace='rgb', lineRGB=UNKNOWN, lineWidth=1.0, name='CSBkg', opacity=1.0, ori=0.0, pos=array([0., 0.]), size=array([2., 2.]), units='norm', vertices=ndarray(...), win=Window(...))
40.5664 	EXP 	Created CS_image = ImageStim(__class__=<class 'psychopy.visual.image.ImageStim'>, autoLog=True, color=array([1., 1., 1.]), colorSpace='rgb', contrast=1.0, depth=-1.0, flipHoriz=False, flipVert=False, image='sin', interpolate=True, mask=None, maskParams=None, name='CS_image', opacity=1, ori=0.0, pos=array([0., 0.]), size=array([0.5, 1. ]), texRes=128.0, units='norm', win=Window(...))
40.5679 	EXP 	Created UCSBkg = Rect(__class__=<class 'psychopy.visual.rect.Rect'>, autoDraw=False, autoLog=True, closeShape=True, color=method-wrapper(...), colorSpace='rgb', contrast=None, depth=0.0, fillColor=array([-1, -1, -1]), fillColorSpace='rgb', fillRGB=UNKNOWN, interpolate=True, lineColor=array([-1., -1., -1.]), lineColorSpace='rgb', lineRGB=UNKNOWN, lineWidth=1.0, name='UCSBkg', opacity=1.0, ori=0.0, pos=array([0., 0.]), size=array([2., 2.]), units='norm', vertices=ndarray(...), win=Window(...))
40.5722 	EXP 	Created UCS_image = ImageStim(__class__=<class 'psychopy.visual.image.ImageStim'>, autoLog=True, color=array([1., 1., 1.]), colorSpace='rgb', contrast=1.0, depth=-1.0, flipHoriz=False, flipVert=False, image='sin', interpolate=True, mask=None, maskParams=None, name='UCS_image', opacity=1, ori=0.0, pos=array([0., 0.]), size=array([0.5, 1. ]), texRes=128.0, units='norm', win=Window(...))
40.9292 	EXP 	Sound sound_1 set volume 1.000
40.9308 	EXP 	Created BlankBkg2 = Rect(__class__=<class 'psychopy.visual.rect.Rect'>, autoDraw=False, autoLog=True, closeShape=True, color=method-wrapper(...), colorSpace='rgb', contrast=None, depth=0.0, fillColor=array([-1, -1, -1]), fillColorSpace='rgb', fillRGB=UNKNOWN, interpolate=True, lineColor=array([-1., -1., -1.]), lineColorSpace='rgb', lineRGB=UNKNOWN, lineWidth=1.0, name='BlankBkg2', opacity=1.0, ori=0.0, pos=array([0., 0.]), size=array([2., 2.]), units='norm', vertices=ndarray(...), win=Window(...))
40.9322 	EXP 	Created InstrBkg3 = Rect(__class__=<class 'psychopy.visual.rect.Rect'>, autoDraw=False, autoLog=True, closeShape=True, color=method-wrapper(...), colorSpace='rgb', contrast=None, depth=0.0, fillColor=array([-1, -1, -1]), fillColorSpace='rgb', fillRGB=UNKNOWN, interpolate=True, lineColor=array([-1., -1., -1.]), lineColorSpace='rgb', lineRGB=UNKNOWN, lineWidth=1.0, name='InstrBkg3', opacity=1.0, ori=0.0, pos=array([0., 0.]), size=array([2., 2.]), units='norm', vertices=ndarray(...), win=Window(...))
48.3106 	EXP 	Created TagFig3 = ImageStim(__class__=<class 'psychopy.visual.image.ImageStim'>, autoLog=True, color=array([1., 1., 1.]), colorSpace='rgb', contrast=1.0, depth=-1.0, flipHoriz=False, flipVert=False, image='CondInstruction.PNG', interpolate=True, mask=None, maskParams=None, name='TagFig3', opacity=1, ori=0.0, pos=array([0., 0.]), size=array([0.5, 0.5]), texRes=128.0, units='norm', win=Window(...))
48.3121 	EXP 	Created ExtBkg = Rect(__class__=<class 'psychopy.visual.rect.Rect'>, autoDraw=False, autoLog=True, closeShape=True, color=method-wrapper(...), colorSpace='rgb', contrast=None, depth=0.0, fillColor=array([-1, -1, -1]), fillColorSpace='rgb', fillRGB=UNKNOWN, interpolate=True, lineColor=array([-1., -1., -1.]), lineColorSpace='rgb', lineRGB=UNKNOWN, lineWidth=1.0, name='ExtBkg', opacity=1.0, ori=0.0, pos=array([0., 0.]), size=array([2., 2.]), units='norm', vertices=ndarray(...), win=Window(...))
48.4260 	EXP 	Created Ext_image = ImageStim(__class__=<class 'psychopy.visual.image.ImageStim'>, autoLog=True, color=array([1., 1., 1.]), colorSpace='rgb', contrast=1.0, depth=-1.0, flipHoriz=False, flipVert=False, image='sin', interpolate=True, mask=None, maskParams=None, name='Ext_image', opacity=1, ori=0.0, pos=array([0., 0.]), size=array([0.5, 0.8]), texRes=128.0, units='norm', win=Window(...))
48.4284 	EXP 	Created BlankBkg = Rect(__class__=<class 'psychopy.visual.rect.Rect'>, autoDraw=False, autoLog=True, closeShape=True, color=method-wrapper(...), colorSpace='rgb', contrast=None, depth=0.0, fillColor=array([-1, -1, -1]), fillColorSpace='rgb', fillRGB=UNKNOWN, interpolate=True, lineColor=array([-1., -1., -1.]), lineColorSpace='rgb', lineRGB=UNKNOWN, lineWidth=1, name='BlankBkg', opacity=1, ori=0.0, pos=array([0., 0.]), size=array([2., 2.]), units='norm', vertices=ndarray(...), win=Window(...))
48.4298 	EXP 	Created ISIBkg = Rect(__class__=<class 'psychopy.visual.rect.Rect'>, autoDraw=False, autoLog=True, closeShape=True, color=method-wrapper(...), colorSpace='rgb', contrast=None, depth=0.0, fillColor=array([-1, -1, -1]), fillColorSpace='rgb', fillRGB=UNKNOWN, interpolate=True, lineColor=array([-1., -1., -1.]), lineColorSpace='rgb', lineRGB=UNKNOWN, lineWidth=1, name='ISIBkg', opacity=1, ori=0.0, pos=array([0., 0.]), size=array([2., 2.]), units='norm', vertices=ndarray(...), win=Window(...))
55.7429 	EXP 	Created InterSessInstrct = ImageStim(__class__=<class 'psychopy.visual.image.ImageStim'>, autoLog=True, color=array([1., 1., 1.]), colorSpace='rgb', contrast=1.0, depth=-1.0, flipHoriz=False, flipVert=False, image='ExtinctionInstruction.PNG', interpolate=True, mask=None, maskParams=None, name='InterSessInstrct', opacity=1, ori=0.0, pos=array([0., 0.]), size=array([1.8, 1.8]), texRes=128, units='norm', win=Window(...))
55.7957 	EXP 	Created EndTxt = TextStim(__class__=<class 'psychopy.visual.text.TextStim'>, alignHoriz=method-wrapper(...), alignText='center', alignVert=method-wrapper(...), anchorHoriz='center', anchorVert='center', antialias=True, autoLog=True, bold=False, color=array([1., 1., 1.]), colorSpace='rgb', contrast=1.0, depth=0.0, flipHoriz=False, flipVert=False, font='Microsoft YaHei', fontFiles=[], height=0.08, italic=False, languageStyle='LTR', name='EndTxt', opacity=1, ori=0, pos=array([0., 0.]), rgb=UNKNOWN, text='谢谢您的参与！', units='norm', win=Window(...), wrapWidth=1)
55.8892 	EXP 	InstrBkg: autoDraw = True
55.8892 	EXP 	TagFig: autoDraw = True
107.2856 	EXP 	Imported PreCond1.xlsx as conditions, 10 conditions, 3 params
107.2860 	EXP 	Created sequence: random, trialTypes=10, nReps=1, seed=None
107.2862 	EXP 	New trial (rep=0, index=0): {'PicFileName': 'PreCond1\\CS-.PNG', 'TrgCol': 0.4, 'TrgCol2': 0.1}
107.2922 	DATA 	Keypress: space
107.2942 	EXP 	InstrBkg: autoDraw = False
107.2942 	EXP 	TagFig: autoDraw = False
107.2942 	EXP 	imagePreCond: image = 'PreCond1\\CS-.PNG'
107.2942 	EXP 	precondBkg: autoDraw = True
107.2942 	EXP 	imagePreCond: autoDraw = True
108.2915 	EXP 	imagePreCond: autoDraw = False
108.3081 	EXP 	precondBkg: autoDraw = False
108.3081 	EXP 	imagePreCond: autoDraw = False
108.3081 	EXP 	BlankBkg: autoDraw = True
110.5433 	EXP 	New trial (rep=0, index=1): {'PicFileName': 'PreCond1\\CS+.PNG', 'TrgCol': -0.1, 'TrgCol2': -0.1}
110.5585 	EXP 	BlankBkg: autoDraw = False
110.5585 	EXP 	BlankBkg: autoDraw = False
110.5585 	EXP 	imagePreCond: image = 'PreCond1\\CS+.PNG'
110.5585 	EXP 	precondBkg: autoDraw = True
110.5585 	EXP 	imagePreCond: autoDraw = True
111.5412 	EXP 	imagePreCond: autoDraw = False
111.5579 	EXP 	precondBkg: autoDraw = False
111.5579 	EXP 	precondBkg: autoDraw = False
111.5579 	EXP 	imagePreCond: autoDraw = False
111.5579 	EXP 	BlankBkg: autoDraw = True
113.8094 	EXP 	New trial (rep=0, index=2): {'PicFileName': 'PreCond1\\CS+.PNG', 'TrgCol': -0.1, 'TrgCol2': -0.1}
113.8238 	EXP 	BlankBkg: autoDraw = False
113.8238 	EXP 	BlankBkg: autoDraw = False
113.8238 	EXP 	imagePreCond: image = 'PreCond1\\CS+.PNG'
113.8238 	EXP 	precondBkg: autoDraw = True
113.8238 	EXP 	imagePreCond: autoDraw = True
114.8075 	EXP 	imagePreCond: autoDraw = False
114.8250 	EXP 	precondBkg: autoDraw = False
114.8250 	EXP 	precondBkg: autoDraw = False
114.8250 	EXP 	imagePreCond: autoDraw = False
114.8250 	EXP 	BlankBkg: autoDraw = True
117.1800 	EXP 	New trial (rep=0, index=3): {'PicFileName': 'PreCond1\\CS-.PNG', 'TrgCol': 0.4, 'TrgCol2': 0.1}
117.1954 	EXP 	BlankBkg: autoDraw = False
117.1954 	EXP 	BlankBkg: autoDraw = False
117.1954 	EXP 	imagePreCond: image = 'PreCond1\\CS-.PNG'
117.1954 	EXP 	precondBkg: autoDraw = True
117.1954 	EXP 	imagePreCond: autoDraw = True
118.1903 	EXP 	imagePreCond: autoDraw = False
118.2071 	EXP 	precondBkg: autoDraw = False
118.2071 	EXP 	imagePreCond: autoDraw = False
118.2071 	EXP 	BlankBkg: autoDraw = True
120.3257 	EXP 	New trial (rep=0, index=4): {'PicFileName': 'PreCond1\\CS+.PNG', 'TrgCol': -0.1, 'TrgCol2': -0.1}
120.3424 	EXP 	BlankBkg: autoDraw = False
120.3424 	EXP 	BlankBkg: autoDraw = False
120.3424 	EXP 	imagePreCond: image = 'PreCond1\\CS+.PNG'
120.3424 	EXP 	precondBkg: autoDraw = True
120.3424 	EXP 	imagePreCond: autoDraw = True
121.3238 	EXP 	imagePreCond: autoDraw = False
121.3565 	EXP 	precondBkg: autoDraw = False
121.3565 	EXP 	imagePreCond: autoDraw = False
121.3565 	EXP 	BlankBkg: autoDraw = True
123.5423 	EXP 	New trial (rep=0, index=5): {'PicFileName': 'PreCond1\\CS+.PNG', 'TrgCol': -0.1, 'TrgCol2': -0.1}
123.5577 	EXP 	BlankBkg: autoDraw = False
123.5577 	EXP 	BlankBkg: autoDraw = False
123.5577 	EXP 	imagePreCond: image = 'PreCond1\\CS+.PNG'
123.5577 	EXP 	precondBkg: autoDraw = True
123.5577 	EXP 	imagePreCond: autoDraw = True
124.5397 	EXP 	imagePreCond: autoDraw = False
124.5733 	EXP 	precondBkg: autoDraw = False
124.5733 	EXP 	imagePreCond: autoDraw = False
124.5733 	EXP 	BlankBkg: autoDraw = True
126.7926 	EXP 	New trial (rep=0, index=6): {'PicFileName': 'PreCond1\\CS-.PNG', 'TrgCol': 0.4, 'TrgCol2': 0.1}
126.8062 	EXP 	BlankBkg: autoDraw = False
126.8062 	EXP 	BlankBkg: autoDraw = False
126.8062 	EXP 	imagePreCond: image = 'PreCond1\\CS-.PNG'
126.8062 	EXP 	precondBkg: autoDraw = True
126.8062 	EXP 	imagePreCond: autoDraw = True
127.7895 	EXP 	imagePreCond: autoDraw = False
127.8062 	EXP 	precondBkg: autoDraw = False
127.8062 	EXP 	precondBkg: autoDraw = False
127.8062 	EXP 	imagePreCond: autoDraw = False
127.8062 	EXP 	BlankBkg: autoDraw = True
129.9919 	EXP 	New trial (rep=0, index=7): {'PicFileName': 'PreCond1\\CS-.PNG', 'TrgCol': 0.4, 'TrgCol2': 0.1}
130.0065 	EXP 	BlankBkg: autoDraw = False
130.0065 	EXP 	BlankBkg: autoDraw = False
130.0065 	EXP 	imagePreCond: image = 'PreCond1\\CS-.PNG'
130.0065 	EXP 	precondBkg: autoDraw = True
130.0065 	EXP 	imagePreCond: autoDraw = True
130.9892 	EXP 	imagePreCond: autoDraw = False
131.0082 	EXP 	precondBkg: autoDraw = False
131.0082 	EXP 	precondBkg: autoDraw = False
131.0082 	EXP 	imagePreCond: autoDraw = False
131.0082 	EXP 	BlankBkg: autoDraw = True
133.2578 	EXP 	New trial (rep=0, index=8): {'PicFileName': 'PreCond1\\CS-.PNG', 'TrgCol': 0.4, 'TrgCol2': 0.1}
133.2725 	EXP 	BlankBkg: autoDraw = False
133.2725 	EXP 	BlankBkg: autoDraw = False
133.2725 	EXP 	imagePreCond: image = 'PreCond1\\CS-.PNG'
133.2725 	EXP 	precondBkg: autoDraw = True
133.2725 	EXP 	imagePreCond: autoDraw = True
134.2580 	EXP 	imagePreCond: autoDraw = False
134.2729 	EXP 	precondBkg: autoDraw = False
134.2729 	EXP 	imagePreCond: autoDraw = False
134.2729 	EXP 	BlankBkg: autoDraw = True
136.3087 	EXP 	New trial (rep=0, index=9): {'PicFileName': 'PreCond1\\CS+.PNG', 'TrgCol': -0.1, 'TrgCol2': -0.1}
136.3218 	EXP 	BlankBkg: autoDraw = False
136.3218 	EXP 	BlankBkg: autoDraw = False
136.3218 	EXP 	imagePreCond: image = 'PreCond1\\CS+.PNG'
136.3218 	EXP 	precondBkg: autoDraw = True
136.3218 	EXP 	imagePreCond: autoDraw = True
137.3054 	EXP 	imagePreCond: autoDraw = False
137.3219 	EXP 	precondBkg: autoDraw = False
137.3219 	EXP 	precondBkg: autoDraw = False
137.3219 	EXP 	imagePreCond: autoDraw = False
137.3219 	EXP 	BlankBkg: autoDraw = True
139.6086 	EXP 	BlankBkg: autoDraw = False
139.6086 	EXP 	BlankBkg: autoDraw = False
139.6086 	EXP 	InstrBkg2: autoDraw = True
139.6086 	EXP 	TagFig2: autoDraw = True
148.7497 	EXP 	Imported Conditioning.xlsx as conditions, 20 conditions, 6 params
148.7502 	EXP 	Created sequence: random, trialTypes=20, nReps=1, seed=None
148.7506 	EXP 	New trial (rep=0, index=0): {'CSName': 'Cond1\\CS-.PNG', 'UCSName': 'Cond1\\blank.png', 'SoundName': 'Sound\\1.wav', 'stimType': 'visual', 'TrgCol': 0.4, 'TrgCol2': 0.1}
148.7580 	DATA 	Keypress: space
148.7614 	EXP 	InstrBkg2: autoDraw = False
148.7614 	EXP 	TagFig2: autoDraw = False
148.7614 	EXP 	CS_image: image = 'Cond1\\CS-.PNG'
148.7614 	EXP 	CSBkg: autoDraw = True
148.7614 	EXP 	CS_image: autoDraw = True
154.4564 	EXP 	Sound sound_1 stopped
154.4965 	EXP 	CSBkg: autoDraw = False
154.4965 	EXP 	CS_image: autoDraw = False
154.4965 	EXP 	UCS_image: image = 'Cond1\\blank.png'
154.4965 	EXP 	UCSBkg: autoDraw = False
154.4965 	EXP 	UCS_image: autoDraw = False
154.4965 	EXP 	BlankBkg2: autoDraw = True
156.6055 	EXP 	New trial (rep=0, index=1): {'CSName': 'Cond1\\CS+.PNG', 'UCSName': 'Cond1\\UCS.PNG', 'SoundName': 'Sound\\2.wav', 'stimType': 'audio', 'TrgCol': -0.1, 'TrgCol2': -0.1}
156.6200 	EXP 	BlankBkg2: autoDraw = False
156.6200 	EXP 	BlankBkg2: autoDraw = False
156.6200 	EXP 	CS_image: image = 'Cond1\\CS+.PNG'
156.6200 	EXP 	CSBkg: autoDraw = True
156.6200 	EXP 	CS_image: autoDraw = True
158.7197 	EXP 	Sound sound_1 started
158.7211 	EXP 	CSBkg: autoDraw = False
158.7211 	EXP 	CS_image: autoDraw = False
158.7211 	EXP 	CSBkg: autoDraw = False
158.7211 	EXP 	CS_image: autoDraw = False
158.7211 	EXP 	UCS_image: image = 'Cond1\\UCS.PNG'
158.7211 	EXP 	UCSBkg: autoDraw = True
158.7211 	EXP 	UCS_image: autoDraw = True
159.6553 	EXP 	Sound sound_1 stopped
159.6599 	EXP 	UCSBkg: autoDraw = False
159.6599 	EXP 	UCS_image: autoDraw = False
159.6599 	EXP 	BlankBkg2: autoDraw = True
161.8213 	EXP 	New trial (rep=0, index=2): {'CSName': 'Cond1\\CS+.PNG', 'UCSName': 'Cond1\\UCS.PNG', 'SoundName': 'Sound\\2.wav', 'stimType': 'audio', 'TrgCol': -0.1, 'TrgCol2': -0.1}
161.8357 	EXP 	BlankBkg2: autoDraw = False
161.8357 	EXP 	BlankBkg2: autoDraw = False
161.8357 	EXP 	CS_image: image = 'Cond1\\CS+.PNG'
161.8357 	EXP 	CSBkg: autoDraw = True
161.8357 	EXP 	CS_image: autoDraw = True
163.8362 	EXP 	Sound sound_1 started
163.8358 	EXP 	CSBkg: autoDraw = False
163.8358 	EXP 	CS_image: autoDraw = False
163.8358 	EXP 	CSBkg: autoDraw = False
163.8358 	EXP 	CS_image: autoDraw = False
163.8358 	EXP 	UCS_image: image = 'Cond1\\UCS.PNG'
163.8358 	EXP 	UCSBkg: autoDraw = True
163.8358 	EXP 	UCS_image: autoDraw = True
164.8756 	EXP 	Sound sound_1 stopped
164.8821 	EXP 	UCSBkg: autoDraw = False
164.8821 	EXP 	UCS_image: autoDraw = False
164.8821 	EXP 	UCSBkg: autoDraw = False
164.8821 	EXP 	UCS_image: autoDraw = False
164.8821 	EXP 	BlankBkg2: autoDraw = True
167.2218 	EXP 	New trial (rep=0, index=3): {'CSName': 'Cond1\\CS+.PNG', 'UCSName': 'Cond1\\blank.png', 'SoundName': 'Sound\\1.wav', 'stimType': 'visual', 'TrgCol': 0, 'TrgCol2': 0}
167.2361 	EXP 	BlankBkg2: autoDraw = False
167.2361 	EXP 	BlankBkg2: autoDraw = False
167.2361 	EXP 	CS_image: image = 'Cond1\\CS+.PNG'
167.2361 	EXP 	CSBkg: autoDraw = True
167.2361 	EXP 	CS_image: autoDraw = True
172.8920 	EXP 	Sound sound_1 stopped
172.9383 	EXP 	CSBkg: autoDraw = False
172.9383 	EXP 	CS_image: autoDraw = False
172.9383 	EXP 	UCS_image: image = 'Cond1\\blank.png'
172.9383 	EXP 	UCSBkg: autoDraw = False
172.9383 	EXP 	UCS_image: autoDraw = False
172.9383 	EXP 	BlankBkg2: autoDraw = True
175.3203 	EXP 	New trial (rep=0, index=4): {'CSName': 'Cond1\\CS-.PNG', 'UCSName': 'Cond1\\blank.png', 'SoundName': 'Sound\\1.wav', 'stimType': 'visual', 'TrgCol': 0.4, 'TrgCol2': 0.1}
175.3325 	EXP 	BlankBkg2: autoDraw = False
175.3325 	EXP 	BlankBkg2: autoDraw = False
175.3325 	EXP 	CS_image: image = 'Cond1\\CS-.PNG'
175.3325 	EXP 	CSBkg: autoDraw = True
175.3325 	EXP 	CS_image: autoDraw = True
178.3171 	EXP 	Sound sound_1 started
178.3868 	EXP 	CSBkg: autoDraw = False
178.3868 	EXP 	CS_image: autoDraw = False
178.3868 	EXP 	CSBkg: autoDraw = False
178.3868 	EXP 	CS_image: autoDraw = False
178.3868 	EXP 	UCS_image: image = 'Cond1\\blank.png'
178.3868 	EXP 	UCSBkg: autoDraw = True
178.3868 	EXP 	UCS_image: autoDraw = True
178.3914 	EXP 	Sound sound_1 stopped
178.4089 	EXP 	UCSBkg: autoDraw = False
178.4089 	EXP 	UCS_image: autoDraw = False
178.4089 	EXP 	BlankBkg2: autoDraw = True
180.7268 	EXP 	New trial (rep=0, index=5): {'CSName': 'Cond1\\CS+.PNG', 'UCSName': 'Cond1\\UCS.PNG', 'SoundName': 'Sound\\2.wav', 'stimType': 'audio', 'TrgCol': -0.1, 'TrgCol2': -0.1}
180.7411 	EXP 	BlankBkg2: autoDraw = False
180.7411 	EXP 	BlankBkg2: autoDraw = False
180.7411 	EXP 	CS_image: image = 'Cond1\\CS+.PNG'
180.7411 	EXP 	CSBkg: autoDraw = True
180.7411 	EXP 	CS_image: autoDraw = True
182.8413 	EXP 	Sound sound_1 started
182.8378 	EXP 	CSBkg: autoDraw = False
182.8378 	EXP 	CS_image: autoDraw = False
182.8378 	EXP 	CSBkg: autoDraw = False
182.8378 	EXP 	CS_image: autoDraw = False
182.8378 	EXP 	UCS_image: image = 'Cond1\\UCS.PNG'
182.8378 	EXP 	UCSBkg: autoDraw = True
182.8378 	EXP 	UCS_image: autoDraw = True
183.5600 	DATA 	Keypress: escape
183.8117 	EXP 	Sound sound_1 stopped
183.9564 	EXP 	window1: mouseVisible = True
